2025-04-11 15:49:52,990 [INFO] Activator:176 - 


2025-04-11 15:49:52,996 [INFO] Activator:177 - !SESSION log4j initialized
2025-04-11 15:50:00,526 [INFO] LogOutputStream:77 - [STDOUT_REDIRECT] 
2025-04-11 15:50:02,412 [INFO] ApplicationProperties:184 - Using Application install path: C:\ST\STM32CubeIDE_1.18.0\STM32CubeIDE\plugins\com.st.stm32cube.common.mx_6.14.0.202502271554
2025-04-11 15:50:02,429 [INFO] DbMcusXml:78 - Set database path to: C:\ST\STM32CubeIDE_1.18.0\STM32CubeIDE\plugins\com.st.stm32cube.common.mx_6.14.0.202502271554\\db\/mcu/
2025-04-11 15:50:02,430 [INFO] ApiDb:274 - Set plugin database path to: C:\ST\STM32CubeIDE_1.18.0\STM32CubeIDE\plugins\com.st.stm32cube.common.mx_6.14.0.202502271554\\db\/plugins/boardmanager/
2025-04-11 15:50:02,430 [WARN] ApiDb:259 - Overriding images path with different value:  => C:\ST\STM32CubeIDE_1.18.0\STM32CubeIDE\plugins\com.st.stm32cube.common.mx_6.14.0.202502271554\\db\/plugins/mcufinder/images/
2025-04-11 15:50:02,441 [INFO] ApiDb:250 - Set database path to: C:\Users\phucv\.stmcufinder\plugins\mcufinder//mcu/
2025-04-11 15:50:02,442 [INFO] DbMcusAds:125 - Set database path to: C:\Users\phucv\.stmcufinder\plugins\mcufinder//mcu/
2025-04-11 15:50:03,433 [INFO] CrossReferenceDbSqlite:203 - Set database path to: C:\Users\phucv\.stmcufinder\plugins\mcufinder//mcu/cs/
2025-04-11 15:50:03,537 [INFO] RulesReader:64 - Compatibility file has been processed (301 Rules)
2025-04-11 15:50:03,614 [INFO] DbMcusXml:78 - Set database path to: C:\ST\STM32CubeIDE_1.18.0\STM32CubeIDE\plugins\com.st.stm32cube.common.mx_6.14.0.202502271554\\db\/mcu/
2025-04-11 15:50:03,616 [INFO] ApiDb:274 - Set plugin database path to: C:\ST\STM32CubeIDE_1.18.0\STM32CubeIDE\plugins\com.st.stm32cube.common.mx_6.14.0.202502271554\\db\/plugins/boardmanager/
2025-04-11 15:50:03,616 [INFO] ApiDb:261 - Set plugin images path to: C:\ST\STM32CubeIDE_1.18.0\STM32CubeIDE\plugins\com.st.stm32cube.common.mx_6.14.0.202502271554\\db\/plugins/mcufinder/images/
2025-04-11 15:50:03,616 [WARN] DbFile:41 - Overriding database path with different value: C:\Users\phucv\.stmcufinder\plugins\mcufinder/ => C:\Users\phucv\.stmcufinder\plugins\mcufinder
2025-04-11 15:50:03,616 [INFO] ApiDb:250 - Set database path to: C:\Users\phucv\.stmcufinder\plugins\mcufinder//mcu/
2025-04-11 15:50:03,616 [WARN] DbFile:41 - Overriding database path with different value: C:\Users\phucv\.stmcufinder\plugins\mcufinder/ => C:\Users\phucv\.stmcufinder\plugins\mcufinder
2025-04-11 15:50:03,616 [INFO] DbMcusAds:125 - Set database path to: C:\Users\phucv\.stmcufinder\plugins\mcufinder//mcu/
2025-04-11 15:50:03,616 [WARN] DbFile:41 - Overriding database path with different value: C:\Users\phucv\.stmcufinder\plugins\mcufinder/ => C:\Users\phucv\.stmcufinder\plugins\mcufinder
2025-04-11 15:50:03,616 [WARN] DbFile:41 - Overriding database path with different value: C:\Users\phucv\.stmcufinder\plugins\mcufinder/ => C:\Users\phucv\.stmcufinder\plugins\mcufinder
2025-04-11 15:50:04,432 [INFO] CrossReferenceDbSqlite:203 - Set database path to: C:\Users\phucv\.stmcufinder\plugins\mcufinder//mcu/cs/
2025-04-11 15:50:04,512 [INFO] MainPanel:272 - HeapMemory: 268435456
2025-04-11 15:50:04,629 [INFO] DbMcusXml:78 - Set database path to: C:\ST\STM32CubeIDE_1.18.0\STM32CubeIDE\plugins\com.st.stm32cube.common.mx_6.14.0.202502271554\\db\/mcu/
2025-04-11 15:50:04,629 [INFO] ApiDb:274 - Set plugin database path to: C:\ST\STM32CubeIDE_1.18.0\STM32CubeIDE\plugins\com.st.stm32cube.common.mx_6.14.0.202502271554\\db\/plugins/boardmanager/
2025-04-11 15:50:04,629 [INFO] ApiDb:261 - Set plugin images path to: C:\ST\STM32CubeIDE_1.18.0\STM32CubeIDE\plugins\com.st.stm32cube.common.mx_6.14.0.202502271554\\db\/plugins/mcufinder/images/
2025-04-11 15:50:04,629 [WARN] DbFile:41 - Overriding database path with different value: C:\Users\phucv\.stmcufinder\plugins\mcufinder/ => C:\Users\phucv\.stmcufinder\plugins\mcufinder
2025-04-11 15:50:04,629 [INFO] ApiDb:250 - Set database path to: C:\Users\phucv\.stmcufinder\plugins\mcufinder//mcu/
2025-04-11 15:50:04,629 [WARN] DbFile:41 - Overriding database path with different value: C:\Users\phucv\.stmcufinder\plugins\mcufinder/ => C:\Users\phucv\.stmcufinder\plugins\mcufinder
2025-04-11 15:50:04,629 [INFO] DbMcusAds:125 - Set database path to: C:\Users\phucv\.stmcufinder\plugins\mcufinder//mcu/
2025-04-11 15:50:04,629 [WARN] DbFile:41 - Overriding database path with different value: C:\Users\phucv\.stmcufinder\plugins\mcufinder/ => C:\Users\phucv\.stmcufinder\plugins\mcufinder
2025-04-11 15:50:04,629 [WARN] DbFile:41 - Overriding database path with different value: C:\Users\phucv\.stmcufinder\plugins\mcufinder/ => C:\Users\phucv\.stmcufinder\plugins\mcufinder
2025-04-11 15:50:05,432 [INFO] CrossReferenceDbSqlite:203 - Set database path to: C:\Users\phucv\.stmcufinder\plugins\mcufinder//mcu/cs/
2025-04-11 15:50:05,455 [INFO] ApplicationProperties:184 - Using Application install path: C:\ST\STM32CubeIDE_1.18.0\STM32CubeIDE\plugins\com.st.stm32cube.common.mx_6.14.0.202502271554
2025-04-11 15:50:05,456 [INFO] PluginManage:196 - Search for loadable plugins [exclusion list=, ]
2025-04-11 15:50:05,459 [INFO] PluginManage:310 - Check plugin analytics
2025-04-11 15:50:06,505 [INFO] AnalyticsPlugin:253 - Accepted Software Licenses: STM32CubeMX.6.14.0
2025-04-11 15:50:06,505 [INFO] AnalyticsPlugin:255 - Accepted CMSIS Pack Licenses: 
2025-04-11 15:50:06,507 [INFO] AnalyticsPlugin:257 - Accepted Firmware Licenses: FW.F4.1.28.0
2025-04-11 15:50:06,509 [INFO] PluginManage:359 - Loaded plugin analytics (category:tool,tabindex:-1)
2025-04-11 15:50:06,509 [INFO] PluginManage:310 - Check plugin cadmodel
2025-04-11 15:50:06,516 [INFO] CADModel:105 - Init CAD model plugin
2025-04-11 15:50:06,516 [INFO] PluginManage:359 - Loaded plugin cadmodel (category:power,tabindex:5)
2025-04-11 15:50:06,516 [INFO] PluginManage:310 - Check plugin clock
2025-04-11 15:50:06,526 [INFO] PluginManage:359 - Loaded plugin clock (category:base,tabindex:2)
2025-04-11 15:50:06,526 [INFO] PluginManage:310 - Check plugin ddr
2025-04-11 15:50:06,529 [INFO] PluginManage:359 - Loaded plugin ddr (category:tool,tabindex:6)
2025-04-11 15:50:06,530 [INFO] PluginManage:310 - Check plugin filemanager
2025-04-11 15:50:06,681 [INFO] PluginManage:359 - Loaded plugin filemanager (category:base,tabindex:10)
2025-04-11 15:50:06,681 [INFO] PluginManage:310 - Check plugin ipmanager
2025-04-11 15:50:06,686 [INFO] PluginManage:359 - Loaded plugin ipmanager (category:base,tabindex:5)
2025-04-11 15:50:06,686 [INFO] PluginManage:310 - Check plugin lpbam
2025-04-11 15:50:06,696 [INFO] PluginManage:359 - Loaded plugin lpbam (category:base,tabindex:0)
2025-04-11 15:50:06,696 [INFO] PluginManage:310 - Check plugin memorymap
2025-04-11 15:50:06,710 [INFO] PluginManage:359 - Loaded plugin memorymap (category:base,tabindex:4)
2025-04-11 15:50:06,710 [INFO] PluginManage:310 - Check plugin pinoutandconfiguration
2025-04-11 15:50:06,719 [INFO] PluginManage:359 - Loaded plugin pinoutandconfiguration (category:base,tabindex:1)
2025-04-11 15:50:06,719 [INFO] PluginManage:310 - Check plugin pinoutconfig
2025-04-11 15:50:06,817 [WARN] SupportedApi:132 - Cannot load RTOS API schema: s4s-elt-must-match.1: The content of 'definitions' must match (annotation?, (simpleType | complexType)?, (unique | key | keyref)*)). A problem was found starting at: attribute.
2025-04-11 15:50:06,945 [INFO] PluginManage:359 - Loaded plugin pinoutconfig (category:base,tabindex:0)
2025-04-11 15:50:06,946 [INFO] PluginManage:310 - Check plugin power
2025-04-11 15:50:06,956 [INFO] PluginManage:359 - Loaded plugin power (category:power,tabindex:4)
2025-04-11 15:50:06,956 [INFO] PluginManage:310 - Check plugin projectmanager
2025-04-11 15:50:06,970 [INFO] PluginManage:359 - Loaded plugin projectmanager (category:projectmanager,tabindex:4)
2025-04-11 15:50:06,971 [INFO] PluginManage:310 - Check plugin rif
2025-04-11 15:50:06,979 [INFO] PluginManage:359 - Loaded plugin rif (category:base,tabindex:3)
2025-04-11 15:50:06,979 [INFO] PluginManage:310 - Check plugin thirdparty
2025-04-11 15:50:07,124 [INFO] PluginManage:359 - Loaded plugin thirdparty (category:base,tabindex:-1)
2025-04-11 15:50:07,124 [WARN] IntegrityCheckThread:84 - waiting for thirdparty lock release [integrity check]
2025-04-11 15:50:07,125 [INFO] PluginManage:310 - Check plugin tools
2025-04-11 15:50:07,125 [INFO] IntegrityCheckThread:86 - entering critical section [integrity check]
2025-04-11 15:50:07,125 [INFO] ThirdPartyUpdaterWithRetryManager:70 - Updater plugin not ready yet. [1/15]
2025-04-11 15:50:07,128 [INFO] PluginManage:359 - Loaded plugin tools (category:base,tabindex:7)
2025-04-11 15:50:07,128 [INFO] PluginManage:310 - Check plugin tutovideos
2025-04-11 15:50:07,333 [INFO] PluginManage:359 - Loaded plugin tutovideos (category:base,tabindex:-1)
2025-04-11 15:50:07,333 [INFO] PluginManage:310 - Check plugin updater
2025-04-11 15:50:07,355 [INFO] PluginManage:359 - Loaded plugin updater (category:base,tabindex:12)
2025-04-11 15:50:07,355 [INFO] PluginManage:310 - Check plugin userauth
2025-04-11 15:50:07,358 [INFO] UserAuth:118 - Init User Auth plugin
2025-04-11 15:50:07,359 [INFO] PluginManage:359 - Loaded plugin userauth (category:base,tabindex:14)
2025-04-11 15:50:07,360 [INFO] PluginManage:283 - PluginManage : Loaded plugins [18]
2025-04-11 15:50:07,582 [INFO] PinOutPanel:1589 - setPackage(No Configuration,No Configuration)
2025-04-11 15:50:07,672 [INFO] CADModel:165 - CPN selected for project level
2025-04-11 15:50:07,672 [INFO] CADModel:114 - Register for checkConnection events
2025-04-11 15:50:07,699 [INFO] IPUIPlugin:80 - create IPUIPlugin
2025-04-11 15:50:07,700 [INFO] PluginManager:220 - loadIPPluginJar : add adc
2025-04-11 15:50:07,705 [INFO] IPUIPlugin:80 - create IPUIPlugin
2025-04-11 15:50:07,705 [INFO] PluginManager:220 - loadIPPluginJar : add aes
2025-04-11 15:50:07,712 [INFO] IPUIPlugin:80 - create IPUIPlugin
2025-04-11 15:50:07,712 [INFO] PluginManager:220 - loadIPPluginJar : add can
2025-04-11 15:50:07,716 [INFO] IPUIPlugin:80 - create IPUIPlugin
2025-04-11 15:50:07,716 [INFO] PluginManager:220 - loadIPPluginJar : add comp
2025-04-11 15:50:07,720 [INFO] IPUIPlugin:80 - create IPUIPlugin
2025-04-11 15:50:07,720 [INFO] PluginManager:220 - loadIPPluginJar : add cryp
2025-04-11 15:50:07,724 [INFO] IPUIPlugin:80 - create IPUIPlugin
2025-04-11 15:50:07,724 [INFO] PluginManager:220 - loadIPPluginJar : add ddr_ctrl_phy
2025-04-11 15:50:07,729 [INFO] IPUIPlugin:80 - create IPUIPlugin
2025-04-11 15:50:07,729 [INFO] PluginManager:220 - loadIPPluginJar : add dfsdm
2025-04-11 15:50:07,737 [INFO] IPUIPlugin:80 - create IPUIPlugin
2025-04-11 15:50:07,738 [INFO] PluginManager:220 - loadIPPluginJar : add dma
2025-04-11 15:50:07,741 [INFO] IPUIPlugin:80 - create IPUIPlugin
2025-04-11 15:50:07,741 [INFO] PluginManager:220 - loadIPPluginJar : add dma3
2025-04-11 15:50:07,746 [INFO] IPUIPlugin:80 - create IPUIPlugin
2025-04-11 15:50:07,746 [INFO] PluginManager:220 - loadIPPluginJar : add extmemmanager
2025-04-11 15:50:07,748 [INFO] IPUIPlugin:80 - create IPUIPlugin
2025-04-11 15:50:07,748 [INFO] PluginManager:220 - loadIPPluginJar : add fatfs
2025-04-11 15:50:07,756 [INFO] IPUIPlugin:80 - create IPUIPlugin
2025-04-11 15:50:07,756 [INFO] PluginManager:220 - loadIPPluginJar : add fmc
2025-04-11 15:50:07,766 [INFO] IPUIPlugin:80 - create IPUIPlugin
2025-04-11 15:50:07,766 [INFO] PluginManager:220 - loadIPPluginJar : add freertos
2025-04-11 15:50:07,769 [INFO] IPUIPlugin:80 - create IPUIPlugin
2025-04-11 15:50:07,770 [INFO] PluginManager:220 - loadIPPluginJar : add genericplugin
2025-04-11 15:50:07,774 [INFO] IPUIPlugin:80 - create IPUIPlugin
2025-04-11 15:50:07,774 [INFO] PluginManager:220 - loadIPPluginJar : add gfxmmu
2025-04-11 15:50:07,780 [INFO] IPUIPlugin:80 - create IPUIPlugin
2025-04-11 15:50:07,780 [INFO] PluginManager:220 - loadIPPluginJar : add gic
2025-04-11 15:50:07,788 [INFO] IPUIPlugin:80 - create IPUIPlugin
2025-04-11 15:50:07,788 [INFO] PluginManager:220 - loadIPPluginJar : add gpio
2025-04-11 15:50:07,793 [INFO] IPUIPlugin:80 - create IPUIPlugin
2025-04-11 15:50:07,794 [INFO] PluginManager:220 - loadIPPluginJar : add gtzc
2025-04-11 15:50:07,797 [INFO] IPUIPlugin:80 - create IPUIPlugin
2025-04-11 15:50:07,798 [INFO] PluginManager:220 - loadIPPluginJar : add hash
2025-04-11 15:50:07,802 [INFO] IPUIPlugin:80 - create IPUIPlugin
2025-04-11 15:50:07,803 [INFO] PluginManager:220 - loadIPPluginJar : add i2c
2025-04-11 15:50:07,808 [INFO] IPUIPlugin:80 - create IPUIPlugin
2025-04-11 15:50:07,808 [INFO] PluginManager:220 - loadIPPluginJar : add i2s
2025-04-11 15:50:07,814 [INFO] IPUIPlugin:80 - create IPUIPlugin
2025-04-11 15:50:07,815 [INFO] PluginManager:220 - loadIPPluginJar : add i3c
2025-04-11 15:50:07,820 [INFO] IPUIPlugin:80 - create IPUIPlugin
2025-04-11 15:50:07,821 [INFO] PluginManager:220 - loadIPPluginJar : add ipddr
2025-04-11 15:50:07,831 [INFO] IPUIPlugin:80 - create IPUIPlugin
2025-04-11 15:50:07,831 [INFO] PluginManager:220 - loadIPPluginJar : add linkedlist
2025-04-11 15:50:07,836 [INFO] IPUIPlugin:80 - create IPUIPlugin
2025-04-11 15:50:07,837 [INFO] PluginManager:220 - loadIPPluginJar : add lorawan
2025-04-11 15:50:07,838 [INFO] IPUIPlugin:80 - create IPUIPlugin
2025-04-11 15:50:07,839 [INFO] PluginManager:220 - loadIPPluginJar : add ltdc
2025-04-11 15:50:07,846 [INFO] IPUIPlugin:80 - create IPUIPlugin
2025-04-11 15:50:07,846 [INFO] PluginManager:220 - loadIPPluginJar : add mdma
2025-04-11 15:50:07,854 [INFO] IPUIPlugin:80 - create IPUIPlugin
2025-04-11 15:50:07,854 [INFO] PluginManager:220 - loadIPPluginJar : add nvic
2025-04-11 15:50:07,858 [INFO] IPUIPlugin:80 - create IPUIPlugin
2025-04-11 15:50:07,858 [INFO] PluginManager:220 - loadIPPluginJar : add opamp
2025-04-11 15:50:07,863 [INFO] IPUIPlugin:80 - create IPUIPlugin
2025-04-11 15:50:07,864 [INFO] PluginManager:220 - loadIPPluginJar : add openamp
2025-04-11 15:50:07,869 [INFO] IPUIPlugin:80 - create IPUIPlugin
2025-04-11 15:50:07,869 [INFO] PluginManager:220 - loadIPPluginJar : add pdm2pcm
2025-04-11 15:50:07,879 [INFO] IPUIPlugin:80 - create IPUIPlugin
2025-04-11 15:50:07,882 [INFO] PluginManager:220 - loadIPPluginJar : add plateformsettings
2025-04-11 15:50:07,884 [INFO] IPUIPlugin:80 - create IPUIPlugin
2025-04-11 15:50:07,884 [INFO] PluginManager:220 - loadIPPluginJar : add quadspi
2025-04-11 15:50:07,887 [INFO] IPUIPlugin:80 - create IPUIPlugin
2025-04-11 15:50:07,888 [INFO] PluginManager:220 - loadIPPluginJar : add radio
2025-04-11 15:50:07,895 [INFO] IPUIPlugin:80 - create IPUIPlugin
2025-04-11 15:50:07,895 [INFO] PluginManager:220 - loadIPPluginJar : add resmgrutility
2025-04-11 15:50:07,900 [INFO] IPUIPlugin:80 - create IPUIPlugin
2025-04-11 15:50:07,900 [INFO] PluginManager:220 - loadIPPluginJar : add sai
2025-04-11 15:50:07,907 [INFO] IPUIPlugin:80 - create IPUIPlugin
2025-04-11 15:50:07,907 [INFO] PluginManager:220 - loadIPPluginJar : add spi
2025-04-11 15:50:07,914 [INFO] IPUIPlugin:80 - create IPUIPlugin
2025-04-11 15:50:07,915 [INFO] PluginManager:220 - loadIPPluginJar : add stm32_wpan
2025-04-11 15:50:07,917 [INFO] IPUIPlugin:80 - create IPUIPlugin
2025-04-11 15:50:07,917 [INFO] PluginManager:220 - loadIPPluginJar : add tim
2025-04-11 15:50:07,921 [INFO] IPUIPlugin:80 - create IPUIPlugin
2025-04-11 15:50:07,921 [INFO] PluginManager:220 - loadIPPluginJar : add touchsensing
2025-04-11 15:50:07,924 [INFO] IPUIPlugin:80 - create IPUIPlugin
2025-04-11 15:50:07,924 [INFO] PluginManager:220 - loadIPPluginJar : add tracer_emb
2025-04-11 15:50:07,927 [INFO] IPUIPlugin:80 - create IPUIPlugin
2025-04-11 15:50:07,927 [INFO] PluginManager:220 - loadIPPluginJar : add ts
2025-04-11 15:50:07,930 [INFO] IPUIPlugin:80 - create IPUIPlugin
2025-04-11 15:50:07,931 [INFO] PluginManager:220 - loadIPPluginJar : add tsc
2025-04-11 15:50:07,933 [INFO] IPUIPlugin:80 - create IPUIPlugin
2025-04-11 15:50:07,933 [INFO] PluginManager:220 - loadIPPluginJar : add ucpd
2025-04-11 15:50:07,937 [INFO] IPUIPlugin:80 - create IPUIPlugin
2025-04-11 15:50:07,937 [INFO] PluginManager:220 - loadIPPluginJar : add usart
2025-04-11 15:50:07,942 [INFO] IPUIPlugin:80 - create IPUIPlugin
2025-04-11 15:50:07,942 [INFO] PluginManager:220 - loadIPPluginJar : add usbx
2025-04-11 15:50:08,080 [FATAL] Updater:351 - Updater called before beeing initialized
2025-04-11 15:50:08,110 [INFO] RulesReader:64 - Compatibility file has been processed (301 Rules)
2025-04-11 15:50:08,120 [INFO] RulesReader:64 - Compatibility file has been processed (301 Rules)
2025-04-11 15:50:08,134 [INFO] CADModel:165 - CPN selected for project level
2025-04-11 15:50:08,134 [INFO] CADModel:114 - Register for checkConnection events
2025-04-11 15:50:08,134 [FATAL] Updater:351 - Updater called before beeing initialized
2025-04-11 15:50:08,134 [ERROR] CADModel:125 - Updater not yet initialized, retry later 
2025-04-11 15:50:08,322 [FATAL] Updater:351 - Updater called before beeing initialized
2025-04-11 15:50:08,325 [INFO] CADModel:165 - CPN selected for project level
2025-04-11 15:50:08,325 [INFO] CADModel:114 - Register for checkConnection events
2025-04-11 15:50:08,325 [FATAL] Updater:351 - Updater called before beeing initialized
2025-04-11 15:50:08,325 [ERROR] CADModel:125 - Updater not yet initialized, retry later 
2025-04-11 15:50:08,329 [FATAL] Updater:351 - Updater called before beeing initialized
2025-04-11 15:50:08,455 [FATAL] Updater:351 - Updater called before beeing initialized
2025-04-11 15:50:08,461 [INFO] DbMcusAds:53 - JSON generation date=Thu Mar 06 21:54:22 ICT 2025 (1741272862078)
2025-04-11 15:50:08,461 [FATAL] Updater:351 - Updater called before beeing initialized
2025-04-11 15:50:08,500 [WARN] DetailPanel:346 - Failed to get advertising image, set to default
2025-04-11 15:50:08,732 [FATAL] Updater:351 - Updater called before beeing initialized
2025-04-11 15:50:08,735 [FATAL] Updater:351 - Updater called before beeing initialized
2025-04-11 15:50:08,735 [FATAL] Updater:351 - Updater called before beeing initialized
2025-04-11 15:50:08,736 [WARN] DetailPanel:346 - Failed to get advertising image, set to default
2025-04-11 15:50:08,738 [FATAL] Updater:351 - Updater called before beeing initialized
2025-04-11 15:50:08,795 [ERROR] Updater:1198 - MainUpdater not yet initialized. External WinMGr cannot be set.
2025-04-11 15:50:08,798 [INFO] Updater:1134 - Updater Version found : 6.14.0
2025-04-11 15:50:08,821 [INFO] ApplicationProperties:184 - Using Application install path: C:\ST\STM32CubeIDE_1.18.0\STM32CubeIDE\plugins\com.st.stm32cube.common.mx_6.14.0.202502271554
2025-04-11 15:50:10,139 [INFO] ThirdPartyUpdaterWithRetryManager:70 - Updater plugin not ready yet. [2/15]
2025-04-11 15:50:10,426 [ERROR] LogOutputStream:75 - [STDERR_REDIRECT] Apr 11, 2025 3:50:10 PM java.util.prefs.WindowsPreferences <init>
2025-04-11 15:50:10,427 [ERROR] LogOutputStream:75 - [STDERR_REDIRECT] WARNING: Could not open/create prefs root node Software\JavaSoft\Prefs at root 0xffffffff80000002. Windows RegCreateKeyEx(...) returned error code 5.
2025-04-11 15:50:10,427 [ERROR] LogOutputStream:75 - [STDERR_REDIRECT] 
2025-04-11 15:50:10,797 [INFO] MainUpdater:2872 - connection check result : 10
2025-04-11 15:50:10,797 [INFO] MainUpdater:289 - Updater Check For Update Now.
2025-04-11 15:50:10,798 [INFO] MicroXplorer:498 - Change Database Version : DB.6.0.140
2025-04-11 15:50:10,803 [INFO] McuFinderGlobals:63 - Set McuFinder mode to 2 (CubeIDE integrated)
2025-04-11 15:50:10,805 [INFO] UserAuth:486 - Internet connection configuration mode: 1
2025-04-11 15:50:10,838 [INFO] JxBrowserEngine:152 - Initiate JxBrowser Engine with user profile folder
2025-04-11 15:50:10,986 [INFO] CheckServerUpdateThread:120 - End of CheckServer Thread
2025-04-11 15:50:12,160 [INFO] WebApp:169 - Instantiating new browser for Auth
2025-04-11 15:50:12,914 [INFO] WebApp:463 - Apply proxy settings
2025-04-11 15:50:12,914 [INFO] WebApp:548 - Chromium requires no authentication
2025-04-11 15:50:12,925 [INFO] WebApp:491 - Direct internet connection detected
2025-04-11 15:50:12,951 [INFO] WebApp:894 - Register for checkConnection events
2025-04-11 15:50:12,952 [INFO] WebApp:463 - Apply proxy settings
2025-04-11 15:50:12,952 [INFO] WebApp:548 - Chromium requires no authentication
2025-04-11 15:50:12,952 [INFO] WebApp:491 - Direct internet connection detected
2025-04-11 15:50:13,160 [INFO] WebApp:225 - Starting web application
2025-04-11 15:50:13,160 [INFO] WebApp:593 - Web application path used C:\ST\STM32CubeIDE_1.18.0\STM32CubeIDE\plugins\com.st.stm32cube.common.mx_6.14.0.202502271554\db\plugins\mcufinder\reactClient1\index.html
2025-04-11 15:50:13,303 [INFO] WebApp:191 - Connection restablished
2025-04-11 15:50:13,360 [INFO] UserAuth:486 - Internet connection configuration mode: 1
2025-04-11 15:50:13,504 [WARN] PackLoader:240 - Cannot read IP mode file for STMicroelectronics.FP-SNS-MOTENVWB1.1.4.0
2025-04-11 15:50:13,519 [WARN] PackLoader:240 - Cannot read IP mode file for STMicroelectronics.FP-ATR-ASTRA1.2.0.2
2025-04-11 15:50:13,532 [WARN] PackLoader:240 - Cannot read IP mode file for STMicroelectronics.X-CUBE-SMBUS.2.1.0
2025-04-11 15:50:13,543 [WARN] PackLoader:240 - Cannot read IP mode file for STMicroelectronics.X-CUBE-WB05N.1.1.0
2025-04-11 15:50:13,590 [WARN] PackLoader:240 - Cannot read IP mode file for STMicroelectronics.X-CUBE-AZRTOS-F7.1.1.0
2025-04-11 15:50:13,605 [WARN] PackLoader:240 - Cannot read IP mode file for STMicroelectronics.FP-SNS-FLIGHT1.5.0.2
2025-04-11 15:50:13,642 [WARN] PackLoader:240 - Cannot read IP mode file for Infineon.AIROC-Wi-Fi-Bluetooth-STM32.1.7.0
2025-04-11 15:50:13,696 [WARN] PackLoader:240 - Cannot read IP mode file for STMicroelectronics.X-CUBE-DISPLAY.3.0.0
2025-04-11 15:50:13,714 [WARN] PackLoader:240 - Cannot read IP mode file for STMicroelectronics.X-CUBE-NFC10.1.0.0
2025-04-11 15:50:13,732 [WARN] PackLoader:240 - Cannot read IP mode file for STMicroelectronics.X-CUBE-BLEMGR.4.0.0
2025-04-11 15:50:13,779 [WARN] PackLoader:240 - Cannot read IP mode file for emotas.I-CUBE-CANOPEN.1.3.0
2025-04-11 15:50:13,791 [WARN] PackLoader:240 - Cannot read IP mode file for STMicroelectronics.X-CUBE-AI.10.0.0
2025-04-11 15:50:13,805 [WARN] PackLoader:240 - Cannot read IP mode file for STMicroelectronics.FP-SNS-SMARTAG2.1.2.0
2025-04-11 15:50:13,814 [WARN] PackLoader:240 - Cannot read IP mode file for STMicroelectronics.FP-SNS-FLIGHT1.5.1.0
2025-04-11 15:50:13,895 [WARN] PackLoader:240 - Cannot read IP mode file for STMicroelectronics.X-CUBE-MEMS1.11.1.0
2025-04-11 15:50:14,072 [INFO] LogOutputStream:77 - [STDOUT_REDIRECT] 1 : Invalid condition id : UX_CORESTACK_Condition cause : null
2025-04-11 15:50:14,073 [INFO] LogOutputStream:77 - [STDOUT_REDIRECT] 1 : Invalid condition id : UX_CORESTACK_Condition cause : null
2025-04-11 15:50:14,075 [INFO] LogOutputStream:77 - [STDOUT_REDIRECT] 1 : Invalid condition id : UX_CORESTACK_Condition cause : null
2025-04-11 15:50:14,077 [INFO] LogOutputStream:77 - [STDOUT_REDIRECT] 1 : Invalid condition id : UX_CORESTACK_Condition cause : null
2025-04-11 15:50:14,078 [INFO] LogOutputStream:77 - [STDOUT_REDIRECT] 1 : Invalid condition id : UX_CORESTACK_Condition cause : null
2025-04-11 15:50:14,083 [WARN] PackLoader:240 - Cannot read IP mode file for STMicroelectronics.X-CUBE-AZRTOS-WL.2.0.0
2025-04-11 15:50:14,095 [WARN] PackLoader:240 - Cannot read IP mode file for STMicroelectronics.FP-SNS-MOTENV1.5.0.0
2025-04-11 15:50:14,106 [WARN] PackLoader:240 - Cannot read IP mode file for WES.I-CUBE-Cesium.1.3.0
2025-04-11 15:50:14,113 [WARN] PackLoader:240 - Cannot read IP mode file for STMicroelectronics.X-CUBE-BLE2.3.3.0
2025-04-11 15:50:14,122 [WARN] PackLoader:240 - Cannot read IP mode file for STMicroelectronics.X-CUBE-NFC9.1.0.0
2025-04-11 15:50:14,130 [WARN] PackLoader:240 - Cannot read IP mode file for STMicroelectronics.X-CUBE-BLE1.7.1.0
2025-04-11 15:50:14,147 [WARN] PackLoader:240 - Cannot read IP mode file for wolfSSL.I-CUBE-wolfMQTT.1.19.2
2025-04-11 15:50:14,170 [WARN] PackLoader:240 - Cannot read IP mode file for STMicroelectronics.X-CUBE-AZRTOS-G0.1.1.0
2025-04-11 15:50:14,186 [WARN] PackLoader:240 - Cannot read IP mode file for STMicroelectronics.X-CUBE-SAFEA1.1.2.2
2025-04-11 15:50:14,196 [WARN] PackLoader:240 - Cannot read IP mode file for STMicroelectronics.X-CUBE-NFC4.3.0.0
2025-04-11 15:50:14,206 [WARN] PackLoader:240 - Cannot read IP mode file for EmbeddedOffice.I-CUBE-FS-RTOS.1.0.1
2025-04-11 15:50:14,213 [WARN] PackLoader:240 - Cannot read IP mode file for wolfSSL.I-CUBE-wolfTPM.3.8.0
2025-04-11 15:50:14,224 [WARN] PackLoader:240 - Cannot read IP mode file for STMicroelectronics.X-CUBE-TCPP.4.2.0
2025-04-11 15:50:14,232 [WARN] PackLoader:240 - Cannot read IP mode file for RealThread.X-CUBE-RT-Thread_Nano.4.1.1
2025-04-11 15:50:14,237 [WARN] PackLoader:240 - Cannot read IP mode file for STMicroelectronics.FP-ATR-SIGFOX1.3.2.0
2025-04-11 15:50:14,246 [WARN] ConditionMgr:438 - getConditionDescription Invalid condition id : Cortex-A Device cause : null
2025-04-11 15:50:14,267 [WARN] ConditionMgr:1044 - genDependencies : Invalid condition id : Cortex-A Device cause : null
2025-04-11 15:50:14,267 [WARN] ConditionMgr:1044 - genDependencies : Invalid condition id : Cortex-A Device cause : null
2025-04-11 15:50:14,267 [WARN] ConditionMgr:1044 - genDependencies : Invalid condition id : Cortex-A Device cause : null
2025-04-11 15:50:14,275 [WARN] PackLoader:240 - Cannot read IP mode file for STMicroelectronics.X-CUBE-EEPRMA1.5.1.0
2025-04-11 15:50:14,286 [WARN] PackLoader:240 - Cannot read IP mode file for wolfSSL.I-CUBE-wolfSSL.5.7.6
2025-04-11 15:50:14,294 [WARN] PackLoader:240 - Cannot read IP mode file for ITTIA_DB.I-CUBE-ITTIADB.8.9.0
2025-04-11 15:50:14,319 [WARN] PackLoader:240 - Cannot read IP mode file for SEGGER.I-CUBE-embOS.1.3.1
2025-04-11 15:50:14,381 [WARN] PackLoader:240 - Cannot read IP mode file for STMicroelectronics.X-CUBE-ALGOBUILD.1.4.0
2025-04-11 15:50:14,400 [WARN] PackLoader:240 - Cannot read IP mode file for STMicroelectronics.X-CUBE-AZRTOS-F4.1.1.0
2025-04-11 15:50:14,412 [WARN] PackLoader:240 - Cannot read IP mode file for STMicroelectronics.X-CUBE-ISPU.2.1.0
2025-04-11 15:50:14,436 [WARN] PackLoader:240 - Cannot read IP mode file for STMicroelectronics.X-CUBE-AZRTOS-L5.2.0.0
2025-04-11 15:50:14,448 [WARN] PackLoader:240 - Cannot read IP mode file for STMicroelectronics.X-CUBE-NFC6.3.1.0
2025-04-11 15:50:14,456 [WARN] PackLoader:240 - Cannot read IP mode file for STMicroelectronics.X-CUBE-DPower.1.2.0
2025-04-11 15:50:14,464 [WARN] PackLoader:240 - Cannot read IP mode file for STMicroelectronics.X-CUBE-FREERTOS.1.3.0
2025-04-11 15:50:14,472 [WARN] PackLoader:240 - Cannot read IP mode file for STMicroelectronics.X-CUBE-NFC7.1.0.1
2025-04-11 15:50:14,489 [WARN] ConditionMgr:438 - getConditionDescription Invalid condition id : LAN8742 Phy interface Condition cause : null
2025-04-11 15:50:14,489 [WARN] PackLoader:240 - Cannot read IP mode file for STMicroelectronics.X-CUBE-AZRTOS-L4.2.0.0
2025-04-11 15:50:14,490 [WARN] ConditionMgr:1044 - genDependencies : Invalid condition id : LAN8742 Phy interface Condition cause : null
2025-04-11 15:50:14,491 [WARN] ConditionMgr:1044 - genDependencies : Invalid condition id : LAN8742 Phy interface Condition cause : null
2025-04-11 15:50:14,491 [WARN] ConditionMgr:1044 - genDependencies : Invalid condition id : LAN8742 Phy interface Condition cause : null
2025-04-11 15:50:14,502 [WARN] PackLoader:240 - Cannot read IP mode file for STMicroelectronics.X-CUBE-SFXS2LP1.4.0.0
2025-04-11 15:50:14,528 [WARN] PackLoader:240 - Cannot read IP mode file for STMicroelectronics.X-CUBE-AZRTOS-H7.3.3.0
2025-04-11 15:50:14,545 [WARN] ConditionMgr:438 - getConditionDescription Invalid condition id : UX DEVICE CLASS RTOS Condition cause : null
2025-04-11 15:50:14,546 [WARN] ConditionMgr:438 - getConditionDescription Invalid condition id : UX DEVICE CLASS RTOS Condition cause : null
2025-04-11 15:50:14,548 [WARN] PackLoader:240 - Cannot read IP mode file for STMicroelectronics.X-CUBE-AZRTOS-WB.2.0.0
2025-04-11 15:50:14,548 [WARN] ConditionMgr:1044 - genDependencies : Invalid condition id : UX DEVICE CLASS RTOS Condition cause : null
2025-04-11 15:50:14,548 [WARN] ConditionMgr:1044 - genDependencies : Invalid condition id : UX DEVICE CLASS RTOS Condition cause : null
2025-04-11 15:50:14,549 [WARN] ConditionMgr:1044 - genDependencies : Invalid condition id : UX DEVICE CLASS RTOS Condition cause : null
2025-04-11 15:50:14,549 [WARN] ConditionMgr:1044 - genDependencies : Invalid condition id : UX DEVICE CLASS RTOS Condition cause : null
2025-04-11 15:50:14,549 [WARN] ConditionMgr:1044 - genDependencies : Invalid condition id : UX DEVICE CLASS RTOS Condition cause : null
2025-04-11 15:50:14,556 [WARN] PackLoader:240 - Cannot read IP mode file for STMicroelectronics.X-CUBE-GNSS1.7.0.1
2025-04-11 15:50:14,562 [WARN] PackLoader:240 - Cannot read IP mode file for STMicroelectronics.X-CUBE-TOUCHGFX.4.25.0
2025-04-11 15:50:14,570 [WARN] PackLoader:240 - Cannot read IP mode file for STMicroelectronics.FP-SNS-STBOX1.2.0.0
2025-04-11 15:50:14,580 [WARN] PackLoader:240 - Cannot read IP mode file for STMicroelectronics.X-CUBE-SUBG2.5.0.0
2025-04-11 15:50:14,609 [WARN] PackLoader:240 - Cannot read IP mode file for STMicroelectronics.X-CUBE-AZRTOS-H7RS.1.1.0
2025-04-11 15:50:14,621 [WARN] PackLoader:240 - Cannot read IP mode file for Cesanta.I-CUBE-Mongoose.7.13.0
2025-04-11 15:50:14,636 [WARN] PackLoader:240 - Cannot read IP mode file for STMicroelectronics.X-CUBE-AZRTOS-G4.2.0.0
2025-04-11 15:50:14,645 [WARN] PackLoader:240 - Cannot read IP mode file for wolfSSL.I-CUBE-wolfSSH.1.4.20
2025-04-11 15:50:14,661 [WARN] PackLoader:240 - Cannot read IP mode file for STMicroelectronics.X-CUBE-IPS.3.1.0
2025-04-11 15:50:14,697 [WARN] PackLoader:240 - Cannot read IP mode file for STMicroelectronics.X-CUBE-ALS.1.0.2
2025-04-11 15:50:14,708 [WARN] PackLoader:240 - Cannot read IP mode file for STMicroelectronics.X-CUBE-TOUCHGFX.4.24.2
2025-04-11 15:50:14,715 [WARN] PackLoader:240 - Cannot read IP mode file for portGmbH.I-Cube-SoM-uGOAL.1.1.0
2025-04-11 15:50:14,734 [WARN] PackLoader:240 - Cannot read IP mode file for STMicroelectronics.X-CUBE-AZRTOS-H7RS.1.0.0
2025-04-11 15:50:14,747 [WARN] PackLoader:240 - Cannot read IP mode file for STMicroelectronics.X-CUBE-TOF1.3.4.2
2025-04-11 15:50:14,755 [INFO] ThirdParty:978 - Integrity check success = true
2025-04-11 15:50:14,756 [INFO] IntegrityCheckThread:100 - exiting critical section [integrity check]
2025-04-11 15:50:14,756 [INFO] IntegrityCheckThread:103 - End integrity checks thread
2025-04-11 17:20:15,335 [INFO] WebApp:194 - Connection lost
2025-04-11 17:20:24,132 [INFO] WebApp:191 - Connection restablished
2025-04-11 17:21:17,975 [INFO] WebApp:194 - Connection lost
2025-04-11 17:21:18,142 [INFO] WebApp:191 - Connection restablished
2025-04-11 17:27:46,476 [INFO] WebApp:194 - Connection lost
2025-04-11 17:27:46,625 [INFO] WebApp:191 - Connection restablished
2025-04-11 22:07:16,749 [ERROR] LogOutputStream:75 - [STDERR_REDIRECT] 
2025-04-11 22:07:16,752 [ERROR] LogOutputStream:75 - [STDERR_REDIRECT] 
