2025-04-14 17:34:59,522 [INFO] Activator:176 - 


2025-04-14 17:34:59,529 [INFO] Activator:177 - !SESSION log4j initialized
2025-04-14 17:35:06,413 [INFO] LogOutputStream:77 - [STDOUT_REDIRECT] 
2025-04-14 17:35:08,248 [INFO] ApplicationProperties:184 - Using Application install path: C:\ST\STM32CubeIDE_1.18.0\STM32CubeIDE\plugins\com.st.stm32cube.common.mx_6.14.0.202502271554
2025-04-14 17:35:08,274 [INFO] DbMcusXml:78 - Set database path to: C:\ST\STM32CubeIDE_1.18.0\STM32CubeIDE\plugins\com.st.stm32cube.common.mx_6.14.0.202502271554\\db\/mcu/
2025-04-14 17:35:08,275 [INFO] ApiDb:274 - Set plugin database path to: C:\ST\STM32CubeIDE_1.18.0\STM32CubeIDE\plugins\com.st.stm32cube.common.mx_6.14.0.202502271554\\db\/plugins/boardmanager/
2025-04-14 17:35:08,276 [WARN] ApiDb:259 - Overriding images path with different value:  => C:\ST\STM32CubeIDE_1.18.0\STM32CubeIDE\plugins\com.st.stm32cube.common.mx_6.14.0.202502271554\\db\/plugins/mcufinder/images/
2025-04-14 17:35:08,289 [INFO] ApiDb:250 - Set database path to: C:\Users\phucv\.stmcufinder\plugins\mcufinder//mcu/
2025-04-14 17:35:08,293 [INFO] DbMcusAds:125 - Set database path to: C:\Users\phucv\.stmcufinder\plugins\mcufinder//mcu/
2025-04-14 17:35:08,947 [INFO] CrossReferenceDbSqlite:203 - Set database path to: C:\Users\phucv\.stmcufinder\plugins\mcufinder//mcu/cs/
2025-04-14 17:35:09,171 [INFO] RulesReader:64 - Compatibility file has been processed (301 Rules)
2025-04-14 17:35:09,333 [INFO] DbMcusXml:78 - Set database path to: C:\ST\STM32CubeIDE_1.18.0\STM32CubeIDE\plugins\com.st.stm32cube.common.mx_6.14.0.202502271554\\db\/mcu/
2025-04-14 17:35:09,333 [INFO] ApiDb:274 - Set plugin database path to: C:\ST\STM32CubeIDE_1.18.0\STM32CubeIDE\plugins\com.st.stm32cube.common.mx_6.14.0.202502271554\\db\/plugins/boardmanager/
2025-04-14 17:35:09,333 [INFO] ApiDb:261 - Set plugin images path to: C:\ST\STM32CubeIDE_1.18.0\STM32CubeIDE\plugins\com.st.stm32cube.common.mx_6.14.0.202502271554\\db\/plugins/mcufinder/images/
2025-04-14 17:35:09,333 [WARN] DbFile:41 - Overriding database path with different value: C:\Users\phucv\.stmcufinder\plugins\mcufinder/ => C:\Users\phucv\.stmcufinder\plugins\mcufinder
2025-04-14 17:35:09,333 [INFO] ApiDb:250 - Set database path to: C:\Users\phucv\.stmcufinder\plugins\mcufinder//mcu/
2025-04-14 17:35:09,333 [WARN] DbFile:41 - Overriding database path with different value: C:\Users\phucv\.stmcufinder\plugins\mcufinder/ => C:\Users\phucv\.stmcufinder\plugins\mcufinder
2025-04-14 17:35:09,333 [INFO] DbMcusAds:125 - Set database path to: C:\Users\phucv\.stmcufinder\plugins\mcufinder//mcu/
2025-04-14 17:35:09,334 [WARN] DbFile:41 - Overriding database path with different value: C:\Users\phucv\.stmcufinder\plugins\mcufinder/ => C:\Users\phucv\.stmcufinder\plugins\mcufinder
2025-04-14 17:35:09,334 [WARN] DbFile:41 - Overriding database path with different value: C:\Users\phucv\.stmcufinder\plugins\mcufinder/ => C:\Users\phucv\.stmcufinder\plugins\mcufinder
2025-04-14 17:35:09,953 [INFO] CrossReferenceDbSqlite:203 - Set database path to: C:\Users\phucv\.stmcufinder\plugins\mcufinder//mcu/cs/
2025-04-14 17:35:10,122 [INFO] MainPanel:272 - HeapMemory: 268435456
2025-04-14 17:35:10,351 [INFO] DbMcusXml:78 - Set database path to: C:\ST\STM32CubeIDE_1.18.0\STM32CubeIDE\plugins\com.st.stm32cube.common.mx_6.14.0.202502271554\\db\/mcu/
2025-04-14 17:35:10,351 [INFO] ApiDb:274 - Set plugin database path to: C:\ST\STM32CubeIDE_1.18.0\STM32CubeIDE\plugins\com.st.stm32cube.common.mx_6.14.0.202502271554\\db\/plugins/boardmanager/
2025-04-14 17:35:10,351 [INFO] ApiDb:261 - Set plugin images path to: C:\ST\STM32CubeIDE_1.18.0\STM32CubeIDE\plugins\com.st.stm32cube.common.mx_6.14.0.202502271554\\db\/plugins/mcufinder/images/
2025-04-14 17:35:10,351 [WARN] DbFile:41 - Overriding database path with different value: C:\Users\phucv\.stmcufinder\plugins\mcufinder/ => C:\Users\phucv\.stmcufinder\plugins\mcufinder
2025-04-14 17:35:10,353 [INFO] ApiDb:250 - Set database path to: C:\Users\phucv\.stmcufinder\plugins\mcufinder//mcu/
2025-04-14 17:35:10,353 [WARN] DbFile:41 - Overriding database path with different value: C:\Users\phucv\.stmcufinder\plugins\mcufinder/ => C:\Users\phucv\.stmcufinder\plugins\mcufinder
2025-04-14 17:35:10,353 [INFO] DbMcusAds:125 - Set database path to: C:\Users\phucv\.stmcufinder\plugins\mcufinder//mcu/
2025-04-14 17:35:10,353 [WARN] DbFile:41 - Overriding database path with different value: C:\Users\phucv\.stmcufinder\plugins\mcufinder/ => C:\Users\phucv\.stmcufinder\plugins\mcufinder
2025-04-14 17:35:10,353 [WARN] DbFile:41 - Overriding database path with different value: C:\Users\phucv\.stmcufinder\plugins\mcufinder/ => C:\Users\phucv\.stmcufinder\plugins\mcufinder
2025-04-14 17:35:10,959 [INFO] CrossReferenceDbSqlite:203 - Set database path to: C:\Users\phucv\.stmcufinder\plugins\mcufinder//mcu/cs/
2025-04-14 17:35:10,999 [INFO] ApplicationProperties:184 - Using Application install path: C:\ST\STM32CubeIDE_1.18.0\STM32CubeIDE\plugins\com.st.stm32cube.common.mx_6.14.0.202502271554
2025-04-14 17:35:11,002 [INFO] PluginManage:196 - Search for loadable plugins [exclusion list=, ]
2025-04-14 17:35:11,006 [INFO] PluginManage:310 - Check plugin analytics
2025-04-14 17:35:12,080 [INFO] AnalyticsPlugin:253 - Accepted Software Licenses: STM32CubeMX.6.14.0
2025-04-14 17:35:12,081 [INFO] AnalyticsPlugin:255 - Accepted CMSIS Pack Licenses: 
2025-04-14 17:35:12,081 [INFO] AnalyticsPlugin:257 - Accepted Firmware Licenses: FW.F4.1.28.0
2025-04-14 17:35:12,086 [INFO] PluginManage:359 - Loaded plugin analytics (category:tool,tabindex:-1)
2025-04-14 17:35:12,086 [INFO] PluginManage:310 - Check plugin cadmodel
2025-04-14 17:35:12,095 [INFO] CADModel:105 - Init CAD model plugin
2025-04-14 17:35:12,095 [INFO] PluginManage:359 - Loaded plugin cadmodel (category:power,tabindex:5)
2025-04-14 17:35:12,096 [INFO] PluginManage:310 - Check plugin clock
2025-04-14 17:35:12,108 [INFO] PluginManage:359 - Loaded plugin clock (category:base,tabindex:2)
2025-04-14 17:35:12,108 [INFO] PluginManage:310 - Check plugin ddr
2025-04-14 17:35:12,112 [INFO] PluginManage:359 - Loaded plugin ddr (category:tool,tabindex:6)
2025-04-14 17:35:12,112 [INFO] PluginManage:310 - Check plugin filemanager
2025-04-14 17:35:12,353 [INFO] PluginManage:359 - Loaded plugin filemanager (category:base,tabindex:10)
2025-04-14 17:35:12,354 [INFO] PluginManage:310 - Check plugin ipmanager
2025-04-14 17:35:12,365 [INFO] PluginManage:359 - Loaded plugin ipmanager (category:base,tabindex:5)
2025-04-14 17:35:12,366 [INFO] PluginManage:310 - Check plugin lpbam
2025-04-14 17:35:12,380 [INFO] PluginManage:359 - Loaded plugin lpbam (category:base,tabindex:0)
2025-04-14 17:35:12,380 [INFO] PluginManage:310 - Check plugin memorymap
2025-04-14 17:35:12,405 [INFO] PluginManage:359 - Loaded plugin memorymap (category:base,tabindex:4)
2025-04-14 17:35:12,405 [INFO] PluginManage:310 - Check plugin pinoutandconfiguration
2025-04-14 17:35:12,420 [INFO] PluginManage:359 - Loaded plugin pinoutandconfiguration (category:base,tabindex:1)
2025-04-14 17:35:12,420 [INFO] PluginManage:310 - Check plugin pinoutconfig
2025-04-14 17:35:12,567 [WARN] SupportedApi:132 - Cannot load RTOS API schema: s4s-elt-must-match.1: The content of 'definitions' must match (annotation?, (simpleType | complexType)?, (unique | key | keyref)*)). A problem was found starting at: attribute.
2025-04-14 17:35:12,771 [INFO] PluginManage:359 - Loaded plugin pinoutconfig (category:base,tabindex:0)
2025-04-14 17:35:12,771 [INFO] PluginManage:310 - Check plugin power
2025-04-14 17:35:12,785 [INFO] PluginManage:359 - Loaded plugin power (category:power,tabindex:4)
2025-04-14 17:35:12,785 [INFO] PluginManage:310 - Check plugin projectmanager
2025-04-14 17:35:12,809 [INFO] PluginManage:359 - Loaded plugin projectmanager (category:projectmanager,tabindex:4)
2025-04-14 17:35:12,809 [INFO] PluginManage:310 - Check plugin rif
2025-04-14 17:35:12,819 [INFO] PluginManage:359 - Loaded plugin rif (category:base,tabindex:3)
2025-04-14 17:35:12,820 [INFO] PluginManage:310 - Check plugin thirdparty
2025-04-14 17:35:13,040 [INFO] PluginManage:359 - Loaded plugin thirdparty (category:base,tabindex:-1)
2025-04-14 17:35:13,040 [WARN] IntegrityCheckThread:84 - waiting for thirdparty lock release [integrity check]
2025-04-14 17:35:13,041 [INFO] PluginManage:310 - Check plugin tools
2025-04-14 17:35:13,041 [INFO] IntegrityCheckThread:86 - entering critical section [integrity check]
2025-04-14 17:35:13,043 [INFO] ThirdPartyUpdaterWithRetryManager:70 - Updater plugin not ready yet. [1/15]
2025-04-14 17:35:13,047 [INFO] PluginManage:359 - Loaded plugin tools (category:base,tabindex:7)
2025-04-14 17:35:13,047 [INFO] PluginManage:310 - Check plugin tutovideos
2025-04-14 17:35:13,330 [INFO] PluginManage:359 - Loaded plugin tutovideos (category:base,tabindex:-1)
2025-04-14 17:35:13,331 [INFO] PluginManage:310 - Check plugin updater
2025-04-14 17:35:13,364 [INFO] PluginManage:359 - Loaded plugin updater (category:base,tabindex:12)
2025-04-14 17:35:13,364 [INFO] PluginManage:310 - Check plugin userauth
2025-04-14 17:35:13,370 [INFO] UserAuth:118 - Init User Auth plugin
2025-04-14 17:35:13,371 [INFO] PluginManage:359 - Loaded plugin userauth (category:base,tabindex:14)
2025-04-14 17:35:13,372 [INFO] PluginManage:283 - PluginManage : Loaded plugins [18]
2025-04-14 17:35:13,685 [INFO] PinOutPanel:1589 - setPackage(No Configuration,No Configuration)
2025-04-14 17:35:13,813 [INFO] CADModel:165 - CPN selected for project level
2025-04-14 17:35:13,813 [INFO] CADModel:114 - Register for checkConnection events
2025-04-14 17:35:13,845 [INFO] IPUIPlugin:80 - create IPUIPlugin
2025-04-14 17:35:13,846 [INFO] PluginManager:220 - loadIPPluginJar : add adc
2025-04-14 17:35:13,851 [INFO] IPUIPlugin:80 - create IPUIPlugin
2025-04-14 17:35:13,851 [INFO] PluginManager:220 - loadIPPluginJar : add aes
2025-04-14 17:35:13,855 [INFO] IPUIPlugin:80 - create IPUIPlugin
2025-04-14 17:35:13,855 [INFO] PluginManager:220 - loadIPPluginJar : add can
2025-04-14 17:35:13,860 [INFO] IPUIPlugin:80 - create IPUIPlugin
2025-04-14 17:35:13,860 [INFO] PluginManager:220 - loadIPPluginJar : add comp
2025-04-14 17:35:13,865 [INFO] IPUIPlugin:80 - create IPUIPlugin
2025-04-14 17:35:13,865 [INFO] PluginManager:220 - loadIPPluginJar : add cryp
2025-04-14 17:35:13,870 [INFO] IPUIPlugin:80 - create IPUIPlugin
2025-04-14 17:35:13,870 [INFO] PluginManager:220 - loadIPPluginJar : add ddr_ctrl_phy
2025-04-14 17:35:13,877 [INFO] IPUIPlugin:80 - create IPUIPlugin
2025-04-14 17:35:13,877 [INFO] PluginManager:220 - loadIPPluginJar : add dfsdm
2025-04-14 17:35:13,885 [INFO] IPUIPlugin:80 - create IPUIPlugin
2025-04-14 17:35:13,886 [INFO] PluginManager:220 - loadIPPluginJar : add dma
2025-04-14 17:35:13,893 [INFO] IPUIPlugin:80 - create IPUIPlugin
2025-04-14 17:35:13,893 [INFO] PluginManager:220 - loadIPPluginJar : add dma3
2025-04-14 17:35:13,898 [INFO] IPUIPlugin:80 - create IPUIPlugin
2025-04-14 17:35:13,898 [INFO] PluginManager:220 - loadIPPluginJar : add extmemmanager
2025-04-14 17:35:13,902 [INFO] IPUIPlugin:80 - create IPUIPlugin
2025-04-14 17:35:13,902 [INFO] PluginManager:220 - loadIPPluginJar : add fatfs
2025-04-14 17:35:13,909 [INFO] IPUIPlugin:80 - create IPUIPlugin
2025-04-14 17:35:13,910 [INFO] PluginManager:220 - loadIPPluginJar : add fmc
2025-04-14 17:35:13,918 [INFO] IPUIPlugin:80 - create IPUIPlugin
2025-04-14 17:35:13,919 [INFO] PluginManager:220 - loadIPPluginJar : add freertos
2025-04-14 17:35:13,921 [INFO] IPUIPlugin:80 - create IPUIPlugin
2025-04-14 17:35:13,921 [INFO] PluginManager:220 - loadIPPluginJar : add genericplugin
2025-04-14 17:35:13,927 [INFO] IPUIPlugin:80 - create IPUIPlugin
2025-04-14 17:35:13,927 [INFO] PluginManager:220 - loadIPPluginJar : add gfxmmu
2025-04-14 17:35:13,935 [INFO] IPUIPlugin:80 - create IPUIPlugin
2025-04-14 17:35:13,935 [INFO] PluginManager:220 - loadIPPluginJar : add gic
2025-04-14 17:35:13,943 [INFO] IPUIPlugin:80 - create IPUIPlugin
2025-04-14 17:35:13,943 [INFO] PluginManager:220 - loadIPPluginJar : add gpio
2025-04-14 17:35:13,949 [INFO] IPUIPlugin:80 - create IPUIPlugin
2025-04-14 17:35:13,949 [INFO] PluginManager:220 - loadIPPluginJar : add gtzc
2025-04-14 17:35:13,953 [INFO] IPUIPlugin:80 - create IPUIPlugin
2025-04-14 17:35:13,953 [INFO] PluginManager:220 - loadIPPluginJar : add hash
2025-04-14 17:35:13,960 [INFO] IPUIPlugin:80 - create IPUIPlugin
2025-04-14 17:35:13,960 [INFO] PluginManager:220 - loadIPPluginJar : add i2c
2025-04-14 17:35:13,965 [INFO] IPUIPlugin:80 - create IPUIPlugin
2025-04-14 17:35:13,965 [INFO] PluginManager:220 - loadIPPluginJar : add i2s
2025-04-14 17:35:13,971 [INFO] IPUIPlugin:80 - create IPUIPlugin
2025-04-14 17:35:13,971 [INFO] PluginManager:220 - loadIPPluginJar : add i3c
2025-04-14 17:35:13,976 [INFO] IPUIPlugin:80 - create IPUIPlugin
2025-04-14 17:35:13,977 [INFO] PluginManager:220 - loadIPPluginJar : add ipddr
2025-04-14 17:35:13,988 [INFO] IPUIPlugin:80 - create IPUIPlugin
2025-04-14 17:35:13,988 [INFO] PluginManager:220 - loadIPPluginJar : add linkedlist
2025-04-14 17:35:13,994 [INFO] IPUIPlugin:80 - create IPUIPlugin
2025-04-14 17:35:13,994 [INFO] PluginManager:220 - loadIPPluginJar : add lorawan
2025-04-14 17:35:13,996 [INFO] IPUIPlugin:80 - create IPUIPlugin
2025-04-14 17:35:13,996 [INFO] PluginManager:220 - loadIPPluginJar : add ltdc
2025-04-14 17:35:14,007 [INFO] IPUIPlugin:80 - create IPUIPlugin
2025-04-14 17:35:14,007 [INFO] PluginManager:220 - loadIPPluginJar : add mdma
2025-04-14 17:35:14,014 [INFO] IPUIPlugin:80 - create IPUIPlugin
2025-04-14 17:35:14,014 [INFO] PluginManager:220 - loadIPPluginJar : add nvic
2025-04-14 17:35:14,020 [INFO] IPUIPlugin:80 - create IPUIPlugin
2025-04-14 17:35:14,020 [INFO] PluginManager:220 - loadIPPluginJar : add opamp
2025-04-14 17:35:14,026 [INFO] IPUIPlugin:80 - create IPUIPlugin
2025-04-14 17:35:14,026 [INFO] PluginManager:220 - loadIPPluginJar : add openamp
2025-04-14 17:35:14,032 [INFO] IPUIPlugin:80 - create IPUIPlugin
2025-04-14 17:35:14,032 [INFO] PluginManager:220 - loadIPPluginJar : add pdm2pcm
2025-04-14 17:35:14,043 [INFO] IPUIPlugin:80 - create IPUIPlugin
2025-04-14 17:35:14,047 [INFO] PluginManager:220 - loadIPPluginJar : add plateformsettings
2025-04-14 17:35:14,050 [INFO] IPUIPlugin:80 - create IPUIPlugin
2025-04-14 17:35:14,050 [INFO] PluginManager:220 - loadIPPluginJar : add quadspi
2025-04-14 17:35:14,053 [INFO] IPUIPlugin:80 - create IPUIPlugin
2025-04-14 17:35:14,054 [INFO] PluginManager:220 - loadIPPluginJar : add radio
2025-04-14 17:35:14,062 [INFO] IPUIPlugin:80 - create IPUIPlugin
2025-04-14 17:35:14,062 [INFO] PluginManager:220 - loadIPPluginJar : add resmgrutility
2025-04-14 17:35:14,067 [INFO] IPUIPlugin:80 - create IPUIPlugin
2025-04-14 17:35:14,067 [INFO] PluginManager:220 - loadIPPluginJar : add sai
2025-04-14 17:35:14,071 [INFO] IPUIPlugin:80 - create IPUIPlugin
2025-04-14 17:35:14,071 [INFO] PluginManager:220 - loadIPPluginJar : add spi
2025-04-14 17:35:14,082 [INFO] IPUIPlugin:80 - create IPUIPlugin
2025-04-14 17:35:14,082 [INFO] PluginManager:220 - loadIPPluginJar : add stm32_wpan
2025-04-14 17:35:14,086 [INFO] IPUIPlugin:80 - create IPUIPlugin
2025-04-14 17:35:14,086 [INFO] PluginManager:220 - loadIPPluginJar : add tim
2025-04-14 17:35:14,093 [INFO] IPUIPlugin:80 - create IPUIPlugin
2025-04-14 17:35:14,093 [INFO] PluginManager:220 - loadIPPluginJar : add touchsensing
2025-04-14 17:35:14,097 [INFO] IPUIPlugin:80 - create IPUIPlugin
2025-04-14 17:35:14,097 [INFO] PluginManager:220 - loadIPPluginJar : add tracer_emb
2025-04-14 17:35:14,101 [INFO] IPUIPlugin:80 - create IPUIPlugin
2025-04-14 17:35:14,101 [INFO] PluginManager:220 - loadIPPluginJar : add ts
2025-04-14 17:35:14,103 [INFO] IPUIPlugin:80 - create IPUIPlugin
2025-04-14 17:35:14,104 [INFO] PluginManager:220 - loadIPPluginJar : add tsc
2025-04-14 17:35:14,108 [INFO] IPUIPlugin:80 - create IPUIPlugin
2025-04-14 17:35:14,109 [INFO] PluginManager:220 - loadIPPluginJar : add ucpd
2025-04-14 17:35:14,113 [INFO] IPUIPlugin:80 - create IPUIPlugin
2025-04-14 17:35:14,113 [INFO] PluginManager:220 - loadIPPluginJar : add usart
2025-04-14 17:35:14,119 [INFO] IPUIPlugin:80 - create IPUIPlugin
2025-04-14 17:35:14,119 [INFO] PluginManager:220 - loadIPPluginJar : add usbx
2025-04-14 17:35:14,305 [FATAL] Updater:351 - Updater called before beeing initialized
2025-04-14 17:35:14,350 [INFO] RulesReader:64 - Compatibility file has been processed (301 Rules)
2025-04-14 17:35:14,366 [INFO] RulesReader:64 - Compatibility file has been processed (301 Rules)
2025-04-14 17:35:14,382 [INFO] CADModel:165 - CPN selected for project level
2025-04-14 17:35:14,382 [INFO] CADModel:114 - Register for checkConnection events
2025-04-14 17:35:14,382 [FATAL] Updater:351 - Updater called before beeing initialized
2025-04-14 17:35:14,382 [ERROR] CADModel:125 - Updater not yet initialized, retry later 
2025-04-14 17:35:14,633 [FATAL] Updater:351 - Updater called before beeing initialized
2025-04-14 17:35:14,636 [INFO] CADModel:165 - CPN selected for project level
2025-04-14 17:35:14,636 [INFO] CADModel:114 - Register for checkConnection events
2025-04-14 17:35:14,636 [FATAL] Updater:351 - Updater called before beeing initialized
2025-04-14 17:35:14,637 [ERROR] CADModel:125 - Updater not yet initialized, retry later 
2025-04-14 17:35:14,645 [FATAL] Updater:351 - Updater called before beeing initialized
2025-04-14 17:35:14,839 [FATAL] Updater:351 - Updater called before beeing initialized
2025-04-14 17:35:14,845 [INFO] DbMcusAds:53 - JSON generation date=Thu Mar 06 21:54:22 ICT 2025 (1741272862078)
2025-04-14 17:35:14,845 [FATAL] Updater:351 - Updater called before beeing initialized
2025-04-14 17:35:14,904 [WARN] DetailPanel:346 - Failed to get advertising image, set to default
2025-04-14 17:35:15,273 [FATAL] Updater:351 - Updater called before beeing initialized
2025-04-14 17:35:15,275 [FATAL] Updater:351 - Updater called before beeing initialized
2025-04-14 17:35:15,276 [FATAL] Updater:351 - Updater called before beeing initialized
2025-04-14 17:35:15,276 [WARN] DetailPanel:346 - Failed to get advertising image, set to default
2025-04-14 17:35:15,277 [FATAL] Updater:351 - Updater called before beeing initialized
2025-04-14 17:35:15,347 [ERROR] Updater:1198 - MainUpdater not yet initialized. External WinMGr cannot be set.
2025-04-14 17:35:15,350 [INFO] Updater:1134 - Updater Version found : 6.14.0
2025-04-14 17:35:15,380 [INFO] ApplicationProperties:184 - Using Application install path: C:\ST\STM32CubeIDE_1.18.0\STM32CubeIDE\plugins\com.st.stm32cube.common.mx_6.14.0.202502271554
2025-04-14 17:35:16,044 [INFO] ThirdPartyUpdaterWithRetryManager:70 - Updater plugin not ready yet. [2/15]
2025-04-14 17:35:17,003 [ERROR] LogOutputStream:75 - [STDERR_REDIRECT] Apr 14, 2025 5:35:16 PM java.util.prefs.WindowsPreferences <init>
2025-04-14 17:35:17,007 [ERROR] LogOutputStream:75 - [STDERR_REDIRECT] WARNING: Could not open/create prefs root node Software\JavaSoft\Prefs at root 0xffffffff80000002. Windows RegCreateKeyEx(...) returned error code 5.
2025-04-14 17:35:17,008 [ERROR] LogOutputStream:75 - [STDERR_REDIRECT] 
2025-04-14 17:35:17,605 [INFO] MainUpdater:2872 - connection check result : 10
2025-04-14 17:35:17,607 [INFO] MainUpdater:289 - Updater Check For Update Now.
2025-04-14 17:35:17,607 [INFO] MicroXplorer:498 - Change Database Version : DB.6.0.140
2025-04-14 17:35:17,622 [INFO] McuFinderGlobals:63 - Set McuFinder mode to 2 (CubeIDE integrated)
2025-04-14 17:35:17,627 [INFO] UserAuth:486 - Internet connection configuration mode: 1
2025-04-14 17:35:17,716 [INFO] JxBrowserEngine:152 - Initiate JxBrowser Engine with user profile folder
2025-04-14 17:35:17,895 [INFO] CheckServerUpdateThread:120 - End of CheckServer Thread
2025-04-14 17:35:19,564 [WARN] PackLoader:240 - Cannot read IP mode file for STMicroelectronics.FP-SNS-MOTENVWB1.1.4.0
2025-04-14 17:35:19,577 [WARN] PackLoader:240 - Cannot read IP mode file for STMicroelectronics.FP-ATR-ASTRA1.2.0.2
2025-04-14 17:35:19,590 [WARN] PackLoader:240 - Cannot read IP mode file for STMicroelectronics.X-CUBE-SMBUS.2.1.0
2025-04-14 17:35:19,600 [WARN] PackLoader:240 - Cannot read IP mode file for STMicroelectronics.X-CUBE-WB05N.1.1.0
2025-04-14 17:35:19,639 [WARN] PackLoader:240 - Cannot read IP mode file for STMicroelectronics.X-CUBE-AZRTOS-F7.1.1.0
2025-04-14 17:35:19,652 [WARN] PackLoader:240 - Cannot read IP mode file for STMicroelectronics.FP-SNS-FLIGHT1.5.0.2
2025-04-14 17:35:19,686 [WARN] PackLoader:240 - Cannot read IP mode file for Infineon.AIROC-Wi-Fi-Bluetooth-STM32.1.7.0
2025-04-14 17:35:19,708 [WARN] PackLoader:240 - Cannot read IP mode file for STMicroelectronics.X-CUBE-DISPLAY.3.0.0
2025-04-14 17:35:19,726 [WARN] PackLoader:240 - Cannot read IP mode file for STMicroelectronics.X-CUBE-NFC10.1.0.0
2025-04-14 17:35:19,743 [WARN] PackLoader:240 - Cannot read IP mode file for STMicroelectronics.X-CUBE-BLEMGR.4.0.0
2025-04-14 17:35:19,756 [WARN] PackLoader:240 - Cannot read IP mode file for emotas.I-CUBE-CANOPEN.1.3.0
2025-04-14 17:35:19,763 [WARN] PackLoader:240 - Cannot read IP mode file for STMicroelectronics.X-CUBE-AI.10.0.0
2025-04-14 17:35:19,770 [WARN] PackLoader:240 - Cannot read IP mode file for STMicroelectronics.FP-SNS-SMARTAG2.1.2.0
2025-04-14 17:35:19,777 [WARN] PackLoader:240 - Cannot read IP mode file for STMicroelectronics.FP-SNS-FLIGHT1.5.1.0
2025-04-14 17:35:19,848 [WARN] PackLoader:240 - Cannot read IP mode file for STMicroelectronics.X-CUBE-MEMS1.11.1.0
2025-04-14 17:35:19,865 [INFO] WebApp:169 - Instantiating new browser for Auth
2025-04-14 17:35:20,123 [INFO] LogOutputStream:77 - [STDOUT_REDIRECT] 1 : Invalid condition id : UX_CORESTACK_Condition cause : null
2025-04-14 17:35:20,125 [INFO] LogOutputStream:77 - [STDOUT_REDIRECT] 1 : Invalid condition id : UX_CORESTACK_Condition cause : null
2025-04-14 17:35:20,126 [INFO] LogOutputStream:77 - [STDOUT_REDIRECT] 1 : Invalid condition id : UX_CORESTACK_Condition cause : null
2025-04-14 17:35:20,128 [INFO] LogOutputStream:77 - [STDOUT_REDIRECT] 1 : Invalid condition id : UX_CORESTACK_Condition cause : null
2025-04-14 17:35:20,130 [INFO] LogOutputStream:77 - [STDOUT_REDIRECT] 1 : Invalid condition id : UX_CORESTACK_Condition cause : null
2025-04-14 17:35:20,133 [WARN] PackLoader:240 - Cannot read IP mode file for STMicroelectronics.X-CUBE-AZRTOS-WL.2.0.0
2025-04-14 17:35:20,143 [WARN] PackLoader:240 - Cannot read IP mode file for STMicroelectronics.FP-SNS-MOTENV1.5.0.0
2025-04-14 17:35:20,160 [WARN] PackLoader:240 - Cannot read IP mode file for WES.I-CUBE-Cesium.1.3.0
2025-04-14 17:35:20,168 [WARN] PackLoader:240 - Cannot read IP mode file for STMicroelectronics.X-CUBE-BLE2.3.3.0
2025-04-14 17:35:20,178 [WARN] PackLoader:240 - Cannot read IP mode file for STMicroelectronics.X-CUBE-NFC9.1.0.0
2025-04-14 17:35:20,187 [WARN] PackLoader:240 - Cannot read IP mode file for STMicroelectronics.X-CUBE-BLE1.7.1.0
2025-04-14 17:35:20,195 [WARN] PackLoader:240 - Cannot read IP mode file for wolfSSL.I-CUBE-wolfMQTT.1.19.2
2025-04-14 17:35:20,214 [WARN] PackLoader:240 - Cannot read IP mode file for STMicroelectronics.X-CUBE-AZRTOS-G0.1.1.0
2025-04-14 17:35:20,227 [WARN] PackLoader:240 - Cannot read IP mode file for STMicroelectronics.X-CUBE-SAFEA1.1.2.2
2025-04-14 17:35:20,237 [WARN] PackLoader:240 - Cannot read IP mode file for STMicroelectronics.X-CUBE-NFC4.3.0.0
2025-04-14 17:35:20,259 [WARN] PackLoader:240 - Cannot read IP mode file for EmbeddedOffice.I-CUBE-FS-RTOS.1.0.1
2025-04-14 17:35:20,267 [WARN] PackLoader:240 - Cannot read IP mode file for wolfSSL.I-CUBE-wolfTPM.3.8.0
2025-04-14 17:35:20,278 [WARN] PackLoader:240 - Cannot read IP mode file for STMicroelectronics.X-CUBE-TCPP.4.2.0
2025-04-14 17:35:20,289 [WARN] PackLoader:240 - Cannot read IP mode file for RealThread.X-CUBE-RT-Thread_Nano.4.1.1
2025-04-14 17:35:20,296 [WARN] PackLoader:240 - Cannot read IP mode file for STMicroelectronics.FP-ATR-SIGFOX1.3.2.0
2025-04-14 17:35:20,303 [WARN] ConditionMgr:438 - getConditionDescription Invalid condition id : Cortex-A Device cause : null
2025-04-14 17:35:20,331 [WARN] ConditionMgr:1044 - genDependencies : Invalid condition id : Cortex-A Device cause : null
2025-04-14 17:35:20,332 [WARN] ConditionMgr:1044 - genDependencies : Invalid condition id : Cortex-A Device cause : null
2025-04-14 17:35:20,332 [WARN] ConditionMgr:1044 - genDependencies : Invalid condition id : Cortex-A Device cause : null
2025-04-14 17:35:20,342 [WARN] PackLoader:240 - Cannot read IP mode file for STMicroelectronics.X-CUBE-EEPRMA1.5.1.0
2025-04-14 17:35:20,350 [WARN] PackLoader:240 - Cannot read IP mode file for wolfSSL.I-CUBE-wolfSSL.5.7.6
2025-04-14 17:35:20,361 [WARN] PackLoader:240 - Cannot read IP mode file for ITTIA_DB.I-CUBE-ITTIADB.8.9.0
2025-04-14 17:35:20,396 [WARN] PackLoader:240 - Cannot read IP mode file for SEGGER.I-CUBE-embOS.1.3.1
2025-04-14 17:35:20,453 [WARN] PackLoader:240 - Cannot read IP mode file for STMicroelectronics.X-CUBE-ALGOBUILD.1.4.0
2025-04-14 17:35:20,469 [WARN] PackLoader:240 - Cannot read IP mode file for STMicroelectronics.X-CUBE-AZRTOS-F4.1.1.0
2025-04-14 17:35:20,485 [WARN] PackLoader:240 - Cannot read IP mode file for STMicroelectronics.X-CUBE-ISPU.2.1.0
2025-04-14 17:35:20,503 [WARN] PackLoader:240 - Cannot read IP mode file for STMicroelectronics.X-CUBE-AZRTOS-L5.2.0.0
2025-04-14 17:35:20,515 [WARN] PackLoader:240 - Cannot read IP mode file for STMicroelectronics.X-CUBE-NFC6.3.1.0
2025-04-14 17:35:20,526 [WARN] PackLoader:240 - Cannot read IP mode file for STMicroelectronics.X-CUBE-DPower.1.2.0
2025-04-14 17:35:20,533 [WARN] PackLoader:240 - Cannot read IP mode file for STMicroelectronics.X-CUBE-FREERTOS.1.3.0
2025-04-14 17:35:20,540 [WARN] PackLoader:240 - Cannot read IP mode file for STMicroelectronics.X-CUBE-NFC7.1.0.1
2025-04-14 17:35:20,559 [WARN] ConditionMgr:438 - getConditionDescription Invalid condition id : LAN8742 Phy interface Condition cause : null
2025-04-14 17:35:20,560 [WARN] PackLoader:240 - Cannot read IP mode file for STMicroelectronics.X-CUBE-AZRTOS-L4.2.0.0
2025-04-14 17:35:20,562 [WARN] ConditionMgr:1044 - genDependencies : Invalid condition id : LAN8742 Phy interface Condition cause : null
2025-04-14 17:35:20,562 [WARN] ConditionMgr:1044 - genDependencies : Invalid condition id : LAN8742 Phy interface Condition cause : null
2025-04-14 17:35:20,563 [WARN] ConditionMgr:1044 - genDependencies : Invalid condition id : LAN8742 Phy interface Condition cause : null
2025-04-14 17:35:20,574 [WARN] PackLoader:240 - Cannot read IP mode file for STMicroelectronics.X-CUBE-SFXS2LP1.4.0.0
2025-04-14 17:35:20,606 [WARN] PackLoader:240 - Cannot read IP mode file for STMicroelectronics.X-CUBE-AZRTOS-H7.3.3.0
2025-04-14 17:35:20,623 [WARN] ConditionMgr:438 - getConditionDescription Invalid condition id : UX DEVICE CLASS RTOS Condition cause : null
2025-04-14 17:35:20,623 [WARN] ConditionMgr:438 - getConditionDescription Invalid condition id : UX DEVICE CLASS RTOS Condition cause : null
2025-04-14 17:35:20,626 [WARN] PackLoader:240 - Cannot read IP mode file for STMicroelectronics.X-CUBE-AZRTOS-WB.2.0.0
2025-04-14 17:35:20,627 [WARN] ConditionMgr:1044 - genDependencies : Invalid condition id : UX DEVICE CLASS RTOS Condition cause : null
2025-04-14 17:35:20,627 [WARN] ConditionMgr:1044 - genDependencies : Invalid condition id : UX DEVICE CLASS RTOS Condition cause : null
2025-04-14 17:35:20,627 [WARN] ConditionMgr:1044 - genDependencies : Invalid condition id : UX DEVICE CLASS RTOS Condition cause : null
2025-04-14 17:35:20,629 [WARN] ConditionMgr:1044 - genDependencies : Invalid condition id : UX DEVICE CLASS RTOS Condition cause : null
2025-04-14 17:35:20,629 [WARN] ConditionMgr:1044 - genDependencies : Invalid condition id : UX DEVICE CLASS RTOS Condition cause : null
2025-04-14 17:35:20,636 [WARN] PackLoader:240 - Cannot read IP mode file for STMicroelectronics.X-CUBE-GNSS1.7.0.1
2025-04-14 17:35:20,646 [WARN] PackLoader:240 - Cannot read IP mode file for STMicroelectronics.X-CUBE-TOUCHGFX.4.25.0
2025-04-14 17:35:20,655 [WARN] PackLoader:240 - Cannot read IP mode file for STMicroelectronics.FP-SNS-STBOX1.2.0.0
2025-04-14 17:35:20,671 [WARN] PackLoader:240 - Cannot read IP mode file for STMicroelectronics.X-CUBE-SUBG2.5.0.0
2025-04-14 17:35:20,699 [WARN] PackLoader:240 - Cannot read IP mode file for STMicroelectronics.X-CUBE-AZRTOS-H7RS.1.1.0
2025-04-14 17:35:20,712 [WARN] PackLoader:240 - Cannot read IP mode file for Cesanta.I-CUBE-Mongoose.7.13.0
2025-04-14 17:35:20,733 [WARN] PackLoader:240 - Cannot read IP mode file for STMicroelectronics.X-CUBE-AZRTOS-G4.2.0.0
2025-04-14 17:35:20,743 [WARN] PackLoader:240 - Cannot read IP mode file for wolfSSL.I-CUBE-wolfSSH.1.4.20
2025-04-14 17:35:20,759 [WARN] PackLoader:240 - Cannot read IP mode file for STMicroelectronics.X-CUBE-IPS.3.1.0
2025-04-14 17:35:20,774 [WARN] PackLoader:240 - Cannot read IP mode file for STMicroelectronics.X-CUBE-ALS.1.0.2
2025-04-14 17:35:20,780 [WARN] PackLoader:240 - Cannot read IP mode file for STMicroelectronics.X-CUBE-TOUCHGFX.4.24.2
2025-04-14 17:35:20,790 [WARN] PackLoader:240 - Cannot read IP mode file for portGmbH.I-Cube-SoM-uGOAL.1.1.0
2025-04-14 17:35:20,812 [WARN] PackLoader:240 - Cannot read IP mode file for STMicroelectronics.X-CUBE-AZRTOS-H7RS.1.0.0
2025-04-14 17:35:20,832 [WARN] PackLoader:240 - Cannot read IP mode file for STMicroelectronics.X-CUBE-TOF1.3.4.2
2025-04-14 17:35:20,841 [INFO] ThirdParty:978 - Integrity check success = true
2025-04-14 17:35:20,841 [INFO] IntegrityCheckThread:100 - exiting critical section [integrity check]
2025-04-14 17:35:20,841 [INFO] IntegrityCheckThread:103 - End integrity checks thread
2025-04-14 17:35:21,238 [INFO] WebApp:463 - Apply proxy settings
2025-04-14 17:35:21,239 [INFO] WebApp:548 - Chromium requires no authentication
2025-04-14 17:35:21,252 [INFO] WebApp:491 - Direct internet connection detected
2025-04-14 17:35:21,291 [INFO] WebApp:894 - Register for checkConnection events
2025-04-14 17:35:21,291 [INFO] WebApp:463 - Apply proxy settings
2025-04-14 17:35:21,291 [INFO] WebApp:548 - Chromium requires no authentication
2025-04-14 17:35:21,292 [INFO] WebApp:491 - Direct internet connection detected
2025-04-14 17:35:21,500 [INFO] WebApp:191 - Connection restablished
2025-04-14 17:35:21,603 [INFO] WebApp:225 - Starting web application
2025-04-14 17:35:21,603 [INFO] WebApp:593 - Web application path used C:\ST\STM32CubeIDE_1.18.0\STM32CubeIDE\plugins\com.st.stm32cube.common.mx_6.14.0.202502271554\db\plugins\mcufinder\reactClient1\index.html
2025-04-14 17:35:21,779 [INFO] UserAuth:486 - Internet connection configuration mode: 1
2025-04-14 23:53:01,618 [ERROR] LogOutputStream:75 - [STDERR_REDIRECT] 
