2025-04-16 00:42:28,920 [ERROR] LogOutputStream:75 - [STDERR_REDIRECT] 
2025-04-16 19:21:39,454 [INFO] Activator:176 - 


2025-04-16 19:21:39,455 [INFO] Activator:177 - !SESSION log4j initialized
2025-04-16 19:21:45,175 [INFO] LogOutputStream:77 - [STDOUT_REDIRECT] 
2025-04-16 19:21:46,934 [INFO] ApplicationProperties:184 - Using Application install path: C:\ST\STM32CubeIDE_1.18.0\STM32CubeIDE\plugins\com.st.stm32cube.common.mx_6.14.0.202502271554
2025-04-16 19:21:46,952 [INFO] DbMcusXml:78 - Set database path to: C:\ST\STM32CubeIDE_1.18.0\STM32CubeIDE\plugins\com.st.stm32cube.common.mx_6.14.0.202502271554\\db\/mcu/
2025-04-16 19:21:46,953 [INFO] ApiDb:274 - Set plugin database path to: C:\ST\STM32CubeIDE_1.18.0\STM32CubeIDE\plugins\com.st.stm32cube.common.mx_6.14.0.202502271554\\db\/plugins/boardmanager/
2025-04-16 19:21:46,953 [WARN] ApiDb:259 - Overriding images path with different value:  => C:\ST\STM32CubeIDE_1.18.0\STM32CubeIDE\plugins\com.st.stm32cube.common.mx_6.14.0.202502271554\\db\/plugins/mcufinder/images/
2025-04-16 19:21:46,961 [INFO] ApiDb:250 - Set database path to: C:\Users\phucv\.stmcufinder\plugins\mcufinder//mcu/
2025-04-16 19:21:46,962 [INFO] DbMcusAds:125 - Set database path to: C:\Users\phucv\.stmcufinder\plugins\mcufinder//mcu/
2025-04-16 19:21:47,489 [INFO] CrossReferenceDbSqlite:203 - Set database path to: C:\Users\phucv\.stmcufinder\plugins\mcufinder//mcu/cs/
2025-04-16 19:21:47,618 [INFO] RulesReader:64 - Compatibility file has been processed (301 Rules)
2025-04-16 19:21:47,693 [INFO] DbMcusXml:78 - Set database path to: C:\ST\STM32CubeIDE_1.18.0\STM32CubeIDE\plugins\com.st.stm32cube.common.mx_6.14.0.202502271554\\db\/mcu/
2025-04-16 19:21:47,693 [INFO] ApiDb:274 - Set plugin database path to: C:\ST\STM32CubeIDE_1.18.0\STM32CubeIDE\plugins\com.st.stm32cube.common.mx_6.14.0.202502271554\\db\/plugins/boardmanager/
2025-04-16 19:21:47,694 [INFO] ApiDb:261 - Set plugin images path to: C:\ST\STM32CubeIDE_1.18.0\STM32CubeIDE\plugins\com.st.stm32cube.common.mx_6.14.0.202502271554\\db\/plugins/mcufinder/images/
2025-04-16 19:21:47,694 [WARN] DbFile:41 - Overriding database path with different value: C:\Users\phucv\.stmcufinder\plugins\mcufinder/ => C:\Users\phucv\.stmcufinder\plugins\mcufinder
2025-04-16 19:21:47,695 [INFO] ApiDb:250 - Set database path to: C:\Users\phucv\.stmcufinder\plugins\mcufinder//mcu/
2025-04-16 19:21:47,695 [WARN] DbFile:41 - Overriding database path with different value: C:\Users\phucv\.stmcufinder\plugins\mcufinder/ => C:\Users\phucv\.stmcufinder\plugins\mcufinder
2025-04-16 19:21:47,695 [INFO] DbMcusAds:125 - Set database path to: C:\Users\phucv\.stmcufinder\plugins\mcufinder//mcu/
2025-04-16 19:21:47,695 [WARN] DbFile:41 - Overriding database path with different value: C:\Users\phucv\.stmcufinder\plugins\mcufinder/ => C:\Users\phucv\.stmcufinder\plugins\mcufinder
2025-04-16 19:21:47,695 [WARN] DbFile:41 - Overriding database path with different value: C:\Users\phucv\.stmcufinder\plugins\mcufinder/ => C:\Users\phucv\.stmcufinder\plugins\mcufinder
2025-04-16 19:21:48,488 [INFO] CrossReferenceDbSqlite:203 - Set database path to: C:\Users\phucv\.stmcufinder\plugins\mcufinder//mcu/cs/
2025-04-16 19:21:48,567 [INFO] MainPanel:272 - HeapMemory: 268435456
2025-04-16 19:21:48,684 [INFO] DbMcusXml:78 - Set database path to: C:\ST\STM32CubeIDE_1.18.0\STM32CubeIDE\plugins\com.st.stm32cube.common.mx_6.14.0.202502271554\\db\/mcu/
2025-04-16 19:21:48,684 [INFO] ApiDb:274 - Set plugin database path to: C:\ST\STM32CubeIDE_1.18.0\STM32CubeIDE\plugins\com.st.stm32cube.common.mx_6.14.0.202502271554\\db\/plugins/boardmanager/
2025-04-16 19:21:48,684 [INFO] ApiDb:261 - Set plugin images path to: C:\ST\STM32CubeIDE_1.18.0\STM32CubeIDE\plugins\com.st.stm32cube.common.mx_6.14.0.202502271554\\db\/plugins/mcufinder/images/
2025-04-16 19:21:48,684 [WARN] DbFile:41 - Overriding database path with different value: C:\Users\phucv\.stmcufinder\plugins\mcufinder/ => C:\Users\phucv\.stmcufinder\plugins\mcufinder
2025-04-16 19:21:48,685 [INFO] ApiDb:250 - Set database path to: C:\Users\phucv\.stmcufinder\plugins\mcufinder//mcu/
2025-04-16 19:21:48,685 [WARN] DbFile:41 - Overriding database path with different value: C:\Users\phucv\.stmcufinder\plugins\mcufinder/ => C:\Users\phucv\.stmcufinder\plugins\mcufinder
2025-04-16 19:21:48,685 [INFO] DbMcusAds:125 - Set database path to: C:\Users\phucv\.stmcufinder\plugins\mcufinder//mcu/
2025-04-16 19:21:48,685 [WARN] DbFile:41 - Overriding database path with different value: C:\Users\phucv\.stmcufinder\plugins\mcufinder/ => C:\Users\phucv\.stmcufinder\plugins\mcufinder
2025-04-16 19:21:48,685 [WARN] DbFile:41 - Overriding database path with different value: C:\Users\phucv\.stmcufinder\plugins\mcufinder/ => C:\Users\phucv\.stmcufinder\plugins\mcufinder
2025-04-16 19:21:49,488 [INFO] CrossReferenceDbSqlite:203 - Set database path to: C:\Users\phucv\.stmcufinder\plugins\mcufinder//mcu/cs/
2025-04-16 19:21:49,509 [INFO] ApplicationProperties:184 - Using Application install path: C:\ST\STM32CubeIDE_1.18.0\STM32CubeIDE\plugins\com.st.stm32cube.common.mx_6.14.0.202502271554
2025-04-16 19:21:49,510 [INFO] PluginManage:196 - Search for loadable plugins [exclusion list=, ]
2025-04-16 19:21:49,511 [INFO] PluginManage:310 - Check plugin analytics
2025-04-16 19:21:50,553 [INFO] AnalyticsPlugin:253 - Accepted Software Licenses: STM32CubeMX.6.14.0
2025-04-16 19:21:50,554 [INFO] AnalyticsPlugin:255 - Accepted CMSIS Pack Licenses: 
2025-04-16 19:21:50,554 [INFO] AnalyticsPlugin:257 - Accepted Firmware Licenses: FW.F4.1.28.0
2025-04-16 19:21:50,557 [INFO] PluginManage:359 - Loaded plugin analytics (category:tool,tabindex:-1)
2025-04-16 19:21:50,557 [INFO] PluginManage:310 - Check plugin cadmodel
2025-04-16 19:21:50,565 [INFO] CADModel:105 - Init CAD model plugin
2025-04-16 19:21:50,565 [INFO] PluginManage:359 - Loaded plugin cadmodel (category:power,tabindex:5)
2025-04-16 19:21:50,565 [INFO] PluginManage:310 - Check plugin clock
2025-04-16 19:21:50,574 [INFO] PluginManage:359 - Loaded plugin clock (category:base,tabindex:2)
2025-04-16 19:21:50,574 [INFO] PluginManage:310 - Check plugin ddr
2025-04-16 19:21:50,578 [INFO] PluginManage:359 - Loaded plugin ddr (category:tool,tabindex:6)
2025-04-16 19:21:50,578 [INFO] PluginManage:310 - Check plugin filemanager
2025-04-16 19:21:50,754 [INFO] PluginManage:359 - Loaded plugin filemanager (category:base,tabindex:10)
2025-04-16 19:21:50,754 [INFO] PluginManage:310 - Check plugin ipmanager
2025-04-16 19:21:50,764 [INFO] PluginManage:359 - Loaded plugin ipmanager (category:base,tabindex:5)
2025-04-16 19:21:50,764 [INFO] PluginManage:310 - Check plugin lpbam
2025-04-16 19:21:50,778 [INFO] PluginManage:359 - Loaded plugin lpbam (category:base,tabindex:0)
2025-04-16 19:21:50,778 [INFO] PluginManage:310 - Check plugin memorymap
2025-04-16 19:21:50,796 [INFO] PluginManage:359 - Loaded plugin memorymap (category:base,tabindex:4)
2025-04-16 19:21:50,796 [INFO] PluginManage:310 - Check plugin pinoutandconfiguration
2025-04-16 19:21:50,806 [INFO] PluginManage:359 - Loaded plugin pinoutandconfiguration (category:base,tabindex:1)
2025-04-16 19:21:50,807 [INFO] PluginManage:310 - Check plugin pinoutconfig
2025-04-16 19:21:50,918 [WARN] SupportedApi:132 - Cannot load RTOS API schema: s4s-elt-must-match.1: The content of 'definitions' must match (annotation?, (simpleType | complexType)?, (unique | key | keyref)*)). A problem was found starting at: attribute.
2025-04-16 19:21:51,079 [INFO] PluginManage:359 - Loaded plugin pinoutconfig (category:base,tabindex:0)
2025-04-16 19:21:51,079 [INFO] PluginManage:310 - Check plugin power
2025-04-16 19:21:51,092 [INFO] PluginManage:359 - Loaded plugin power (category:power,tabindex:4)
2025-04-16 19:21:51,092 [INFO] PluginManage:310 - Check plugin projectmanager
2025-04-16 19:21:51,110 [INFO] PluginManage:359 - Loaded plugin projectmanager (category:projectmanager,tabindex:4)
2025-04-16 19:21:51,110 [INFO] PluginManage:310 - Check plugin rif
2025-04-16 19:21:51,120 [INFO] PluginManage:359 - Loaded plugin rif (category:base,tabindex:3)
2025-04-16 19:21:51,121 [INFO] PluginManage:310 - Check plugin thirdparty
2025-04-16 19:21:51,278 [INFO] PluginManage:359 - Loaded plugin thirdparty (category:base,tabindex:-1)
2025-04-16 19:21:51,278 [WARN] IntegrityCheckThread:84 - waiting for thirdparty lock release [integrity check]
2025-04-16 19:21:51,278 [INFO] PluginManage:310 - Check plugin tools
2025-04-16 19:21:51,278 [INFO] IntegrityCheckThread:86 - entering critical section [integrity check]
2025-04-16 19:21:51,278 [INFO] ThirdPartyUpdaterWithRetryManager:70 - Updater plugin not ready yet. [1/15]
2025-04-16 19:21:51,281 [INFO] PluginManage:359 - Loaded plugin tools (category:base,tabindex:7)
2025-04-16 19:21:51,281 [INFO] PluginManage:310 - Check plugin tutovideos
2025-04-16 19:21:51,452 [INFO] PluginManage:359 - Loaded plugin tutovideos (category:base,tabindex:-1)
2025-04-16 19:21:51,453 [INFO] PluginManage:310 - Check plugin updater
2025-04-16 19:21:51,477 [INFO] PluginManage:359 - Loaded plugin updater (category:base,tabindex:12)
2025-04-16 19:21:51,477 [INFO] PluginManage:310 - Check plugin userauth
2025-04-16 19:21:51,489 [INFO] UserAuth:118 - Init User Auth plugin
2025-04-16 19:21:51,490 [INFO] PluginManage:359 - Loaded plugin userauth (category:base,tabindex:14)
2025-04-16 19:21:51,490 [INFO] PluginManage:283 - PluginManage : Loaded plugins [18]
2025-04-16 19:21:51,691 [INFO] PinOutPanel:1589 - setPackage(No Configuration,No Configuration)
2025-04-16 19:21:51,771 [INFO] CADModel:165 - CPN selected for project level
2025-04-16 19:21:51,771 [INFO] CADModel:114 - Register for checkConnection events
2025-04-16 19:21:51,795 [INFO] IPUIPlugin:80 - create IPUIPlugin
2025-04-16 19:21:51,795 [INFO] PluginManager:220 - loadIPPluginJar : add adc
2025-04-16 19:21:51,800 [INFO] IPUIPlugin:80 - create IPUIPlugin
2025-04-16 19:21:51,800 [INFO] PluginManager:220 - loadIPPluginJar : add aes
2025-04-16 19:21:51,802 [INFO] IPUIPlugin:80 - create IPUIPlugin
2025-04-16 19:21:51,803 [INFO] PluginManager:220 - loadIPPluginJar : add can
2025-04-16 19:21:51,805 [INFO] IPUIPlugin:80 - create IPUIPlugin
2025-04-16 19:21:51,805 [INFO] PluginManager:220 - loadIPPluginJar : add comp
2025-04-16 19:21:51,808 [INFO] IPUIPlugin:80 - create IPUIPlugin
2025-04-16 19:21:51,808 [INFO] PluginManager:220 - loadIPPluginJar : add cryp
2025-04-16 19:21:51,812 [INFO] IPUIPlugin:80 - create IPUIPlugin
2025-04-16 19:21:51,813 [INFO] PluginManager:220 - loadIPPluginJar : add ddr_ctrl_phy
2025-04-16 19:21:51,815 [INFO] IPUIPlugin:80 - create IPUIPlugin
2025-04-16 19:21:51,815 [INFO] PluginManager:220 - loadIPPluginJar : add dfsdm
2025-04-16 19:21:51,821 [INFO] IPUIPlugin:80 - create IPUIPlugin
2025-04-16 19:21:51,821 [INFO] PluginManager:220 - loadIPPluginJar : add dma
2025-04-16 19:21:51,824 [INFO] IPUIPlugin:80 - create IPUIPlugin
2025-04-16 19:21:51,824 [INFO] PluginManager:220 - loadIPPluginJar : add dma3
2025-04-16 19:21:51,828 [INFO] IPUIPlugin:80 - create IPUIPlugin
2025-04-16 19:21:51,828 [INFO] PluginManager:220 - loadIPPluginJar : add extmemmanager
2025-04-16 19:21:51,830 [INFO] IPUIPlugin:80 - create IPUIPlugin
2025-04-16 19:21:51,831 [INFO] PluginManager:220 - loadIPPluginJar : add fatfs
2025-04-16 19:21:51,835 [INFO] IPUIPlugin:80 - create IPUIPlugin
2025-04-16 19:21:51,835 [INFO] PluginManager:220 - loadIPPluginJar : add fmc
2025-04-16 19:21:51,841 [INFO] IPUIPlugin:80 - create IPUIPlugin
2025-04-16 19:21:51,841 [INFO] PluginManager:220 - loadIPPluginJar : add freertos
2025-04-16 19:21:51,843 [INFO] IPUIPlugin:80 - create IPUIPlugin
2025-04-16 19:21:51,843 [INFO] PluginManager:220 - loadIPPluginJar : add genericplugin
2025-04-16 19:21:51,845 [INFO] IPUIPlugin:80 - create IPUIPlugin
2025-04-16 19:21:51,845 [INFO] PluginManager:220 - loadIPPluginJar : add gfxmmu
2025-04-16 19:21:51,847 [INFO] IPUIPlugin:80 - create IPUIPlugin
2025-04-16 19:21:51,847 [INFO] PluginManager:220 - loadIPPluginJar : add gic
2025-04-16 19:21:51,854 [INFO] IPUIPlugin:80 - create IPUIPlugin
2025-04-16 19:21:51,854 [INFO] PluginManager:220 - loadIPPluginJar : add gpio
2025-04-16 19:21:51,854 [INFO] IPUIPlugin:80 - create IPUIPlugin
2025-04-16 19:21:51,854 [INFO] PluginManager:220 - loadIPPluginJar : add gtzc
2025-04-16 19:21:51,863 [INFO] IPUIPlugin:80 - create IPUIPlugin
2025-04-16 19:21:51,863 [INFO] PluginManager:220 - loadIPPluginJar : add hash
2025-04-16 19:21:51,865 [INFO] IPUIPlugin:80 - create IPUIPlugin
2025-04-16 19:21:51,865 [INFO] PluginManager:220 - loadIPPluginJar : add i2c
2025-04-16 19:21:51,869 [INFO] IPUIPlugin:80 - create IPUIPlugin
2025-04-16 19:21:51,869 [INFO] PluginManager:220 - loadIPPluginJar : add i2s
2025-04-16 19:21:51,871 [INFO] IPUIPlugin:80 - create IPUIPlugin
2025-04-16 19:21:51,871 [INFO] PluginManager:220 - loadIPPluginJar : add i3c
2025-04-16 19:21:51,877 [INFO] IPUIPlugin:80 - create IPUIPlugin
2025-04-16 19:21:51,877 [INFO] PluginManager:220 - loadIPPluginJar : add ipddr
2025-04-16 19:21:51,885 [INFO] IPUIPlugin:80 - create IPUIPlugin
2025-04-16 19:21:51,886 [INFO] PluginManager:220 - loadIPPluginJar : add linkedlist
2025-04-16 19:21:51,890 [INFO] IPUIPlugin:80 - create IPUIPlugin
2025-04-16 19:21:51,890 [INFO] PluginManager:220 - loadIPPluginJar : add lorawan
2025-04-16 19:21:51,894 [INFO] IPUIPlugin:80 - create IPUIPlugin
2025-04-16 19:21:51,894 [INFO] PluginManager:220 - loadIPPluginJar : add ltdc
2025-04-16 19:21:51,900 [INFO] IPUIPlugin:80 - create IPUIPlugin
2025-04-16 19:21:51,900 [INFO] PluginManager:220 - loadIPPluginJar : add mdma
2025-04-16 19:21:51,904 [INFO] IPUIPlugin:80 - create IPUIPlugin
2025-04-16 19:21:51,905 [INFO] PluginManager:220 - loadIPPluginJar : add nvic
2025-04-16 19:21:51,908 [INFO] IPUIPlugin:80 - create IPUIPlugin
2025-04-16 19:21:51,908 [INFO] PluginManager:220 - loadIPPluginJar : add opamp
2025-04-16 19:21:51,911 [INFO] IPUIPlugin:80 - create IPUIPlugin
2025-04-16 19:21:51,912 [INFO] PluginManager:220 - loadIPPluginJar : add openamp
2025-04-16 19:21:51,915 [INFO] IPUIPlugin:80 - create IPUIPlugin
2025-04-16 19:21:51,915 [INFO] PluginManager:220 - loadIPPluginJar : add pdm2pcm
2025-04-16 19:21:51,922 [INFO] IPUIPlugin:80 - create IPUIPlugin
2025-04-16 19:21:51,925 [INFO] PluginManager:220 - loadIPPluginJar : add plateformsettings
2025-04-16 19:21:51,927 [INFO] IPUIPlugin:80 - create IPUIPlugin
2025-04-16 19:21:51,927 [INFO] PluginManager:220 - loadIPPluginJar : add quadspi
2025-04-16 19:21:51,929 [INFO] IPUIPlugin:80 - create IPUIPlugin
2025-04-16 19:21:51,929 [INFO] PluginManager:220 - loadIPPluginJar : add radio
2025-04-16 19:21:51,934 [INFO] IPUIPlugin:80 - create IPUIPlugin
2025-04-16 19:21:51,934 [INFO] PluginManager:220 - loadIPPluginJar : add resmgrutility
2025-04-16 19:21:51,937 [INFO] IPUIPlugin:80 - create IPUIPlugin
2025-04-16 19:21:51,938 [INFO] PluginManager:220 - loadIPPluginJar : add sai
2025-04-16 19:21:51,941 [INFO] IPUIPlugin:80 - create IPUIPlugin
2025-04-16 19:21:51,941 [INFO] PluginManager:220 - loadIPPluginJar : add spi
2025-04-16 19:21:51,947 [INFO] IPUIPlugin:80 - create IPUIPlugin
2025-04-16 19:21:51,947 [INFO] PluginManager:220 - loadIPPluginJar : add stm32_wpan
2025-04-16 19:21:51,949 [INFO] IPUIPlugin:80 - create IPUIPlugin
2025-04-16 19:21:51,950 [INFO] PluginManager:220 - loadIPPluginJar : add tim
2025-04-16 19:21:51,953 [INFO] IPUIPlugin:80 - create IPUIPlugin
2025-04-16 19:21:51,954 [INFO] PluginManager:220 - loadIPPluginJar : add touchsensing
2025-04-16 19:21:51,956 [INFO] IPUIPlugin:80 - create IPUIPlugin
2025-04-16 19:21:51,956 [INFO] PluginManager:220 - loadIPPluginJar : add tracer_emb
2025-04-16 19:21:51,959 [INFO] IPUIPlugin:80 - create IPUIPlugin
2025-04-16 19:21:51,959 [INFO] PluginManager:220 - loadIPPluginJar : add ts
2025-04-16 19:21:51,961 [INFO] IPUIPlugin:80 - create IPUIPlugin
2025-04-16 19:21:51,961 [INFO] PluginManager:220 - loadIPPluginJar : add tsc
2025-04-16 19:21:51,963 [INFO] IPUIPlugin:80 - create IPUIPlugin
2025-04-16 19:21:51,963 [INFO] PluginManager:220 - loadIPPluginJar : add ucpd
2025-04-16 19:21:51,967 [INFO] IPUIPlugin:80 - create IPUIPlugin
2025-04-16 19:21:51,967 [INFO] PluginManager:220 - loadIPPluginJar : add usart
2025-04-16 19:21:51,971 [INFO] IPUIPlugin:80 - create IPUIPlugin
2025-04-16 19:21:51,971 [INFO] PluginManager:220 - loadIPPluginJar : add usbx
2025-04-16 19:21:52,099 [FATAL] Updater:351 - Updater called before beeing initialized
2025-04-16 19:21:52,122 [INFO] RulesReader:64 - Compatibility file has been processed (301 Rules)
2025-04-16 19:21:52,132 [INFO] RulesReader:64 - Compatibility file has been processed (301 Rules)
2025-04-16 19:21:52,142 [INFO] CADModel:165 - CPN selected for project level
2025-04-16 19:21:52,142 [INFO] CADModel:114 - Register for checkConnection events
2025-04-16 19:21:52,142 [FATAL] Updater:351 - Updater called before beeing initialized
2025-04-16 19:21:52,142 [ERROR] CADModel:125 - Updater not yet initialized, retry later 
2025-04-16 19:21:52,314 [FATAL] Updater:351 - Updater called before beeing initialized
2025-04-16 19:21:52,316 [INFO] CADModel:165 - CPN selected for project level
2025-04-16 19:21:52,316 [INFO] CADModel:114 - Register for checkConnection events
2025-04-16 19:21:52,316 [FATAL] Updater:351 - Updater called before beeing initialized
2025-04-16 19:21:52,317 [ERROR] CADModel:125 - Updater not yet initialized, retry later 
2025-04-16 19:21:52,319 [FATAL] Updater:351 - Updater called before beeing initialized
2025-04-16 19:21:52,418 [FATAL] Updater:351 - Updater called before beeing initialized
2025-04-16 19:21:52,423 [INFO] DbMcusAds:53 - JSON generation date=Thu Mar 06 21:54:22 ICT 2025 (1741272862078)
2025-04-16 19:21:52,424 [FATAL] Updater:351 - Updater called before beeing initialized
2025-04-16 19:21:52,465 [WARN] DetailPanel:346 - Failed to get advertising image, set to default
2025-04-16 19:21:52,685 [FATAL] Updater:351 - Updater called before beeing initialized
2025-04-16 19:21:52,687 [FATAL] Updater:351 - Updater called before beeing initialized
2025-04-16 19:21:52,687 [FATAL] Updater:351 - Updater called before beeing initialized
2025-04-16 19:21:52,687 [WARN] DetailPanel:346 - Failed to get advertising image, set to default
2025-04-16 19:21:52,688 [FATAL] Updater:351 - Updater called before beeing initialized
2025-04-16 19:21:52,741 [ERROR] Updater:1198 - MainUpdater not yet initialized. External WinMGr cannot be set.
2025-04-16 19:21:52,742 [INFO] Updater:1134 - Updater Version found : 6.14.0
2025-04-16 19:21:52,763 [INFO] ApplicationProperties:184 - Using Application install path: C:\ST\STM32CubeIDE_1.18.0\STM32CubeIDE\plugins\com.st.stm32cube.common.mx_6.14.0.202502271554
2025-04-16 19:21:54,291 [INFO] ThirdPartyUpdaterWithRetryManager:70 - Updater plugin not ready yet. [2/15]
2025-04-16 19:21:54,346 [ERROR] LogOutputStream:75 - [STDERR_REDIRECT] Apr 16, 2025 7:21:54 PM java.util.prefs.WindowsPreferences <init>
2025-04-16 19:21:54,347 [ERROR] LogOutputStream:75 - [STDERR_REDIRECT] WARNING: Could not open/create prefs root node Software\JavaSoft\Prefs at root 0xffffffff80000002. Windows RegCreateKeyEx(...) returned error code 5.
2025-04-16 19:21:54,347 [ERROR] LogOutputStream:75 - [STDERR_REDIRECT] 
2025-04-16 19:21:54,715 [INFO] MainUpdater:2872 - connection check result : 10
2025-04-16 19:21:54,716 [INFO] MainUpdater:289 - Updater Check For Update Now.
2025-04-16 19:21:54,716 [INFO] MicroXplorer:498 - Change Database Version : DB.6.0.140
2025-04-16 19:21:54,722 [INFO] McuFinderGlobals:63 - Set McuFinder mode to 2 (CubeIDE integrated)
2025-04-16 19:21:54,724 [INFO] UserAuth:486 - Internet connection configuration mode: 1
2025-04-16 19:21:54,758 [INFO] JxBrowserEngine:152 - Initiate JxBrowser Engine with user profile folder
2025-04-16 19:21:54,907 [INFO] CheckServerUpdateThread:120 - End of CheckServer Thread
2025-04-16 19:21:56,144 [INFO] WebApp:169 - Instantiating new browser for Auth
2025-04-16 19:21:56,855 [INFO] WebApp:463 - Apply proxy settings
2025-04-16 19:21:56,855 [INFO] WebApp:548 - Chromium requires no authentication
2025-04-16 19:21:56,865 [INFO] WebApp:491 - Direct internet connection detected
2025-04-16 19:21:56,893 [INFO] WebApp:894 - Register for checkConnection events
2025-04-16 19:21:56,893 [INFO] WebApp:463 - Apply proxy settings
2025-04-16 19:21:56,893 [INFO] WebApp:548 - Chromium requires no authentication
2025-04-16 19:21:56,894 [INFO] WebApp:491 - Direct internet connection detected
2025-04-16 19:21:57,086 [INFO] WebApp:225 - Starting web application
2025-04-16 19:21:57,086 [INFO] WebApp:593 - Web application path used C:\ST\STM32CubeIDE_1.18.0\STM32CubeIDE\plugins\com.st.stm32cube.common.mx_6.14.0.202502271554\db\plugins\mcufinder\reactClient1\index.html
2025-04-16 19:21:57,242 [INFO] UserAuth:486 - Internet connection configuration mode: 1
2025-04-16 19:21:57,244 [INFO] WebApp:191 - Connection restablished
2025-04-16 19:21:57,600 [WARN] PackLoader:240 - Cannot read IP mode file for STMicroelectronics.FP-SNS-MOTENVWB1.1.4.0
2025-04-16 19:21:57,609 [WARN] PackLoader:240 - Cannot read IP mode file for STMicroelectronics.FP-ATR-ASTRA1.2.0.2
2025-04-16 19:21:57,619 [WARN] PackLoader:240 - Cannot read IP mode file for STMicroelectronics.X-CUBE-SMBUS.2.1.0
2025-04-16 19:21:57,626 [WARN] PackLoader:240 - Cannot read IP mode file for STMicroelectronics.X-CUBE-WB05N.1.1.0
2025-04-16 19:21:57,665 [WARN] PackLoader:240 - Cannot read IP mode file for STMicroelectronics.X-CUBE-AZRTOS-F7.1.1.0
2025-04-16 19:21:57,678 [WARN] PackLoader:240 - Cannot read IP mode file for STMicroelectronics.FP-SNS-FLIGHT1.5.0.2
2025-04-16 19:21:57,713 [WARN] PackLoader:240 - Cannot read IP mode file for Infineon.AIROC-Wi-Fi-Bluetooth-STM32.1.7.0
2025-04-16 19:21:57,746 [WARN] PackLoader:240 - Cannot read IP mode file for STMicroelectronics.X-CUBE-DISPLAY.3.0.0
2025-04-16 19:21:57,770 [WARN] PackLoader:240 - Cannot read IP mode file for STMicroelectronics.X-CUBE-NFC10.1.0.0
2025-04-16 19:21:57,788 [WARN] PackLoader:240 - Cannot read IP mode file for STMicroelectronics.X-CUBE-BLEMGR.4.0.0
2025-04-16 19:21:57,805 [WARN] PackLoader:240 - Cannot read IP mode file for emotas.I-CUBE-CANOPEN.1.3.0
2025-04-16 19:21:57,835 [WARN] PackLoader:240 - Cannot read IP mode file for STMicroelectronics.X-CUBE-AI.10.0.0
2025-04-16 19:21:57,842 [WARN] PackLoader:240 - Cannot read IP mode file for STMicroelectronics.FP-SNS-SMARTAG2.1.2.0
2025-04-16 19:21:57,849 [WARN] PackLoader:240 - Cannot read IP mode file for STMicroelectronics.FP-SNS-FLIGHT1.5.1.0
2025-04-16 19:21:57,901 [WARN] PackLoader:240 - Cannot read IP mode file for STMicroelectronics.X-CUBE-MEMS1.11.1.0
2025-04-16 19:21:58,083 [INFO] LogOutputStream:77 - [STDOUT_REDIRECT] 1 : Invalid condition id : UX_CORESTACK_Condition cause : null
2025-04-16 19:21:58,084 [INFO] LogOutputStream:77 - [STDOUT_REDIRECT] 1 : Invalid condition id : UX_CORESTACK_Condition cause : null
2025-04-16 19:21:58,086 [INFO] LogOutputStream:77 - [STDOUT_REDIRECT] 1 : Invalid condition id : UX_CORESTACK_Condition cause : null
2025-04-16 19:21:58,087 [INFO] LogOutputStream:77 - [STDOUT_REDIRECT] 1 : Invalid condition id : UX_CORESTACK_Condition cause : null
2025-04-16 19:21:58,088 [INFO] LogOutputStream:77 - [STDOUT_REDIRECT] 1 : Invalid condition id : UX_CORESTACK_Condition cause : null
2025-04-16 19:21:58,090 [WARN] PackLoader:240 - Cannot read IP mode file for STMicroelectronics.X-CUBE-AZRTOS-WL.2.0.0
2025-04-16 19:21:58,098 [WARN] PackLoader:240 - Cannot read IP mode file for STMicroelectronics.FP-SNS-MOTENV1.5.0.0
2025-04-16 19:21:58,109 [WARN] PackLoader:240 - Cannot read IP mode file for WES.I-CUBE-Cesium.1.3.0
2025-04-16 19:21:58,117 [WARN] PackLoader:240 - Cannot read IP mode file for STMicroelectronics.X-CUBE-BLE2.3.3.0
2025-04-16 19:21:58,126 [WARN] PackLoader:240 - Cannot read IP mode file for STMicroelectronics.X-CUBE-NFC9.1.0.0
2025-04-16 19:21:58,132 [WARN] PackLoader:240 - Cannot read IP mode file for STMicroelectronics.X-CUBE-BLE1.7.1.0
2025-04-16 19:21:58,139 [WARN] PackLoader:240 - Cannot read IP mode file for wolfSSL.I-CUBE-wolfMQTT.1.19.2
2025-04-16 19:21:58,156 [WARN] PackLoader:240 - Cannot read IP mode file for STMicroelectronics.X-CUBE-AZRTOS-G0.1.1.0
2025-04-16 19:21:58,165 [WARN] PackLoader:240 - Cannot read IP mode file for STMicroelectronics.X-CUBE-SAFEA1.1.2.2
2025-04-16 19:21:58,174 [WARN] PackLoader:240 - Cannot read IP mode file for STMicroelectronics.X-CUBE-NFC4.3.0.0
2025-04-16 19:21:58,214 [WARN] PackLoader:240 - Cannot read IP mode file for EmbeddedOffice.I-CUBE-FS-RTOS.1.0.1
2025-04-16 19:21:58,223 [WARN] PackLoader:240 - Cannot read IP mode file for wolfSSL.I-CUBE-wolfTPM.3.8.0
2025-04-16 19:21:58,231 [WARN] PackLoader:240 - Cannot read IP mode file for STMicroelectronics.X-CUBE-TCPP.4.2.0
2025-04-16 19:21:58,239 [WARN] PackLoader:240 - Cannot read IP mode file for RealThread.X-CUBE-RT-Thread_Nano.4.1.1
2025-04-16 19:21:58,247 [WARN] PackLoader:240 - Cannot read IP mode file for STMicroelectronics.FP-ATR-SIGFOX1.3.2.0
2025-04-16 19:21:58,255 [WARN] ConditionMgr:438 - getConditionDescription Invalid condition id : Cortex-A Device cause : null
2025-04-16 19:21:58,271 [WARN] ConditionMgr:1044 - genDependencies : Invalid condition id : Cortex-A Device cause : null
2025-04-16 19:21:58,271 [WARN] ConditionMgr:1044 - genDependencies : Invalid condition id : Cortex-A Device cause : null
2025-04-16 19:21:58,271 [WARN] ConditionMgr:1044 - genDependencies : Invalid condition id : Cortex-A Device cause : null
2025-04-16 19:21:58,279 [WARN] PackLoader:240 - Cannot read IP mode file for STMicroelectronics.X-CUBE-EEPRMA1.5.1.0
2025-04-16 19:21:58,286 [WARN] PackLoader:240 - Cannot read IP mode file for wolfSSL.I-CUBE-wolfSSL.5.7.6
2025-04-16 19:21:58,294 [WARN] PackLoader:240 - Cannot read IP mode file for ITTIA_DB.I-CUBE-ITTIADB.8.9.0
2025-04-16 19:21:58,316 [WARN] PackLoader:240 - Cannot read IP mode file for SEGGER.I-CUBE-embOS.1.3.1
2025-04-16 19:21:58,359 [WARN] PackLoader:240 - Cannot read IP mode file for STMicroelectronics.X-CUBE-ALGOBUILD.1.4.0
2025-04-16 19:21:58,376 [WARN] PackLoader:240 - Cannot read IP mode file for STMicroelectronics.X-CUBE-AZRTOS-F4.1.1.0
2025-04-16 19:21:58,382 [WARN] PackLoader:240 - Cannot read IP mode file for STMicroelectronics.X-CUBE-ISPU.2.1.0
2025-04-16 19:21:58,396 [WARN] PackLoader:240 - Cannot read IP mode file for STMicroelectronics.X-CUBE-AZRTOS-L5.2.0.0
2025-04-16 19:21:58,405 [WARN] PackLoader:240 - Cannot read IP mode file for STMicroelectronics.X-CUBE-NFC6.3.1.0
2025-04-16 19:21:58,412 [WARN] PackLoader:240 - Cannot read IP mode file for STMicroelectronics.X-CUBE-DPower.1.2.0
2025-04-16 19:21:58,418 [WARN] PackLoader:240 - Cannot read IP mode file for STMicroelectronics.X-CUBE-FREERTOS.1.3.0
2025-04-16 19:21:58,423 [WARN] PackLoader:240 - Cannot read IP mode file for STMicroelectronics.X-CUBE-NFC7.1.0.1
2025-04-16 19:21:58,440 [WARN] ConditionMgr:438 - getConditionDescription Invalid condition id : LAN8742 Phy interface Condition cause : null
2025-04-16 19:21:58,441 [WARN] PackLoader:240 - Cannot read IP mode file for STMicroelectronics.X-CUBE-AZRTOS-L4.2.0.0
2025-04-16 19:21:58,441 [WARN] ConditionMgr:1044 - genDependencies : Invalid condition id : LAN8742 Phy interface Condition cause : null
2025-04-16 19:21:58,442 [WARN] ConditionMgr:1044 - genDependencies : Invalid condition id : LAN8742 Phy interface Condition cause : null
2025-04-16 19:21:58,442 [WARN] ConditionMgr:1044 - genDependencies : Invalid condition id : LAN8742 Phy interface Condition cause : null
2025-04-16 19:21:58,449 [WARN] PackLoader:240 - Cannot read IP mode file for STMicroelectronics.X-CUBE-SFXS2LP1.4.0.0
2025-04-16 19:21:58,466 [WARN] PackLoader:240 - Cannot read IP mode file for STMicroelectronics.X-CUBE-AZRTOS-H7.3.3.0
2025-04-16 19:21:58,478 [WARN] ConditionMgr:438 - getConditionDescription Invalid condition id : UX DEVICE CLASS RTOS Condition cause : null
2025-04-16 19:21:58,478 [WARN] ConditionMgr:438 - getConditionDescription Invalid condition id : UX DEVICE CLASS RTOS Condition cause : null
2025-04-16 19:21:58,481 [WARN] PackLoader:240 - Cannot read IP mode file for STMicroelectronics.X-CUBE-AZRTOS-WB.2.0.0
2025-04-16 19:21:58,482 [WARN] ConditionMgr:1044 - genDependencies : Invalid condition id : UX DEVICE CLASS RTOS Condition cause : null
2025-04-16 19:21:58,482 [WARN] ConditionMgr:1044 - genDependencies : Invalid condition id : UX DEVICE CLASS RTOS Condition cause : null
2025-04-16 19:21:58,482 [WARN] ConditionMgr:1044 - genDependencies : Invalid condition id : UX DEVICE CLASS RTOS Condition cause : null
2025-04-16 19:21:58,483 [WARN] ConditionMgr:1044 - genDependencies : Invalid condition id : UX DEVICE CLASS RTOS Condition cause : null
2025-04-16 19:21:58,483 [WARN] ConditionMgr:1044 - genDependencies : Invalid condition id : UX DEVICE CLASS RTOS Condition cause : null
2025-04-16 19:21:58,490 [WARN] PackLoader:240 - Cannot read IP mode file for STMicroelectronics.X-CUBE-GNSS1.7.0.1
2025-04-16 19:21:58,497 [WARN] PackLoader:240 - Cannot read IP mode file for STMicroelectronics.X-CUBE-TOUCHGFX.4.25.0
2025-04-16 19:21:58,504 [WARN] PackLoader:240 - Cannot read IP mode file for STMicroelectronics.FP-SNS-STBOX1.2.0.0
2025-04-16 19:21:58,516 [WARN] PackLoader:240 - Cannot read IP mode file for STMicroelectronics.X-CUBE-SUBG2.5.0.0
2025-04-16 19:21:58,534 [WARN] PackLoader:240 - Cannot read IP mode file for STMicroelectronics.X-CUBE-AZRTOS-H7RS.1.1.0
2025-04-16 19:21:58,542 [WARN] PackLoader:240 - Cannot read IP mode file for Cesanta.I-CUBE-Mongoose.7.13.0
2025-04-16 19:21:58,554 [WARN] PackLoader:240 - Cannot read IP mode file for STMicroelectronics.X-CUBE-AZRTOS-G4.2.0.0
2025-04-16 19:21:58,560 [WARN] PackLoader:240 - Cannot read IP mode file for wolfSSL.I-CUBE-wolfSSH.1.4.20
2025-04-16 19:21:58,577 [WARN] PackLoader:240 - Cannot read IP mode file for STMicroelectronics.X-CUBE-IPS.3.1.0
2025-04-16 19:21:58,601 [WARN] PackLoader:240 - Cannot read IP mode file for STMicroelectronics.X-CUBE-ALS.1.0.2
2025-04-16 19:21:58,607 [WARN] PackLoader:240 - Cannot read IP mode file for STMicroelectronics.X-CUBE-TOUCHGFX.4.24.2
2025-04-16 19:21:58,617 [WARN] PackLoader:240 - Cannot read IP mode file for portGmbH.I-Cube-SoM-uGOAL.1.1.0
2025-04-16 19:21:58,645 [WARN] PackLoader:240 - Cannot read IP mode file for STMicroelectronics.X-CUBE-AZRTOS-H7RS.1.0.0
2025-04-16 19:21:58,723 [WARN] PackLoader:240 - Cannot read IP mode file for STMicroelectronics.X-CUBE-TOF1.3.4.2
2025-04-16 19:21:58,736 [INFO] ThirdParty:978 - Integrity check success = true
2025-04-16 19:21:58,736 [INFO] IntegrityCheckThread:100 - exiting critical section [integrity check]
2025-04-16 19:21:58,736 [INFO] IntegrityCheckThread:103 - End integrity checks thread
2025-04-16 19:59:28,540 [INFO] WebApp:194 - Connection lost
2025-04-16 19:59:28,703 [INFO] WebApp:191 - Connection restablished
