2025-04-13 19:35:21,073 [INFO] Activator:176 - 


2025-04-13 19:35:21,079 [INFO] Activator:177 - !SESSION log4j initialized
2025-04-13 19:35:27,576 [INFO] LogOutputStream:77 - [STDOUT_REDIRECT] 
2025-04-13 19:35:29,712 [INFO] ApplicationProperties:184 - Using Application install path: C:\ST\STM32CubeIDE_1.18.0\STM32CubeIDE\plugins\com.st.stm32cube.common.mx_6.14.0.202502271554
2025-04-13 19:35:29,742 [INFO] DbMcusXml:78 - Set database path to: C:\ST\STM32CubeIDE_1.18.0\STM32CubeIDE\plugins\com.st.stm32cube.common.mx_6.14.0.202502271554\\db\/mcu/
2025-04-13 19:35:29,742 [INFO] ApiDb:274 - Set plugin database path to: C:\ST\STM32CubeIDE_1.18.0\STM32CubeIDE\plugins\com.st.stm32cube.common.mx_6.14.0.202502271554\\db\/plugins/boardmanager/
2025-04-13 19:35:29,743 [WARN] ApiDb:259 - Overriding images path with different value:  => C:\ST\STM32CubeIDE_1.18.0\STM32CubeIDE\plugins\com.st.stm32cube.common.mx_6.14.0.202502271554\\db\/plugins/mcufinder/images/
2025-04-13 19:35:29,756 [INFO] ApiDb:250 - Set database path to: C:\Users\phucv\.stmcufinder\plugins\mcufinder//mcu/
2025-04-13 19:35:29,758 [INFO] DbMcusAds:125 - Set database path to: C:\Users\phucv\.stmcufinder\plugins\mcufinder//mcu/
2025-04-13 19:35:30,445 [INFO] CrossReferenceDbSqlite:203 - Set database path to: C:\Users\phucv\.stmcufinder\plugins\mcufinder//mcu/cs/
2025-04-13 19:35:30,661 [INFO] RulesReader:64 - Compatibility file has been processed (301 Rules)
2025-04-13 19:35:30,842 [INFO] DbMcusXml:78 - Set database path to: C:\ST\STM32CubeIDE_1.18.0\STM32CubeIDE\plugins\com.st.stm32cube.common.mx_6.14.0.202502271554\\db\/mcu/
2025-04-13 19:35:30,843 [INFO] ApiDb:274 - Set plugin database path to: C:\ST\STM32CubeIDE_1.18.0\STM32CubeIDE\plugins\com.st.stm32cube.common.mx_6.14.0.202502271554\\db\/plugins/boardmanager/
2025-04-13 19:35:30,843 [INFO] ApiDb:261 - Set plugin images path to: C:\ST\STM32CubeIDE_1.18.0\STM32CubeIDE\plugins\com.st.stm32cube.common.mx_6.14.0.202502271554\\db\/plugins/mcufinder/images/
2025-04-13 19:35:30,843 [WARN] DbFile:41 - Overriding database path with different value: C:\Users\phucv\.stmcufinder\plugins\mcufinder/ => C:\Users\phucv\.stmcufinder\plugins\mcufinder
2025-04-13 19:35:30,844 [INFO] ApiDb:250 - Set database path to: C:\Users\phucv\.stmcufinder\plugins\mcufinder//mcu/
2025-04-13 19:35:30,844 [WARN] DbFile:41 - Overriding database path with different value: C:\Users\phucv\.stmcufinder\plugins\mcufinder/ => C:\Users\phucv\.stmcufinder\plugins\mcufinder
2025-04-13 19:35:30,844 [INFO] DbMcusAds:125 - Set database path to: C:\Users\phucv\.stmcufinder\plugins\mcufinder//mcu/
2025-04-13 19:35:30,844 [WARN] DbFile:41 - Overriding database path with different value: C:\Users\phucv\.stmcufinder\plugins\mcufinder/ => C:\Users\phucv\.stmcufinder\plugins\mcufinder
2025-04-13 19:35:30,844 [WARN] DbFile:41 - Overriding database path with different value: C:\Users\phucv\.stmcufinder\plugins\mcufinder/ => C:\Users\phucv\.stmcufinder\plugins\mcufinder
2025-04-13 19:35:31,446 [INFO] CrossReferenceDbSqlite:203 - Set database path to: C:\Users\phucv\.stmcufinder\plugins\mcufinder//mcu/cs/
2025-04-13 19:35:31,597 [INFO] MainPanel:272 - HeapMemory: 268435456
2025-04-13 19:35:31,815 [INFO] DbMcusXml:78 - Set database path to: C:\ST\STM32CubeIDE_1.18.0\STM32CubeIDE\plugins\com.st.stm32cube.common.mx_6.14.0.202502271554\\db\/mcu/
2025-04-13 19:35:31,816 [INFO] ApiDb:274 - Set plugin database path to: C:\ST\STM32CubeIDE_1.18.0\STM32CubeIDE\plugins\com.st.stm32cube.common.mx_6.14.0.202502271554\\db\/plugins/boardmanager/
2025-04-13 19:35:31,816 [INFO] ApiDb:261 - Set plugin images path to: C:\ST\STM32CubeIDE_1.18.0\STM32CubeIDE\plugins\com.st.stm32cube.common.mx_6.14.0.202502271554\\db\/plugins/mcufinder/images/
2025-04-13 19:35:31,817 [WARN] DbFile:41 - Overriding database path with different value: C:\Users\phucv\.stmcufinder\plugins\mcufinder/ => C:\Users\phucv\.stmcufinder\plugins\mcufinder
2025-04-13 19:35:31,817 [INFO] ApiDb:250 - Set database path to: C:\Users\phucv\.stmcufinder\plugins\mcufinder//mcu/
2025-04-13 19:35:31,817 [WARN] DbFile:41 - Overriding database path with different value: C:\Users\phucv\.stmcufinder\plugins\mcufinder/ => C:\Users\phucv\.stmcufinder\plugins\mcufinder
2025-04-13 19:35:31,817 [INFO] DbMcusAds:125 - Set database path to: C:\Users\phucv\.stmcufinder\plugins\mcufinder//mcu/
2025-04-13 19:35:31,817 [WARN] DbFile:41 - Overriding database path with different value: C:\Users\phucv\.stmcufinder\plugins\mcufinder/ => C:\Users\phucv\.stmcufinder\plugins\mcufinder
2025-04-13 19:35:31,817 [WARN] DbFile:41 - Overriding database path with different value: C:\Users\phucv\.stmcufinder\plugins\mcufinder/ => C:\Users\phucv\.stmcufinder\plugins\mcufinder
2025-04-13 19:35:32,446 [INFO] CrossReferenceDbSqlite:203 - Set database path to: C:\Users\phucv\.stmcufinder\plugins\mcufinder//mcu/cs/
2025-04-13 19:35:32,485 [INFO] ApplicationProperties:184 - Using Application install path: C:\ST\STM32CubeIDE_1.18.0\STM32CubeIDE\plugins\com.st.stm32cube.common.mx_6.14.0.202502271554
2025-04-13 19:35:32,488 [INFO] PluginManage:196 - Search for loadable plugins [exclusion list=, ]
2025-04-13 19:35:32,491 [INFO] PluginManage:310 - Check plugin analytics
2025-04-13 19:35:33,563 [INFO] AnalyticsPlugin:253 - Accepted Software Licenses: STM32CubeMX.6.14.0
2025-04-13 19:35:33,564 [INFO] AnalyticsPlugin:255 - Accepted CMSIS Pack Licenses: 
2025-04-13 19:35:33,565 [INFO] AnalyticsPlugin:257 - Accepted Firmware Licenses: FW.F4.1.28.0
2025-04-13 19:35:33,570 [INFO] PluginManage:359 - Loaded plugin analytics (category:tool,tabindex:-1)
2025-04-13 19:35:33,571 [INFO] PluginManage:310 - Check plugin cadmodel
2025-04-13 19:35:33,581 [INFO] CADModel:105 - Init CAD model plugin
2025-04-13 19:35:33,581 [INFO] PluginManage:359 - Loaded plugin cadmodel (category:power,tabindex:5)
2025-04-13 19:35:33,583 [INFO] PluginManage:310 - Check plugin clock
2025-04-13 19:35:33,602 [INFO] PluginManage:359 - Loaded plugin clock (category:base,tabindex:2)
2025-04-13 19:35:33,604 [INFO] PluginManage:310 - Check plugin ddr
2025-04-13 19:35:33,609 [INFO] PluginManage:359 - Loaded plugin ddr (category:tool,tabindex:6)
2025-04-13 19:35:33,609 [INFO] PluginManage:310 - Check plugin filemanager
2025-04-13 19:35:33,879 [INFO] PluginManage:359 - Loaded plugin filemanager (category:base,tabindex:10)
2025-04-13 19:35:33,880 [INFO] PluginManage:310 - Check plugin ipmanager
2025-04-13 19:35:33,893 [INFO] PluginManage:359 - Loaded plugin ipmanager (category:base,tabindex:5)
2025-04-13 19:35:33,894 [INFO] PluginManage:310 - Check plugin lpbam
2025-04-13 19:35:33,910 [INFO] PluginManage:359 - Loaded plugin lpbam (category:base,tabindex:0)
2025-04-13 19:35:33,911 [INFO] PluginManage:310 - Check plugin memorymap
2025-04-13 19:35:33,938 [INFO] PluginManage:359 - Loaded plugin memorymap (category:base,tabindex:4)
2025-04-13 19:35:33,938 [INFO] PluginManage:310 - Check plugin pinoutandconfiguration
2025-04-13 19:35:33,957 [INFO] PluginManage:359 - Loaded plugin pinoutandconfiguration (category:base,tabindex:1)
2025-04-13 19:35:33,957 [INFO] PluginManage:310 - Check plugin pinoutconfig
2025-04-13 19:35:34,099 [WARN] SupportedApi:132 - Cannot load RTOS API schema: s4s-elt-must-match.1: The content of 'definitions' must match (annotation?, (simpleType | complexType)?, (unique | key | keyref)*)). A problem was found starting at: attribute.
2025-04-13 19:35:34,296 [INFO] PluginManage:359 - Loaded plugin pinoutconfig (category:base,tabindex:0)
2025-04-13 19:35:34,296 [INFO] PluginManage:310 - Check plugin power
2025-04-13 19:35:34,308 [INFO] PluginManage:359 - Loaded plugin power (category:power,tabindex:4)
2025-04-13 19:35:34,308 [INFO] PluginManage:310 - Check plugin projectmanager
2025-04-13 19:35:34,326 [INFO] PluginManage:359 - Loaded plugin projectmanager (category:projectmanager,tabindex:4)
2025-04-13 19:35:34,326 [INFO] PluginManage:310 - Check plugin rif
2025-04-13 19:35:34,335 [INFO] PluginManage:359 - Loaded plugin rif (category:base,tabindex:3)
2025-04-13 19:35:34,335 [INFO] PluginManage:310 - Check plugin thirdparty
2025-04-13 19:35:34,505 [INFO] PluginManage:359 - Loaded plugin thirdparty (category:base,tabindex:-1)
2025-04-13 19:35:34,505 [WARN] IntegrityCheckThread:84 - waiting for thirdparty lock release [integrity check]
2025-04-13 19:35:34,506 [INFO] IntegrityCheckThread:86 - entering critical section [integrity check]
2025-04-13 19:35:34,506 [INFO] PluginManage:310 - Check plugin tools
2025-04-13 19:35:34,506 [INFO] ThirdPartyUpdaterWithRetryManager:70 - Updater plugin not ready yet. [1/15]
2025-04-13 19:35:34,509 [INFO] PluginManage:359 - Loaded plugin tools (category:base,tabindex:7)
2025-04-13 19:35:34,510 [INFO] PluginManage:310 - Check plugin tutovideos
2025-04-13 19:35:34,727 [INFO] PluginManage:359 - Loaded plugin tutovideos (category:base,tabindex:-1)
2025-04-13 19:35:34,727 [INFO] PluginManage:310 - Check plugin updater
2025-04-13 19:35:34,755 [INFO] PluginManage:359 - Loaded plugin updater (category:base,tabindex:12)
2025-04-13 19:35:34,755 [INFO] PluginManage:310 - Check plugin userauth
2025-04-13 19:35:34,760 [INFO] UserAuth:118 - Init User Auth plugin
2025-04-13 19:35:34,761 [INFO] PluginManage:359 - Loaded plugin userauth (category:base,tabindex:14)
2025-04-13 19:35:34,761 [INFO] PluginManage:283 - PluginManage : Loaded plugins [18]
2025-04-13 19:35:35,035 [INFO] PinOutPanel:1589 - setPackage(No Configuration,No Configuration)
2025-04-13 19:35:35,153 [INFO] CADModel:165 - CPN selected for project level
2025-04-13 19:35:35,154 [INFO] CADModel:114 - Register for checkConnection events
2025-04-13 19:35:35,178 [INFO] IPUIPlugin:80 - create IPUIPlugin
2025-04-13 19:35:35,178 [INFO] PluginManager:220 - loadIPPluginJar : add adc
2025-04-13 19:35:35,183 [INFO] IPUIPlugin:80 - create IPUIPlugin
2025-04-13 19:35:35,183 [INFO] PluginManager:220 - loadIPPluginJar : add aes
2025-04-13 19:35:35,187 [INFO] IPUIPlugin:80 - create IPUIPlugin
2025-04-13 19:35:35,187 [INFO] PluginManager:220 - loadIPPluginJar : add can
2025-04-13 19:35:35,189 [INFO] IPUIPlugin:80 - create IPUIPlugin
2025-04-13 19:35:35,190 [INFO] PluginManager:220 - loadIPPluginJar : add comp
2025-04-13 19:35:35,194 [INFO] IPUIPlugin:80 - create IPUIPlugin
2025-04-13 19:35:35,194 [INFO] PluginManager:220 - loadIPPluginJar : add cryp
2025-04-13 19:35:35,198 [INFO] IPUIPlugin:80 - create IPUIPlugin
2025-04-13 19:35:35,198 [INFO] PluginManager:220 - loadIPPluginJar : add ddr_ctrl_phy
2025-04-13 19:35:35,202 [INFO] IPUIPlugin:80 - create IPUIPlugin
2025-04-13 19:35:35,202 [INFO] PluginManager:220 - loadIPPluginJar : add dfsdm
2025-04-13 19:35:35,209 [INFO] IPUIPlugin:80 - create IPUIPlugin
2025-04-13 19:35:35,209 [INFO] PluginManager:220 - loadIPPluginJar : add dma
2025-04-13 19:35:35,215 [INFO] IPUIPlugin:80 - create IPUIPlugin
2025-04-13 19:35:35,215 [INFO] PluginManager:220 - loadIPPluginJar : add dma3
2025-04-13 19:35:35,219 [INFO] IPUIPlugin:80 - create IPUIPlugin
2025-04-13 19:35:35,219 [INFO] PluginManager:220 - loadIPPluginJar : add extmemmanager
2025-04-13 19:35:35,221 [INFO] IPUIPlugin:80 - create IPUIPlugin
2025-04-13 19:35:35,221 [INFO] PluginManager:220 - loadIPPluginJar : add fatfs
2025-04-13 19:35:35,228 [INFO] IPUIPlugin:80 - create IPUIPlugin
2025-04-13 19:35:35,228 [INFO] PluginManager:220 - loadIPPluginJar : add fmc
2025-04-13 19:35:35,235 [INFO] IPUIPlugin:80 - create IPUIPlugin
2025-04-13 19:35:35,236 [INFO] PluginManager:220 - loadIPPluginJar : add freertos
2025-04-13 19:35:35,238 [INFO] IPUIPlugin:80 - create IPUIPlugin
2025-04-13 19:35:35,238 [INFO] PluginManager:220 - loadIPPluginJar : add genericplugin
2025-04-13 19:35:35,242 [INFO] IPUIPlugin:80 - create IPUIPlugin
2025-04-13 19:35:35,242 [INFO] PluginManager:220 - loadIPPluginJar : add gfxmmu
2025-04-13 19:35:35,248 [INFO] IPUIPlugin:80 - create IPUIPlugin
2025-04-13 19:35:35,249 [INFO] PluginManager:220 - loadIPPluginJar : add gic
2025-04-13 19:35:35,254 [INFO] IPUIPlugin:80 - create IPUIPlugin
2025-04-13 19:35:35,254 [INFO] PluginManager:220 - loadIPPluginJar : add gpio
2025-04-13 19:35:35,258 [INFO] IPUIPlugin:80 - create IPUIPlugin
2025-04-13 19:35:35,258 [INFO] PluginManager:220 - loadIPPluginJar : add gtzc
2025-04-13 19:35:35,262 [INFO] IPUIPlugin:80 - create IPUIPlugin
2025-04-13 19:35:35,262 [INFO] PluginManager:220 - loadIPPluginJar : add hash
2025-04-13 19:35:35,267 [INFO] IPUIPlugin:80 - create IPUIPlugin
2025-04-13 19:35:35,267 [INFO] PluginManager:220 - loadIPPluginJar : add i2c
2025-04-13 19:35:35,270 [INFO] IPUIPlugin:80 - create IPUIPlugin
2025-04-13 19:35:35,271 [INFO] PluginManager:220 - loadIPPluginJar : add i2s
2025-04-13 19:35:35,275 [INFO] IPUIPlugin:80 - create IPUIPlugin
2025-04-13 19:35:35,275 [INFO] PluginManager:220 - loadIPPluginJar : add i3c
2025-04-13 19:35:35,280 [INFO] IPUIPlugin:80 - create IPUIPlugin
2025-04-13 19:35:35,280 [INFO] PluginManager:220 - loadIPPluginJar : add ipddr
2025-04-13 19:35:35,290 [INFO] IPUIPlugin:80 - create IPUIPlugin
2025-04-13 19:35:35,291 [INFO] PluginManager:220 - loadIPPluginJar : add linkedlist
2025-04-13 19:35:35,295 [INFO] IPUIPlugin:80 - create IPUIPlugin
2025-04-13 19:35:35,295 [INFO] PluginManager:220 - loadIPPluginJar : add lorawan
2025-04-13 19:35:35,298 [INFO] IPUIPlugin:80 - create IPUIPlugin
2025-04-13 19:35:35,298 [INFO] PluginManager:220 - loadIPPluginJar : add ltdc
2025-04-13 19:35:35,306 [INFO] IPUIPlugin:80 - create IPUIPlugin
2025-04-13 19:35:35,306 [INFO] PluginManager:220 - loadIPPluginJar : add mdma
2025-04-13 19:35:35,311 [INFO] IPUIPlugin:80 - create IPUIPlugin
2025-04-13 19:35:35,311 [INFO] PluginManager:220 - loadIPPluginJar : add nvic
2025-04-13 19:35:35,315 [INFO] IPUIPlugin:80 - create IPUIPlugin
2025-04-13 19:35:35,315 [INFO] PluginManager:220 - loadIPPluginJar : add opamp
2025-04-13 19:35:35,319 [INFO] IPUIPlugin:80 - create IPUIPlugin
2025-04-13 19:35:35,319 [INFO] PluginManager:220 - loadIPPluginJar : add openamp
2025-04-13 19:35:35,324 [INFO] IPUIPlugin:80 - create IPUIPlugin
2025-04-13 19:35:35,324 [INFO] PluginManager:220 - loadIPPluginJar : add pdm2pcm
2025-04-13 19:35:35,331 [INFO] IPUIPlugin:80 - create IPUIPlugin
2025-04-13 19:35:35,335 [INFO] PluginManager:220 - loadIPPluginJar : add plateformsettings
2025-04-13 19:35:35,337 [INFO] IPUIPlugin:80 - create IPUIPlugin
2025-04-13 19:35:35,337 [INFO] PluginManager:220 - loadIPPluginJar : add quadspi
2025-04-13 19:35:35,340 [INFO] IPUIPlugin:80 - create IPUIPlugin
2025-04-13 19:35:35,341 [INFO] PluginManager:220 - loadIPPluginJar : add radio
2025-04-13 19:35:35,346 [INFO] IPUIPlugin:80 - create IPUIPlugin
2025-04-13 19:35:35,346 [INFO] PluginManager:220 - loadIPPluginJar : add resmgrutility
2025-04-13 19:35:35,350 [INFO] IPUIPlugin:80 - create IPUIPlugin
2025-04-13 19:35:35,351 [INFO] PluginManager:220 - loadIPPluginJar : add sai
2025-04-13 19:35:35,355 [INFO] IPUIPlugin:80 - create IPUIPlugin
2025-04-13 19:35:35,355 [INFO] PluginManager:220 - loadIPPluginJar : add spi
2025-04-13 19:35:35,364 [INFO] IPUIPlugin:80 - create IPUIPlugin
2025-04-13 19:35:35,364 [INFO] PluginManager:220 - loadIPPluginJar : add stm32_wpan
2025-04-13 19:35:35,367 [INFO] IPUIPlugin:80 - create IPUIPlugin
2025-04-13 19:35:35,367 [INFO] PluginManager:220 - loadIPPluginJar : add tim
2025-04-13 19:35:35,372 [INFO] IPUIPlugin:80 - create IPUIPlugin
2025-04-13 19:35:35,372 [INFO] PluginManager:220 - loadIPPluginJar : add touchsensing
2025-04-13 19:35:35,375 [INFO] IPUIPlugin:80 - create IPUIPlugin
2025-04-13 19:35:35,375 [INFO] PluginManager:220 - loadIPPluginJar : add tracer_emb
2025-04-13 19:35:35,378 [INFO] IPUIPlugin:80 - create IPUIPlugin
2025-04-13 19:35:35,378 [INFO] PluginManager:220 - loadIPPluginJar : add ts
2025-04-13 19:35:35,381 [INFO] IPUIPlugin:80 - create IPUIPlugin
2025-04-13 19:35:35,381 [INFO] PluginManager:220 - loadIPPluginJar : add tsc
2025-04-13 19:35:35,385 [INFO] IPUIPlugin:80 - create IPUIPlugin
2025-04-13 19:35:35,385 [INFO] PluginManager:220 - loadIPPluginJar : add ucpd
2025-04-13 19:35:35,389 [INFO] IPUIPlugin:80 - create IPUIPlugin
2025-04-13 19:35:35,389 [INFO] PluginManager:220 - loadIPPluginJar : add usart
2025-04-13 19:35:35,393 [INFO] IPUIPlugin:80 - create IPUIPlugin
2025-04-13 19:35:35,393 [INFO] PluginManager:220 - loadIPPluginJar : add usbx
2025-04-13 19:35:35,545 [FATAL] Updater:351 - Updater called before beeing initialized
2025-04-13 19:35:35,587 [INFO] RulesReader:64 - Compatibility file has been processed (301 Rules)
2025-04-13 19:35:35,613 [INFO] RulesReader:64 - Compatibility file has been processed (301 Rules)
2025-04-13 19:35:35,637 [INFO] CADModel:165 - CPN selected for project level
2025-04-13 19:35:35,637 [INFO] CADModel:114 - Register for checkConnection events
2025-04-13 19:35:35,637 [FATAL] Updater:351 - Updater called before beeing initialized
2025-04-13 19:35:35,637 [ERROR] CADModel:125 - Updater not yet initialized, retry later 
2025-04-13 19:35:35,937 [FATAL] Updater:351 - Updater called before beeing initialized
2025-04-13 19:35:35,940 [INFO] CADModel:165 - CPN selected for project level
2025-04-13 19:35:35,940 [INFO] CADModel:114 - Register for checkConnection events
2025-04-13 19:35:35,940 [FATAL] Updater:351 - Updater called before beeing initialized
2025-04-13 19:35:35,940 [ERROR] CADModel:125 - Updater not yet initialized, retry later 
2025-04-13 19:35:35,945 [FATAL] Updater:351 - Updater called before beeing initialized
2025-04-13 19:35:36,133 [FATAL] Updater:351 - Updater called before beeing initialized
2025-04-13 19:35:36,139 [INFO] DbMcusAds:53 - JSON generation date=Thu Mar 06 21:54:22 ICT 2025 (1741272862078)
2025-04-13 19:35:36,139 [FATAL] Updater:351 - Updater called before beeing initialized
2025-04-13 19:35:36,197 [WARN] DetailPanel:346 - Failed to get advertising image, set to default
2025-04-13 19:35:36,538 [FATAL] Updater:351 - Updater called before beeing initialized
2025-04-13 19:35:36,540 [FATAL] Updater:351 - Updater called before beeing initialized
2025-04-13 19:35:36,540 [FATAL] Updater:351 - Updater called before beeing initialized
2025-04-13 19:35:36,540 [WARN] DetailPanel:346 - Failed to get advertising image, set to default
2025-04-13 19:35:36,541 [FATAL] Updater:351 - Updater called before beeing initialized
2025-04-13 19:35:36,607 [ERROR] Updater:1198 - MainUpdater not yet initialized. External WinMGr cannot be set.
2025-04-13 19:35:36,609 [INFO] Updater:1134 - Updater Version found : 6.14.0
2025-04-13 19:35:36,635 [INFO] ApplicationProperties:184 - Using Application install path: C:\ST\STM32CubeIDE_1.18.0\STM32CubeIDE\plugins\com.st.stm32cube.common.mx_6.14.0.202502271554
2025-04-13 19:35:37,507 [INFO] ThirdPartyUpdaterWithRetryManager:70 - Updater plugin not ready yet. [2/15]
2025-04-13 19:35:38,215 [ERROR] LogOutputStream:75 - [STDERR_REDIRECT] Apr 13, 2025 7:35:38 PM java.util.prefs.WindowsPreferences <init>
2025-04-13 19:35:38,218 [ERROR] LogOutputStream:75 - [STDERR_REDIRECT] WARNING: Could not open/create prefs root node Software\JavaSoft\Prefs at root 0xffffffff80000002. Windows RegCreateKeyEx(...) returned error code 5.
2025-04-13 19:35:38,219 [ERROR] LogOutputStream:75 - [STDERR_REDIRECT] 
2025-04-13 19:35:39,141 [INFO] MainUpdater:2872 - connection check result : 10
2025-04-13 19:35:39,141 [INFO] MainUpdater:3566 - Updater definition file requires update
2025-04-13 19:35:39,142 [INFO] MainUpdater:289 - Updater Check For Update Now.
2025-04-13 19:35:39,143 [INFO] MicroXplorer:498 - Change Database Version : DB.6.0.140
2025-04-13 19:35:39,153 [INFO] McuFinderGlobals:63 - Set McuFinder mode to 2 (CubeIDE integrated)
2025-04-13 19:35:39,155 [INFO] UserAuth:486 - Internet connection configuration mode: 1
2025-04-13 19:35:39,184 [INFO] JxBrowserEngine:152 - Initiate JxBrowser Engine with user profile folder
2025-04-13 19:35:39,390 [INFO] ServerAccessManage:473 - Download File updaters.zip
2025-04-13 19:35:40,085 [INFO] FileExtend:242 - Unzip File : updaters.zip
2025-04-13 19:35:40,086 [INFO] FileExtend:257 - Standard Zip Deflate
2025-04-13 19:35:40,510 [WARN] MainUpdater:1193 - Updater busy. Cannot search thirdparties
2025-04-13 19:35:40,510 [INFO] ThirdPartyUpdaterWithRetryManager:96 - Updater plugin is busy. [1/15]
2025-04-13 19:35:41,080 [INFO] ServerAccessManage:473 - Download File PacksControlFlags.xml
2025-04-13 19:35:41,215 [INFO] WebApp:169 - Instantiating new browser for Auth
2025-04-13 19:35:41,371 [INFO] ServerAccessManage:473 - Download File cubemx.pidx
2025-04-13 19:35:41,507 [INFO] LoadServerUpdatesThread:375 - End of LoadServerUpdate Thread
2025-04-13 19:35:41,685 [INFO] CheckServerUpdateThread:120 - End of CheckServer Thread
2025-04-13 19:35:42,149 [INFO] WebApp:463 - Apply proxy settings
2025-04-13 19:35:42,150 [INFO] WebApp:548 - Chromium requires no authentication
2025-04-13 19:35:42,161 [INFO] WebApp:491 - Direct internet connection detected
2025-04-13 19:35:42,190 [INFO] WebApp:894 - Register for checkConnection events
2025-04-13 19:35:42,190 [INFO] WebApp:463 - Apply proxy settings
2025-04-13 19:35:42,190 [INFO] WebApp:548 - Chromium requires no authentication
2025-04-13 19:35:42,191 [INFO] WebApp:491 - Direct internet connection detected
2025-04-13 19:35:42,426 [INFO] WebApp:225 - Starting web application
2025-04-13 19:35:42,426 [INFO] WebApp:593 - Web application path used C:\ST\STM32CubeIDE_1.18.0\STM32CubeIDE\plugins\com.st.stm32cube.common.mx_6.14.0.202502271554\db\plugins\mcufinder\reactClient1\index.html
2025-04-13 19:35:42,446 [INFO] WebApp:191 - Connection restablished
2025-04-13 19:35:42,644 [INFO] UserAuth:486 - Internet connection configuration mode: 1
2025-04-13 19:35:43,752 [WARN] PackLoader:240 - Cannot read IP mode file for STMicroelectronics.FP-SNS-MOTENVWB1.1.4.0
2025-04-13 19:35:43,763 [WARN] PackLoader:240 - Cannot read IP mode file for STMicroelectronics.FP-ATR-ASTRA1.2.0.2
2025-04-13 19:35:43,772 [WARN] PackLoader:240 - Cannot read IP mode file for STMicroelectronics.X-CUBE-SMBUS.2.1.0
2025-04-13 19:35:43,782 [WARN] PackLoader:240 - Cannot read IP mode file for STMicroelectronics.X-CUBE-WB05N.1.1.0
2025-04-13 19:35:43,838 [WARN] PackLoader:240 - Cannot read IP mode file for STMicroelectronics.X-CUBE-AZRTOS-F7.1.1.0
2025-04-13 19:35:43,850 [WARN] PackLoader:240 - Cannot read IP mode file for STMicroelectronics.FP-SNS-FLIGHT1.5.0.2
2025-04-13 19:35:43,895 [WARN] PackLoader:240 - Cannot read IP mode file for Infineon.AIROC-Wi-Fi-Bluetooth-STM32.1.7.0
2025-04-13 19:35:43,918 [WARN] PackLoader:240 - Cannot read IP mode file for STMicroelectronics.X-CUBE-DISPLAY.3.0.0
2025-04-13 19:35:43,938 [WARN] PackLoader:240 - Cannot read IP mode file for STMicroelectronics.X-CUBE-NFC10.1.0.0
2025-04-13 19:35:43,957 [WARN] PackLoader:240 - Cannot read IP mode file for STMicroelectronics.X-CUBE-BLEMGR.4.0.0
2025-04-13 19:35:43,971 [WARN] PackLoader:240 - Cannot read IP mode file for emotas.I-CUBE-CANOPEN.1.3.0
2025-04-13 19:35:43,978 [WARN] PackLoader:240 - Cannot read IP mode file for STMicroelectronics.X-CUBE-AI.10.0.0
2025-04-13 19:35:43,986 [WARN] PackLoader:240 - Cannot read IP mode file for STMicroelectronics.FP-SNS-SMARTAG2.1.2.0
2025-04-13 19:35:43,991 [WARN] PackLoader:240 - Cannot read IP mode file for STMicroelectronics.FP-SNS-FLIGHT1.5.1.0
2025-04-13 19:35:44,043 [WARN] PackLoader:240 - Cannot read IP mode file for STMicroelectronics.X-CUBE-MEMS1.11.1.0
2025-04-13 19:35:44,189 [INFO] LogOutputStream:77 - [STDOUT_REDIRECT] 1 : Invalid condition id : UX_CORESTACK_Condition cause : null
2025-04-13 19:35:44,190 [INFO] LogOutputStream:77 - [STDOUT_REDIRECT] 1 : Invalid condition id : UX_CORESTACK_Condition cause : null
2025-04-13 19:35:44,191 [INFO] LogOutputStream:77 - [STDOUT_REDIRECT] 1 : Invalid condition id : UX_CORESTACK_Condition cause : null
2025-04-13 19:35:44,192 [INFO] LogOutputStream:77 - [STDOUT_REDIRECT] 1 : Invalid condition id : UX_CORESTACK_Condition cause : null
2025-04-13 19:35:44,194 [INFO] LogOutputStream:77 - [STDOUT_REDIRECT] 1 : Invalid condition id : UX_CORESTACK_Condition cause : null
2025-04-13 19:35:44,197 [WARN] PackLoader:240 - Cannot read IP mode file for STMicroelectronics.X-CUBE-AZRTOS-WL.2.0.0
2025-04-13 19:35:44,203 [WARN] PackLoader:240 - Cannot read IP mode file for STMicroelectronics.FP-SNS-MOTENV1.5.0.0
2025-04-13 19:35:44,212 [WARN] PackLoader:240 - Cannot read IP mode file for WES.I-CUBE-Cesium.1.3.0
2025-04-13 19:35:44,217 [WARN] PackLoader:240 - Cannot read IP mode file for STMicroelectronics.X-CUBE-BLE2.3.3.0
2025-04-13 19:35:44,225 [WARN] PackLoader:240 - Cannot read IP mode file for STMicroelectronics.X-CUBE-NFC9.1.0.0
2025-04-13 19:35:44,231 [WARN] PackLoader:240 - Cannot read IP mode file for STMicroelectronics.X-CUBE-BLE1.7.1.0
2025-04-13 19:35:44,236 [WARN] PackLoader:240 - Cannot read IP mode file for wolfSSL.I-CUBE-wolfMQTT.1.19.2
2025-04-13 19:35:44,259 [WARN] PackLoader:240 - Cannot read IP mode file for STMicroelectronics.X-CUBE-AZRTOS-G0.1.1.0
2025-04-13 19:35:44,272 [WARN] PackLoader:240 - Cannot read IP mode file for STMicroelectronics.X-CUBE-SAFEA1.1.2.2
2025-04-13 19:35:44,282 [WARN] PackLoader:240 - Cannot read IP mode file for STMicroelectronics.X-CUBE-NFC4.3.0.0
2025-04-13 19:35:44,295 [WARN] PackLoader:240 - Cannot read IP mode file for EmbeddedOffice.I-CUBE-FS-RTOS.1.0.1
2025-04-13 19:35:44,304 [WARN] PackLoader:240 - Cannot read IP mode file for wolfSSL.I-CUBE-wolfTPM.3.8.0
2025-04-13 19:35:44,312 [WARN] PackLoader:240 - Cannot read IP mode file for STMicroelectronics.X-CUBE-TCPP.4.2.0
2025-04-13 19:35:44,324 [WARN] PackLoader:240 - Cannot read IP mode file for RealThread.X-CUBE-RT-Thread_Nano.4.1.1
2025-04-13 19:35:44,330 [WARN] PackLoader:240 - Cannot read IP mode file for STMicroelectronics.FP-ATR-SIGFOX1.3.2.0
2025-04-13 19:35:44,357 [WARN] ConditionMgr:438 - getConditionDescription Invalid condition id : Cortex-A Device cause : null
2025-04-13 19:35:44,374 [WARN] ConditionMgr:1044 - genDependencies : Invalid condition id : Cortex-A Device cause : null
2025-04-13 19:35:44,374 [WARN] ConditionMgr:1044 - genDependencies : Invalid condition id : Cortex-A Device cause : null
2025-04-13 19:35:44,374 [WARN] ConditionMgr:1044 - genDependencies : Invalid condition id : Cortex-A Device cause : null
2025-04-13 19:35:44,382 [WARN] PackLoader:240 - Cannot read IP mode file for STMicroelectronics.X-CUBE-EEPRMA1.5.1.0
2025-04-13 19:35:44,389 [WARN] PackLoader:240 - Cannot read IP mode file for wolfSSL.I-CUBE-wolfSSL.5.7.6
2025-04-13 19:35:44,397 [WARN] PackLoader:240 - Cannot read IP mode file for ITTIA_DB.I-CUBE-ITTIADB.8.9.0
2025-04-13 19:35:44,421 [WARN] PackLoader:240 - Cannot read IP mode file for SEGGER.I-CUBE-embOS.1.3.1
2025-04-13 19:35:44,458 [WARN] PackLoader:240 - Cannot read IP mode file for STMicroelectronics.X-CUBE-ALGOBUILD.1.4.0
2025-04-13 19:35:44,473 [WARN] PackLoader:240 - Cannot read IP mode file for STMicroelectronics.X-CUBE-AZRTOS-F4.1.1.0
2025-04-13 19:35:44,481 [WARN] PackLoader:240 - Cannot read IP mode file for STMicroelectronics.X-CUBE-ISPU.2.1.0
2025-04-13 19:35:44,497 [WARN] PackLoader:240 - Cannot read IP mode file for STMicroelectronics.X-CUBE-AZRTOS-L5.2.0.0
2025-04-13 19:35:44,506 [WARN] PackLoader:240 - Cannot read IP mode file for STMicroelectronics.X-CUBE-NFC6.3.1.0
2025-04-13 19:35:44,514 [WARN] PackLoader:240 - Cannot read IP mode file for STMicroelectronics.X-CUBE-DPower.1.2.0
2025-04-13 19:35:44,520 [WARN] PackLoader:240 - Cannot read IP mode file for STMicroelectronics.X-CUBE-FREERTOS.1.3.0
2025-04-13 19:35:44,526 [WARN] PackLoader:240 - Cannot read IP mode file for STMicroelectronics.X-CUBE-NFC7.1.0.1
2025-04-13 19:35:44,541 [WARN] ConditionMgr:438 - getConditionDescription Invalid condition id : LAN8742 Phy interface Condition cause : null
2025-04-13 19:35:44,543 [WARN] PackLoader:240 - Cannot read IP mode file for STMicroelectronics.X-CUBE-AZRTOS-L4.2.0.0
2025-04-13 19:35:44,544 [WARN] ConditionMgr:1044 - genDependencies : Invalid condition id : LAN8742 Phy interface Condition cause : null
2025-04-13 19:35:44,544 [WARN] ConditionMgr:1044 - genDependencies : Invalid condition id : LAN8742 Phy interface Condition cause : null
2025-04-13 19:35:44,544 [WARN] ConditionMgr:1044 - genDependencies : Invalid condition id : LAN8742 Phy interface Condition cause : null
2025-04-13 19:35:44,553 [WARN] PackLoader:240 - Cannot read IP mode file for STMicroelectronics.X-CUBE-SFXS2LP1.4.0.0
2025-04-13 19:35:44,572 [WARN] PackLoader:240 - Cannot read IP mode file for STMicroelectronics.X-CUBE-AZRTOS-H7.3.3.0
2025-04-13 19:35:44,587 [WARN] ConditionMgr:438 - getConditionDescription Invalid condition id : UX DEVICE CLASS RTOS Condition cause : null
2025-04-13 19:35:44,587 [WARN] ConditionMgr:438 - getConditionDescription Invalid condition id : UX DEVICE CLASS RTOS Condition cause : null
2025-04-13 19:35:44,589 [WARN] PackLoader:240 - Cannot read IP mode file for STMicroelectronics.X-CUBE-AZRTOS-WB.2.0.0
2025-04-13 19:35:44,589 [WARN] ConditionMgr:1044 - genDependencies : Invalid condition id : UX DEVICE CLASS RTOS Condition cause : null
2025-04-13 19:35:44,589 [WARN] ConditionMgr:1044 - genDependencies : Invalid condition id : UX DEVICE CLASS RTOS Condition cause : null
2025-04-13 19:35:44,590 [WARN] ConditionMgr:1044 - genDependencies : Invalid condition id : UX DEVICE CLASS RTOS Condition cause : null
2025-04-13 19:35:44,590 [WARN] ConditionMgr:1044 - genDependencies : Invalid condition id : UX DEVICE CLASS RTOS Condition cause : null
2025-04-13 19:35:44,590 [WARN] ConditionMgr:1044 - genDependencies : Invalid condition id : UX DEVICE CLASS RTOS Condition cause : null
2025-04-13 19:35:44,596 [WARN] PackLoader:240 - Cannot read IP mode file for STMicroelectronics.X-CUBE-GNSS1.7.0.1
2025-04-13 19:35:44,604 [WARN] PackLoader:240 - Cannot read IP mode file for STMicroelectronics.X-CUBE-TOUCHGFX.4.25.0
2025-04-13 19:35:44,611 [WARN] PackLoader:240 - Cannot read IP mode file for STMicroelectronics.FP-SNS-STBOX1.2.0.0
2025-04-13 19:35:44,623 [WARN] PackLoader:240 - Cannot read IP mode file for STMicroelectronics.X-CUBE-SUBG2.5.0.0
2025-04-13 19:35:44,644 [WARN] PackLoader:240 - Cannot read IP mode file for STMicroelectronics.X-CUBE-AZRTOS-H7RS.1.1.0
2025-04-13 19:35:44,651 [WARN] PackLoader:240 - Cannot read IP mode file for Cesanta.I-CUBE-Mongoose.7.13.0
2025-04-13 19:35:44,664 [WARN] PackLoader:240 - Cannot read IP mode file for STMicroelectronics.X-CUBE-AZRTOS-G4.2.0.0
2025-04-13 19:35:44,671 [WARN] PackLoader:240 - Cannot read IP mode file for wolfSSL.I-CUBE-wolfSSH.1.4.20
2025-04-13 19:35:44,684 [WARN] PackLoader:240 - Cannot read IP mode file for STMicroelectronics.X-CUBE-IPS.3.1.0
2025-04-13 19:35:44,693 [WARN] PackLoader:240 - Cannot read IP mode file for STMicroelectronics.X-CUBE-ALS.1.0.2
2025-04-13 19:35:44,698 [WARN] PackLoader:240 - Cannot read IP mode file for STMicroelectronics.X-CUBE-TOUCHGFX.4.24.2
2025-04-13 19:35:44,703 [WARN] PackLoader:240 - Cannot read IP mode file for portGmbH.I-Cube-SoM-uGOAL.1.1.0
2025-04-13 19:35:44,719 [WARN] PackLoader:240 - Cannot read IP mode file for STMicroelectronics.X-CUBE-AZRTOS-H7RS.1.0.0
2025-04-13 19:35:44,729 [WARN] PackLoader:240 - Cannot read IP mode file for STMicroelectronics.X-CUBE-TOF1.3.4.2
2025-04-13 19:35:44,738 [INFO] ThirdParty:978 - Integrity check success = true
2025-04-13 19:35:44,738 [INFO] IntegrityCheckThread:100 - exiting critical section [integrity check]
2025-04-13 19:35:44,738 [INFO] IntegrityCheckThread:103 - End integrity checks thread
2025-04-13 19:38:21,734 [ERROR] LogOutputStream:75 - [STDERR_REDIRECT] 
