2025-05-06 10:25:04,376 [INFO] Activator:176 - 


2025-05-06 10:25:04,381 [INFO] Activator:177 - !SESSION log4j initialized
2025-05-06 10:25:11,361 [INFO] LogOutputStream:77 - [STDOUT_REDIRECT] 
2025-05-06 10:25:13,143 [INFO] ApplicationProperties:184 - Using Application install path: C:\ST\STM32CubeIDE_1.18.0\STM32CubeIDE\plugins\com.st.stm32cube.common.mx_6.14.0.202502271554
2025-05-06 10:25:13,165 [INFO] DbMcusXml:78 - Set database path to: C:\ST\STM32CubeIDE_1.18.0\STM32CubeIDE\plugins\com.st.stm32cube.common.mx_6.14.0.202502271554\\db\/mcu/
2025-05-06 10:25:13,165 [INFO] ApiDb:274 - Set plugin database path to: C:\ST\STM32CubeIDE_1.18.0\STM32CubeIDE\plugins\com.st.stm32cube.common.mx_6.14.0.202502271554\\db\/plugins/boardmanager/
2025-05-06 10:25:13,165 [WARN] ApiDb:259 - Overriding images path with different value:  => C:\ST\STM32CubeIDE_1.18.0\STM32CubeIDE\plugins\com.st.stm32cube.common.mx_6.14.0.202502271554\\db\/plugins/mcufinder/images/
2025-05-06 10:25:13,172 [INFO] ApiDb:250 - Set database path to: C:\Users\phucv\.stmcufinder\plugins\mcufinder//mcu/
2025-05-06 10:25:13,173 [INFO] DbMcusAds:125 - Set database path to: C:\Users\phucv\.stmcufinder\plugins\mcufinder//mcu/
2025-05-06 10:25:14,078 [INFO] CrossReferenceDbSqlite:203 - Set database path to: C:\Users\phucv\.stmcufinder\plugins\mcufinder//mcu/cs/
2025-05-06 10:25:14,195 [INFO] RulesReader:64 - Compatibility file has been processed (301 Rules)
2025-05-06 10:25:14,274 [INFO] DbMcusXml:78 - Set database path to: C:\ST\STM32CubeIDE_1.18.0\STM32CubeIDE\plugins\com.st.stm32cube.common.mx_6.14.0.202502271554\\db\/mcu/
2025-05-06 10:25:14,274 [INFO] ApiDb:274 - Set plugin database path to: C:\ST\STM32CubeIDE_1.18.0\STM32CubeIDE\plugins\com.st.stm32cube.common.mx_6.14.0.202502271554\\db\/plugins/boardmanager/
2025-05-06 10:25:14,274 [INFO] ApiDb:261 - Set plugin images path to: C:\ST\STM32CubeIDE_1.18.0\STM32CubeIDE\plugins\com.st.stm32cube.common.mx_6.14.0.202502271554\\db\/plugins/mcufinder/images/
2025-05-06 10:25:14,274 [WARN] DbFile:41 - Overriding database path with different value: C:\Users\phucv\.stmcufinder\plugins\mcufinder/ => C:\Users\phucv\.stmcufinder\plugins\mcufinder
2025-05-06 10:25:14,275 [INFO] ApiDb:250 - Set database path to: C:\Users\phucv\.stmcufinder\plugins\mcufinder//mcu/
2025-05-06 10:25:14,275 [WARN] DbFile:41 - Overriding database path with different value: C:\Users\phucv\.stmcufinder\plugins\mcufinder/ => C:\Users\phucv\.stmcufinder\plugins\mcufinder
2025-05-06 10:25:14,275 [INFO] DbMcusAds:125 - Set database path to: C:\Users\phucv\.stmcufinder\plugins\mcufinder//mcu/
2025-05-06 10:25:14,275 [WARN] DbFile:41 - Overriding database path with different value: C:\Users\phucv\.stmcufinder\plugins\mcufinder/ => C:\Users\phucv\.stmcufinder\plugins\mcufinder
2025-05-06 10:25:14,275 [WARN] DbFile:41 - Overriding database path with different value: C:\Users\phucv\.stmcufinder\plugins\mcufinder/ => C:\Users\phucv\.stmcufinder\plugins\mcufinder
2025-05-06 10:25:15,079 [INFO] CrossReferenceDbSqlite:203 - Set database path to: C:\Users\phucv\.stmcufinder\plugins\mcufinder//mcu/cs/
2025-05-06 10:25:15,150 [INFO] MainPanel:272 - HeapMemory: 268435456
2025-05-06 10:25:15,253 [INFO] DbMcusXml:78 - Set database path to: C:\ST\STM32CubeIDE_1.18.0\STM32CubeIDE\plugins\com.st.stm32cube.common.mx_6.14.0.202502271554\\db\/mcu/
2025-05-06 10:25:15,253 [INFO] ApiDb:274 - Set plugin database path to: C:\ST\STM32CubeIDE_1.18.0\STM32CubeIDE\plugins\com.st.stm32cube.common.mx_6.14.0.202502271554\\db\/plugins/boardmanager/
2025-05-06 10:25:15,253 [INFO] ApiDb:261 - Set plugin images path to: C:\ST\STM32CubeIDE_1.18.0\STM32CubeIDE\plugins\com.st.stm32cube.common.mx_6.14.0.202502271554\\db\/plugins/mcufinder/images/
2025-05-06 10:25:15,253 [WARN] DbFile:41 - Overriding database path with different value: C:\Users\phucv\.stmcufinder\plugins\mcufinder/ => C:\Users\phucv\.stmcufinder\plugins\mcufinder
2025-05-06 10:25:15,253 [INFO] ApiDb:250 - Set database path to: C:\Users\phucv\.stmcufinder\plugins\mcufinder//mcu/
2025-05-06 10:25:15,253 [WARN] DbFile:41 - Overriding database path with different value: C:\Users\phucv\.stmcufinder\plugins\mcufinder/ => C:\Users\phucv\.stmcufinder\plugins\mcufinder
2025-05-06 10:25:15,253 [INFO] DbMcusAds:125 - Set database path to: C:\Users\phucv\.stmcufinder\plugins\mcufinder//mcu/
2025-05-06 10:25:15,253 [WARN] DbFile:41 - Overriding database path with different value: C:\Users\phucv\.stmcufinder\plugins\mcufinder/ => C:\Users\phucv\.stmcufinder\plugins\mcufinder
2025-05-06 10:25:15,253 [WARN] DbFile:41 - Overriding database path with different value: C:\Users\phucv\.stmcufinder\plugins\mcufinder/ => C:\Users\phucv\.stmcufinder\plugins\mcufinder
2025-05-06 10:25:16,084 [INFO] CrossReferenceDbSqlite:203 - Set database path to: C:\Users\phucv\.stmcufinder\plugins\mcufinder//mcu/cs/
2025-05-06 10:25:16,105 [INFO] ApplicationProperties:184 - Using Application install path: C:\ST\STM32CubeIDE_1.18.0\STM32CubeIDE\plugins\com.st.stm32cube.common.mx_6.14.0.202502271554
2025-05-06 10:25:16,107 [INFO] PluginManage:196 - Search for loadable plugins [exclusion list=, ]
2025-05-06 10:25:16,111 [INFO] PluginManage:310 - Check plugin analytics
2025-05-06 10:25:17,156 [INFO] AnalyticsPlugin:253 - Accepted Software Licenses: STM32CubeMX.6.14.0
2025-05-06 10:25:17,156 [INFO] AnalyticsPlugin:255 - Accepted CMSIS Pack Licenses: 
2025-05-06 10:25:17,156 [INFO] AnalyticsPlugin:257 - Accepted Firmware Licenses: FW.F4.1.28.0
2025-05-06 10:25:17,159 [INFO] PluginManage:359 - Loaded plugin analytics (category:tool,tabindex:-1)
2025-05-06 10:25:17,159 [INFO] PluginManage:310 - Check plugin cadmodel
2025-05-06 10:25:17,166 [INFO] CADModel:105 - Init CAD model plugin
2025-05-06 10:25:17,166 [INFO] PluginManage:359 - Loaded plugin cadmodel (category:power,tabindex:5)
2025-05-06 10:25:17,166 [INFO] PluginManage:310 - Check plugin clock
2025-05-06 10:25:17,177 [INFO] PluginManage:359 - Loaded plugin clock (category:base,tabindex:2)
2025-05-06 10:25:17,177 [INFO] PluginManage:310 - Check plugin ddr
2025-05-06 10:25:17,180 [INFO] PluginManage:359 - Loaded plugin ddr (category:tool,tabindex:6)
2025-05-06 10:25:17,180 [INFO] PluginManage:310 - Check plugin filemanager
2025-05-06 10:25:17,341 [INFO] PluginManage:359 - Loaded plugin filemanager (category:base,tabindex:10)
2025-05-06 10:25:17,341 [INFO] PluginManage:310 - Check plugin ipmanager
2025-05-06 10:25:17,348 [INFO] PluginManage:359 - Loaded plugin ipmanager (category:base,tabindex:5)
2025-05-06 10:25:17,349 [INFO] PluginManage:310 - Check plugin lpbam
2025-05-06 10:25:17,357 [INFO] PluginManage:359 - Loaded plugin lpbam (category:base,tabindex:0)
2025-05-06 10:25:17,357 [INFO] PluginManage:310 - Check plugin memorymap
2025-05-06 10:25:17,374 [INFO] PluginManage:359 - Loaded plugin memorymap (category:base,tabindex:4)
2025-05-06 10:25:17,374 [INFO] PluginManage:310 - Check plugin pinoutandconfiguration
2025-05-06 10:25:17,382 [INFO] PluginManage:359 - Loaded plugin pinoutandconfiguration (category:base,tabindex:1)
2025-05-06 10:25:17,383 [INFO] PluginManage:310 - Check plugin pinoutconfig
2025-05-06 10:25:17,480 [WARN] SupportedApi:132 - Cannot load RTOS API schema: s4s-elt-must-match.1: The content of 'definitions' must match (annotation?, (simpleType | complexType)?, (unique | key | keyref)*)). A problem was found starting at: attribute.
2025-05-06 10:25:17,634 [INFO] PluginManage:359 - Loaded plugin pinoutconfig (category:base,tabindex:0)
2025-05-06 10:25:17,634 [INFO] PluginManage:310 - Check plugin power
2025-05-06 10:25:17,647 [INFO] PluginManage:359 - Loaded plugin power (category:power,tabindex:4)
2025-05-06 10:25:17,647 [INFO] PluginManage:310 - Check plugin projectmanager
2025-05-06 10:25:17,662 [INFO] PluginManage:359 - Loaded plugin projectmanager (category:projectmanager,tabindex:4)
2025-05-06 10:25:17,663 [INFO] PluginManage:310 - Check plugin rif
2025-05-06 10:25:17,670 [INFO] PluginManage:359 - Loaded plugin rif (category:base,tabindex:3)
2025-05-06 10:25:17,670 [INFO] PluginManage:310 - Check plugin thirdparty
2025-05-06 10:25:17,820 [INFO] PluginManage:359 - Loaded plugin thirdparty (category:base,tabindex:-1)
2025-05-06 10:25:17,820 [WARN] IntegrityCheckThread:84 - waiting for thirdparty lock release [integrity check]
2025-05-06 10:25:17,820 [INFO] IntegrityCheckThread:86 - entering critical section [integrity check]
2025-05-06 10:25:17,820 [INFO] PluginManage:310 - Check plugin tools
2025-05-06 10:25:17,821 [INFO] ThirdPartyUpdaterWithRetryManager:70 - Updater plugin not ready yet. [1/15]
2025-05-06 10:25:17,823 [INFO] PluginManage:359 - Loaded plugin tools (category:base,tabindex:7)
2025-05-06 10:25:17,824 [INFO] PluginManage:310 - Check plugin tutovideos
2025-05-06 10:25:17,997 [INFO] PluginManage:359 - Loaded plugin tutovideos (category:base,tabindex:-1)
2025-05-06 10:25:17,997 [INFO] PluginManage:310 - Check plugin updater
2025-05-06 10:25:18,023 [INFO] PluginManage:359 - Loaded plugin updater (category:base,tabindex:12)
2025-05-06 10:25:18,023 [INFO] PluginManage:310 - Check plugin userauth
2025-05-06 10:25:18,029 [INFO] UserAuth:118 - Init User Auth plugin
2025-05-06 10:25:18,030 [INFO] PluginManage:359 - Loaded plugin userauth (category:base,tabindex:14)
2025-05-06 10:25:18,031 [INFO] PluginManage:283 - PluginManage : Loaded plugins [18]
2025-05-06 10:25:18,247 [INFO] PinOutPanel:1589 - setPackage(No Configuration,No Configuration)
2025-05-06 10:25:18,333 [INFO] CADModel:165 - CPN selected for project level
2025-05-06 10:25:18,333 [INFO] CADModel:114 - Register for checkConnection events
2025-05-06 10:25:18,354 [INFO] IPUIPlugin:80 - create IPUIPlugin
2025-05-06 10:25:18,354 [INFO] PluginManager:220 - loadIPPluginJar : add adc
2025-05-06 10:25:18,358 [INFO] IPUIPlugin:80 - create IPUIPlugin
2025-05-06 10:25:18,358 [INFO] PluginManager:220 - loadIPPluginJar : add aes
2025-05-06 10:25:18,361 [INFO] IPUIPlugin:80 - create IPUIPlugin
2025-05-06 10:25:18,362 [INFO] PluginManager:220 - loadIPPluginJar : add can
2025-05-06 10:25:18,364 [INFO] IPUIPlugin:80 - create IPUIPlugin
2025-05-06 10:25:18,364 [INFO] PluginManager:220 - loadIPPluginJar : add comp
2025-05-06 10:25:18,369 [INFO] IPUIPlugin:80 - create IPUIPlugin
2025-05-06 10:25:18,369 [INFO] PluginManager:220 - loadIPPluginJar : add cryp
2025-05-06 10:25:18,373 [INFO] IPUIPlugin:80 - create IPUIPlugin
2025-05-06 10:25:18,373 [INFO] PluginManager:220 - loadIPPluginJar : add ddr_ctrl_phy
2025-05-06 10:25:18,376 [INFO] IPUIPlugin:80 - create IPUIPlugin
2025-05-06 10:25:18,376 [INFO] PluginManager:220 - loadIPPluginJar : add dfsdm
2025-05-06 10:25:18,383 [INFO] IPUIPlugin:80 - create IPUIPlugin
2025-05-06 10:25:18,384 [INFO] PluginManager:220 - loadIPPluginJar : add dma
2025-05-06 10:25:18,388 [INFO] IPUIPlugin:80 - create IPUIPlugin
2025-05-06 10:25:18,388 [INFO] PluginManager:220 - loadIPPluginJar : add dma3
2025-05-06 10:25:18,392 [INFO] IPUIPlugin:80 - create IPUIPlugin
2025-05-06 10:25:18,392 [INFO] PluginManager:220 - loadIPPluginJar : add extmemmanager
2025-05-06 10:25:18,394 [INFO] IPUIPlugin:80 - create IPUIPlugin
2025-05-06 10:25:18,394 [INFO] PluginManager:220 - loadIPPluginJar : add fatfs
2025-05-06 10:25:18,399 [INFO] IPUIPlugin:80 - create IPUIPlugin
2025-05-06 10:25:18,400 [INFO] PluginManager:220 - loadIPPluginJar : add fmc
2025-05-06 10:25:18,406 [INFO] IPUIPlugin:80 - create IPUIPlugin
2025-05-06 10:25:18,406 [INFO] PluginManager:220 - loadIPPluginJar : add freertos
2025-05-06 10:25:18,409 [INFO] IPUIPlugin:80 - create IPUIPlugin
2025-05-06 10:25:18,409 [INFO] PluginManager:220 - loadIPPluginJar : add genericplugin
2025-05-06 10:25:18,413 [INFO] IPUIPlugin:80 - create IPUIPlugin
2025-05-06 10:25:18,413 [INFO] PluginManager:220 - loadIPPluginJar : add gfxmmu
2025-05-06 10:25:18,419 [INFO] IPUIPlugin:80 - create IPUIPlugin
2025-05-06 10:25:18,419 [INFO] PluginManager:220 - loadIPPluginJar : add gic
2025-05-06 10:25:18,423 [INFO] IPUIPlugin:80 - create IPUIPlugin
2025-05-06 10:25:18,423 [INFO] PluginManager:220 - loadIPPluginJar : add gpio
2025-05-06 10:25:18,426 [INFO] IPUIPlugin:80 - create IPUIPlugin
2025-05-06 10:25:18,427 [INFO] PluginManager:220 - loadIPPluginJar : add gtzc
2025-05-06 10:25:18,432 [INFO] IPUIPlugin:80 - create IPUIPlugin
2025-05-06 10:25:18,432 [INFO] PluginManager:220 - loadIPPluginJar : add hash
2025-05-06 10:25:18,435 [INFO] IPUIPlugin:80 - create IPUIPlugin
2025-05-06 10:25:18,435 [INFO] PluginManager:220 - loadIPPluginJar : add i2c
2025-05-06 10:25:18,438 [INFO] IPUIPlugin:80 - create IPUIPlugin
2025-05-06 10:25:18,438 [INFO] PluginManager:220 - loadIPPluginJar : add i2s
2025-05-06 10:25:18,442 [INFO] IPUIPlugin:80 - create IPUIPlugin
2025-05-06 10:25:18,442 [INFO] PluginManager:220 - loadIPPluginJar : add i3c
2025-05-06 10:25:18,446 [INFO] IPUIPlugin:80 - create IPUIPlugin
2025-05-06 10:25:18,446 [INFO] PluginManager:220 - loadIPPluginJar : add ipddr
2025-05-06 10:25:18,454 [INFO] IPUIPlugin:80 - create IPUIPlugin
2025-05-06 10:25:18,454 [INFO] PluginManager:220 - loadIPPluginJar : add linkedlist
2025-05-06 10:25:18,458 [INFO] IPUIPlugin:80 - create IPUIPlugin
2025-05-06 10:25:18,458 [INFO] PluginManager:220 - loadIPPluginJar : add lorawan
2025-05-06 10:25:18,460 [INFO] IPUIPlugin:80 - create IPUIPlugin
2025-05-06 10:25:18,460 [INFO] PluginManager:220 - loadIPPluginJar : add ltdc
2025-05-06 10:25:18,466 [INFO] IPUIPlugin:80 - create IPUIPlugin
2025-05-06 10:25:18,466 [INFO] PluginManager:220 - loadIPPluginJar : add mdma
2025-05-06 10:25:18,471 [INFO] IPUIPlugin:80 - create IPUIPlugin
2025-05-06 10:25:18,471 [INFO] PluginManager:220 - loadIPPluginJar : add nvic
2025-05-06 10:25:18,474 [INFO] IPUIPlugin:80 - create IPUIPlugin
2025-05-06 10:25:18,474 [INFO] PluginManager:220 - loadIPPluginJar : add opamp
2025-05-06 10:25:18,478 [INFO] IPUIPlugin:80 - create IPUIPlugin
2025-05-06 10:25:18,478 [INFO] PluginManager:220 - loadIPPluginJar : add openamp
2025-05-06 10:25:18,482 [INFO] IPUIPlugin:80 - create IPUIPlugin
2025-05-06 10:25:18,482 [INFO] PluginManager:220 - loadIPPluginJar : add pdm2pcm
2025-05-06 10:25:18,489 [INFO] IPUIPlugin:80 - create IPUIPlugin
2025-05-06 10:25:18,491 [INFO] PluginManager:220 - loadIPPluginJar : add plateformsettings
2025-05-06 10:25:18,493 [INFO] IPUIPlugin:80 - create IPUIPlugin
2025-05-06 10:25:18,493 [INFO] PluginManager:220 - loadIPPluginJar : add quadspi
2025-05-06 10:25:18,496 [INFO] IPUIPlugin:80 - create IPUIPlugin
2025-05-06 10:25:18,496 [INFO] PluginManager:220 - loadIPPluginJar : add radio
2025-05-06 10:25:18,502 [INFO] IPUIPlugin:80 - create IPUIPlugin
2025-05-06 10:25:18,502 [INFO] PluginManager:220 - loadIPPluginJar : add resmgrutility
2025-05-06 10:25:18,505 [INFO] IPUIPlugin:80 - create IPUIPlugin
2025-05-06 10:25:18,505 [INFO] PluginManager:220 - loadIPPluginJar : add sai
2025-05-06 10:25:18,508 [INFO] IPUIPlugin:80 - create IPUIPlugin
2025-05-06 10:25:18,508 [INFO] PluginManager:220 - loadIPPluginJar : add spi
2025-05-06 10:25:18,515 [INFO] IPUIPlugin:80 - create IPUIPlugin
2025-05-06 10:25:18,515 [INFO] PluginManager:220 - loadIPPluginJar : add stm32_wpan
2025-05-06 10:25:18,517 [INFO] IPUIPlugin:80 - create IPUIPlugin
2025-05-06 10:25:18,517 [INFO] PluginManager:220 - loadIPPluginJar : add tim
2025-05-06 10:25:18,521 [INFO] IPUIPlugin:80 - create IPUIPlugin
2025-05-06 10:25:18,521 [INFO] PluginManager:220 - loadIPPluginJar : add touchsensing
2025-05-06 10:25:18,524 [INFO] IPUIPlugin:80 - create IPUIPlugin
2025-05-06 10:25:18,524 [INFO] PluginManager:220 - loadIPPluginJar : add tracer_emb
2025-05-06 10:25:18,527 [INFO] IPUIPlugin:80 - create IPUIPlugin
2025-05-06 10:25:18,527 [INFO] PluginManager:220 - loadIPPluginJar : add ts
2025-05-06 10:25:18,529 [INFO] IPUIPlugin:80 - create IPUIPlugin
2025-05-06 10:25:18,530 [INFO] PluginManager:220 - loadIPPluginJar : add tsc
2025-05-06 10:25:18,532 [INFO] IPUIPlugin:80 - create IPUIPlugin
2025-05-06 10:25:18,533 [INFO] PluginManager:220 - loadIPPluginJar : add ucpd
2025-05-06 10:25:18,536 [INFO] IPUIPlugin:80 - create IPUIPlugin
2025-05-06 10:25:18,537 [INFO] PluginManager:220 - loadIPPluginJar : add usart
2025-05-06 10:25:18,543 [INFO] IPUIPlugin:80 - create IPUIPlugin
2025-05-06 10:25:18,543 [INFO] PluginManager:220 - loadIPPluginJar : add usbx
2025-05-06 10:25:18,696 [FATAL] Updater:351 - Updater called before beeing initialized
2025-05-06 10:25:18,720 [INFO] RulesReader:64 - Compatibility file has been processed (301 Rules)
2025-05-06 10:25:18,731 [INFO] RulesReader:64 - Compatibility file has been processed (301 Rules)
2025-05-06 10:25:18,742 [INFO] CADModel:165 - CPN selected for project level
2025-05-06 10:25:18,743 [INFO] CADModel:114 - Register for checkConnection events
2025-05-06 10:25:18,743 [FATAL] Updater:351 - Updater called before beeing initialized
2025-05-06 10:25:18,743 [ERROR] CADModel:125 - Updater not yet initialized, retry later 
2025-05-06 10:25:18,946 [FATAL] Updater:351 - Updater called before beeing initialized
2025-05-06 10:25:18,948 [INFO] CADModel:165 - CPN selected for project level
2025-05-06 10:25:18,948 [INFO] CADModel:114 - Register for checkConnection events
2025-05-06 10:25:18,948 [FATAL] Updater:351 - Updater called before beeing initialized
2025-05-06 10:25:18,948 [ERROR] CADModel:125 - Updater not yet initialized, retry later 
2025-05-06 10:25:18,954 [FATAL] Updater:351 - Updater called before beeing initialized
2025-05-06 10:25:19,090 [FATAL] Updater:351 - Updater called before beeing initialized
2025-05-06 10:25:19,095 [INFO] DbMcusAds:53 - JSON generation date=Thu Mar 06 21:54:22 ICT 2025 (1741272862078)
2025-05-06 10:25:19,096 [FATAL] Updater:351 - Updater called before beeing initialized
2025-05-06 10:25:19,136 [WARN] DetailPanel:346 - Failed to get advertising image, set to default
2025-05-06 10:25:19,358 [FATAL] Updater:351 - Updater called before beeing initialized
2025-05-06 10:25:19,360 [FATAL] Updater:351 - Updater called before beeing initialized
2025-05-06 10:25:19,360 [FATAL] Updater:351 - Updater called before beeing initialized
2025-05-06 10:25:19,360 [WARN] DetailPanel:346 - Failed to get advertising image, set to default
2025-05-06 10:25:19,361 [FATAL] Updater:351 - Updater called before beeing initialized
2025-05-06 10:25:19,410 [ERROR] Updater:1198 - MainUpdater not yet initialized. External WinMGr cannot be set.
2025-05-06 10:25:19,411 [INFO] Updater:1134 - Updater Version found : 6.14.0
2025-05-06 10:25:19,433 [INFO] ApplicationProperties:184 - Using Application install path: C:\ST\STM32CubeIDE_1.18.0\STM32CubeIDE\plugins\com.st.stm32cube.common.mx_6.14.0.202502271554
2025-05-06 10:25:20,835 [INFO] ThirdPartyUpdaterWithRetryManager:70 - Updater plugin not ready yet. [2/15]
2025-05-06 10:25:21,027 [ERROR] LogOutputStream:75 - [STDERR_REDIRECT] May 06, 2025 10:25:21 AM java.util.prefs.WindowsPreferences <init>
2025-05-06 10:25:21,028 [ERROR] LogOutputStream:75 - [STDERR_REDIRECT] WARNING: Could not open/create prefs root node Software\JavaSoft\Prefs at root 0xffffffff80000002. Windows RegCreateKeyEx(...) returned error code 5.
2025-05-06 10:25:21,029 [ERROR] LogOutputStream:75 - [STDERR_REDIRECT] 
2025-05-06 10:25:21,465 [INFO] MainUpdater:2872 - connection check result : 10
2025-05-06 10:25:21,466 [INFO] MainUpdater:289 - Updater Check For Update Now.
2025-05-06 10:25:21,466 [INFO] MicroXplorer:498 - Change Database Version : DB.6.0.140
2025-05-06 10:25:21,472 [INFO] McuFinderGlobals:63 - Set McuFinder mode to 2 (CubeIDE integrated)
2025-05-06 10:25:21,473 [INFO] UserAuth:486 - Internet connection configuration mode: 1
2025-05-06 10:25:21,510 [INFO] JxBrowserEngine:152 - Initiate JxBrowser Engine with user profile folder
2025-05-06 10:25:21,659 [INFO] CheckServerUpdateThread:120 - End of CheckServer Thread
2025-05-06 10:25:22,694 [INFO] WebApp:169 - Instantiating new browser for Auth
2025-05-06 10:25:23,381 [INFO] WebApp:463 - Apply proxy settings
2025-05-06 10:25:23,382 [INFO] WebApp:548 - Chromium requires no authentication
2025-05-06 10:25:23,391 [INFO] WebApp:491 - Direct internet connection detected
2025-05-06 10:25:23,416 [INFO] WebApp:894 - Register for checkConnection events
2025-05-06 10:25:23,416 [INFO] WebApp:463 - Apply proxy settings
2025-05-06 10:25:23,416 [INFO] WebApp:548 - Chromium requires no authentication
2025-05-06 10:25:23,417 [INFO] WebApp:491 - Direct internet connection detected
2025-05-06 10:25:23,602 [INFO] WebApp:191 - Connection restablished
2025-05-06 10:25:23,605 [INFO] WebApp:225 - Starting web application
2025-05-06 10:25:23,605 [INFO] WebApp:593 - Web application path used C:\ST\STM32CubeIDE_1.18.0\STM32CubeIDE\plugins\com.st.stm32cube.common.mx_6.14.0.202502271554\db\plugins\mcufinder\reactClient1\index.html
2025-05-06 10:25:23,745 [INFO] UserAuth:486 - Internet connection configuration mode: 1
2025-05-06 10:25:24,096 [WARN] PackLoader:240 - Cannot read IP mode file for STMicroelectronics.FP-SNS-MOTENVWB1.1.4.0
2025-05-06 10:25:24,106 [WARN] PackLoader:240 - Cannot read IP mode file for STMicroelectronics.FP-ATR-ASTRA1.2.0.2
2025-05-06 10:25:24,117 [WARN] PackLoader:240 - Cannot read IP mode file for STMicroelectronics.X-CUBE-SMBUS.2.1.0
2025-05-06 10:25:24,126 [WARN] PackLoader:240 - Cannot read IP mode file for STMicroelectronics.X-CUBE-WB05N.1.1.0
2025-05-06 10:25:24,166 [WARN] PackLoader:240 - Cannot read IP mode file for STMicroelectronics.X-CUBE-AZRTOS-F7.1.1.0
2025-05-06 10:25:24,177 [WARN] PackLoader:240 - Cannot read IP mode file for STMicroelectronics.FP-SNS-FLIGHT1.5.0.2
2025-05-06 10:25:24,259 [WARN] PackLoader:240 - Cannot read IP mode file for Infineon.AIROC-Wi-Fi-Bluetooth-STM32.1.7.0
2025-05-06 10:25:24,312 [WARN] PackLoader:240 - Cannot read IP mode file for STMicroelectronics.X-CUBE-DISPLAY.3.0.0
2025-05-06 10:25:24,342 [WARN] PackLoader:240 - Cannot read IP mode file for STMicroelectronics.X-CUBE-NFC10.1.0.0
2025-05-06 10:25:24,357 [WARN] PackLoader:240 - Cannot read IP mode file for STMicroelectronics.X-CUBE-BLEMGR.4.0.0
2025-05-06 10:25:24,369 [WARN] PackLoader:240 - Cannot read IP mode file for emotas.I-CUBE-CANOPEN.1.3.0
2025-05-06 10:25:24,377 [WARN] PackLoader:240 - Cannot read IP mode file for STMicroelectronics.X-CUBE-AI.10.0.0
2025-05-06 10:25:24,384 [WARN] PackLoader:240 - Cannot read IP mode file for STMicroelectronics.FP-SNS-SMARTAG2.1.2.0
2025-05-06 10:25:24,390 [WARN] PackLoader:240 - Cannot read IP mode file for STMicroelectronics.FP-SNS-FLIGHT1.5.1.0
2025-05-06 10:25:24,440 [WARN] PackLoader:240 - Cannot read IP mode file for STMicroelectronics.X-CUBE-MEMS1.11.1.0
2025-05-06 10:25:24,579 [INFO] LogOutputStream:77 - [STDOUT_REDIRECT] 1 : Invalid condition id : UX_CORESTACK_Condition cause : null
2025-05-06 10:25:24,580 [INFO] LogOutputStream:77 - [STDOUT_REDIRECT] 1 : Invalid condition id : UX_CORESTACK_Condition cause : null
2025-05-06 10:25:24,581 [INFO] LogOutputStream:77 - [STDOUT_REDIRECT] 1 : Invalid condition id : UX_CORESTACK_Condition cause : null
2025-05-06 10:25:24,583 [INFO] LogOutputStream:77 - [STDOUT_REDIRECT] 1 : Invalid condition id : UX_CORESTACK_Condition cause : null
2025-05-06 10:25:24,584 [INFO] LogOutputStream:77 - [STDOUT_REDIRECT] 1 : Invalid condition id : UX_CORESTACK_Condition cause : null
2025-05-06 10:25:24,587 [WARN] PackLoader:240 - Cannot read IP mode file for STMicroelectronics.X-CUBE-AZRTOS-WL.2.0.0
2025-05-06 10:25:24,595 [WARN] PackLoader:240 - Cannot read IP mode file for STMicroelectronics.FP-SNS-MOTENV1.5.0.0
2025-05-06 10:25:24,606 [WARN] PackLoader:240 - Cannot read IP mode file for WES.I-CUBE-Cesium.1.3.0
2025-05-06 10:25:24,615 [WARN] PackLoader:240 - Cannot read IP mode file for STMicroelectronics.X-CUBE-BLE2.3.3.0
2025-05-06 10:25:24,624 [WARN] PackLoader:240 - Cannot read IP mode file for STMicroelectronics.X-CUBE-NFC9.1.0.0
2025-05-06 10:25:24,633 [WARN] PackLoader:240 - Cannot read IP mode file for STMicroelectronics.X-CUBE-BLE1.7.1.0
2025-05-06 10:25:24,640 [WARN] PackLoader:240 - Cannot read IP mode file for wolfSSL.I-CUBE-wolfMQTT.1.19.2
2025-05-06 10:25:24,688 [WARN] PackLoader:240 - Cannot read IP mode file for STMicroelectronics.X-CUBE-MEMS1.11.2.0
2025-05-06 10:25:24,811 [WARN] PackLoader:240 - Cannot read IP mode file for STMicroelectronics.X-CUBE-AZRTOS-G0.1.1.0
2025-05-06 10:25:24,820 [WARN] PackLoader:240 - Cannot read IP mode file for STMicroelectronics.X-CUBE-SAFEA1.1.2.2
2025-05-06 10:25:24,838 [WARN] PackLoader:240 - Cannot read IP mode file for STMicroelectronics.X-CUBE-NFC4.3.0.0
2025-05-06 10:25:24,874 [WARN] PackLoader:240 - Cannot read IP mode file for EmbeddedOffice.I-CUBE-FS-RTOS.1.0.1
2025-05-06 10:25:24,883 [WARN] PackLoader:240 - Cannot read IP mode file for STMicroelectronics.X-CUBE-WB05N.2.0.0
2025-05-06 10:25:24,891 [WARN] PackLoader:240 - Cannot read IP mode file for wolfSSL.I-CUBE-wolfTPM.3.8.0
2025-05-06 10:25:24,899 [WARN] PackLoader:240 - Cannot read IP mode file for STMicroelectronics.X-CUBE-TCPP.4.2.0
2025-05-06 10:25:24,907 [WARN] PackLoader:240 - Cannot read IP mode file for RealThread.X-CUBE-RT-Thread_Nano.4.1.1
2025-05-06 10:25:24,914 [WARN] PackLoader:240 - Cannot read IP mode file for STMicroelectronics.FP-ATR-SIGFOX1.3.2.0
2025-05-06 10:25:24,920 [WARN] ConditionMgr:438 - getConditionDescription Invalid condition id : Cortex-A Device cause : null
2025-05-06 10:25:24,941 [WARN] ConditionMgr:1044 - genDependencies : Invalid condition id : Cortex-A Device cause : null
2025-05-06 10:25:24,942 [WARN] ConditionMgr:1044 - genDependencies : Invalid condition id : Cortex-A Device cause : null
2025-05-06 10:25:24,942 [WARN] ConditionMgr:1044 - genDependencies : Invalid condition id : Cortex-A Device cause : null
2025-05-06 10:25:24,951 [WARN] PackLoader:240 - Cannot read IP mode file for STMicroelectronics.X-CUBE-EEPRMA1.5.1.0
2025-05-06 10:25:24,959 [WARN] PackLoader:240 - Cannot read IP mode file for wolfSSL.I-CUBE-wolfSSL.5.7.6
2025-05-06 10:25:24,969 [WARN] PackLoader:240 - Cannot read IP mode file for ITTIA_DB.I-CUBE-ITTIADB.8.9.0
2025-05-06 10:25:25,001 [WARN] PackLoader:240 - Cannot read IP mode file for SEGGER.I-CUBE-embOS.1.3.1
2025-05-06 10:25:25,041 [WARN] PackLoader:240 - Cannot read IP mode file for STMicroelectronics.X-CUBE-ALGOBUILD.1.4.0
2025-05-06 10:25:25,060 [WARN] PackLoader:240 - Cannot read IP mode file for STMicroelectronics.X-CUBE-AZRTOS-F4.1.1.0
2025-05-06 10:25:25,087 [WARN] PackLoader:240 - Cannot read IP mode file for Avnet-IotConnect.X-CUBE-IoTC-DA16k-PMOD.1.0.0
2025-05-06 10:25:25,092 [WARN] PackLoader:240 - Cannot read IP mode file for STMicroelectronics.X-CUBE-ISPU.2.1.0
2025-05-06 10:25:25,121 [WARN] PackLoader:240 - Cannot read IP mode file for STMicroelectronics.X-CUBE-AZRTOS-L5.2.0.0
2025-05-06 10:25:25,133 [WARN] PackLoader:240 - Cannot read IP mode file for STMicroelectronics.X-CUBE-NFC6.3.1.0
2025-05-06 10:25:25,141 [WARN] PackLoader:240 - Cannot read IP mode file for STMicroelectronics.X-CUBE-DPower.1.2.0
2025-05-06 10:25:25,148 [WARN] PackLoader:240 - Cannot read IP mode file for STMicroelectronics.X-CUBE-FREERTOS.1.3.0
2025-05-06 10:25:25,154 [WARN] PackLoader:240 - Cannot read IP mode file for STMicroelectronics.X-CUBE-NFC7.1.0.1
2025-05-06 10:25:25,160 [WARN] PackLoader:240 - Cannot read IP mode file for STMicroelectronics.X-CUBE-DPower.1.3.0
2025-05-06 10:25:25,180 [WARN] ConditionMgr:438 - getConditionDescription Invalid condition id : LAN8742 Phy interface Condition cause : null
2025-05-06 10:25:25,181 [WARN] PackLoader:240 - Cannot read IP mode file for STMicroelectronics.X-CUBE-AZRTOS-L4.2.0.0
2025-05-06 10:25:25,182 [WARN] ConditionMgr:1044 - genDependencies : Invalid condition id : LAN8742 Phy interface Condition cause : null
2025-05-06 10:25:25,182 [WARN] ConditionMgr:1044 - genDependencies : Invalid condition id : LAN8742 Phy interface Condition cause : null
2025-05-06 10:25:25,183 [WARN] ConditionMgr:1044 - genDependencies : Invalid condition id : LAN8742 Phy interface Condition cause : null
2025-05-06 10:25:25,192 [WARN] PackLoader:240 - Cannot read IP mode file for STMicroelectronics.X-CUBE-SFXS2LP1.4.0.0
2025-05-06 10:25:25,210 [WARN] PackLoader:240 - Cannot read IP mode file for STMicroelectronics.X-CUBE-AZRTOS-H7.3.3.0
2025-05-06 10:25:25,225 [WARN] ConditionMgr:438 - getConditionDescription Invalid condition id : UX DEVICE CLASS RTOS Condition cause : null
2025-05-06 10:25:25,225 [WARN] ConditionMgr:438 - getConditionDescription Invalid condition id : UX DEVICE CLASS RTOS Condition cause : null
2025-05-06 10:25:25,228 [WARN] PackLoader:240 - Cannot read IP mode file for STMicroelectronics.X-CUBE-AZRTOS-WB.2.0.0
2025-05-06 10:25:25,228 [WARN] ConditionMgr:1044 - genDependencies : Invalid condition id : UX DEVICE CLASS RTOS Condition cause : null
2025-05-06 10:25:25,229 [WARN] ConditionMgr:1044 - genDependencies : Invalid condition id : UX DEVICE CLASS RTOS Condition cause : null
2025-05-06 10:25:25,229 [WARN] ConditionMgr:1044 - genDependencies : Invalid condition id : UX DEVICE CLASS RTOS Condition cause : null
2025-05-06 10:25:25,229 [WARN] ConditionMgr:1044 - genDependencies : Invalid condition id : UX DEVICE CLASS RTOS Condition cause : null
2025-05-06 10:25:25,229 [WARN] ConditionMgr:1044 - genDependencies : Invalid condition id : UX DEVICE CLASS RTOS Condition cause : null
2025-05-06 10:25:25,235 [WARN] PackLoader:240 - Cannot read IP mode file for STMicroelectronics.X-CUBE-GNSS1.7.0.1
2025-05-06 10:25:25,243 [WARN] PackLoader:240 - Cannot read IP mode file for STMicroelectronics.X-CUBE-TOUCHGFX.4.25.0
2025-05-06 10:25:25,249 [WARN] PackLoader:240 - Cannot read IP mode file for STMicroelectronics.FP-SNS-STBOX1.2.0.0
2025-05-06 10:25:25,260 [WARN] PackLoader:240 - Cannot read IP mode file for STMicroelectronics.X-CUBE-SUBG2.5.0.0
2025-05-06 10:25:25,279 [WARN] PackLoader:240 - Cannot read IP mode file for STMicroelectronics.X-CUBE-AZRTOS-H7RS.1.1.0
2025-05-06 10:25:25,286 [WARN] PackLoader:240 - Cannot read IP mode file for Cesanta.I-CUBE-Mongoose.7.13.0
2025-05-06 10:25:25,299 [WARN] PackLoader:240 - Cannot read IP mode file for STMicroelectronics.X-CUBE-AZRTOS-G4.2.0.0
2025-05-06 10:25:25,305 [WARN] PackLoader:240 - Cannot read IP mode file for wolfSSL.I-CUBE-wolfSSH.1.4.20
2025-05-06 10:25:25,309 [WARN] PackLoader:240 - Cannot read IP mode file for STMicroelectronics.X-CUBE-NFC7.2.0.0
2025-05-06 10:25:25,319 [WARN] PackLoader:240 - Cannot read IP mode file for STMicroelectronics.X-CUBE-IPS.3.1.0
2025-05-06 10:25:25,328 [WARN] PackLoader:240 - Cannot read IP mode file for STMicroelectronics.X-CUBE-ALS.1.0.2
2025-05-06 10:25:25,334 [WARN] PackLoader:240 - Cannot read IP mode file for STMicroelectronics.X-CUBE-TOUCHGFX.4.24.2
2025-05-06 10:25:25,342 [WARN] PackLoader:240 - Cannot read IP mode file for portGmbH.I-Cube-SoM-uGOAL.1.1.0
2025-05-06 10:25:25,358 [WARN] PackLoader:240 - Cannot read IP mode file for STMicroelectronics.X-CUBE-AZRTOS-H7RS.1.0.0
2025-05-06 10:25:25,369 [WARN] PackLoader:240 - Cannot read IP mode file for STMicroelectronics.X-CUBE-TOF1.3.4.2
2025-05-06 10:25:25,384 [WARN] PackLoader:240 - Cannot read IP mode file for STMicroelectronics.X-CUBE-TOF1.3.4.3
2025-05-06 10:25:25,392 [INFO] ThirdParty:978 - Integrity check success = true
2025-05-06 10:25:25,393 [INFO] IntegrityCheckThread:100 - exiting critical section [integrity check]
2025-05-06 10:25:25,393 [INFO] IntegrityCheckThread:103 - End integrity checks thread
2025-05-06 11:43:15,325 [ERROR] LogOutputStream:75 - [STDERR_REDIRECT] May 06, 2025 11:43:15 AM org.apache.lucene.internal.vectorization.VectorizationProvider lookup
2025-05-06 11:43:15,328 [ERROR] LogOutputStream:75 - [STDERR_REDIRECT] WARNING: Java vector incubator module is not readable. For optimal vector performance, pass '--add-modules jdk.incubator.vector' to enable Vector API.
2025-05-06 11:43:15,328 [ERROR] LogOutputStream:75 - [STDERR_REDIRECT] 
2025-05-06 12:44:14,294 [INFO] WebApp:194 - Connection lost
2025-05-06 12:44:14,499 [INFO] WebApp:191 - Connection restablished
2025-05-06 12:45:40,615 [INFO] WebApp:194 - Connection lost
2025-05-06 12:45:40,831 [INFO] WebApp:191 - Connection restablished
2025-05-06 13:56:12,545 [INFO] WebApp:194 - Connection lost
2025-05-06 13:56:53,468 [INFO] WebApp:191 - Connection restablished
2025-05-06 13:56:55,615 [INFO] WebApp:194 - Connection lost
2025-05-06 13:56:55,780 [INFO] WebApp:191 - Connection restablished
2025-05-06 13:58:37,128 [INFO] WebApp:194 - Connection lost
2025-05-06 13:58:37,302 [INFO] WebApp:191 - Connection restablished
2025-05-06 17:14:07,000 [ERROR] LogOutputStream:75 - [STDERR_REDIRECT] 
