2025-04-17 01:18:31,402 [ERROR] LogOutputStream:75 - [STDERR_REDIRECT] 
2025-04-17 10:37:30,156 [INFO] Activator:176 - 


2025-04-17 10:37:30,156 [INFO] Activator:177 - !SESSION log4j initialized
2025-04-17 10:37:37,658 [INFO] LogOutputStream:77 - [STDOUT_REDIRECT] 
2025-04-17 10:37:38,542 [INFO] ApplicationProperties:184 - Using Application install path: C:\ST\STM32CubeIDE_1.18.0\STM32CubeIDE\plugins\com.st.stm32cube.common.mx_6.14.0.202502271554
2025-04-17 10:37:38,560 [INFO] DbMcusXml:78 - Set database path to: C:\ST\STM32CubeIDE_1.18.0\STM32CubeIDE\plugins\com.st.stm32cube.common.mx_6.14.0.202502271554\\db\/mcu/
2025-04-17 10:37:38,561 [INFO] ApiDb:274 - Set plugin database path to: C:\ST\STM32CubeIDE_1.18.0\STM32CubeIDE\plugins\com.st.stm32cube.common.mx_6.14.0.202502271554\\db\/plugins/boardmanager/
2025-04-17 10:37:38,562 [WARN] ApiDb:259 - Overriding images path with different value:  => C:\ST\STM32CubeIDE_1.18.0\STM32CubeIDE\plugins\com.st.stm32cube.common.mx_6.14.0.202502271554\\db\/plugins/mcufinder/images/
2025-04-17 10:37:38,569 [INFO] ApiDb:250 - Set database path to: C:\Users\phucv\.stmcufinder\plugins\mcufinder//mcu/
2025-04-17 10:37:38,570 [INFO] DbMcusAds:125 - Set database path to: C:\Users\phucv\.stmcufinder\plugins\mcufinder//mcu/
2025-04-17 10:37:38,572 [INFO] CrossReferenceDbSqlite:203 - Set database path to: C:\Users\phucv\.stmcufinder\plugins\mcufinder//mcu/cs/
2025-04-17 10:37:38,674 [INFO] RulesReader:64 - Compatibility file has been processed (301 Rules)
2025-04-17 10:37:38,746 [INFO] DbMcusXml:78 - Set database path to: C:\ST\STM32CubeIDE_1.18.0\STM32CubeIDE\plugins\com.st.stm32cube.common.mx_6.14.0.202502271554\\db\/mcu/
2025-04-17 10:37:38,746 [INFO] ApiDb:274 - Set plugin database path to: C:\ST\STM32CubeIDE_1.18.0\STM32CubeIDE\plugins\com.st.stm32cube.common.mx_6.14.0.202502271554\\db\/plugins/boardmanager/
2025-04-17 10:37:38,746 [INFO] ApiDb:261 - Set plugin images path to: C:\ST\STM32CubeIDE_1.18.0\STM32CubeIDE\plugins\com.st.stm32cube.common.mx_6.14.0.202502271554\\db\/plugins/mcufinder/images/
2025-04-17 10:37:38,746 [WARN] DbFile:41 - Overriding database path with different value: C:\Users\phucv\.stmcufinder\plugins\mcufinder/ => C:\Users\phucv\.stmcufinder\plugins\mcufinder
2025-04-17 10:37:38,747 [INFO] ApiDb:250 - Set database path to: C:\Users\phucv\.stmcufinder\plugins\mcufinder//mcu/
2025-04-17 10:37:38,747 [WARN] DbFile:41 - Overriding database path with different value: C:\Users\phucv\.stmcufinder\plugins\mcufinder/ => C:\Users\phucv\.stmcufinder\plugins\mcufinder
2025-04-17 10:37:38,747 [INFO] DbMcusAds:125 - Set database path to: C:\Users\phucv\.stmcufinder\plugins\mcufinder//mcu/
2025-04-17 10:37:38,747 [WARN] DbFile:41 - Overriding database path with different value: C:\Users\phucv\.stmcufinder\plugins\mcufinder/ => C:\Users\phucv\.stmcufinder\plugins\mcufinder
2025-04-17 10:37:38,747 [WARN] DbFile:41 - Overriding database path with different value: C:\Users\phucv\.stmcufinder\plugins\mcufinder/ => C:\Users\phucv\.stmcufinder\plugins\mcufinder
2025-04-17 10:37:38,747 [INFO] CrossReferenceDbSqlite:203 - Set database path to: C:\Users\phucv\.stmcufinder\plugins\mcufinder//mcu/cs/
2025-04-17 10:37:38,819 [INFO] MainPanel:272 - HeapMemory: 268435456
2025-04-17 10:37:38,951 [INFO] DbMcusXml:78 - Set database path to: C:\ST\STM32CubeIDE_1.18.0\STM32CubeIDE\plugins\com.st.stm32cube.common.mx_6.14.0.202502271554\\db\/mcu/
2025-04-17 10:37:38,951 [INFO] ApiDb:274 - Set plugin database path to: C:\ST\STM32CubeIDE_1.18.0\STM32CubeIDE\plugins\com.st.stm32cube.common.mx_6.14.0.202502271554\\db\/plugins/boardmanager/
2025-04-17 10:37:38,951 [INFO] ApiDb:261 - Set plugin images path to: C:\ST\STM32CubeIDE_1.18.0\STM32CubeIDE\plugins\com.st.stm32cube.common.mx_6.14.0.202502271554\\db\/plugins/mcufinder/images/
2025-04-17 10:37:38,951 [WARN] DbFile:41 - Overriding database path with different value: C:\Users\phucv\.stmcufinder\plugins\mcufinder/ => C:\Users\phucv\.stmcufinder\plugins\mcufinder
2025-04-17 10:37:38,951 [INFO] ApiDb:250 - Set database path to: C:\Users\phucv\.stmcufinder\plugins\mcufinder//mcu/
2025-04-17 10:37:38,951 [WARN] DbFile:41 - Overriding database path with different value: C:\Users\phucv\.stmcufinder\plugins\mcufinder/ => C:\Users\phucv\.stmcufinder\plugins\mcufinder
2025-04-17 10:37:38,951 [INFO] DbMcusAds:125 - Set database path to: C:\Users\phucv\.stmcufinder\plugins\mcufinder//mcu/
2025-04-17 10:37:38,951 [WARN] DbFile:41 - Overriding database path with different value: C:\Users\phucv\.stmcufinder\plugins\mcufinder/ => C:\Users\phucv\.stmcufinder\plugins\mcufinder
2025-04-17 10:37:38,952 [WARN] DbFile:41 - Overriding database path with different value: C:\Users\phucv\.stmcufinder\plugins\mcufinder/ => C:\Users\phucv\.stmcufinder\plugins\mcufinder
2025-04-17 10:37:38,952 [INFO] CrossReferenceDbSqlite:203 - Set database path to: C:\Users\phucv\.stmcufinder\plugins\mcufinder//mcu/cs/
2025-04-17 10:37:38,972 [INFO] ApplicationProperties:184 - Using Application install path: C:\ST\STM32CubeIDE_1.18.0\STM32CubeIDE\plugins\com.st.stm32cube.common.mx_6.14.0.202502271554
2025-04-17 10:37:38,973 [INFO] PluginManage:196 - Search for loadable plugins [exclusion list=, ]
2025-04-17 10:37:38,974 [INFO] PluginManage:310 - Check plugin analytics
2025-04-17 10:37:39,244 [INFO] AnalyticsPlugin:253 - Accepted Software Licenses: STM32CubeMX.6.14.0
2025-04-17 10:37:39,245 [INFO] AnalyticsPlugin:255 - Accepted CMSIS Pack Licenses: 
2025-04-17 10:37:39,245 [INFO] AnalyticsPlugin:257 - Accepted Firmware Licenses: FW.F4.1.28.0
2025-04-17 10:37:39,247 [INFO] PluginManage:359 - Loaded plugin analytics (category:tool,tabindex:-1)
2025-04-17 10:37:39,248 [INFO] PluginManage:310 - Check plugin cadmodel
2025-04-17 10:37:39,254 [INFO] CADModel:105 - Init CAD model plugin
2025-04-17 10:37:39,254 [INFO] PluginManage:359 - Loaded plugin cadmodel (category:power,tabindex:5)
2025-04-17 10:37:39,255 [INFO] PluginManage:310 - Check plugin clock
2025-04-17 10:37:39,270 [INFO] PluginManage:359 - Loaded plugin clock (category:base,tabindex:2)
2025-04-17 10:37:39,270 [INFO] PluginManage:310 - Check plugin ddr
2025-04-17 10:37:39,272 [INFO] PluginManage:359 - Loaded plugin ddr (category:tool,tabindex:6)
2025-04-17 10:37:39,272 [INFO] PluginManage:310 - Check plugin filemanager
2025-04-17 10:37:39,433 [INFO] PluginManage:359 - Loaded plugin filemanager (category:base,tabindex:10)
2025-04-17 10:37:39,433 [INFO] PluginManage:310 - Check plugin ipmanager
2025-04-17 10:37:39,440 [INFO] PluginManage:359 - Loaded plugin ipmanager (category:base,tabindex:5)
2025-04-17 10:37:39,440 [INFO] PluginManage:310 - Check plugin lpbam
2025-04-17 10:37:39,451 [INFO] PluginManage:359 - Loaded plugin lpbam (category:base,tabindex:0)
2025-04-17 10:37:39,451 [INFO] PluginManage:310 - Check plugin memorymap
2025-04-17 10:37:39,467 [INFO] PluginManage:359 - Loaded plugin memorymap (category:base,tabindex:4)
2025-04-17 10:37:39,469 [INFO] PluginManage:310 - Check plugin pinoutandconfiguration
2025-04-17 10:37:39,479 [INFO] PluginManage:359 - Loaded plugin pinoutandconfiguration (category:base,tabindex:1)
2025-04-17 10:37:39,479 [INFO] PluginManage:310 - Check plugin pinoutconfig
2025-04-17 10:37:39,674 [WARN] SupportedApi:132 - Cannot load RTOS API schema: s4s-elt-must-match.1: The content of 'definitions' must match (annotation?, (simpleType | complexType)?, (unique | key | keyref)*)). A problem was found starting at: attribute.
2025-04-17 10:37:39,816 [INFO] PluginManage:359 - Loaded plugin pinoutconfig (category:base,tabindex:0)
2025-04-17 10:37:39,817 [INFO] PluginManage:310 - Check plugin power
2025-04-17 10:37:39,827 [INFO] PluginManage:359 - Loaded plugin power (category:power,tabindex:4)
2025-04-17 10:37:39,827 [INFO] PluginManage:310 - Check plugin projectmanager
2025-04-17 10:37:39,845 [INFO] PluginManage:359 - Loaded plugin projectmanager (category:projectmanager,tabindex:4)
2025-04-17 10:37:39,845 [INFO] PluginManage:310 - Check plugin rif
2025-04-17 10:37:39,856 [INFO] PluginManage:359 - Loaded plugin rif (category:base,tabindex:3)
2025-04-17 10:37:39,858 [INFO] PluginManage:310 - Check plugin thirdparty
2025-04-17 10:37:40,061 [INFO] PluginManage:359 - Loaded plugin thirdparty (category:base,tabindex:-1)
2025-04-17 10:37:40,061 [WARN] IntegrityCheckThread:84 - waiting for thirdparty lock release [integrity check]
2025-04-17 10:37:40,061 [INFO] PluginManage:310 - Check plugin tools
2025-04-17 10:37:40,061 [INFO] IntegrityCheckThread:86 - entering critical section [integrity check]
2025-04-17 10:37:40,062 [INFO] ThirdPartyUpdaterWithRetryManager:70 - Updater plugin not ready yet. [1/15]
2025-04-17 10:37:40,065 [INFO] PluginManage:359 - Loaded plugin tools (category:base,tabindex:7)
2025-04-17 10:37:40,065 [INFO] PluginManage:310 - Check plugin tutovideos
2025-04-17 10:37:40,278 [INFO] PluginManage:359 - Loaded plugin tutovideos (category:base,tabindex:-1)
2025-04-17 10:37:40,279 [INFO] PluginManage:310 - Check plugin updater
2025-04-17 10:37:40,301 [INFO] PluginManage:359 - Loaded plugin updater (category:base,tabindex:12)
2025-04-17 10:37:40,301 [INFO] PluginManage:310 - Check plugin userauth
2025-04-17 10:37:40,306 [INFO] UserAuth:118 - Init User Auth plugin
2025-04-17 10:37:40,307 [INFO] PluginManage:359 - Loaded plugin userauth (category:base,tabindex:14)
2025-04-17 10:37:40,307 [INFO] PluginManage:283 - PluginManage : Loaded plugins [18]
2025-04-17 10:37:40,636 [INFO] PinOutPanel:1589 - setPackage(No Configuration,No Configuration)
2025-04-17 10:37:40,773 [INFO] CADModel:165 - CPN selected for project level
2025-04-17 10:37:40,773 [INFO] CADModel:114 - Register for checkConnection events
2025-04-17 10:37:40,798 [INFO] IPUIPlugin:80 - create IPUIPlugin
2025-04-17 10:37:40,798 [INFO] PluginManager:220 - loadIPPluginJar : add adc
2025-04-17 10:37:40,802 [INFO] IPUIPlugin:80 - create IPUIPlugin
2025-04-17 10:37:40,802 [INFO] PluginManager:220 - loadIPPluginJar : add aes
2025-04-17 10:37:40,830 [INFO] IPUIPlugin:80 - create IPUIPlugin
2025-04-17 10:37:40,830 [INFO] PluginManager:220 - loadIPPluginJar : add can
2025-04-17 10:37:40,833 [INFO] IPUIPlugin:80 - create IPUIPlugin
2025-04-17 10:37:40,833 [INFO] PluginManager:220 - loadIPPluginJar : add comp
2025-04-17 10:37:40,836 [INFO] IPUIPlugin:80 - create IPUIPlugin
2025-04-17 10:37:40,837 [INFO] PluginManager:220 - loadIPPluginJar : add cryp
2025-04-17 10:37:40,841 [INFO] IPUIPlugin:80 - create IPUIPlugin
2025-04-17 10:37:40,841 [INFO] PluginManager:220 - loadIPPluginJar : add ddr_ctrl_phy
2025-04-17 10:37:40,845 [INFO] IPUIPlugin:80 - create IPUIPlugin
2025-04-17 10:37:40,845 [INFO] PluginManager:220 - loadIPPluginJar : add dfsdm
2025-04-17 10:37:40,852 [INFO] IPUIPlugin:80 - create IPUIPlugin
2025-04-17 10:37:40,853 [INFO] PluginManager:220 - loadIPPluginJar : add dma
2025-04-17 10:37:40,857 [INFO] IPUIPlugin:80 - create IPUIPlugin
2025-04-17 10:37:40,858 [INFO] PluginManager:220 - loadIPPluginJar : add dma3
2025-04-17 10:37:40,865 [INFO] IPUIPlugin:80 - create IPUIPlugin
2025-04-17 10:37:40,865 [INFO] PluginManager:220 - loadIPPluginJar : add extmemmanager
2025-04-17 10:37:40,868 [INFO] IPUIPlugin:80 - create IPUIPlugin
2025-04-17 10:37:40,868 [INFO] PluginManager:220 - loadIPPluginJar : add fatfs
2025-04-17 10:37:40,887 [INFO] IPUIPlugin:80 - create IPUIPlugin
2025-04-17 10:37:40,888 [INFO] PluginManager:220 - loadIPPluginJar : add fmc
2025-04-17 10:37:41,113 [INFO] IPUIPlugin:80 - create IPUIPlugin
2025-04-17 10:37:41,113 [INFO] PluginManager:220 - loadIPPluginJar : add freertos
2025-04-17 10:37:41,150 [INFO] IPUIPlugin:80 - create IPUIPlugin
2025-04-17 10:37:41,150 [INFO] PluginManager:220 - loadIPPluginJar : add genericplugin
2025-04-17 10:37:41,236 [INFO] IPUIPlugin:80 - create IPUIPlugin
2025-04-17 10:37:41,236 [INFO] PluginManager:220 - loadIPPluginJar : add gfxmmu
2025-04-17 10:37:41,240 [INFO] IPUIPlugin:80 - create IPUIPlugin
2025-04-17 10:37:41,242 [INFO] PluginManager:220 - loadIPPluginJar : add gic
2025-04-17 10:37:41,261 [INFO] IPUIPlugin:80 - create IPUIPlugin
2025-04-17 10:37:41,261 [INFO] PluginManager:220 - loadIPPluginJar : add gpio
2025-04-17 10:37:41,264 [INFO] IPUIPlugin:80 - create IPUIPlugin
2025-04-17 10:37:41,264 [INFO] PluginManager:220 - loadIPPluginJar : add gtzc
2025-04-17 10:37:41,267 [INFO] IPUIPlugin:80 - create IPUIPlugin
2025-04-17 10:37:41,267 [INFO] PluginManager:220 - loadIPPluginJar : add hash
2025-04-17 10:37:41,270 [INFO] IPUIPlugin:80 - create IPUIPlugin
2025-04-17 10:37:41,271 [INFO] PluginManager:220 - loadIPPluginJar : add i2c
2025-04-17 10:37:41,273 [INFO] IPUIPlugin:80 - create IPUIPlugin
2025-04-17 10:37:41,274 [INFO] PluginManager:220 - loadIPPluginJar : add i2s
2025-04-17 10:37:41,278 [INFO] IPUIPlugin:80 - create IPUIPlugin
2025-04-17 10:37:41,278 [INFO] PluginManager:220 - loadIPPluginJar : add i3c
2025-04-17 10:37:41,282 [INFO] IPUIPlugin:80 - create IPUIPlugin
2025-04-17 10:37:41,282 [INFO] PluginManager:220 - loadIPPluginJar : add ipddr
2025-04-17 10:37:41,290 [INFO] IPUIPlugin:80 - create IPUIPlugin
2025-04-17 10:37:41,290 [INFO] PluginManager:220 - loadIPPluginJar : add linkedlist
2025-04-17 10:37:41,294 [INFO] IPUIPlugin:80 - create IPUIPlugin
2025-04-17 10:37:41,294 [INFO] PluginManager:220 - loadIPPluginJar : add lorawan
2025-04-17 10:37:41,296 [INFO] IPUIPlugin:80 - create IPUIPlugin
2025-04-17 10:37:41,296 [INFO] PluginManager:220 - loadIPPluginJar : add ltdc
2025-04-17 10:37:41,303 [INFO] IPUIPlugin:80 - create IPUIPlugin
2025-04-17 10:37:41,303 [INFO] PluginManager:220 - loadIPPluginJar : add mdma
2025-04-17 10:37:41,307 [INFO] IPUIPlugin:80 - create IPUIPlugin
2025-04-17 10:37:41,307 [INFO] PluginManager:220 - loadIPPluginJar : add nvic
2025-04-17 10:37:41,310 [INFO] IPUIPlugin:80 - create IPUIPlugin
2025-04-17 10:37:41,310 [INFO] PluginManager:220 - loadIPPluginJar : add opamp
2025-04-17 10:37:41,314 [INFO] IPUIPlugin:80 - create IPUIPlugin
2025-04-17 10:37:41,314 [INFO] PluginManager:220 - loadIPPluginJar : add openamp
2025-04-17 10:37:41,317 [INFO] IPUIPlugin:80 - create IPUIPlugin
2025-04-17 10:37:41,317 [INFO] PluginManager:220 - loadIPPluginJar : add pdm2pcm
2025-04-17 10:37:41,324 [INFO] IPUIPlugin:80 - create IPUIPlugin
2025-04-17 10:37:41,326 [INFO] PluginManager:220 - loadIPPluginJar : add plateformsettings
2025-04-17 10:37:41,328 [INFO] IPUIPlugin:80 - create IPUIPlugin
2025-04-17 10:37:41,328 [INFO] PluginManager:220 - loadIPPluginJar : add quadspi
2025-04-17 10:37:41,330 [INFO] IPUIPlugin:80 - create IPUIPlugin
2025-04-17 10:37:41,331 [INFO] PluginManager:220 - loadIPPluginJar : add radio
2025-04-17 10:37:41,336 [INFO] IPUIPlugin:80 - create IPUIPlugin
2025-04-17 10:37:41,337 [INFO] PluginManager:220 - loadIPPluginJar : add resmgrutility
2025-04-17 10:37:41,340 [INFO] IPUIPlugin:80 - create IPUIPlugin
2025-04-17 10:37:41,340 [INFO] PluginManager:220 - loadIPPluginJar : add sai
2025-04-17 10:37:41,343 [INFO] IPUIPlugin:80 - create IPUIPlugin
2025-04-17 10:37:41,343 [INFO] PluginManager:220 - loadIPPluginJar : add spi
2025-04-17 10:37:41,350 [INFO] IPUIPlugin:80 - create IPUIPlugin
2025-04-17 10:37:41,350 [INFO] PluginManager:220 - loadIPPluginJar : add stm32_wpan
2025-04-17 10:37:41,354 [INFO] IPUIPlugin:80 - create IPUIPlugin
2025-04-17 10:37:41,354 [INFO] PluginManager:220 - loadIPPluginJar : add tim
2025-04-17 10:37:41,358 [INFO] IPUIPlugin:80 - create IPUIPlugin
2025-04-17 10:37:41,358 [INFO] PluginManager:220 - loadIPPluginJar : add touchsensing
2025-04-17 10:37:41,361 [INFO] IPUIPlugin:80 - create IPUIPlugin
2025-04-17 10:37:41,361 [INFO] PluginManager:220 - loadIPPluginJar : add tracer_emb
2025-04-17 10:37:41,363 [INFO] IPUIPlugin:80 - create IPUIPlugin
2025-04-17 10:37:41,363 [INFO] PluginManager:220 - loadIPPluginJar : add ts
2025-04-17 10:37:41,366 [INFO] IPUIPlugin:80 - create IPUIPlugin
2025-04-17 10:37:41,366 [INFO] PluginManager:220 - loadIPPluginJar : add tsc
2025-04-17 10:37:41,369 [INFO] IPUIPlugin:80 - create IPUIPlugin
2025-04-17 10:37:41,369 [INFO] PluginManager:220 - loadIPPluginJar : add ucpd
2025-04-17 10:37:41,372 [INFO] IPUIPlugin:80 - create IPUIPlugin
2025-04-17 10:37:41,372 [INFO] PluginManager:220 - loadIPPluginJar : add usart
2025-04-17 10:37:41,376 [INFO] IPUIPlugin:80 - create IPUIPlugin
2025-04-17 10:37:41,376 [INFO] PluginManager:220 - loadIPPluginJar : add usbx
2025-04-17 10:37:41,546 [FATAL] Updater:351 - Updater called before beeing initialized
2025-04-17 10:37:41,573 [INFO] RulesReader:64 - Compatibility file has been processed (301 Rules)
2025-04-17 10:37:41,587 [INFO] RulesReader:64 - Compatibility file has been processed (301 Rules)
2025-04-17 10:37:41,605 [INFO] CADModel:165 - CPN selected for project level
2025-04-17 10:37:41,605 [INFO] CADModel:114 - Register for checkConnection events
2025-04-17 10:37:41,605 [FATAL] Updater:351 - Updater called before beeing initialized
2025-04-17 10:37:41,606 [ERROR] CADModel:125 - Updater not yet initialized, retry later 
2025-04-17 10:37:41,916 [FATAL] Updater:351 - Updater called before beeing initialized
2025-04-17 10:37:41,922 [INFO] CADModel:165 - CPN selected for project level
2025-04-17 10:37:41,923 [INFO] CADModel:114 - Register for checkConnection events
2025-04-17 10:37:41,923 [FATAL] Updater:351 - Updater called before beeing initialized
2025-04-17 10:37:41,923 [ERROR] CADModel:125 - Updater not yet initialized, retry later 
2025-04-17 10:37:41,931 [FATAL] Updater:351 - Updater called before beeing initialized
2025-04-17 10:37:42,084 [FATAL] Updater:351 - Updater called before beeing initialized
2025-04-17 10:37:42,090 [INFO] DbMcusAds:53 - JSON generation date=Thu Mar 06 21:54:22 ICT 2025 (1741272862078)
2025-04-17 10:37:42,091 [FATAL] Updater:351 - Updater called before beeing initialized
2025-04-17 10:37:42,128 [WARN] DetailPanel:346 - Failed to get advertising image, set to default
2025-04-17 10:37:42,524 [FATAL] Updater:351 - Updater called before beeing initialized
2025-04-17 10:37:42,526 [FATAL] Updater:351 - Updater called before beeing initialized
2025-04-17 10:37:42,526 [FATAL] Updater:351 - Updater called before beeing initialized
2025-04-17 10:37:42,526 [WARN] DetailPanel:346 - Failed to get advertising image, set to default
2025-04-17 10:37:42,527 [FATAL] Updater:351 - Updater called before beeing initialized
2025-04-17 10:37:42,583 [ERROR] Updater:1198 - MainUpdater not yet initialized. External WinMGr cannot be set.
2025-04-17 10:37:42,585 [INFO] Updater:1134 - Updater Version found : 6.14.0
2025-04-17 10:37:42,609 [INFO] ApplicationProperties:184 - Using Application install path: C:\ST\STM32CubeIDE_1.18.0\STM32CubeIDE\plugins\com.st.stm32cube.common.mx_6.14.0.202502271554
2025-04-17 10:37:43,063 [INFO] ThirdPartyUpdaterWithRetryManager:70 - Updater plugin not ready yet. [2/15]
2025-04-17 10:37:44,211 [ERROR] LogOutputStream:75 - [STDERR_REDIRECT] Apr 17, 2025 10:37:44 AM java.util.prefs.WindowsPreferences <init>
2025-04-17 10:37:44,212 [ERROR] LogOutputStream:75 - [STDERR_REDIRECT] WARNING: Could not open/create prefs root node Software\JavaSoft\Prefs at root 0xffffffff80000002. Windows RegCreateKeyEx(...) returned error code 5.
2025-04-17 10:37:44,213 [ERROR] LogOutputStream:75 - [STDERR_REDIRECT] 
2025-04-17 10:37:44,787 [INFO] MainUpdater:2872 - connection check result : 10
2025-04-17 10:37:44,788 [INFO] MainUpdater:289 - Updater Check For Update Now.
2025-04-17 10:37:44,789 [INFO] MicroXplorer:498 - Change Database Version : DB.6.0.140
2025-04-17 10:37:44,796 [INFO] McuFinderGlobals:63 - Set McuFinder mode to 2 (CubeIDE integrated)
2025-04-17 10:37:44,798 [INFO] UserAuth:486 - Internet connection configuration mode: 1
2025-04-17 10:37:44,839 [INFO] JxBrowserEngine:152 - Initiate JxBrowser Engine with user profile folder
2025-04-17 10:37:45,040 [INFO] CheckServerUpdateThread:120 - End of CheckServer Thread
2025-04-17 10:37:46,941 [WARN] PackLoader:240 - Cannot read IP mode file for STMicroelectronics.FP-SNS-MOTENVWB1.1.4.0
2025-04-17 10:37:46,988 [WARN] PackLoader:240 - Cannot read IP mode file for STMicroelectronics.FP-ATR-ASTRA1.2.0.2
2025-04-17 10:37:47,031 [WARN] PackLoader:240 - Cannot read IP mode file for STMicroelectronics.X-CUBE-SMBUS.2.1.0
2025-04-17 10:37:47,063 [WARN] PackLoader:240 - Cannot read IP mode file for STMicroelectronics.X-CUBE-WB05N.1.1.0
2025-04-17 10:37:47,113 [WARN] PackLoader:240 - Cannot read IP mode file for STMicroelectronics.X-CUBE-AZRTOS-F7.1.1.0
2025-04-17 10:37:47,122 [WARN] PackLoader:240 - Cannot read IP mode file for STMicroelectronics.FP-SNS-FLIGHT1.5.0.2
2025-04-17 10:37:47,145 [WARN] PackLoader:240 - Cannot read IP mode file for Infineon.AIROC-Wi-Fi-Bluetooth-STM32.1.7.0
2025-04-17 10:37:47,158 [WARN] PackLoader:240 - Cannot read IP mode file for STMicroelectronics.X-CUBE-DISPLAY.3.0.0
2025-04-17 10:37:47,170 [WARN] PackLoader:240 - Cannot read IP mode file for STMicroelectronics.X-CUBE-NFC10.1.0.0
2025-04-17 10:37:47,182 [WARN] PackLoader:240 - Cannot read IP mode file for STMicroelectronics.X-CUBE-BLEMGR.4.0.0
2025-04-17 10:37:47,191 [WARN] PackLoader:240 - Cannot read IP mode file for emotas.I-CUBE-CANOPEN.1.3.0
2025-04-17 10:37:47,199 [WARN] PackLoader:240 - Cannot read IP mode file for STMicroelectronics.X-CUBE-AI.10.0.0
2025-04-17 10:37:47,206 [WARN] PackLoader:240 - Cannot read IP mode file for STMicroelectronics.FP-SNS-SMARTAG2.1.2.0
2025-04-17 10:37:47,211 [WARN] PackLoader:240 - Cannot read IP mode file for STMicroelectronics.FP-SNS-FLIGHT1.5.1.0
2025-04-17 10:37:47,277 [WARN] PackLoader:240 - Cannot read IP mode file for STMicroelectronics.X-CUBE-MEMS1.11.1.0
2025-04-17 10:37:47,369 [INFO] WebApp:169 - Instantiating new browser for Auth
2025-04-17 10:37:47,502 [INFO] LogOutputStream:77 - [STDOUT_REDIRECT] 1 : Invalid condition id : UX_CORESTACK_Condition cause : null
2025-04-17 10:37:47,503 [INFO] LogOutputStream:77 - [STDOUT_REDIRECT] 1 : Invalid condition id : UX_CORESTACK_Condition cause : null
2025-04-17 10:37:47,504 [INFO] LogOutputStream:77 - [STDOUT_REDIRECT] 1 : Invalid condition id : UX_CORESTACK_Condition cause : null
2025-04-17 10:37:47,505 [INFO] LogOutputStream:77 - [STDOUT_REDIRECT] 1 : Invalid condition id : UX_CORESTACK_Condition cause : null
2025-04-17 10:37:47,506 [INFO] LogOutputStream:77 - [STDOUT_REDIRECT] 1 : Invalid condition id : UX_CORESTACK_Condition cause : null
2025-04-17 10:37:47,511 [WARN] PackLoader:240 - Cannot read IP mode file for STMicroelectronics.X-CUBE-AZRTOS-WL.2.0.0
2025-04-17 10:37:47,546 [WARN] PackLoader:240 - Cannot read IP mode file for STMicroelectronics.FP-SNS-MOTENV1.5.0.0
2025-04-17 10:37:47,616 [WARN] PackLoader:240 - Cannot read IP mode file for WES.I-CUBE-Cesium.1.3.0
2025-04-17 10:37:47,658 [WARN] PackLoader:240 - Cannot read IP mode file for STMicroelectronics.X-CUBE-BLE2.3.3.0
2025-04-17 10:37:47,687 [WARN] PackLoader:240 - Cannot read IP mode file for STMicroelectronics.X-CUBE-NFC9.1.0.0
2025-04-17 10:37:47,718 [WARN] PackLoader:240 - Cannot read IP mode file for STMicroelectronics.X-CUBE-BLE1.7.1.0
2025-04-17 10:37:47,746 [WARN] PackLoader:240 - Cannot read IP mode file for wolfSSL.I-CUBE-wolfMQTT.1.19.2
2025-04-17 10:37:47,946 [WARN] PackLoader:240 - Cannot read IP mode file for STMicroelectronics.X-CUBE-AZRTOS-G0.1.1.0
2025-04-17 10:37:48,015 [WARN] PackLoader:240 - Cannot read IP mode file for STMicroelectronics.X-CUBE-SAFEA1.1.2.2
2025-04-17 10:37:48,046 [WARN] PackLoader:240 - Cannot read IP mode file for STMicroelectronics.X-CUBE-NFC4.3.0.0
2025-04-17 10:37:48,077 [WARN] PackLoader:240 - Cannot read IP mode file for EmbeddedOffice.I-CUBE-FS-RTOS.1.0.1
2025-04-17 10:37:48,088 [WARN] PackLoader:240 - Cannot read IP mode file for wolfSSL.I-CUBE-wolfTPM.3.8.0
2025-04-17 10:37:48,118 [WARN] PackLoader:240 - Cannot read IP mode file for STMicroelectronics.X-CUBE-TCPP.4.2.0
2025-04-17 10:37:48,148 [WARN] PackLoader:240 - Cannot read IP mode file for RealThread.X-CUBE-RT-Thread_Nano.4.1.1
2025-04-17 10:37:48,167 [WARN] PackLoader:240 - Cannot read IP mode file for STMicroelectronics.FP-ATR-SIGFOX1.3.2.0
2025-04-17 10:37:48,184 [WARN] ConditionMgr:438 - getConditionDescription Invalid condition id : Cortex-A Device cause : null
2025-04-17 10:37:48,286 [WARN] ConditionMgr:1044 - genDependencies : Invalid condition id : Cortex-A Device cause : null
2025-04-17 10:37:48,286 [WARN] ConditionMgr:1044 - genDependencies : Invalid condition id : Cortex-A Device cause : null
2025-04-17 10:37:48,286 [WARN] ConditionMgr:1044 - genDependencies : Invalid condition id : Cortex-A Device cause : null
2025-04-17 10:37:48,291 [WARN] PackLoader:240 - Cannot read IP mode file for STMicroelectronics.X-CUBE-EEPRMA1.5.1.0
2025-04-17 10:37:48,298 [WARN] PackLoader:240 - Cannot read IP mode file for wolfSSL.I-CUBE-wolfSSL.5.7.6
2025-04-17 10:37:48,306 [WARN] PackLoader:240 - Cannot read IP mode file for ITTIA_DB.I-CUBE-ITTIADB.8.9.0
2025-04-17 10:37:48,335 [WARN] PackLoader:240 - Cannot read IP mode file for SEGGER.I-CUBE-embOS.1.3.1
2025-04-17 10:37:48,369 [WARN] PackLoader:240 - Cannot read IP mode file for STMicroelectronics.X-CUBE-ALGOBUILD.1.4.0
2025-04-17 10:37:48,387 [WARN] PackLoader:240 - Cannot read IP mode file for STMicroelectronics.X-CUBE-AZRTOS-F4.1.1.0
2025-04-17 10:37:48,394 [WARN] PackLoader:240 - Cannot read IP mode file for STMicroelectronics.X-CUBE-ISPU.2.1.0
2025-04-17 10:37:48,413 [WARN] PackLoader:240 - Cannot read IP mode file for STMicroelectronics.X-CUBE-AZRTOS-L5.2.0.0
2025-04-17 10:37:48,424 [WARN] PackLoader:240 - Cannot read IP mode file for STMicroelectronics.X-CUBE-NFC6.3.1.0
2025-04-17 10:37:48,434 [WARN] PackLoader:240 - Cannot read IP mode file for STMicroelectronics.X-CUBE-DPower.1.2.0
2025-04-17 10:37:48,442 [WARN] PackLoader:240 - Cannot read IP mode file for STMicroelectronics.X-CUBE-FREERTOS.1.3.0
2025-04-17 10:37:48,449 [WARN] PackLoader:240 - Cannot read IP mode file for STMicroelectronics.X-CUBE-NFC7.1.0.1
2025-04-17 10:37:48,465 [WARN] ConditionMgr:438 - getConditionDescription Invalid condition id : LAN8742 Phy interface Condition cause : null
2025-04-17 10:37:48,466 [WARN] PackLoader:240 - Cannot read IP mode file for STMicroelectronics.X-CUBE-AZRTOS-L4.2.0.0
2025-04-17 10:37:48,468 [WARN] ConditionMgr:1044 - genDependencies : Invalid condition id : LAN8742 Phy interface Condition cause : null
2025-04-17 10:37:48,469 [WARN] ConditionMgr:1044 - genDependencies : Invalid condition id : LAN8742 Phy interface Condition cause : null
2025-04-17 10:37:48,477 [WARN] ConditionMgr:1044 - genDependencies : Invalid condition id : LAN8742 Phy interface Condition cause : null
2025-04-17 10:37:48,490 [WARN] PackLoader:240 - Cannot read IP mode file for STMicroelectronics.X-CUBE-SFXS2LP1.4.0.0
2025-04-17 10:37:48,540 [WARN] PackLoader:240 - Cannot read IP mode file for STMicroelectronics.X-CUBE-AZRTOS-H7.3.3.0
2025-04-17 10:37:48,559 [WARN] ConditionMgr:438 - getConditionDescription Invalid condition id : UX DEVICE CLASS RTOS Condition cause : null
2025-04-17 10:37:48,559 [WARN] ConditionMgr:438 - getConditionDescription Invalid condition id : UX DEVICE CLASS RTOS Condition cause : null
2025-04-17 10:37:48,564 [WARN] PackLoader:240 - Cannot read IP mode file for STMicroelectronics.X-CUBE-AZRTOS-WB.2.0.0
2025-04-17 10:37:48,565 [WARN] ConditionMgr:1044 - genDependencies : Invalid condition id : UX DEVICE CLASS RTOS Condition cause : null
2025-04-17 10:37:48,565 [WARN] ConditionMgr:1044 - genDependencies : Invalid condition id : UX DEVICE CLASS RTOS Condition cause : null
2025-04-17 10:37:48,566 [WARN] ConditionMgr:1044 - genDependencies : Invalid condition id : UX DEVICE CLASS RTOS Condition cause : null
2025-04-17 10:37:48,566 [WARN] ConditionMgr:1044 - genDependencies : Invalid condition id : UX DEVICE CLASS RTOS Condition cause : null
2025-04-17 10:37:48,566 [WARN] ConditionMgr:1044 - genDependencies : Invalid condition id : UX DEVICE CLASS RTOS Condition cause : null
2025-04-17 10:37:48,577 [WARN] PackLoader:240 - Cannot read IP mode file for STMicroelectronics.X-CUBE-GNSS1.7.0.1
2025-04-17 10:37:48,591 [WARN] PackLoader:240 - Cannot read IP mode file for STMicroelectronics.X-CUBE-TOUCHGFX.4.25.0
2025-04-17 10:37:48,600 [WARN] PackLoader:240 - Cannot read IP mode file for STMicroelectronics.FP-SNS-STBOX1.2.0.0
2025-04-17 10:37:48,618 [WARN] PackLoader:240 - Cannot read IP mode file for STMicroelectronics.X-CUBE-SUBG2.5.0.0
2025-04-17 10:37:48,656 [WARN] PackLoader:240 - Cannot read IP mode file for STMicroelectronics.X-CUBE-AZRTOS-H7RS.1.1.0
2025-04-17 10:37:48,665 [WARN] PackLoader:240 - Cannot read IP mode file for Cesanta.I-CUBE-Mongoose.7.13.0
2025-04-17 10:37:48,679 [WARN] PackLoader:240 - Cannot read IP mode file for STMicroelectronics.X-CUBE-AZRTOS-G4.2.0.0
2025-04-17 10:37:48,701 [WARN] PackLoader:240 - Cannot read IP mode file for wolfSSL.I-CUBE-wolfSSH.1.4.20
2025-04-17 10:37:48,717 [WARN] PackLoader:240 - Cannot read IP mode file for STMicroelectronics.X-CUBE-IPS.3.1.0
2025-04-17 10:37:48,733 [WARN] PackLoader:240 - Cannot read IP mode file for STMicroelectronics.X-CUBE-ALS.1.0.2
2025-04-17 10:37:48,739 [WARN] PackLoader:240 - Cannot read IP mode file for STMicroelectronics.X-CUBE-TOUCHGFX.4.24.2
2025-04-17 10:37:48,748 [WARN] PackLoader:240 - Cannot read IP mode file for portGmbH.I-Cube-SoM-uGOAL.1.1.0
2025-04-17 10:37:48,770 [WARN] PackLoader:240 - Cannot read IP mode file for STMicroelectronics.X-CUBE-AZRTOS-H7RS.1.0.0
2025-04-17 10:37:48,802 [WARN] PackLoader:240 - Cannot read IP mode file for STMicroelectronics.X-CUBE-TOF1.3.4.2
2025-04-17 10:37:48,813 [INFO] ThirdParty:978 - Integrity check success = true
2025-04-17 10:37:48,813 [INFO] IntegrityCheckThread:100 - exiting critical section [integrity check]
2025-04-17 10:37:48,813 [INFO] IntegrityCheckThread:103 - End integrity checks thread
2025-04-17 10:37:49,548 [INFO] WebApp:463 - Apply proxy settings
2025-04-17 10:37:49,552 [INFO] WebApp:548 - Chromium requires no authentication
2025-04-17 10:37:49,563 [INFO] WebApp:491 - Direct internet connection detected
2025-04-17 10:37:49,594 [INFO] WebApp:894 - Register for checkConnection events
2025-04-17 10:37:49,594 [INFO] WebApp:463 - Apply proxy settings
2025-04-17 10:37:49,594 [INFO] WebApp:548 - Chromium requires no authentication
2025-04-17 10:37:49,595 [INFO] WebApp:491 - Direct internet connection detected
2025-04-17 10:37:49,781 [INFO] WebApp:225 - Starting web application
2025-04-17 10:37:49,781 [INFO] WebApp:593 - Web application path used C:\ST\STM32CubeIDE_1.18.0\STM32CubeIDE\plugins\com.st.stm32cube.common.mx_6.14.0.202502271554\db\plugins\mcufinder\reactClient1\index.html
2025-04-17 10:37:49,921 [INFO] UserAuth:486 - Internet connection configuration mode: 1
2025-04-17 10:37:50,208 [INFO] WebApp:191 - Connection restablished
2025-04-17 10:38:25,029 [INFO] WebApp:194 - Connection lost
2025-04-17 10:38:25,225 [INFO] WebApp:191 - Connection restablished
2025-04-17 12:08:28,814 [ERROR] LogOutputStream:75 - [STDERR_REDIRECT] 
2025-04-17 12:08:28,821 [ERROR] LogOutputStream:75 - [STDERR_REDIRECT] 
