2025-05-05 14:06:55,695 [INFO] Activator:176 - 


2025-05-05 14:06:55,700 [INFO] Activator:177 - !SESSION log4j initialized
2025-05-05 14:07:01,610 [INFO] LogOutputStream:77 - [STDOUT_REDIRECT] 
2025-05-05 14:07:03,022 [INFO] ApplicationProperties:184 - Using Application install path: C:\ST\STM32CubeIDE_1.18.0\STM32CubeIDE\plugins\com.st.stm32cube.common.mx_6.14.0.202502271554
2025-05-05 14:07:03,047 [INFO] DbMcusXml:78 - Set database path to: C:\ST\STM32CubeIDE_1.18.0\STM32CubeIDE\plugins\com.st.stm32cube.common.mx_6.14.0.202502271554\\db\/mcu/
2025-05-05 14:07:03,048 [INFO] ApiDb:274 - Set plugin database path to: C:\ST\STM32CubeIDE_1.18.0\STM32CubeIDE\plugins\com.st.stm32cube.common.mx_6.14.0.202502271554\\db\/plugins/boardmanager/
2025-05-05 14:07:03,048 [WARN] ApiDb:259 - Overriding images path with different value:  => C:\ST\STM32CubeIDE_1.18.0\STM32CubeIDE\plugins\com.st.stm32cube.common.mx_6.14.0.202502271554\\db\/plugins/mcufinder/images/
2025-05-05 14:07:03,055 [INFO] ApiDb:250 - Set database path to: C:\Users\phucv\.stmcufinder\plugins\mcufinder//mcu/
2025-05-05 14:07:03,056 [INFO] DbMcusAds:125 - Set database path to: C:\Users\phucv\.stmcufinder\plugins\mcufinder//mcu/
2025-05-05 14:07:03,578 [INFO] CrossReferenceDbSqlite:203 - Set database path to: C:\Users\phucv\.stmcufinder\plugins\mcufinder//mcu/cs/
2025-05-05 14:07:03,675 [INFO] RulesReader:64 - Compatibility file has been processed (301 Rules)
2025-05-05 14:07:03,755 [INFO] DbMcusXml:78 - Set database path to: C:\ST\STM32CubeIDE_1.18.0\STM32CubeIDE\plugins\com.st.stm32cube.common.mx_6.14.0.202502271554\\db\/mcu/
2025-05-05 14:07:03,755 [INFO] ApiDb:274 - Set plugin database path to: C:\ST\STM32CubeIDE_1.18.0\STM32CubeIDE\plugins\com.st.stm32cube.common.mx_6.14.0.202502271554\\db\/plugins/boardmanager/
2025-05-05 14:07:03,756 [INFO] ApiDb:261 - Set plugin images path to: C:\ST\STM32CubeIDE_1.18.0\STM32CubeIDE\plugins\com.st.stm32cube.common.mx_6.14.0.202502271554\\db\/plugins/mcufinder/images/
2025-05-05 14:07:03,756 [WARN] DbFile:41 - Overriding database path with different value: C:\Users\phucv\.stmcufinder\plugins\mcufinder/ => C:\Users\phucv\.stmcufinder\plugins\mcufinder
2025-05-05 14:07:03,756 [INFO] ApiDb:250 - Set database path to: C:\Users\phucv\.stmcufinder\plugins\mcufinder//mcu/
2025-05-05 14:07:03,756 [WARN] DbFile:41 - Overriding database path with different value: C:\Users\phucv\.stmcufinder\plugins\mcufinder/ => C:\Users\phucv\.stmcufinder\plugins\mcufinder
2025-05-05 14:07:03,756 [INFO] DbMcusAds:125 - Set database path to: C:\Users\phucv\.stmcufinder\plugins\mcufinder//mcu/
2025-05-05 14:07:03,756 [WARN] DbFile:41 - Overriding database path with different value: C:\Users\phucv\.stmcufinder\plugins\mcufinder/ => C:\Users\phucv\.stmcufinder\plugins\mcufinder
2025-05-05 14:07:03,756 [WARN] DbFile:41 - Overriding database path with different value: C:\Users\phucv\.stmcufinder\plugins\mcufinder/ => C:\Users\phucv\.stmcufinder\plugins\mcufinder
2025-05-05 14:07:04,577 [INFO] CrossReferenceDbSqlite:203 - Set database path to: C:\Users\phucv\.stmcufinder\plugins\mcufinder//mcu/cs/
2025-05-05 14:07:04,650 [INFO] MainPanel:272 - HeapMemory: 268435456
2025-05-05 14:07:04,748 [INFO] DbMcusXml:78 - Set database path to: C:\ST\STM32CubeIDE_1.18.0\STM32CubeIDE\plugins\com.st.stm32cube.common.mx_6.14.0.202502271554\\db\/mcu/
2025-05-05 14:07:04,748 [INFO] ApiDb:274 - Set plugin database path to: C:\ST\STM32CubeIDE_1.18.0\STM32CubeIDE\plugins\com.st.stm32cube.common.mx_6.14.0.202502271554\\db\/plugins/boardmanager/
2025-05-05 14:07:04,748 [INFO] ApiDb:261 - Set plugin images path to: C:\ST\STM32CubeIDE_1.18.0\STM32CubeIDE\plugins\com.st.stm32cube.common.mx_6.14.0.202502271554\\db\/plugins/mcufinder/images/
2025-05-05 14:07:04,749 [WARN] DbFile:41 - Overriding database path with different value: C:\Users\phucv\.stmcufinder\plugins\mcufinder/ => C:\Users\phucv\.stmcufinder\plugins\mcufinder
2025-05-05 14:07:04,749 [INFO] ApiDb:250 - Set database path to: C:\Users\phucv\.stmcufinder\plugins\mcufinder//mcu/
2025-05-05 14:07:04,749 [WARN] DbFile:41 - Overriding database path with different value: C:\Users\phucv\.stmcufinder\plugins\mcufinder/ => C:\Users\phucv\.stmcufinder\plugins\mcufinder
2025-05-05 14:07:04,749 [INFO] DbMcusAds:125 - Set database path to: C:\Users\phucv\.stmcufinder\plugins\mcufinder//mcu/
2025-05-05 14:07:04,749 [WARN] DbFile:41 - Overriding database path with different value: C:\Users\phucv\.stmcufinder\plugins\mcufinder/ => C:\Users\phucv\.stmcufinder\plugins\mcufinder
2025-05-05 14:07:04,749 [WARN] DbFile:41 - Overriding database path with different value: C:\Users\phucv\.stmcufinder\plugins\mcufinder/ => C:\Users\phucv\.stmcufinder\plugins\mcufinder
2025-05-05 14:07:05,577 [INFO] CrossReferenceDbSqlite:203 - Set database path to: C:\Users\phucv\.stmcufinder\plugins\mcufinder//mcu/cs/
2025-05-05 14:07:05,596 [INFO] ApplicationProperties:184 - Using Application install path: C:\ST\STM32CubeIDE_1.18.0\STM32CubeIDE\plugins\com.st.stm32cube.common.mx_6.14.0.202502271554
2025-05-05 14:07:05,597 [INFO] PluginManage:196 - Search for loadable plugins [exclusion list=, ]
2025-05-05 14:07:05,599 [INFO] PluginManage:310 - Check plugin analytics
2025-05-05 14:07:06,633 [INFO] AnalyticsPlugin:253 - Accepted Software Licenses: STM32CubeMX.6.14.0
2025-05-05 14:07:06,633 [INFO] AnalyticsPlugin:255 - Accepted CMSIS Pack Licenses: 
2025-05-05 14:07:06,633 [INFO] AnalyticsPlugin:257 - Accepted Firmware Licenses: FW.F4.1.28.0
2025-05-05 14:07:06,635 [INFO] PluginManage:359 - Loaded plugin analytics (category:tool,tabindex:-1)
2025-05-05 14:07:06,636 [INFO] PluginManage:310 - Check plugin cadmodel
2025-05-05 14:07:06,642 [INFO] CADModel:105 - Init CAD model plugin
2025-05-05 14:07:06,642 [INFO] PluginManage:359 - Loaded plugin cadmodel (category:power,tabindex:5)
2025-05-05 14:07:06,642 [INFO] PluginManage:310 - Check plugin clock
2025-05-05 14:07:06,651 [INFO] PluginManage:359 - Loaded plugin clock (category:base,tabindex:2)
2025-05-05 14:07:06,651 [INFO] PluginManage:310 - Check plugin ddr
2025-05-05 14:07:06,654 [INFO] PluginManage:359 - Loaded plugin ddr (category:tool,tabindex:6)
2025-05-05 14:07:06,654 [INFO] PluginManage:310 - Check plugin filemanager
2025-05-05 14:07:06,793 [INFO] PluginManage:359 - Loaded plugin filemanager (category:base,tabindex:10)
2025-05-05 14:07:06,794 [INFO] PluginManage:310 - Check plugin ipmanager
2025-05-05 14:07:06,800 [INFO] PluginManage:359 - Loaded plugin ipmanager (category:base,tabindex:5)
2025-05-05 14:07:06,800 [INFO] PluginManage:310 - Check plugin lpbam
2025-05-05 14:07:06,809 [INFO] PluginManage:359 - Loaded plugin lpbam (category:base,tabindex:0)
2025-05-05 14:07:06,809 [INFO] PluginManage:310 - Check plugin memorymap
2025-05-05 14:07:06,822 [INFO] PluginManage:359 - Loaded plugin memorymap (category:base,tabindex:4)
2025-05-05 14:07:06,822 [INFO] PluginManage:310 - Check plugin pinoutandconfiguration
2025-05-05 14:07:06,830 [INFO] PluginManage:359 - Loaded plugin pinoutandconfiguration (category:base,tabindex:1)
2025-05-05 14:07:06,830 [INFO] PluginManage:310 - Check plugin pinoutconfig
2025-05-05 14:07:06,916 [WARN] SupportedApi:132 - Cannot load RTOS API schema: s4s-elt-must-match.1: The content of 'definitions' must match (annotation?, (simpleType | complexType)?, (unique | key | keyref)*)). A problem was found starting at: attribute.
2025-05-05 14:07:07,044 [INFO] PluginManage:359 - Loaded plugin pinoutconfig (category:base,tabindex:0)
2025-05-05 14:07:07,044 [INFO] PluginManage:310 - Check plugin power
2025-05-05 14:07:07,055 [INFO] PluginManage:359 - Loaded plugin power (category:power,tabindex:4)
2025-05-05 14:07:07,055 [INFO] PluginManage:310 - Check plugin projectmanager
2025-05-05 14:07:07,071 [INFO] PluginManage:359 - Loaded plugin projectmanager (category:projectmanager,tabindex:4)
2025-05-05 14:07:07,072 [INFO] PluginManage:310 - Check plugin rif
2025-05-05 14:07:07,080 [INFO] PluginManage:359 - Loaded plugin rif (category:base,tabindex:3)
2025-05-05 14:07:07,080 [INFO] PluginManage:310 - Check plugin thirdparty
2025-05-05 14:07:07,213 [INFO] PluginManage:359 - Loaded plugin thirdparty (category:base,tabindex:-1)
2025-05-05 14:07:07,213 [WARN] IntegrityCheckThread:84 - waiting for thirdparty lock release [integrity check]
2025-05-05 14:07:07,214 [INFO] PluginManage:310 - Check plugin tools
2025-05-05 14:07:07,214 [INFO] IntegrityCheckThread:86 - entering critical section [integrity check]
2025-05-05 14:07:07,214 [INFO] ThirdPartyUpdaterWithRetryManager:70 - Updater plugin not ready yet. [1/15]
2025-05-05 14:07:07,217 [INFO] PluginManage:359 - Loaded plugin tools (category:base,tabindex:7)
2025-05-05 14:07:07,217 [INFO] PluginManage:310 - Check plugin tutovideos
2025-05-05 14:07:07,397 [INFO] PluginManage:359 - Loaded plugin tutovideos (category:base,tabindex:-1)
2025-05-05 14:07:07,397 [INFO] PluginManage:310 - Check plugin updater
2025-05-05 14:07:07,418 [INFO] PluginManage:359 - Loaded plugin updater (category:base,tabindex:12)
2025-05-05 14:07:07,418 [INFO] PluginManage:310 - Check plugin userauth
2025-05-05 14:07:07,423 [INFO] UserAuth:118 - Init User Auth plugin
2025-05-05 14:07:07,424 [INFO] PluginManage:359 - Loaded plugin userauth (category:base,tabindex:14)
2025-05-05 14:07:07,424 [INFO] PluginManage:283 - PluginManage : Loaded plugins [18]
2025-05-05 14:07:07,620 [INFO] PinOutPanel:1589 - setPackage(No Configuration,No Configuration)
2025-05-05 14:07:07,705 [INFO] CADModel:165 - CPN selected for project level
2025-05-05 14:07:07,705 [INFO] CADModel:114 - Register for checkConnection events
2025-05-05 14:07:07,724 [INFO] IPUIPlugin:80 - create IPUIPlugin
2025-05-05 14:07:07,724 [INFO] PluginManager:220 - loadIPPluginJar : add adc
2025-05-05 14:07:07,728 [INFO] IPUIPlugin:80 - create IPUIPlugin
2025-05-05 14:07:07,728 [INFO] PluginManager:220 - loadIPPluginJar : add aes
2025-05-05 14:07:07,731 [INFO] IPUIPlugin:80 - create IPUIPlugin
2025-05-05 14:07:07,731 [INFO] PluginManager:220 - loadIPPluginJar : add can
2025-05-05 14:07:07,733 [INFO] IPUIPlugin:80 - create IPUIPlugin
2025-05-05 14:07:07,733 [INFO] PluginManager:220 - loadIPPluginJar : add comp
2025-05-05 14:07:07,736 [INFO] IPUIPlugin:80 - create IPUIPlugin
2025-05-05 14:07:07,736 [INFO] PluginManager:220 - loadIPPluginJar : add cryp
2025-05-05 14:07:07,739 [INFO] IPUIPlugin:80 - create IPUIPlugin
2025-05-05 14:07:07,740 [INFO] PluginManager:220 - loadIPPluginJar : add ddr_ctrl_phy
2025-05-05 14:07:07,742 [INFO] IPUIPlugin:80 - create IPUIPlugin
2025-05-05 14:07:07,743 [INFO] PluginManager:220 - loadIPPluginJar : add dfsdm
2025-05-05 14:07:07,748 [INFO] IPUIPlugin:80 - create IPUIPlugin
2025-05-05 14:07:07,748 [INFO] PluginManager:220 - loadIPPluginJar : add dma
2025-05-05 14:07:07,751 [INFO] IPUIPlugin:80 - create IPUIPlugin
2025-05-05 14:07:07,751 [INFO] PluginManager:220 - loadIPPluginJar : add dma3
2025-05-05 14:07:07,754 [INFO] IPUIPlugin:80 - create IPUIPlugin
2025-05-05 14:07:07,755 [INFO] PluginManager:220 - loadIPPluginJar : add extmemmanager
2025-05-05 14:07:07,756 [INFO] IPUIPlugin:80 - create IPUIPlugin
2025-05-05 14:07:07,757 [INFO] PluginManager:220 - loadIPPluginJar : add fatfs
2025-05-05 14:07:07,761 [INFO] IPUIPlugin:80 - create IPUIPlugin
2025-05-05 14:07:07,761 [INFO] PluginManager:220 - loadIPPluginJar : add fmc
2025-05-05 14:07:07,767 [INFO] IPUIPlugin:80 - create IPUIPlugin
2025-05-05 14:07:07,768 [INFO] PluginManager:220 - loadIPPluginJar : add freertos
2025-05-05 14:07:07,769 [INFO] IPUIPlugin:80 - create IPUIPlugin
2025-05-05 14:07:07,769 [INFO] PluginManager:220 - loadIPPluginJar : add genericplugin
2025-05-05 14:07:07,771 [INFO] IPUIPlugin:80 - create IPUIPlugin
2025-05-05 14:07:07,771 [INFO] PluginManager:220 - loadIPPluginJar : add gfxmmu
2025-05-05 14:07:07,776 [INFO] IPUIPlugin:80 - create IPUIPlugin
2025-05-05 14:07:07,776 [INFO] PluginManager:220 - loadIPPluginJar : add gic
2025-05-05 14:07:07,780 [INFO] IPUIPlugin:80 - create IPUIPlugin
2025-05-05 14:07:07,780 [INFO] PluginManager:220 - loadIPPluginJar : add gpio
2025-05-05 14:07:07,783 [INFO] IPUIPlugin:80 - create IPUIPlugin
2025-05-05 14:07:07,783 [INFO] PluginManager:220 - loadIPPluginJar : add gtzc
2025-05-05 14:07:07,786 [INFO] IPUIPlugin:80 - create IPUIPlugin
2025-05-05 14:07:07,786 [INFO] PluginManager:220 - loadIPPluginJar : add hash
2025-05-05 14:07:07,789 [INFO] IPUIPlugin:80 - create IPUIPlugin
2025-05-05 14:07:07,789 [INFO] PluginManager:220 - loadIPPluginJar : add i2c
2025-05-05 14:07:07,792 [INFO] IPUIPlugin:80 - create IPUIPlugin
2025-05-05 14:07:07,792 [INFO] PluginManager:220 - loadIPPluginJar : add i2s
2025-05-05 14:07:07,796 [INFO] IPUIPlugin:80 - create IPUIPlugin
2025-05-05 14:07:07,796 [INFO] PluginManager:220 - loadIPPluginJar : add i3c
2025-05-05 14:07:07,800 [INFO] IPUIPlugin:80 - create IPUIPlugin
2025-05-05 14:07:07,800 [INFO] PluginManager:220 - loadIPPluginJar : add ipddr
2025-05-05 14:07:07,807 [INFO] IPUIPlugin:80 - create IPUIPlugin
2025-05-05 14:07:07,807 [INFO] PluginManager:220 - loadIPPluginJar : add linkedlist
2025-05-05 14:07:07,810 [INFO] IPUIPlugin:80 - create IPUIPlugin
2025-05-05 14:07:07,811 [INFO] PluginManager:220 - loadIPPluginJar : add lorawan
2025-05-05 14:07:07,812 [INFO] IPUIPlugin:80 - create IPUIPlugin
2025-05-05 14:07:07,812 [INFO] PluginManager:220 - loadIPPluginJar : add ltdc
2025-05-05 14:07:07,818 [INFO] IPUIPlugin:80 - create IPUIPlugin
2025-05-05 14:07:07,819 [INFO] PluginManager:220 - loadIPPluginJar : add mdma
2025-05-05 14:07:07,823 [INFO] IPUIPlugin:80 - create IPUIPlugin
2025-05-05 14:07:07,823 [INFO] PluginManager:220 - loadIPPluginJar : add nvic
2025-05-05 14:07:07,826 [INFO] IPUIPlugin:80 - create IPUIPlugin
2025-05-05 14:07:07,826 [INFO] PluginManager:220 - loadIPPluginJar : add opamp
2025-05-05 14:07:07,830 [INFO] IPUIPlugin:80 - create IPUIPlugin
2025-05-05 14:07:07,830 [INFO] PluginManager:220 - loadIPPluginJar : add openamp
2025-05-05 14:07:07,833 [INFO] IPUIPlugin:80 - create IPUIPlugin
2025-05-05 14:07:07,833 [INFO] PluginManager:220 - loadIPPluginJar : add pdm2pcm
2025-05-05 14:07:07,840 [INFO] IPUIPlugin:80 - create IPUIPlugin
2025-05-05 14:07:07,842 [INFO] PluginManager:220 - loadIPPluginJar : add plateformsettings
2025-05-05 14:07:07,844 [INFO] IPUIPlugin:80 - create IPUIPlugin
2025-05-05 14:07:07,844 [INFO] PluginManager:220 - loadIPPluginJar : add quadspi
2025-05-05 14:07:07,847 [INFO] IPUIPlugin:80 - create IPUIPlugin
2025-05-05 14:07:07,848 [INFO] PluginManager:220 - loadIPPluginJar : add radio
2025-05-05 14:07:07,853 [INFO] IPUIPlugin:80 - create IPUIPlugin
2025-05-05 14:07:07,853 [INFO] PluginManager:220 - loadIPPluginJar : add resmgrutility
2025-05-05 14:07:07,856 [INFO] IPUIPlugin:80 - create IPUIPlugin
2025-05-05 14:07:07,856 [INFO] PluginManager:220 - loadIPPluginJar : add sai
2025-05-05 14:07:07,859 [INFO] IPUIPlugin:80 - create IPUIPlugin
2025-05-05 14:07:07,859 [INFO] PluginManager:220 - loadIPPluginJar : add spi
2025-05-05 14:07:07,866 [INFO] IPUIPlugin:80 - create IPUIPlugin
2025-05-05 14:07:07,866 [INFO] PluginManager:220 - loadIPPluginJar : add stm32_wpan
2025-05-05 14:07:07,869 [INFO] IPUIPlugin:80 - create IPUIPlugin
2025-05-05 14:07:07,869 [INFO] PluginManager:220 - loadIPPluginJar : add tim
2025-05-05 14:07:07,873 [INFO] IPUIPlugin:80 - create IPUIPlugin
2025-05-05 14:07:07,874 [INFO] PluginManager:220 - loadIPPluginJar : add touchsensing
2025-05-05 14:07:07,876 [INFO] IPUIPlugin:80 - create IPUIPlugin
2025-05-05 14:07:07,876 [INFO] PluginManager:220 - loadIPPluginJar : add tracer_emb
2025-05-05 14:07:07,879 [INFO] IPUIPlugin:80 - create IPUIPlugin
2025-05-05 14:07:07,879 [INFO] PluginManager:220 - loadIPPluginJar : add ts
2025-05-05 14:07:07,881 [INFO] IPUIPlugin:80 - create IPUIPlugin
2025-05-05 14:07:07,881 [INFO] PluginManager:220 - loadIPPluginJar : add tsc
2025-05-05 14:07:07,884 [INFO] IPUIPlugin:80 - create IPUIPlugin
2025-05-05 14:07:07,884 [INFO] PluginManager:220 - loadIPPluginJar : add ucpd
2025-05-05 14:07:07,887 [INFO] IPUIPlugin:80 - create IPUIPlugin
2025-05-05 14:07:07,887 [INFO] PluginManager:220 - loadIPPluginJar : add usart
2025-05-05 14:07:07,890 [INFO] IPUIPlugin:80 - create IPUIPlugin
2025-05-05 14:07:07,890 [INFO] PluginManager:220 - loadIPPluginJar : add usbx
2025-05-05 14:07:08,015 [FATAL] Updater:351 - Updater called before beeing initialized
2025-05-05 14:07:08,039 [INFO] RulesReader:64 - Compatibility file has been processed (301 Rules)
2025-05-05 14:07:08,047 [INFO] RulesReader:64 - Compatibility file has been processed (301 Rules)
2025-05-05 14:07:08,057 [INFO] CADModel:165 - CPN selected for project level
2025-05-05 14:07:08,058 [INFO] CADModel:114 - Register for checkConnection events
2025-05-05 14:07:08,058 [FATAL] Updater:351 - Updater called before beeing initialized
2025-05-05 14:07:08,058 [ERROR] CADModel:125 - Updater not yet initialized, retry later 
2025-05-05 14:07:08,214 [FATAL] Updater:351 - Updater called before beeing initialized
2025-05-05 14:07:08,216 [INFO] CADModel:165 - CPN selected for project level
2025-05-05 14:07:08,216 [INFO] CADModel:114 - Register for checkConnection events
2025-05-05 14:07:08,216 [FATAL] Updater:351 - Updater called before beeing initialized
2025-05-05 14:07:08,216 [ERROR] CADModel:125 - Updater not yet initialized, retry later 
2025-05-05 14:07:08,219 [FATAL] Updater:351 - Updater called before beeing initialized
2025-05-05 14:07:08,320 [FATAL] Updater:351 - Updater called before beeing initialized
2025-05-05 14:07:08,324 [INFO] DbMcusAds:53 - JSON generation date=Thu Mar 06 21:54:22 ICT 2025 (1741272862078)
2025-05-05 14:07:08,325 [FATAL] Updater:351 - Updater called before beeing initialized
2025-05-05 14:07:08,357 [WARN] DetailPanel:346 - Failed to get advertising image, set to default
2025-05-05 14:07:08,567 [FATAL] Updater:351 - Updater called before beeing initialized
2025-05-05 14:07:08,568 [FATAL] Updater:351 - Updater called before beeing initialized
2025-05-05 14:07:08,568 [FATAL] Updater:351 - Updater called before beeing initialized
2025-05-05 14:07:08,568 [WARN] DetailPanel:346 - Failed to get advertising image, set to default
2025-05-05 14:07:08,569 [FATAL] Updater:351 - Updater called before beeing initialized
2025-05-05 14:07:08,612 [ERROR] Updater:1198 - MainUpdater not yet initialized. External WinMGr cannot be set.
2025-05-05 14:07:08,614 [INFO] Updater:1134 - Updater Version found : 6.14.0
2025-05-05 14:07:08,632 [INFO] ApplicationProperties:184 - Using Application install path: C:\ST\STM32CubeIDE_1.18.0\STM32CubeIDE\plugins\com.st.stm32cube.common.mx_6.14.0.202502271554
2025-05-05 14:07:10,229 [INFO] ThirdPartyUpdaterWithRetryManager:70 - Updater plugin not ready yet. [2/15]
2025-05-05 14:07:10,236 [ERROR] LogOutputStream:75 - [STDERR_REDIRECT] May 05, 2025 2:07:10 PM java.util.prefs.WindowsPreferences <init>
2025-05-05 14:07:10,237 [ERROR] LogOutputStream:75 - [STDERR_REDIRECT] WARNING: Could not open/create prefs root node Software\JavaSoft\Prefs at root 0xffffffff80000002. Windows RegCreateKeyEx(...) returned error code 5.
2025-05-05 14:07:10,237 [ERROR] LogOutputStream:75 - [STDERR_REDIRECT] 
2025-05-05 14:07:10,559 [INFO] MainUpdater:2872 - connection check result : 10
2025-05-05 14:07:10,559 [INFO] MainUpdater:3566 - Updater definition file requires update
2025-05-05 14:07:10,560 [INFO] MainUpdater:289 - Updater Check For Update Now.
2025-05-05 14:07:10,560 [INFO] MicroXplorer:498 - Change Database Version : DB.6.0.140
2025-05-05 14:07:10,565 [INFO] McuFinderGlobals:63 - Set McuFinder mode to 2 (CubeIDE integrated)
2025-05-05 14:07:10,566 [INFO] UserAuth:486 - Internet connection configuration mode: 1
2025-05-05 14:07:10,586 [INFO] JxBrowserEngine:152 - Initiate JxBrowser Engine with user profile folder
2025-05-05 14:07:10,637 [INFO] ServerAccessManage:473 - Download File updaters.zip
2025-05-05 14:07:10,750 [INFO] FileExtend:242 - Unzip File : updaters.zip
2025-05-05 14:07:10,750 [INFO] FileExtend:257 - Standard Zip Deflate
2025-05-05 14:07:11,220 [INFO] ServerAccessManage:473 - Download File PacksControlFlags.xml
2025-05-05 14:07:11,296 [INFO] ServerAccessManage:473 - Download File cubemx.pidx
2025-05-05 14:07:12,227 [INFO] WebApp:169 - Instantiating new browser for Auth
2025-05-05 14:07:12,230 [INFO] ServerAccessManage:473 - Download File STMicroelectronics.X-CUBE-NFC7.pdsc
2025-05-05 14:07:13,244 [WARN] MainUpdater:1193 - Updater busy. Cannot search thirdparties
2025-05-05 14:07:13,245 [INFO] ThirdPartyUpdaterWithRetryManager:96 - Updater plugin is busy. [1/15]
2025-05-05 14:07:13,257 [INFO] WebApp:463 - Apply proxy settings
2025-05-05 14:07:13,258 [INFO] WebApp:548 - Chromium requires no authentication
2025-05-05 14:07:13,277 [INFO] WebApp:491 - Direct internet connection detected
2025-05-05 14:07:13,279 [WARN] PackLoader:240 - Cannot read IP mode file for STMicroelectronics.X-CUBE-NFC7.2.0.0
2025-05-05 14:07:13,287 [INFO] PopulateThirdPartyThread:66 - Ending populate Thread
2025-05-05 14:07:13,290 [INFO] ThirdParty:1030 - CMSIS Pack Vendor :STMicroelectronics X-CUBE-NFC7 2.0.0
2025-05-05 14:07:13,291 [INFO] LoadServerUpdatesThread:375 - End of LoadServerUpdate Thread
2025-05-05 14:07:13,331 [INFO] WebApp:894 - Register for checkConnection events
2025-05-05 14:07:13,332 [INFO] WebApp:463 - Apply proxy settings
2025-05-05 14:07:13,332 [INFO] WebApp:548 - Chromium requires no authentication
2025-05-05 14:07:13,332 [INFO] WebApp:491 - Direct internet connection detected
2025-05-05 14:07:13,414 [INFO] CheckServerUpdateThread:120 - End of CheckServer Thread
2025-05-05 14:07:13,515 [INFO] WebApp:191 - Connection restablished
2025-05-05 14:07:13,552 [INFO] WebApp:225 - Starting web application
2025-05-05 14:07:13,552 [INFO] WebApp:593 - Web application path used C:\ST\STM32CubeIDE_1.18.0\STM32CubeIDE\plugins\com.st.stm32cube.common.mx_6.14.0.202502271554\db\plugins\mcufinder\reactClient1\index.html
2025-05-05 14:07:13,711 [INFO] UserAuth:486 - Internet connection configuration mode: 1
2025-05-05 14:07:16,475 [WARN] PackLoader:240 - Cannot read IP mode file for STMicroelectronics.FP-SNS-MOTENVWB1.1.4.0
2025-05-05 14:07:16,480 [WARN] PackLoader:240 - Cannot read IP mode file for STMicroelectronics.FP-ATR-ASTRA1.2.0.2
2025-05-05 14:07:16,485 [WARN] PackLoader:240 - Cannot read IP mode file for STMicroelectronics.X-CUBE-SMBUS.2.1.0
2025-05-05 14:07:16,492 [WARN] PackLoader:240 - Cannot read IP mode file for STMicroelectronics.X-CUBE-WB05N.1.1.0
2025-05-05 14:07:16,512 [WARN] PackLoader:240 - Cannot read IP mode file for STMicroelectronics.X-CUBE-AZRTOS-F7.1.1.0
2025-05-05 14:07:16,521 [WARN] PackLoader:240 - Cannot read IP mode file for STMicroelectronics.FP-SNS-FLIGHT1.5.0.2
2025-05-05 14:07:16,539 [WARN] PackLoader:240 - Cannot read IP mode file for Infineon.AIROC-Wi-Fi-Bluetooth-STM32.1.7.0
2025-05-05 14:07:16,549 [WARN] PackLoader:240 - Cannot read IP mode file for STMicroelectronics.X-CUBE-DISPLAY.3.0.0
2025-05-05 14:07:16,558 [WARN] PackLoader:240 - Cannot read IP mode file for STMicroelectronics.X-CUBE-NFC10.1.0.0
2025-05-05 14:07:16,567 [WARN] PackLoader:240 - Cannot read IP mode file for STMicroelectronics.X-CUBE-BLEMGR.4.0.0
2025-05-05 14:07:16,576 [WARN] PackLoader:240 - Cannot read IP mode file for emotas.I-CUBE-CANOPEN.1.3.0
2025-05-05 14:07:16,582 [WARN] PackLoader:240 - Cannot read IP mode file for STMicroelectronics.X-CUBE-AI.10.0.0
2025-05-05 14:07:16,588 [WARN] PackLoader:240 - Cannot read IP mode file for STMicroelectronics.FP-SNS-SMARTAG2.1.2.0
2025-05-05 14:07:16,593 [WARN] PackLoader:240 - Cannot read IP mode file for STMicroelectronics.FP-SNS-FLIGHT1.5.1.0
2025-05-05 14:07:16,642 [WARN] PackLoader:240 - Cannot read IP mode file for STMicroelectronics.X-CUBE-MEMS1.11.1.0
2025-05-05 14:07:16,797 [INFO] LogOutputStream:77 - [STDOUT_REDIRECT] 1 : Invalid condition id : UX_CORESTACK_Condition cause : null
2025-05-05 14:07:16,798 [INFO] LogOutputStream:77 - [STDOUT_REDIRECT] 1 : Invalid condition id : UX_CORESTACK_Condition cause : null
2025-05-05 14:07:16,800 [INFO] LogOutputStream:77 - [STDOUT_REDIRECT] 1 : Invalid condition id : UX_CORESTACK_Condition cause : null
2025-05-05 14:07:16,801 [INFO] LogOutputStream:77 - [STDOUT_REDIRECT] 1 : Invalid condition id : UX_CORESTACK_Condition cause : null
2025-05-05 14:07:16,804 [INFO] LogOutputStream:77 - [STDOUT_REDIRECT] 1 : Invalid condition id : UX_CORESTACK_Condition cause : null
2025-05-05 14:07:16,806 [WARN] PackLoader:240 - Cannot read IP mode file for STMicroelectronics.X-CUBE-AZRTOS-WL.2.0.0
2025-05-05 14:07:16,814 [WARN] PackLoader:240 - Cannot read IP mode file for STMicroelectronics.FP-SNS-MOTENV1.5.0.0
2025-05-05 14:07:16,823 [WARN] PackLoader:240 - Cannot read IP mode file for WES.I-CUBE-Cesium.1.3.0
2025-05-05 14:07:16,830 [WARN] PackLoader:240 - Cannot read IP mode file for STMicroelectronics.X-CUBE-BLE2.3.3.0
2025-05-05 14:07:16,838 [WARN] PackLoader:240 - Cannot read IP mode file for STMicroelectronics.X-CUBE-NFC9.1.0.0
2025-05-05 14:07:16,848 [WARN] PackLoader:240 - Cannot read IP mode file for STMicroelectronics.X-CUBE-BLE1.7.1.0
2025-05-05 14:07:16,855 [WARN] PackLoader:240 - Cannot read IP mode file for wolfSSL.I-CUBE-wolfMQTT.1.19.2
2025-05-05 14:07:16,892 [WARN] PackLoader:240 - Cannot read IP mode file for STMicroelectronics.X-CUBE-MEMS1.11.2.0
2025-05-05 14:07:16,978 [WARN] PackLoader:240 - Cannot read IP mode file for STMicroelectronics.X-CUBE-AZRTOS-G0.1.1.0
2025-05-05 14:07:16,986 [WARN] PackLoader:240 - Cannot read IP mode file for STMicroelectronics.X-CUBE-SAFEA1.1.2.2
2025-05-05 14:07:16,993 [WARN] PackLoader:240 - Cannot read IP mode file for STMicroelectronics.X-CUBE-NFC4.3.0.0
2025-05-05 14:07:17,000 [WARN] PackLoader:240 - Cannot read IP mode file for EmbeddedOffice.I-CUBE-FS-RTOS.1.0.1
2025-05-05 14:07:17,007 [WARN] PackLoader:240 - Cannot read IP mode file for STMicroelectronics.X-CUBE-WB05N.2.0.0
2025-05-05 14:07:17,013 [WARN] PackLoader:240 - Cannot read IP mode file for wolfSSL.I-CUBE-wolfTPM.3.8.0
2025-05-05 14:07:17,018 [WARN] PackLoader:240 - Cannot read IP mode file for STMicroelectronics.X-CUBE-TCPP.4.2.0
2025-05-05 14:07:17,024 [WARN] PackLoader:240 - Cannot read IP mode file for RealThread.X-CUBE-RT-Thread_Nano.4.1.1
2025-05-05 14:07:17,029 [WARN] PackLoader:240 - Cannot read IP mode file for STMicroelectronics.FP-ATR-SIGFOX1.3.2.0
2025-05-05 14:07:17,034 [WARN] ConditionMgr:438 - getConditionDescription Invalid condition id : Cortex-A Device cause : null
2025-05-05 14:07:17,047 [WARN] ConditionMgr:1044 - genDependencies : Invalid condition id : Cortex-A Device cause : null
2025-05-05 14:07:17,048 [WARN] ConditionMgr:1044 - genDependencies : Invalid condition id : Cortex-A Device cause : null
2025-05-05 14:07:17,048 [WARN] ConditionMgr:1044 - genDependencies : Invalid condition id : Cortex-A Device cause : null
2025-05-05 14:07:17,054 [WARN] PackLoader:240 - Cannot read IP mode file for STMicroelectronics.X-CUBE-EEPRMA1.5.1.0
2025-05-05 14:07:17,060 [WARN] PackLoader:240 - Cannot read IP mode file for wolfSSL.I-CUBE-wolfSSL.5.7.6
2025-05-05 14:07:17,066 [WARN] PackLoader:240 - Cannot read IP mode file for ITTIA_DB.I-CUBE-ITTIADB.8.9.0
2025-05-05 14:07:17,086 [WARN] PackLoader:240 - Cannot read IP mode file for SEGGER.I-CUBE-embOS.1.3.1
2025-05-05 14:07:17,112 [WARN] PackLoader:240 - Cannot read IP mode file for STMicroelectronics.X-CUBE-ALGOBUILD.1.4.0
2025-05-05 14:07:17,124 [WARN] PackLoader:240 - Cannot read IP mode file for STMicroelectronics.X-CUBE-AZRTOS-F4.1.1.0
2025-05-05 14:07:17,129 [WARN] PackLoader:240 - Cannot read IP mode file for Avnet-IotConnect.X-CUBE-IoTC-DA16k-PMOD.1.0.0
2025-05-05 14:07:17,132 [WARN] PackLoader:240 - Cannot read IP mode file for STMicroelectronics.X-CUBE-ISPU.2.1.0
2025-05-05 14:07:17,144 [WARN] PackLoader:240 - Cannot read IP mode file for STMicroelectronics.X-CUBE-AZRTOS-L5.2.0.0
2025-05-05 14:07:17,154 [WARN] PackLoader:240 - Cannot read IP mode file for STMicroelectronics.X-CUBE-NFC6.3.1.0
2025-05-05 14:07:17,163 [WARN] PackLoader:240 - Cannot read IP mode file for STMicroelectronics.X-CUBE-DPower.1.2.0
2025-05-05 14:07:17,170 [WARN] PackLoader:240 - Cannot read IP mode file for STMicroelectronics.X-CUBE-FREERTOS.1.3.0
2025-05-05 14:07:17,175 [WARN] PackLoader:240 - Cannot read IP mode file for STMicroelectronics.X-CUBE-NFC7.1.0.1
2025-05-05 14:07:17,182 [WARN] PackLoader:240 - Cannot read IP mode file for STMicroelectronics.X-CUBE-DPower.1.3.0
2025-05-05 14:07:17,196 [WARN] ConditionMgr:438 - getConditionDescription Invalid condition id : LAN8742 Phy interface Condition cause : null
2025-05-05 14:07:17,197 [WARN] PackLoader:240 - Cannot read IP mode file for STMicroelectronics.X-CUBE-AZRTOS-L4.2.0.0
2025-05-05 14:07:17,198 [WARN] ConditionMgr:1044 - genDependencies : Invalid condition id : LAN8742 Phy interface Condition cause : null
2025-05-05 14:07:17,199 [WARN] ConditionMgr:1044 - genDependencies : Invalid condition id : LAN8742 Phy interface Condition cause : null
2025-05-05 14:07:17,199 [WARN] ConditionMgr:1044 - genDependencies : Invalid condition id : LAN8742 Phy interface Condition cause : null
2025-05-05 14:07:17,207 [WARN] PackLoader:240 - Cannot read IP mode file for STMicroelectronics.X-CUBE-SFXS2LP1.4.0.0
2025-05-05 14:07:17,222 [WARN] PackLoader:240 - Cannot read IP mode file for STMicroelectronics.X-CUBE-AZRTOS-H7.3.3.0
2025-05-05 14:07:17,235 [WARN] ConditionMgr:438 - getConditionDescription Invalid condition id : UX DEVICE CLASS RTOS Condition cause : null
2025-05-05 14:07:17,235 [WARN] ConditionMgr:438 - getConditionDescription Invalid condition id : UX DEVICE CLASS RTOS Condition cause : null
2025-05-05 14:07:17,237 [WARN] PackLoader:240 - Cannot read IP mode file for STMicroelectronics.X-CUBE-AZRTOS-WB.2.0.0
2025-05-05 14:07:17,237 [WARN] ConditionMgr:1044 - genDependencies : Invalid condition id : UX DEVICE CLASS RTOS Condition cause : null
2025-05-05 14:07:17,237 [WARN] ConditionMgr:1044 - genDependencies : Invalid condition id : UX DEVICE CLASS RTOS Condition cause : null
2025-05-05 14:07:17,238 [WARN] ConditionMgr:1044 - genDependencies : Invalid condition id : UX DEVICE CLASS RTOS Condition cause : null
2025-05-05 14:07:17,238 [WARN] ConditionMgr:1044 - genDependencies : Invalid condition id : UX DEVICE CLASS RTOS Condition cause : null
2025-05-05 14:07:17,238 [WARN] ConditionMgr:1044 - genDependencies : Invalid condition id : UX DEVICE CLASS RTOS Condition cause : null
2025-05-05 14:07:17,244 [WARN] PackLoader:240 - Cannot read IP mode file for STMicroelectronics.X-CUBE-GNSS1.7.0.1
2025-05-05 14:07:17,250 [WARN] PackLoader:240 - Cannot read IP mode file for STMicroelectronics.X-CUBE-TOUCHGFX.4.25.0
2025-05-05 14:07:17,258 [WARN] PackLoader:240 - Cannot read IP mode file for STMicroelectronics.FP-SNS-STBOX1.2.0.0
2025-05-05 14:07:17,268 [WARN] PackLoader:240 - Cannot read IP mode file for STMicroelectronics.X-CUBE-SUBG2.5.0.0
2025-05-05 14:07:17,286 [WARN] PackLoader:240 - Cannot read IP mode file for STMicroelectronics.X-CUBE-AZRTOS-H7RS.1.1.0
2025-05-05 14:07:17,304 [WARN] PackLoader:240 - Cannot read IP mode file for Cesanta.I-CUBE-Mongoose.7.13.0
2025-05-05 14:07:17,318 [WARN] PackLoader:240 - Cannot read IP mode file for STMicroelectronics.X-CUBE-AZRTOS-G4.2.0.0
2025-05-05 14:07:17,325 [WARN] PackLoader:240 - Cannot read IP mode file for wolfSSL.I-CUBE-wolfSSH.1.4.20
2025-05-05 14:07:17,327 [WARN] PackLoader:240 - Cannot read IP mode file for STMicroelectronics.X-CUBE-NFC7.2.0.0
2025-05-05 14:07:17,337 [WARN] PackLoader:240 - Cannot read IP mode file for STMicroelectronics.X-CUBE-IPS.3.1.0
2025-05-05 14:07:17,346 [WARN] PackLoader:240 - Cannot read IP mode file for STMicroelectronics.X-CUBE-ALS.1.0.2
2025-05-05 14:07:17,351 [WARN] PackLoader:240 - Cannot read IP mode file for STMicroelectronics.X-CUBE-TOUCHGFX.4.24.2
2025-05-05 14:07:17,356 [WARN] PackLoader:240 - Cannot read IP mode file for portGmbH.I-Cube-SoM-uGOAL.1.1.0
2025-05-05 14:07:17,370 [WARN] PackLoader:240 - Cannot read IP mode file for STMicroelectronics.X-CUBE-AZRTOS-H7RS.1.0.0
2025-05-05 14:07:17,381 [WARN] PackLoader:240 - Cannot read IP mode file for STMicroelectronics.X-CUBE-TOF1.3.4.2
2025-05-05 14:07:17,395 [WARN] PackLoader:240 - Cannot read IP mode file for STMicroelectronics.X-CUBE-TOF1.3.4.3
2025-05-05 14:07:17,402 [INFO] ThirdParty:978 - Integrity check success = true
2025-05-05 14:07:17,402 [INFO] IntegrityCheckThread:100 - exiting critical section [integrity check]
2025-05-05 14:07:17,402 [INFO] IntegrityCheckThread:103 - End integrity checks thread
2025-05-05 17:55:21,148 [INFO] WebApp:194 - Connection lost
2025-05-05 18:01:35,307 [INFO] WebApp:191 - Connection restablished
2025-05-05 20:42:45,690 [ERROR] LogOutputStream:75 - [STDERR_REDIRECT] 
2025-05-05 20:42:45,691 [ERROR] LogOutputStream:75 - [STDERR_REDIRECT] 
