2025-04-24 18:50:40,516 [INFO] Activator:176 - 


2025-04-24 18:50:40,521 [INFO] Activator:177 - !SESSION log4j initialized
2025-04-24 18:50:45,654 [INFO] LogOutputStream:77 - [STDOUT_REDIRECT] 
2025-04-24 18:50:46,926 [INFO] ApplicationProperties:184 - Using Application install path: C:\ST\STM32CubeIDE_1.18.0\STM32CubeIDE\plugins\com.st.stm32cube.common.mx_6.14.0.202502271554
2025-04-24 18:50:46,944 [INFO] DbMcusXml:78 - Set database path to: C:\ST\STM32CubeIDE_1.18.0\STM32CubeIDE\plugins\com.st.stm32cube.common.mx_6.14.0.202502271554\\db\/mcu/
2025-04-24 18:50:46,944 [INFO] ApiDb:274 - Set plugin database path to: C:\ST\STM32CubeIDE_1.18.0\STM32CubeIDE\plugins\com.st.stm32cube.common.mx_6.14.0.202502271554\\db\/plugins/boardmanager/
2025-04-24 18:50:46,945 [WARN] ApiDb:259 - Overriding images path with different value:  => C:\ST\STM32CubeIDE_1.18.0\STM32CubeIDE\plugins\com.st.stm32cube.common.mx_6.14.0.202502271554\\db\/plugins/mcufinder/images/
2025-04-24 18:50:46,952 [INFO] ApiDb:250 - Set database path to: C:\Users\phucv\.stmcufinder\plugins\mcufinder//mcu/
2025-04-24 18:50:46,953 [INFO] DbMcusAds:125 - Set database path to: C:\Users\phucv\.stmcufinder\plugins\mcufinder//mcu/
2025-04-24 18:50:47,511 [INFO] CrossReferenceDbSqlite:203 - Set database path to: C:\Users\phucv\.stmcufinder\plugins\mcufinder//mcu/cs/
2025-04-24 18:50:47,607 [INFO] RulesReader:64 - Compatibility file has been processed (301 Rules)
2025-04-24 18:50:47,684 [INFO] DbMcusXml:78 - Set database path to: C:\ST\STM32CubeIDE_1.18.0\STM32CubeIDE\plugins\com.st.stm32cube.common.mx_6.14.0.202502271554\\db\/mcu/
2025-04-24 18:50:47,684 [INFO] ApiDb:274 - Set plugin database path to: C:\ST\STM32CubeIDE_1.18.0\STM32CubeIDE\plugins\com.st.stm32cube.common.mx_6.14.0.202502271554\\db\/plugins/boardmanager/
2025-04-24 18:50:47,686 [INFO] ApiDb:261 - Set plugin images path to: C:\ST\STM32CubeIDE_1.18.0\STM32CubeIDE\plugins\com.st.stm32cube.common.mx_6.14.0.202502271554\\db\/plugins/mcufinder/images/
2025-04-24 18:50:47,686 [WARN] DbFile:41 - Overriding database path with different value: C:\Users\phucv\.stmcufinder\plugins\mcufinder/ => C:\Users\phucv\.stmcufinder\plugins\mcufinder
2025-04-24 18:50:47,686 [INFO] ApiDb:250 - Set database path to: C:\Users\phucv\.stmcufinder\plugins\mcufinder//mcu/
2025-04-24 18:50:47,686 [WARN] DbFile:41 - Overriding database path with different value: C:\Users\phucv\.stmcufinder\plugins\mcufinder/ => C:\Users\phucv\.stmcufinder\plugins\mcufinder
2025-04-24 18:50:47,686 [INFO] DbMcusAds:125 - Set database path to: C:\Users\phucv\.stmcufinder\plugins\mcufinder//mcu/
2025-04-24 18:50:47,686 [WARN] DbFile:41 - Overriding database path with different value: C:\Users\phucv\.stmcufinder\plugins\mcufinder/ => C:\Users\phucv\.stmcufinder\plugins\mcufinder
2025-04-24 18:50:47,686 [WARN] DbFile:41 - Overriding database path with different value: C:\Users\phucv\.stmcufinder\plugins\mcufinder/ => C:\Users\phucv\.stmcufinder\plugins\mcufinder
2025-04-24 18:50:48,510 [INFO] CrossReferenceDbSqlite:203 - Set database path to: C:\Users\phucv\.stmcufinder\plugins\mcufinder//mcu/cs/
2025-04-24 18:50:48,586 [INFO] MainPanel:272 - HeapMemory: 268435456
2025-04-24 18:50:48,689 [INFO] DbMcusXml:78 - Set database path to: C:\ST\STM32CubeIDE_1.18.0\STM32CubeIDE\plugins\com.st.stm32cube.common.mx_6.14.0.202502271554\\db\/mcu/
2025-04-24 18:50:48,690 [INFO] ApiDb:274 - Set plugin database path to: C:\ST\STM32CubeIDE_1.18.0\STM32CubeIDE\plugins\com.st.stm32cube.common.mx_6.14.0.202502271554\\db\/plugins/boardmanager/
2025-04-24 18:50:48,690 [INFO] ApiDb:261 - Set plugin images path to: C:\ST\STM32CubeIDE_1.18.0\STM32CubeIDE\plugins\com.st.stm32cube.common.mx_6.14.0.202502271554\\db\/plugins/mcufinder/images/
2025-04-24 18:50:48,690 [WARN] DbFile:41 - Overriding database path with different value: C:\Users\phucv\.stmcufinder\plugins\mcufinder/ => C:\Users\phucv\.stmcufinder\plugins\mcufinder
2025-04-24 18:50:48,690 [INFO] ApiDb:250 - Set database path to: C:\Users\phucv\.stmcufinder\plugins\mcufinder//mcu/
2025-04-24 18:50:48,690 [WARN] DbFile:41 - Overriding database path with different value: C:\Users\phucv\.stmcufinder\plugins\mcufinder/ => C:\Users\phucv\.stmcufinder\plugins\mcufinder
2025-04-24 18:50:48,690 [INFO] DbMcusAds:125 - Set database path to: C:\Users\phucv\.stmcufinder\plugins\mcufinder//mcu/
2025-04-24 18:50:48,690 [WARN] DbFile:41 - Overriding database path with different value: C:\Users\phucv\.stmcufinder\plugins\mcufinder/ => C:\Users\phucv\.stmcufinder\plugins\mcufinder
2025-04-24 18:50:48,690 [WARN] DbFile:41 - Overriding database path with different value: C:\Users\phucv\.stmcufinder\plugins\mcufinder/ => C:\Users\phucv\.stmcufinder\plugins\mcufinder
2025-04-24 18:50:49,511 [INFO] CrossReferenceDbSqlite:203 - Set database path to: C:\Users\phucv\.stmcufinder\plugins\mcufinder//mcu/cs/
2025-04-24 18:50:49,529 [INFO] ApplicationProperties:184 - Using Application install path: C:\ST\STM32CubeIDE_1.18.0\STM32CubeIDE\plugins\com.st.stm32cube.common.mx_6.14.0.202502271554
2025-04-24 18:50:49,530 [INFO] PluginManage:196 - Search for loadable plugins [exclusion list=, ]
2025-04-24 18:50:49,532 [INFO] PluginManage:310 - Check plugin analytics
2025-04-24 18:50:50,566 [INFO] AnalyticsPlugin:253 - Accepted Software Licenses: STM32CubeMX.6.14.0
2025-04-24 18:50:50,567 [INFO] AnalyticsPlugin:255 - Accepted CMSIS Pack Licenses: 
2025-04-24 18:50:50,567 [INFO] AnalyticsPlugin:257 - Accepted Firmware Licenses: FW.F4.1.28.0
2025-04-24 18:50:50,569 [INFO] PluginManage:359 - Loaded plugin analytics (category:tool,tabindex:-1)
2025-04-24 18:50:50,569 [INFO] PluginManage:310 - Check plugin cadmodel
2025-04-24 18:50:50,574 [INFO] CADModel:105 - Init CAD model plugin
2025-04-24 18:50:50,574 [INFO] PluginManage:359 - Loaded plugin cadmodel (category:power,tabindex:5)
2025-04-24 18:50:50,575 [INFO] PluginManage:310 - Check plugin clock
2025-04-24 18:50:50,583 [INFO] PluginManage:359 - Loaded plugin clock (category:base,tabindex:2)
2025-04-24 18:50:50,583 [INFO] PluginManage:310 - Check plugin ddr
2025-04-24 18:50:50,586 [INFO] PluginManage:359 - Loaded plugin ddr (category:tool,tabindex:6)
2025-04-24 18:50:50,586 [INFO] PluginManage:310 - Check plugin filemanager
2025-04-24 18:50:50,717 [INFO] PluginManage:359 - Loaded plugin filemanager (category:base,tabindex:10)
2025-04-24 18:50:50,718 [INFO] PluginManage:310 - Check plugin ipmanager
2025-04-24 18:50:50,724 [INFO] PluginManage:359 - Loaded plugin ipmanager (category:base,tabindex:5)
2025-04-24 18:50:50,725 [INFO] PluginManage:310 - Check plugin lpbam
2025-04-24 18:50:50,732 [INFO] PluginManage:359 - Loaded plugin lpbam (category:base,tabindex:0)
2025-04-24 18:50:50,733 [INFO] PluginManage:310 - Check plugin memorymap
2025-04-24 18:50:50,747 [INFO] PluginManage:359 - Loaded plugin memorymap (category:base,tabindex:4)
2025-04-24 18:50:50,747 [INFO] PluginManage:310 - Check plugin pinoutandconfiguration
2025-04-24 18:50:50,756 [INFO] PluginManage:359 - Loaded plugin pinoutandconfiguration (category:base,tabindex:1)
2025-04-24 18:50:50,756 [INFO] PluginManage:310 - Check plugin pinoutconfig
2025-04-24 18:50:50,848 [WARN] SupportedApi:132 - Cannot load RTOS API schema: s4s-elt-must-match.1: The content of 'definitions' must match (annotation?, (simpleType | complexType)?, (unique | key | keyref)*)). A problem was found starting at: attribute.
2025-04-24 18:50:50,980 [INFO] PluginManage:359 - Loaded plugin pinoutconfig (category:base,tabindex:0)
2025-04-24 18:50:50,981 [INFO] PluginManage:310 - Check plugin power
2025-04-24 18:50:50,991 [INFO] PluginManage:359 - Loaded plugin power (category:power,tabindex:4)
2025-04-24 18:50:50,991 [INFO] PluginManage:310 - Check plugin projectmanager
2025-04-24 18:50:51,004 [INFO] PluginManage:359 - Loaded plugin projectmanager (category:projectmanager,tabindex:4)
2025-04-24 18:50:51,005 [INFO] PluginManage:310 - Check plugin rif
2025-04-24 18:50:51,011 [INFO] PluginManage:359 - Loaded plugin rif (category:base,tabindex:3)
2025-04-24 18:50:51,012 [INFO] PluginManage:310 - Check plugin thirdparty
2025-04-24 18:50:51,137 [INFO] PluginManage:359 - Loaded plugin thirdparty (category:base,tabindex:-1)
2025-04-24 18:50:51,137 [WARN] IntegrityCheckThread:84 - waiting for thirdparty lock release [integrity check]
2025-04-24 18:50:51,138 [INFO] PluginManage:310 - Check plugin tools
2025-04-24 18:50:51,138 [INFO] IntegrityCheckThread:86 - entering critical section [integrity check]
2025-04-24 18:50:51,138 [INFO] ThirdPartyUpdaterWithRetryManager:70 - Updater plugin not ready yet. [1/15]
2025-04-24 18:50:51,140 [INFO] PluginManage:359 - Loaded plugin tools (category:base,tabindex:7)
2025-04-24 18:50:51,140 [INFO] PluginManage:310 - Check plugin tutovideos
2025-04-24 18:50:51,292 [INFO] PluginManage:359 - Loaded plugin tutovideos (category:base,tabindex:-1)
2025-04-24 18:50:51,292 [INFO] PluginManage:310 - Check plugin updater
2025-04-24 18:50:51,321 [INFO] PluginManage:359 - Loaded plugin updater (category:base,tabindex:12)
2025-04-24 18:50:51,321 [INFO] PluginManage:310 - Check plugin userauth
2025-04-24 18:50:51,326 [INFO] UserAuth:118 - Init User Auth plugin
2025-04-24 18:50:51,326 [INFO] PluginManage:359 - Loaded plugin userauth (category:base,tabindex:14)
2025-04-24 18:50:51,327 [INFO] PluginManage:283 - PluginManage : Loaded plugins [18]
2025-04-24 18:50:51,513 [INFO] PinOutPanel:1589 - setPackage(No Configuration,No Configuration)
2025-04-24 18:50:51,590 [INFO] CADModel:165 - CPN selected for project level
2025-04-24 18:50:51,590 [INFO] CADModel:114 - Register for checkConnection events
2025-04-24 18:50:51,609 [INFO] IPUIPlugin:80 - create IPUIPlugin
2025-04-24 18:50:51,609 [INFO] PluginManager:220 - loadIPPluginJar : add adc
2025-04-24 18:50:51,612 [INFO] IPUIPlugin:80 - create IPUIPlugin
2025-04-24 18:50:51,612 [INFO] PluginManager:220 - loadIPPluginJar : add aes
2025-04-24 18:50:51,615 [INFO] IPUIPlugin:80 - create IPUIPlugin
2025-04-24 18:50:51,615 [INFO] PluginManager:220 - loadIPPluginJar : add can
2025-04-24 18:50:51,616 [INFO] IPUIPlugin:80 - create IPUIPlugin
2025-04-24 18:50:51,617 [INFO] PluginManager:220 - loadIPPluginJar : add comp
2025-04-24 18:50:51,620 [INFO] IPUIPlugin:80 - create IPUIPlugin
2025-04-24 18:50:51,620 [INFO] PluginManager:220 - loadIPPluginJar : add cryp
2025-04-24 18:50:51,623 [INFO] IPUIPlugin:80 - create IPUIPlugin
2025-04-24 18:50:51,623 [INFO] PluginManager:220 - loadIPPluginJar : add ddr_ctrl_phy
2025-04-24 18:50:51,626 [INFO] IPUIPlugin:80 - create IPUIPlugin
2025-04-24 18:50:51,626 [INFO] PluginManager:220 - loadIPPluginJar : add dfsdm
2025-04-24 18:50:51,631 [INFO] IPUIPlugin:80 - create IPUIPlugin
2025-04-24 18:50:51,631 [INFO] PluginManager:220 - loadIPPluginJar : add dma
2025-04-24 18:50:51,634 [INFO] IPUIPlugin:80 - create IPUIPlugin
2025-04-24 18:50:51,634 [INFO] PluginManager:220 - loadIPPluginJar : add dma3
2025-04-24 18:50:51,637 [INFO] IPUIPlugin:80 - create IPUIPlugin
2025-04-24 18:50:51,637 [INFO] PluginManager:220 - loadIPPluginJar : add extmemmanager
2025-04-24 18:50:51,639 [INFO] IPUIPlugin:80 - create IPUIPlugin
2025-04-24 18:50:51,639 [INFO] PluginManager:220 - loadIPPluginJar : add fatfs
2025-04-24 18:50:51,643 [INFO] IPUIPlugin:80 - create IPUIPlugin
2025-04-24 18:50:51,644 [INFO] PluginManager:220 - loadIPPluginJar : add fmc
2025-04-24 18:50:51,648 [INFO] IPUIPlugin:80 - create IPUIPlugin
2025-04-24 18:50:51,649 [INFO] PluginManager:220 - loadIPPluginJar : add freertos
2025-04-24 18:50:51,650 [INFO] IPUIPlugin:80 - create IPUIPlugin
2025-04-24 18:50:51,650 [INFO] PluginManager:220 - loadIPPluginJar : add genericplugin
2025-04-24 18:50:51,653 [INFO] IPUIPlugin:80 - create IPUIPlugin
2025-04-24 18:50:51,653 [INFO] PluginManager:220 - loadIPPluginJar : add gfxmmu
2025-04-24 18:50:51,657 [INFO] IPUIPlugin:80 - create IPUIPlugin
2025-04-24 18:50:51,657 [INFO] PluginManager:220 - loadIPPluginJar : add gic
2025-04-24 18:50:51,661 [INFO] IPUIPlugin:80 - create IPUIPlugin
2025-04-24 18:50:51,661 [INFO] PluginManager:220 - loadIPPluginJar : add gpio
2025-04-24 18:50:51,664 [INFO] IPUIPlugin:80 - create IPUIPlugin
2025-04-24 18:50:51,664 [INFO] PluginManager:220 - loadIPPluginJar : add gtzc
2025-04-24 18:50:51,667 [INFO] IPUIPlugin:80 - create IPUIPlugin
2025-04-24 18:50:51,667 [INFO] PluginManager:220 - loadIPPluginJar : add hash
2025-04-24 18:50:51,670 [INFO] IPUIPlugin:80 - create IPUIPlugin
2025-04-24 18:50:51,670 [INFO] PluginManager:220 - loadIPPluginJar : add i2c
2025-04-24 18:50:51,672 [INFO] IPUIPlugin:80 - create IPUIPlugin
2025-04-24 18:50:51,673 [INFO] PluginManager:220 - loadIPPluginJar : add i2s
2025-04-24 18:50:51,676 [INFO] IPUIPlugin:80 - create IPUIPlugin
2025-04-24 18:50:51,676 [INFO] PluginManager:220 - loadIPPluginJar : add i3c
2025-04-24 18:50:51,680 [INFO] IPUIPlugin:80 - create IPUIPlugin
2025-04-24 18:50:51,680 [INFO] PluginManager:220 - loadIPPluginJar : add ipddr
2025-04-24 18:50:51,687 [INFO] IPUIPlugin:80 - create IPUIPlugin
2025-04-24 18:50:51,687 [INFO] PluginManager:220 - loadIPPluginJar : add linkedlist
2025-04-24 18:50:51,690 [INFO] IPUIPlugin:80 - create IPUIPlugin
2025-04-24 18:50:51,690 [INFO] PluginManager:220 - loadIPPluginJar : add lorawan
2025-04-24 18:50:51,691 [INFO] IPUIPlugin:80 - create IPUIPlugin
2025-04-24 18:50:51,691 [INFO] PluginManager:220 - loadIPPluginJar : add ltdc
2025-04-24 18:50:51,697 [INFO] IPUIPlugin:80 - create IPUIPlugin
2025-04-24 18:50:51,697 [INFO] PluginManager:220 - loadIPPluginJar : add mdma
2025-04-24 18:50:51,701 [INFO] IPUIPlugin:80 - create IPUIPlugin
2025-04-24 18:50:51,701 [INFO] PluginManager:220 - loadIPPluginJar : add nvic
2025-04-24 18:50:51,704 [INFO] IPUIPlugin:80 - create IPUIPlugin
2025-04-24 18:50:51,704 [INFO] PluginManager:220 - loadIPPluginJar : add opamp
2025-04-24 18:50:51,707 [INFO] IPUIPlugin:80 - create IPUIPlugin
2025-04-24 18:50:51,707 [INFO] PluginManager:220 - loadIPPluginJar : add openamp
2025-04-24 18:50:51,710 [INFO] IPUIPlugin:80 - create IPUIPlugin
2025-04-24 18:50:51,711 [INFO] PluginManager:220 - loadIPPluginJar : add pdm2pcm
2025-04-24 18:50:51,716 [INFO] IPUIPlugin:80 - create IPUIPlugin
2025-04-24 18:50:51,718 [INFO] PluginManager:220 - loadIPPluginJar : add plateformsettings
2025-04-24 18:50:51,719 [INFO] IPUIPlugin:80 - create IPUIPlugin
2025-04-24 18:50:51,720 [INFO] PluginManager:220 - loadIPPluginJar : add quadspi
2025-04-24 18:50:51,721 [INFO] IPUIPlugin:80 - create IPUIPlugin
2025-04-24 18:50:51,723 [INFO] PluginManager:220 - loadIPPluginJar : add radio
2025-04-24 18:50:51,727 [INFO] IPUIPlugin:80 - create IPUIPlugin
2025-04-24 18:50:51,727 [INFO] PluginManager:220 - loadIPPluginJar : add resmgrutility
2025-04-24 18:50:51,730 [INFO] IPUIPlugin:80 - create IPUIPlugin
2025-04-24 18:50:51,730 [INFO] PluginManager:220 - loadIPPluginJar : add sai
2025-04-24 18:50:51,733 [INFO] IPUIPlugin:80 - create IPUIPlugin
2025-04-24 18:50:51,733 [INFO] PluginManager:220 - loadIPPluginJar : add spi
2025-04-24 18:50:51,738 [INFO] IPUIPlugin:80 - create IPUIPlugin
2025-04-24 18:50:51,739 [INFO] PluginManager:220 - loadIPPluginJar : add stm32_wpan
2025-04-24 18:50:51,741 [INFO] IPUIPlugin:80 - create IPUIPlugin
2025-04-24 18:50:51,741 [INFO] PluginManager:220 - loadIPPluginJar : add tim
2025-04-24 18:50:51,744 [INFO] IPUIPlugin:80 - create IPUIPlugin
2025-04-24 18:50:51,744 [INFO] PluginManager:220 - loadIPPluginJar : add touchsensing
2025-04-24 18:50:51,747 [INFO] IPUIPlugin:80 - create IPUIPlugin
2025-04-24 18:50:51,747 [INFO] PluginManager:220 - loadIPPluginJar : add tracer_emb
2025-04-24 18:50:51,749 [INFO] IPUIPlugin:80 - create IPUIPlugin
2025-04-24 18:50:51,749 [INFO] PluginManager:220 - loadIPPluginJar : add ts
2025-04-24 18:50:51,751 [INFO] IPUIPlugin:80 - create IPUIPlugin
2025-04-24 18:50:51,751 [INFO] PluginManager:220 - loadIPPluginJar : add tsc
2025-04-24 18:50:51,753 [INFO] IPUIPlugin:80 - create IPUIPlugin
2025-04-24 18:50:51,753 [INFO] PluginManager:220 - loadIPPluginJar : add ucpd
2025-04-24 18:50:51,755 [INFO] IPUIPlugin:80 - create IPUIPlugin
2025-04-24 18:50:51,755 [INFO] PluginManager:220 - loadIPPluginJar : add usart
2025-04-24 18:50:51,758 [INFO] IPUIPlugin:80 - create IPUIPlugin
2025-04-24 18:50:51,759 [INFO] PluginManager:220 - loadIPPluginJar : add usbx
2025-04-24 18:50:51,880 [FATAL] Updater:351 - Updater called before beeing initialized
2025-04-24 18:50:51,901 [INFO] RulesReader:64 - Compatibility file has been processed (301 Rules)
2025-04-24 18:50:51,911 [INFO] RulesReader:64 - Compatibility file has been processed (301 Rules)
2025-04-24 18:50:51,919 [INFO] CADModel:165 - CPN selected for project level
2025-04-24 18:50:51,919 [INFO] CADModel:114 - Register for checkConnection events
2025-04-24 18:50:51,919 [FATAL] Updater:351 - Updater called before beeing initialized
2025-04-24 18:50:51,919 [ERROR] CADModel:125 - Updater not yet initialized, retry later 
2025-04-24 18:50:52,083 [FATAL] Updater:351 - Updater called before beeing initialized
2025-04-24 18:50:52,085 [INFO] CADModel:165 - CPN selected for project level
2025-04-24 18:50:52,085 [INFO] CADModel:114 - Register for checkConnection events
2025-04-24 18:50:52,085 [FATAL] Updater:351 - Updater called before beeing initialized
2025-04-24 18:50:52,085 [ERROR] CADModel:125 - Updater not yet initialized, retry later 
2025-04-24 18:50:52,088 [FATAL] Updater:351 - Updater called before beeing initialized
2025-04-24 18:50:52,187 [FATAL] Updater:351 - Updater called before beeing initialized
2025-04-24 18:50:52,191 [INFO] DbMcusAds:53 - JSON generation date=Thu Mar 06 21:54:22 ICT 2025 (1741272862078)
2025-04-24 18:50:52,191 [FATAL] Updater:351 - Updater called before beeing initialized
2025-04-24 18:50:52,225 [WARN] DetailPanel:346 - Failed to get advertising image, set to default
2025-04-24 18:50:52,432 [FATAL] Updater:351 - Updater called before beeing initialized
2025-04-24 18:50:52,434 [FATAL] Updater:351 - Updater called before beeing initialized
2025-04-24 18:50:52,434 [FATAL] Updater:351 - Updater called before beeing initialized
2025-04-24 18:50:52,434 [WARN] DetailPanel:346 - Failed to get advertising image, set to default
2025-04-24 18:50:52,434 [FATAL] Updater:351 - Updater called before beeing initialized
2025-04-24 18:50:52,482 [ERROR] Updater:1198 - MainUpdater not yet initialized. External WinMGr cannot be set.
2025-04-24 18:50:52,484 [INFO] Updater:1134 - Updater Version found : 6.14.0
2025-04-24 18:50:52,502 [INFO] ApplicationProperties:184 - Using Application install path: C:\ST\STM32CubeIDE_1.18.0\STM32CubeIDE\plugins\com.st.stm32cube.common.mx_6.14.0.202502271554
2025-04-24 18:50:54,072 [ERROR] LogOutputStream:75 - [STDERR_REDIRECT] Apr 24, 2025 6:50:54 PM java.util.prefs.WindowsPreferences <init>
2025-04-24 18:50:54,073 [ERROR] LogOutputStream:75 - [STDERR_REDIRECT] WARNING: Could not open/create prefs root node Software\JavaSoft\Prefs at root 0xffffffff80000002. Windows RegCreateKeyEx(...) returned error code 5.
2025-04-24 18:50:54,073 [ERROR] LogOutputStream:75 - [STDERR_REDIRECT] 
2025-04-24 18:50:54,148 [INFO] ThirdPartyUpdaterWithRetryManager:70 - Updater plugin not ready yet. [2/15]
2025-04-24 18:50:54,493 [INFO] MainUpdater:2872 - connection check result : 10
2025-04-24 18:50:54,493 [INFO] MainUpdater:3566 - Updater definition file requires update
2025-04-24 18:50:54,494 [INFO] MainUpdater:289 - Updater Check For Update Now.
2025-04-24 18:50:54,494 [INFO] MicroXplorer:498 - Change Database Version : DB.6.0.140
2025-04-24 18:50:54,499 [INFO] McuFinderGlobals:63 - Set McuFinder mode to 2 (CubeIDE integrated)
2025-04-24 18:50:54,500 [INFO] UserAuth:486 - Internet connection configuration mode: 1
2025-04-24 18:50:54,517 [INFO] JxBrowserEngine:152 - Initiate JxBrowser Engine with user profile folder
2025-04-24 18:50:54,654 [INFO] ServerAccessManage:473 - Download File updaters.zip
2025-04-24 18:50:54,819 [INFO] FileExtend:242 - Unzip File : updaters.zip
2025-04-24 18:50:54,819 [INFO] FileExtend:257 - Standard Zip Deflate
2025-04-24 18:50:55,165 [INFO] ServerAccessManage:473 - Download File PacksControlFlags.xml
2025-04-24 18:50:55,299 [INFO] ServerAccessManage:473 - Download File cubemx.pidx
2025-04-24 18:50:56,021 [INFO] WebApp:169 - Instantiating new browser for Auth
2025-04-24 18:50:56,647 [INFO] ServerAccessManage:473 - Download File STMicroelectronics.X-CUBE-WB05N.pdsc
2025-04-24 18:50:56,999 [INFO] WebApp:463 - Apply proxy settings
2025-04-24 18:50:57,000 [INFO] WebApp:548 - Chromium requires no authentication
2025-04-24 18:50:57,015 [INFO] WebApp:491 - Direct internet connection detected
2025-04-24 18:50:57,057 [INFO] WebApp:894 - Register for checkConnection events
2025-04-24 18:50:57,058 [INFO] WebApp:463 - Apply proxy settings
2025-04-24 18:50:57,058 [INFO] WebApp:548 - Chromium requires no authentication
2025-04-24 18:50:57,060 [INFO] WebApp:491 - Direct internet connection detected
2025-04-24 18:50:57,084 [WARN] PackLoader:240 - Cannot read IP mode file for STMicroelectronics.X-CUBE-WB05N.2.0.0
2025-04-24 18:50:57,088 [INFO] PopulateThirdPartyThread:66 - Ending populate Thread
2025-04-24 18:50:57,090 [INFO] ThirdParty:1030 - CMSIS Pack Vendor :STMicroelectronics X-CUBE-WB05N 2.0.0
2025-04-24 18:50:57,091 [INFO] LoadServerUpdatesThread:375 - End of LoadServerUpdate Thread
2025-04-24 18:50:57,150 [WARN] MainUpdater:1193 - Updater busy. Cannot search thirdparties
2025-04-24 18:50:57,150 [INFO] ThirdPartyUpdaterWithRetryManager:96 - Updater plugin is busy. [1/15]
2025-04-24 18:50:57,197 [INFO] CheckServerUpdateThread:120 - End of CheckServer Thread
2025-04-24 18:50:57,257 [INFO] WebApp:191 - Connection restablished
2025-04-24 18:50:57,258 [INFO] WebApp:225 - Starting web application
2025-04-24 18:50:57,259 [INFO] WebApp:593 - Web application path used C:\ST\STM32CubeIDE_1.18.0\STM32CubeIDE\plugins\com.st.stm32cube.common.mx_6.14.0.202502271554\db\plugins\mcufinder\reactClient1\index.html
2025-04-24 18:50:57,405 [INFO] UserAuth:486 - Internet connection configuration mode: 1
2025-04-24 18:51:00,383 [WARN] PackLoader:240 - Cannot read IP mode file for STMicroelectronics.FP-SNS-MOTENVWB1.1.4.0
2025-04-24 18:51:00,388 [WARN] PackLoader:240 - Cannot read IP mode file for STMicroelectronics.FP-ATR-ASTRA1.2.0.2
2025-04-24 18:51:00,395 [WARN] PackLoader:240 - Cannot read IP mode file for STMicroelectronics.X-CUBE-SMBUS.2.1.0
2025-04-24 18:51:00,401 [WARN] PackLoader:240 - Cannot read IP mode file for STMicroelectronics.X-CUBE-WB05N.1.1.0
2025-04-24 18:51:00,423 [WARN] PackLoader:240 - Cannot read IP mode file for STMicroelectronics.X-CUBE-AZRTOS-F7.1.1.0
2025-04-24 18:51:00,431 [WARN] PackLoader:240 - Cannot read IP mode file for STMicroelectronics.FP-SNS-FLIGHT1.5.0.2
2025-04-24 18:51:00,449 [WARN] PackLoader:240 - Cannot read IP mode file for Infineon.AIROC-Wi-Fi-Bluetooth-STM32.1.7.0
2025-04-24 18:51:00,467 [WARN] PackLoader:240 - Cannot read IP mode file for STMicroelectronics.X-CUBE-DISPLAY.3.0.0
2025-04-24 18:51:00,478 [WARN] PackLoader:240 - Cannot read IP mode file for STMicroelectronics.X-CUBE-NFC10.1.0.0
2025-04-24 18:51:00,490 [WARN] PackLoader:240 - Cannot read IP mode file for STMicroelectronics.X-CUBE-BLEMGR.4.0.0
2025-04-24 18:51:00,499 [WARN] PackLoader:240 - Cannot read IP mode file for emotas.I-CUBE-CANOPEN.1.3.0
2025-04-24 18:51:00,504 [WARN] PackLoader:240 - Cannot read IP mode file for STMicroelectronics.X-CUBE-AI.10.0.0
2025-04-24 18:51:00,509 [WARN] PackLoader:240 - Cannot read IP mode file for STMicroelectronics.FP-SNS-SMARTAG2.1.2.0
2025-04-24 18:51:00,514 [WARN] PackLoader:240 - Cannot read IP mode file for STMicroelectronics.FP-SNS-FLIGHT1.5.1.0
2025-04-24 18:51:00,550 [WARN] PackLoader:240 - Cannot read IP mode file for STMicroelectronics.X-CUBE-MEMS1.11.1.0
2025-04-24 18:51:00,650 [INFO] LogOutputStream:77 - [STDOUT_REDIRECT] 1 : Invalid condition id : UX_CORESTACK_Condition cause : null
2025-04-24 18:51:00,651 [INFO] LogOutputStream:77 - [STDOUT_REDIRECT] 1 : Invalid condition id : UX_CORESTACK_Condition cause : null
2025-04-24 18:51:00,652 [INFO] LogOutputStream:77 - [STDOUT_REDIRECT] 1 : Invalid condition id : UX_CORESTACK_Condition cause : null
2025-04-24 18:51:00,654 [INFO] LogOutputStream:77 - [STDOUT_REDIRECT] 1 : Invalid condition id : UX_CORESTACK_Condition cause : null
2025-04-24 18:51:00,655 [INFO] LogOutputStream:77 - [STDOUT_REDIRECT] 1 : Invalid condition id : UX_CORESTACK_Condition cause : null
2025-04-24 18:51:00,658 [WARN] PackLoader:240 - Cannot read IP mode file for STMicroelectronics.X-CUBE-AZRTOS-WL.2.0.0
2025-04-24 18:51:00,664 [WARN] PackLoader:240 - Cannot read IP mode file for STMicroelectronics.FP-SNS-MOTENV1.5.0.0
2025-04-24 18:51:00,673 [WARN] PackLoader:240 - Cannot read IP mode file for WES.I-CUBE-Cesium.1.3.0
2025-04-24 18:51:00,678 [WARN] PackLoader:240 - Cannot read IP mode file for STMicroelectronics.X-CUBE-BLE2.3.3.0
2025-04-24 18:51:00,685 [WARN] PackLoader:240 - Cannot read IP mode file for STMicroelectronics.X-CUBE-NFC9.1.0.0
2025-04-24 18:51:00,691 [WARN] PackLoader:240 - Cannot read IP mode file for STMicroelectronics.X-CUBE-BLE1.7.1.0
2025-04-24 18:51:00,696 [WARN] PackLoader:240 - Cannot read IP mode file for wolfSSL.I-CUBE-wolfMQTT.1.19.2
2025-04-24 18:51:00,728 [WARN] PackLoader:240 - Cannot read IP mode file for STMicroelectronics.X-CUBE-MEMS1.11.2.0
2025-04-24 18:51:00,807 [WARN] PackLoader:240 - Cannot read IP mode file for STMicroelectronics.X-CUBE-AZRTOS-G0.1.1.0
2025-04-24 18:51:00,818 [WARN] PackLoader:240 - Cannot read IP mode file for STMicroelectronics.X-CUBE-SAFEA1.1.2.2
2025-04-24 18:51:00,825 [WARN] PackLoader:240 - Cannot read IP mode file for STMicroelectronics.X-CUBE-NFC4.3.0.0
2025-04-24 18:51:00,833 [WARN] PackLoader:240 - Cannot read IP mode file for EmbeddedOffice.I-CUBE-FS-RTOS.1.0.1
2025-04-24 18:51:00,838 [WARN] PackLoader:240 - Cannot read IP mode file for STMicroelectronics.X-CUBE-WB05N.2.0.0
2025-04-24 18:51:00,845 [WARN] PackLoader:240 - Cannot read IP mode file for wolfSSL.I-CUBE-wolfTPM.3.8.0
2025-04-24 18:51:00,850 [WARN] PackLoader:240 - Cannot read IP mode file for STMicroelectronics.X-CUBE-TCPP.4.2.0
2025-04-24 18:51:00,857 [WARN] PackLoader:240 - Cannot read IP mode file for RealThread.X-CUBE-RT-Thread_Nano.4.1.1
2025-04-24 18:51:00,862 [WARN] PackLoader:240 - Cannot read IP mode file for STMicroelectronics.FP-ATR-SIGFOX1.3.2.0
2025-04-24 18:51:00,868 [WARN] ConditionMgr:438 - getConditionDescription Invalid condition id : Cortex-A Device cause : null
2025-04-24 18:51:00,882 [WARN] ConditionMgr:1044 - genDependencies : Invalid condition id : Cortex-A Device cause : null
2025-04-24 18:51:00,882 [WARN] ConditionMgr:1044 - genDependencies : Invalid condition id : Cortex-A Device cause : null
2025-04-24 18:51:00,882 [WARN] ConditionMgr:1044 - genDependencies : Invalid condition id : Cortex-A Device cause : null
2025-04-24 18:51:00,887 [WARN] PackLoader:240 - Cannot read IP mode file for STMicroelectronics.X-CUBE-EEPRMA1.5.1.0
2025-04-24 18:51:00,894 [WARN] PackLoader:240 - Cannot read IP mode file for wolfSSL.I-CUBE-wolfSSL.5.7.6
2025-04-24 18:51:00,900 [WARN] PackLoader:240 - Cannot read IP mode file for ITTIA_DB.I-CUBE-ITTIADB.8.9.0
2025-04-24 18:51:00,921 [WARN] PackLoader:240 - Cannot read IP mode file for SEGGER.I-CUBE-embOS.1.3.1
2025-04-24 18:51:00,959 [WARN] PackLoader:240 - Cannot read IP mode file for STMicroelectronics.X-CUBE-ALGOBUILD.1.4.0
2025-04-24 18:51:00,973 [WARN] PackLoader:240 - Cannot read IP mode file for STMicroelectronics.X-CUBE-AZRTOS-F4.1.1.0
2025-04-24 18:51:00,979 [WARN] PackLoader:240 - Cannot read IP mode file for Avnet-IotConnect.X-CUBE-IoTC-DA16k-PMOD.1.0.0
2025-04-24 18:51:00,984 [WARN] PackLoader:240 - Cannot read IP mode file for STMicroelectronics.X-CUBE-ISPU.2.1.0
2025-04-24 18:51:00,997 [WARN] PackLoader:240 - Cannot read IP mode file for STMicroelectronics.X-CUBE-AZRTOS-L5.2.0.0
2025-04-24 18:51:01,007 [WARN] PackLoader:240 - Cannot read IP mode file for STMicroelectronics.X-CUBE-NFC6.3.1.0
2025-04-24 18:51:01,015 [WARN] PackLoader:240 - Cannot read IP mode file for STMicroelectronics.X-CUBE-DPower.1.2.0
2025-04-24 18:51:01,021 [WARN] PackLoader:240 - Cannot read IP mode file for STMicroelectronics.X-CUBE-FREERTOS.1.3.0
2025-04-24 18:51:01,028 [WARN] PackLoader:240 - Cannot read IP mode file for STMicroelectronics.X-CUBE-NFC7.1.0.1
2025-04-24 18:51:01,034 [WARN] PackLoader:240 - Cannot read IP mode file for STMicroelectronics.X-CUBE-DPower.1.3.0
2025-04-24 18:51:01,048 [WARN] ConditionMgr:438 - getConditionDescription Invalid condition id : LAN8742 Phy interface Condition cause : null
2025-04-24 18:51:01,049 [WARN] PackLoader:240 - Cannot read IP mode file for STMicroelectronics.X-CUBE-AZRTOS-L4.2.0.0
2025-04-24 18:51:01,050 [WARN] ConditionMgr:1044 - genDependencies : Invalid condition id : LAN8742 Phy interface Condition cause : null
2025-04-24 18:51:01,050 [WARN] ConditionMgr:1044 - genDependencies : Invalid condition id : LAN8742 Phy interface Condition cause : null
2025-04-24 18:51:01,050 [WARN] ConditionMgr:1044 - genDependencies : Invalid condition id : LAN8742 Phy interface Condition cause : null
2025-04-24 18:51:01,057 [WARN] PackLoader:240 - Cannot read IP mode file for STMicroelectronics.X-CUBE-SFXS2LP1.4.0.0
2025-04-24 18:51:01,071 [WARN] PackLoader:240 - Cannot read IP mode file for STMicroelectronics.X-CUBE-AZRTOS-H7.3.3.0
2025-04-24 18:51:01,081 [WARN] ConditionMgr:438 - getConditionDescription Invalid condition id : UX DEVICE CLASS RTOS Condition cause : null
2025-04-24 18:51:01,082 [WARN] ConditionMgr:438 - getConditionDescription Invalid condition id : UX DEVICE CLASS RTOS Condition cause : null
2025-04-24 18:51:01,083 [WARN] PackLoader:240 - Cannot read IP mode file for STMicroelectronics.X-CUBE-AZRTOS-WB.2.0.0
2025-04-24 18:51:01,083 [WARN] ConditionMgr:1044 - genDependencies : Invalid condition id : UX DEVICE CLASS RTOS Condition cause : null
2025-04-24 18:51:01,083 [WARN] ConditionMgr:1044 - genDependencies : Invalid condition id : UX DEVICE CLASS RTOS Condition cause : null
2025-04-24 18:51:01,084 [WARN] ConditionMgr:1044 - genDependencies : Invalid condition id : UX DEVICE CLASS RTOS Condition cause : null
2025-04-24 18:51:01,084 [WARN] ConditionMgr:1044 - genDependencies : Invalid condition id : UX DEVICE CLASS RTOS Condition cause : null
2025-04-24 18:51:01,084 [WARN] ConditionMgr:1044 - genDependencies : Invalid condition id : UX DEVICE CLASS RTOS Condition cause : null
2025-04-24 18:51:01,091 [WARN] PackLoader:240 - Cannot read IP mode file for STMicroelectronics.X-CUBE-GNSS1.7.0.1
2025-04-24 18:51:01,096 [WARN] PackLoader:240 - Cannot read IP mode file for STMicroelectronics.X-CUBE-TOUCHGFX.4.25.0
2025-04-24 18:51:01,102 [WARN] PackLoader:240 - Cannot read IP mode file for STMicroelectronics.FP-SNS-STBOX1.2.0.0
2025-04-24 18:51:01,112 [WARN] PackLoader:240 - Cannot read IP mode file for STMicroelectronics.X-CUBE-SUBG2.5.0.0
2025-04-24 18:51:01,128 [WARN] PackLoader:240 - Cannot read IP mode file for STMicroelectronics.X-CUBE-AZRTOS-H7RS.1.1.0
2025-04-24 18:51:01,134 [WARN] PackLoader:240 - Cannot read IP mode file for Cesanta.I-CUBE-Mongoose.7.13.0
2025-04-24 18:51:01,145 [WARN] PackLoader:240 - Cannot read IP mode file for STMicroelectronics.X-CUBE-AZRTOS-G4.2.0.0
2025-04-24 18:51:01,150 [WARN] PackLoader:240 - Cannot read IP mode file for wolfSSL.I-CUBE-wolfSSH.1.4.20
2025-04-24 18:51:01,160 [WARN] PackLoader:240 - Cannot read IP mode file for STMicroelectronics.X-CUBE-IPS.3.1.0
2025-04-24 18:51:01,168 [WARN] PackLoader:240 - Cannot read IP mode file for STMicroelectronics.X-CUBE-ALS.1.0.2
2025-04-24 18:51:01,172 [WARN] PackLoader:240 - Cannot read IP mode file for STMicroelectronics.X-CUBE-TOUCHGFX.4.24.2
2025-04-24 18:51:01,177 [WARN] PackLoader:240 - Cannot read IP mode file for portGmbH.I-Cube-SoM-uGOAL.1.1.0
2025-04-24 18:51:01,188 [WARN] PackLoader:240 - Cannot read IP mode file for STMicroelectronics.X-CUBE-AZRTOS-H7RS.1.0.0
2025-04-24 18:51:01,199 [WARN] PackLoader:240 - Cannot read IP mode file for STMicroelectronics.X-CUBE-TOF1.3.4.2
2025-04-24 18:51:01,213 [WARN] PackLoader:240 - Cannot read IP mode file for STMicroelectronics.X-CUBE-TOF1.3.4.3
2025-04-24 18:51:01,219 [INFO] ThirdParty:978 - Integrity check success = true
2025-04-24 18:51:01,219 [INFO] IntegrityCheckThread:100 - exiting critical section [integrity check]
2025-04-24 18:51:01,219 [INFO] IntegrityCheckThread:103 - End integrity checks thread
2025-04-24 20:00:04,854 [ERROR] LogOutputStream:75 - [STDERR_REDIRECT] 
2025-04-24 20:19:38,101 [INFO] Activator:176 - 


2025-04-24 20:19:38,103 [INFO] Activator:177 - !SESSION log4j initialized
2025-04-24 20:19:43,669 [INFO] LogOutputStream:77 - [STDOUT_REDIRECT] 
2025-04-24 20:19:44,920 [INFO] ApplicationProperties:184 - Using Application install path: C:\ST\STM32CubeIDE_1.18.0\STM32CubeIDE\plugins\com.st.stm32cube.common.mx_6.14.0.202502271554
2025-04-24 20:19:44,932 [INFO] DbMcusXml:78 - Set database path to: C:\ST\STM32CubeIDE_1.18.0\STM32CubeIDE\plugins\com.st.stm32cube.common.mx_6.14.0.202502271554\\db\/mcu/
2025-04-24 20:19:44,932 [INFO] ApiDb:274 - Set plugin database path to: C:\ST\STM32CubeIDE_1.18.0\STM32CubeIDE\plugins\com.st.stm32cube.common.mx_6.14.0.202502271554\\db\/plugins/boardmanager/
2025-04-24 20:19:44,932 [WARN] ApiDb:259 - Overriding images path with different value:  => C:\ST\STM32CubeIDE_1.18.0\STM32CubeIDE\plugins\com.st.stm32cube.common.mx_6.14.0.202502271554\\db\/plugins/mcufinder/images/
2025-04-24 20:19:44,938 [INFO] ApiDb:250 - Set database path to: C:\Users\phucv\.stmcufinder\plugins\mcufinder//mcu/
2025-04-24 20:19:44,939 [INFO] DbMcusAds:125 - Set database path to: C:\Users\phucv\.stmcufinder\plugins\mcufinder//mcu/
2025-04-24 20:19:45,511 [INFO] CrossReferenceDbSqlite:203 - Set database path to: C:\Users\phucv\.stmcufinder\plugins\mcufinder//mcu/cs/
2025-04-24 20:19:45,604 [INFO] RulesReader:64 - Compatibility file has been processed (301 Rules)
2025-04-24 20:19:45,669 [INFO] DbMcusXml:78 - Set database path to: C:\ST\STM32CubeIDE_1.18.0\STM32CubeIDE\plugins\com.st.stm32cube.common.mx_6.14.0.202502271554\\db\/mcu/
2025-04-24 20:19:45,669 [INFO] ApiDb:274 - Set plugin database path to: C:\ST\STM32CubeIDE_1.18.0\STM32CubeIDE\plugins\com.st.stm32cube.common.mx_6.14.0.202502271554\\db\/plugins/boardmanager/
2025-04-24 20:19:45,669 [INFO] ApiDb:261 - Set plugin images path to: C:\ST\STM32CubeIDE_1.18.0\STM32CubeIDE\plugins\com.st.stm32cube.common.mx_6.14.0.202502271554\\db\/plugins/mcufinder/images/
2025-04-24 20:19:45,669 [WARN] DbFile:41 - Overriding database path with different value: C:\Users\phucv\.stmcufinder\plugins\mcufinder/ => C:\Users\phucv\.stmcufinder\plugins\mcufinder
2025-04-24 20:19:45,670 [INFO] ApiDb:250 - Set database path to: C:\Users\phucv\.stmcufinder\plugins\mcufinder//mcu/
2025-04-24 20:19:45,670 [WARN] DbFile:41 - Overriding database path with different value: C:\Users\phucv\.stmcufinder\plugins\mcufinder/ => C:\Users\phucv\.stmcufinder\plugins\mcufinder
2025-04-24 20:19:45,670 [INFO] DbMcusAds:125 - Set database path to: C:\Users\phucv\.stmcufinder\plugins\mcufinder//mcu/
2025-04-24 20:19:45,670 [WARN] DbFile:41 - Overriding database path with different value: C:\Users\phucv\.stmcufinder\plugins\mcufinder/ => C:\Users\phucv\.stmcufinder\plugins\mcufinder
2025-04-24 20:19:45,670 [WARN] DbFile:41 - Overriding database path with different value: C:\Users\phucv\.stmcufinder\plugins\mcufinder/ => C:\Users\phucv\.stmcufinder\plugins\mcufinder
2025-04-24 20:19:46,510 [INFO] CrossReferenceDbSqlite:203 - Set database path to: C:\Users\phucv\.stmcufinder\plugins\mcufinder//mcu/cs/
2025-04-24 20:19:46,577 [INFO] MainPanel:272 - HeapMemory: 268435456
2025-04-24 20:19:46,652 [INFO] DbMcusXml:78 - Set database path to: C:\ST\STM32CubeIDE_1.18.0\STM32CubeIDE\plugins\com.st.stm32cube.common.mx_6.14.0.202502271554\\db\/mcu/
2025-04-24 20:19:46,652 [INFO] ApiDb:274 - Set plugin database path to: C:\ST\STM32CubeIDE_1.18.0\STM32CubeIDE\plugins\com.st.stm32cube.common.mx_6.14.0.202502271554\\db\/plugins/boardmanager/
2025-04-24 20:19:46,652 [INFO] ApiDb:261 - Set plugin images path to: C:\ST\STM32CubeIDE_1.18.0\STM32CubeIDE\plugins\com.st.stm32cube.common.mx_6.14.0.202502271554\\db\/plugins/mcufinder/images/
2025-04-24 20:19:46,653 [WARN] DbFile:41 - Overriding database path with different value: C:\Users\phucv\.stmcufinder\plugins\mcufinder/ => C:\Users\phucv\.stmcufinder\plugins\mcufinder
2025-04-24 20:19:46,653 [INFO] ApiDb:250 - Set database path to: C:\Users\phucv\.stmcufinder\plugins\mcufinder//mcu/
2025-04-24 20:19:46,653 [WARN] DbFile:41 - Overriding database path with different value: C:\Users\phucv\.stmcufinder\plugins\mcufinder/ => C:\Users\phucv\.stmcufinder\plugins\mcufinder
2025-04-24 20:19:46,653 [INFO] DbMcusAds:125 - Set database path to: C:\Users\phucv\.stmcufinder\plugins\mcufinder//mcu/
2025-04-24 20:19:46,653 [WARN] DbFile:41 - Overriding database path with different value: C:\Users\phucv\.stmcufinder\plugins\mcufinder/ => C:\Users\phucv\.stmcufinder\plugins\mcufinder
2025-04-24 20:19:46,653 [WARN] DbFile:41 - Overriding database path with different value: C:\Users\phucv\.stmcufinder\plugins\mcufinder/ => C:\Users\phucv\.stmcufinder\plugins\mcufinder
2025-04-24 20:19:47,510 [INFO] CrossReferenceDbSqlite:203 - Set database path to: C:\Users\phucv\.stmcufinder\plugins\mcufinder//mcu/cs/
2025-04-24 20:19:47,525 [INFO] ApplicationProperties:184 - Using Application install path: C:\ST\STM32CubeIDE_1.18.0\STM32CubeIDE\plugins\com.st.stm32cube.common.mx_6.14.0.202502271554
2025-04-24 20:19:47,526 [INFO] PluginManage:196 - Search for loadable plugins [exclusion list=, ]
2025-04-24 20:19:47,528 [INFO] PluginManage:310 - Check plugin analytics
2025-04-24 20:19:48,562 [INFO] AnalyticsPlugin:253 - Accepted Software Licenses: STM32CubeMX.6.14.0
2025-04-24 20:19:48,563 [INFO] AnalyticsPlugin:255 - Accepted CMSIS Pack Licenses: 
2025-04-24 20:19:48,563 [INFO] AnalyticsPlugin:257 - Accepted Firmware Licenses: FW.F4.1.28.0
2025-04-24 20:19:48,565 [INFO] PluginManage:359 - Loaded plugin analytics (category:tool,tabindex:-1)
2025-04-24 20:19:48,565 [INFO] PluginManage:310 - Check plugin cadmodel
2025-04-24 20:19:48,568 [INFO] CADModel:105 - Init CAD model plugin
2025-04-24 20:19:48,568 [INFO] PluginManage:359 - Loaded plugin cadmodel (category:power,tabindex:5)
2025-04-24 20:19:48,568 [INFO] PluginManage:310 - Check plugin clock
2025-04-24 20:19:48,575 [INFO] PluginManage:359 - Loaded plugin clock (category:base,tabindex:2)
2025-04-24 20:19:48,575 [INFO] PluginManage:310 - Check plugin ddr
2025-04-24 20:19:48,576 [INFO] PluginManage:359 - Loaded plugin ddr (category:tool,tabindex:6)
2025-04-24 20:19:48,576 [INFO] PluginManage:310 - Check plugin filemanager
2025-04-24 20:19:48,694 [INFO] PluginManage:359 - Loaded plugin filemanager (category:base,tabindex:10)
2025-04-24 20:19:48,694 [INFO] PluginManage:310 - Check plugin ipmanager
2025-04-24 20:19:48,700 [INFO] PluginManage:359 - Loaded plugin ipmanager (category:base,tabindex:5)
2025-04-24 20:19:48,700 [INFO] PluginManage:310 - Check plugin lpbam
2025-04-24 20:19:48,708 [INFO] PluginManage:359 - Loaded plugin lpbam (category:base,tabindex:0)
2025-04-24 20:19:48,708 [INFO] PluginManage:310 - Check plugin memorymap
2025-04-24 20:19:48,718 [INFO] PluginManage:359 - Loaded plugin memorymap (category:base,tabindex:4)
2025-04-24 20:19:48,718 [INFO] PluginManage:310 - Check plugin pinoutandconfiguration
2025-04-24 20:19:48,725 [INFO] PluginManage:359 - Loaded plugin pinoutandconfiguration (category:base,tabindex:1)
2025-04-24 20:19:48,725 [INFO] PluginManage:310 - Check plugin pinoutconfig
2025-04-24 20:19:48,805 [WARN] SupportedApi:132 - Cannot load RTOS API schema: s4s-elt-must-match.1: The content of 'definitions' must match (annotation?, (simpleType | complexType)?, (unique | key | keyref)*)). A problem was found starting at: attribute.
2025-04-24 20:19:48,915 [INFO] PluginManage:359 - Loaded plugin pinoutconfig (category:base,tabindex:0)
2025-04-24 20:19:48,915 [INFO] PluginManage:310 - Check plugin power
2025-04-24 20:19:48,923 [INFO] PluginManage:359 - Loaded plugin power (category:power,tabindex:4)
2025-04-24 20:19:48,923 [INFO] PluginManage:310 - Check plugin projectmanager
2025-04-24 20:19:48,934 [INFO] PluginManage:359 - Loaded plugin projectmanager (category:projectmanager,tabindex:4)
2025-04-24 20:19:48,934 [INFO] PluginManage:310 - Check plugin rif
2025-04-24 20:19:48,941 [INFO] PluginManage:359 - Loaded plugin rif (category:base,tabindex:3)
2025-04-24 20:19:48,941 [INFO] PluginManage:310 - Check plugin thirdparty
2025-04-24 20:19:49,050 [WARN] IntegrityCheckThread:84 - waiting for thirdparty lock release [integrity check]
2025-04-24 20:19:49,051 [INFO] PluginManage:359 - Loaded plugin thirdparty (category:base,tabindex:-1)
2025-04-24 20:19:49,051 [INFO] IntegrityCheckThread:86 - entering critical section [integrity check]
2025-04-24 20:19:49,051 [INFO] PluginManage:310 - Check plugin tools
2025-04-24 20:19:49,051 [INFO] ThirdPartyUpdaterWithRetryManager:70 - Updater plugin not ready yet. [1/15]
2025-04-24 20:19:49,054 [INFO] PluginManage:359 - Loaded plugin tools (category:base,tabindex:7)
2025-04-24 20:19:49,054 [INFO] PluginManage:310 - Check plugin tutovideos
2025-04-24 20:19:49,197 [INFO] PluginManage:359 - Loaded plugin tutovideos (category:base,tabindex:-1)
2025-04-24 20:19:49,198 [INFO] PluginManage:310 - Check plugin updater
2025-04-24 20:19:49,216 [INFO] PluginManage:359 - Loaded plugin updater (category:base,tabindex:12)
2025-04-24 20:19:49,216 [INFO] PluginManage:310 - Check plugin userauth
2025-04-24 20:19:49,219 [INFO] UserAuth:118 - Init User Auth plugin
2025-04-24 20:19:49,220 [INFO] PluginManage:359 - Loaded plugin userauth (category:base,tabindex:14)
2025-04-24 20:19:49,221 [INFO] PluginManage:283 - PluginManage : Loaded plugins [18]
2025-04-24 20:19:49,388 [INFO] PinOutPanel:1589 - setPackage(No Configuration,No Configuration)
2025-04-24 20:19:49,459 [INFO] CADModel:165 - CPN selected for project level
2025-04-24 20:19:49,459 [INFO] CADModel:114 - Register for checkConnection events
2025-04-24 20:19:49,474 [INFO] IPUIPlugin:80 - create IPUIPlugin
2025-04-24 20:19:49,474 [INFO] PluginManager:220 - loadIPPluginJar : add adc
2025-04-24 20:19:49,477 [INFO] IPUIPlugin:80 - create IPUIPlugin
2025-04-24 20:19:49,477 [INFO] PluginManager:220 - loadIPPluginJar : add aes
2025-04-24 20:19:49,479 [INFO] IPUIPlugin:80 - create IPUIPlugin
2025-04-24 20:19:49,479 [INFO] PluginManager:220 - loadIPPluginJar : add can
2025-04-24 20:19:49,481 [INFO] IPUIPlugin:80 - create IPUIPlugin
2025-04-24 20:19:49,481 [INFO] PluginManager:220 - loadIPPluginJar : add comp
2025-04-24 20:19:49,483 [INFO] IPUIPlugin:80 - create IPUIPlugin
2025-04-24 20:19:49,483 [INFO] PluginManager:220 - loadIPPluginJar : add cryp
2025-04-24 20:19:49,485 [INFO] IPUIPlugin:80 - create IPUIPlugin
2025-04-24 20:19:49,485 [INFO] PluginManager:220 - loadIPPluginJar : add ddr_ctrl_phy
2025-04-24 20:19:49,487 [INFO] IPUIPlugin:80 - create IPUIPlugin
2025-04-24 20:19:49,488 [INFO] PluginManager:220 - loadIPPluginJar : add dfsdm
2025-04-24 20:19:49,492 [INFO] IPUIPlugin:80 - create IPUIPlugin
2025-04-24 20:19:49,492 [INFO] PluginManager:220 - loadIPPluginJar : add dma
2025-04-24 20:19:49,494 [INFO] IPUIPlugin:80 - create IPUIPlugin
2025-04-24 20:19:49,494 [INFO] PluginManager:220 - loadIPPluginJar : add dma3
2025-04-24 20:19:49,498 [INFO] IPUIPlugin:80 - create IPUIPlugin
2025-04-24 20:19:49,498 [INFO] PluginManager:220 - loadIPPluginJar : add extmemmanager
2025-04-24 20:19:49,499 [INFO] IPUIPlugin:80 - create IPUIPlugin
2025-04-24 20:19:49,499 [INFO] PluginManager:220 - loadIPPluginJar : add fatfs
2025-04-24 20:19:49,504 [INFO] IPUIPlugin:80 - create IPUIPlugin
2025-04-24 20:19:49,504 [INFO] PluginManager:220 - loadIPPluginJar : add fmc
2025-04-24 20:19:49,509 [INFO] IPUIPlugin:80 - create IPUIPlugin
2025-04-24 20:19:49,510 [INFO] PluginManager:220 - loadIPPluginJar : add freertos
2025-04-24 20:19:49,511 [INFO] IPUIPlugin:80 - create IPUIPlugin
2025-04-24 20:19:49,511 [INFO] PluginManager:220 - loadIPPluginJar : add genericplugin
2025-04-24 20:19:49,513 [INFO] IPUIPlugin:80 - create IPUIPlugin
2025-04-24 20:19:49,513 [INFO] PluginManager:220 - loadIPPluginJar : add gfxmmu
2025-04-24 20:19:49,517 [INFO] IPUIPlugin:80 - create IPUIPlugin
2025-04-24 20:19:49,517 [INFO] PluginManager:220 - loadIPPluginJar : add gic
2025-04-24 20:19:49,520 [INFO] IPUIPlugin:80 - create IPUIPlugin
2025-04-24 20:19:49,520 [INFO] PluginManager:220 - loadIPPluginJar : add gpio
2025-04-24 20:19:49,523 [INFO] IPUIPlugin:80 - create IPUIPlugin
2025-04-24 20:19:49,523 [INFO] PluginManager:220 - loadIPPluginJar : add gtzc
2025-04-24 20:19:49,525 [INFO] IPUIPlugin:80 - create IPUIPlugin
2025-04-24 20:19:49,525 [INFO] PluginManager:220 - loadIPPluginJar : add hash
2025-04-24 20:19:49,527 [INFO] IPUIPlugin:80 - create IPUIPlugin
2025-04-24 20:19:49,527 [INFO] PluginManager:220 - loadIPPluginJar : add i2c
2025-04-24 20:19:49,529 [INFO] IPUIPlugin:80 - create IPUIPlugin
2025-04-24 20:19:49,529 [INFO] PluginManager:220 - loadIPPluginJar : add i2s
2025-04-24 20:19:49,531 [INFO] IPUIPlugin:80 - create IPUIPlugin
2025-04-24 20:19:49,531 [INFO] PluginManager:220 - loadIPPluginJar : add i3c
2025-04-24 20:19:49,534 [INFO] IPUIPlugin:80 - create IPUIPlugin
2025-04-24 20:19:49,534 [INFO] PluginManager:220 - loadIPPluginJar : add ipddr
2025-04-24 20:19:49,539 [INFO] IPUIPlugin:80 - create IPUIPlugin
2025-04-24 20:19:49,540 [INFO] PluginManager:220 - loadIPPluginJar : add linkedlist
2025-04-24 20:19:49,542 [INFO] IPUIPlugin:80 - create IPUIPlugin
2025-04-24 20:19:49,542 [INFO] PluginManager:220 - loadIPPluginJar : add lorawan
2025-04-24 20:19:49,543 [INFO] IPUIPlugin:80 - create IPUIPlugin
2025-04-24 20:19:49,543 [INFO] PluginManager:220 - loadIPPluginJar : add ltdc
2025-04-24 20:19:49,549 [INFO] IPUIPlugin:80 - create IPUIPlugin
2025-04-24 20:19:49,549 [INFO] PluginManager:220 - loadIPPluginJar : add mdma
2025-04-24 20:19:49,553 [INFO] IPUIPlugin:80 - create IPUIPlugin
2025-04-24 20:19:49,554 [INFO] PluginManager:220 - loadIPPluginJar : add nvic
2025-04-24 20:19:49,557 [INFO] IPUIPlugin:80 - create IPUIPlugin
2025-04-24 20:19:49,557 [INFO] PluginManager:220 - loadIPPluginJar : add opamp
2025-04-24 20:19:49,562 [INFO] IPUIPlugin:80 - create IPUIPlugin
2025-04-24 20:19:49,562 [INFO] PluginManager:220 - loadIPPluginJar : add openamp
2025-04-24 20:19:49,565 [INFO] IPUIPlugin:80 - create IPUIPlugin
2025-04-24 20:19:49,565 [INFO] PluginManager:220 - loadIPPluginJar : add pdm2pcm
2025-04-24 20:19:49,571 [INFO] IPUIPlugin:80 - create IPUIPlugin
2025-04-24 20:19:49,574 [INFO] PluginManager:220 - loadIPPluginJar : add plateformsettings
2025-04-24 20:19:49,576 [INFO] IPUIPlugin:80 - create IPUIPlugin
2025-04-24 20:19:49,576 [INFO] PluginManager:220 - loadIPPluginJar : add quadspi
2025-04-24 20:19:49,578 [INFO] IPUIPlugin:80 - create IPUIPlugin
2025-04-24 20:19:49,579 [INFO] PluginManager:220 - loadIPPluginJar : add radio
2025-04-24 20:19:49,582 [INFO] IPUIPlugin:80 - create IPUIPlugin
2025-04-24 20:19:49,582 [INFO] PluginManager:220 - loadIPPluginJar : add resmgrutility
2025-04-24 20:19:49,585 [INFO] IPUIPlugin:80 - create IPUIPlugin
2025-04-24 20:19:49,585 [INFO] PluginManager:220 - loadIPPluginJar : add sai
2025-04-24 20:19:49,587 [INFO] IPUIPlugin:80 - create IPUIPlugin
2025-04-24 20:19:49,587 [INFO] PluginManager:220 - loadIPPluginJar : add spi
2025-04-24 20:19:49,594 [INFO] IPUIPlugin:80 - create IPUIPlugin
2025-04-24 20:19:49,594 [INFO] PluginManager:220 - loadIPPluginJar : add stm32_wpan
2025-04-24 20:19:49,596 [INFO] IPUIPlugin:80 - create IPUIPlugin
2025-04-24 20:19:49,596 [INFO] PluginManager:220 - loadIPPluginJar : add tim
2025-04-24 20:19:49,599 [INFO] IPUIPlugin:80 - create IPUIPlugin
2025-04-24 20:19:49,599 [INFO] PluginManager:220 - loadIPPluginJar : add touchsensing
2025-04-24 20:19:49,601 [INFO] IPUIPlugin:80 - create IPUIPlugin
2025-04-24 20:19:49,601 [INFO] PluginManager:220 - loadIPPluginJar : add tracer_emb
2025-04-24 20:19:49,603 [INFO] IPUIPlugin:80 - create IPUIPlugin
2025-04-24 20:19:49,603 [INFO] PluginManager:220 - loadIPPluginJar : add ts
2025-04-24 20:19:49,605 [INFO] IPUIPlugin:80 - create IPUIPlugin
2025-04-24 20:19:49,605 [INFO] PluginManager:220 - loadIPPluginJar : add tsc
2025-04-24 20:19:49,607 [INFO] IPUIPlugin:80 - create IPUIPlugin
2025-04-24 20:19:49,608 [INFO] PluginManager:220 - loadIPPluginJar : add ucpd
2025-04-24 20:19:49,610 [INFO] IPUIPlugin:80 - create IPUIPlugin
2025-04-24 20:19:49,610 [INFO] PluginManager:220 - loadIPPluginJar : add usart
2025-04-24 20:19:49,614 [INFO] IPUIPlugin:80 - create IPUIPlugin
2025-04-24 20:19:49,614 [INFO] PluginManager:220 - loadIPPluginJar : add usbx
2025-04-24 20:19:49,744 [FATAL] Updater:351 - Updater called before beeing initialized
2025-04-24 20:19:49,766 [INFO] RulesReader:64 - Compatibility file has been processed (301 Rules)
2025-04-24 20:19:49,775 [INFO] RulesReader:64 - Compatibility file has been processed (301 Rules)
2025-04-24 20:19:49,783 [INFO] CADModel:165 - CPN selected for project level
2025-04-24 20:19:49,783 [INFO] CADModel:114 - Register for checkConnection events
2025-04-24 20:19:49,783 [FATAL] Updater:351 - Updater called before beeing initialized
2025-04-24 20:19:49,783 [ERROR] CADModel:125 - Updater not yet initialized, retry later 
2025-04-24 20:19:49,914 [FATAL] Updater:351 - Updater called before beeing initialized
2025-04-24 20:19:49,916 [INFO] CADModel:165 - CPN selected for project level
2025-04-24 20:19:49,916 [INFO] CADModel:114 - Register for checkConnection events
2025-04-24 20:19:49,916 [FATAL] Updater:351 - Updater called before beeing initialized
2025-04-24 20:19:49,916 [ERROR] CADModel:125 - Updater not yet initialized, retry later 
2025-04-24 20:19:49,918 [FATAL] Updater:351 - Updater called before beeing initialized
2025-04-24 20:19:50,005 [FATAL] Updater:351 - Updater called before beeing initialized
2025-04-24 20:19:50,008 [INFO] DbMcusAds:53 - JSON generation date=Thu Mar 06 21:54:22 ICT 2025 (1741272862078)
2025-04-24 20:19:50,009 [FATAL] Updater:351 - Updater called before beeing initialized
2025-04-24 20:19:50,035 [WARN] DetailPanel:346 - Failed to get advertising image, set to default
2025-04-24 20:19:50,247 [FATAL] Updater:351 - Updater called before beeing initialized
2025-04-24 20:19:50,248 [FATAL] Updater:351 - Updater called before beeing initialized
2025-04-24 20:19:50,249 [FATAL] Updater:351 - Updater called before beeing initialized
2025-04-24 20:19:50,249 [WARN] DetailPanel:346 - Failed to get advertising image, set to default
2025-04-24 20:19:50,249 [FATAL] Updater:351 - Updater called before beeing initialized
2025-04-24 20:19:50,290 [ERROR] Updater:1198 - MainUpdater not yet initialized. External WinMGr cannot be set.
2025-04-24 20:19:50,292 [INFO] Updater:1134 - Updater Version found : 6.14.0
2025-04-24 20:19:50,306 [INFO] ApplicationProperties:184 - Using Application install path: C:\ST\STM32CubeIDE_1.18.0\STM32CubeIDE\plugins\com.st.stm32cube.common.mx_6.14.0.202502271554
2025-04-24 20:19:51,890 [ERROR] LogOutputStream:75 - [STDERR_REDIRECT] Apr 24, 2025 8:19:51 PM java.util.prefs.WindowsPreferences <init>
2025-04-24 20:19:51,890 [ERROR] LogOutputStream:75 - [STDERR_REDIRECT] WARNING: Could not open/create prefs root node Software\JavaSoft\Prefs at root 0xffffffff80000002. Windows RegCreateKeyEx(...) returned error code 5.
2025-04-24 20:19:51,890 [ERROR] LogOutputStream:75 - [STDERR_REDIRECT] 
2025-04-24 20:19:52,067 [INFO] ThirdPartyUpdaterWithRetryManager:70 - Updater plugin not ready yet. [2/15]
2025-04-24 20:19:52,350 [INFO] MainUpdater:2872 - connection check result : 10
2025-04-24 20:19:52,350 [INFO] MainUpdater:289 - Updater Check For Update Now.
2025-04-24 20:19:52,350 [INFO] MicroXplorer:498 - Change Database Version : DB.6.0.140
2025-04-24 20:19:52,365 [INFO] McuFinderGlobals:63 - Set McuFinder mode to 2 (CubeIDE integrated)
2025-04-24 20:19:52,365 [INFO] UserAuth:486 - Internet connection configuration mode: 1
2025-04-24 20:19:52,381 [INFO] JxBrowserEngine:152 - Initiate JxBrowser Engine with user profile folder
2025-04-24 20:19:52,556 [INFO] CheckServerUpdateThread:120 - End of CheckServer Thread
2025-04-24 20:19:53,399 [INFO] WebApp:169 - Instantiating new browser for Auth
2025-04-24 20:19:53,982 [INFO] WebApp:463 - Apply proxy settings
2025-04-24 20:19:53,982 [INFO] WebApp:548 - Chromium requires no authentication
2025-04-24 20:19:53,990 [INFO] WebApp:491 - Direct internet connection detected
2025-04-24 20:19:54,000 [INFO] WebApp:894 - Register for checkConnection events
2025-04-24 20:19:54,000 [INFO] WebApp:463 - Apply proxy settings
2025-04-24 20:19:54,000 [INFO] WebApp:548 - Chromium requires no authentication
2025-04-24 20:19:54,000 [INFO] WebApp:491 - Direct internet connection detected
2025-04-24 20:19:54,148 [INFO] WebApp:225 - Starting web application
2025-04-24 20:19:54,148 [INFO] WebApp:593 - Web application path used C:\ST\STM32CubeIDE_1.18.0\STM32CubeIDE\plugins\com.st.stm32cube.common.mx_6.14.0.202502271554\db\plugins\mcufinder\reactClient1\index.html
2025-04-24 20:19:54,296 [INFO] UserAuth:486 - Internet connection configuration mode: 1
2025-04-24 20:19:54,298 [INFO] WebApp:191 - Connection restablished
2025-04-24 20:19:55,310 [WARN] PackLoader:240 - Cannot read IP mode file for STMicroelectronics.FP-SNS-MOTENVWB1.1.4.0
2025-04-24 20:19:55,320 [WARN] PackLoader:240 - Cannot read IP mode file for STMicroelectronics.FP-ATR-ASTRA1.2.0.2
2025-04-24 20:19:55,327 [WARN] PackLoader:240 - Cannot read IP mode file for STMicroelectronics.X-CUBE-SMBUS.2.1.0
2025-04-24 20:19:55,334 [WARN] PackLoader:240 - Cannot read IP mode file for STMicroelectronics.X-CUBE-WB05N.1.1.0
2025-04-24 20:19:55,362 [WARN] PackLoader:240 - Cannot read IP mode file for STMicroelectronics.X-CUBE-AZRTOS-F7.1.1.0
2025-04-24 20:19:55,375 [WARN] PackLoader:240 - Cannot read IP mode file for STMicroelectronics.FP-SNS-FLIGHT1.5.0.2
2025-04-24 20:19:55,398 [WARN] PackLoader:240 - Cannot read IP mode file for Infineon.AIROC-Wi-Fi-Bluetooth-STM32.1.7.0
2025-04-24 20:19:55,431 [WARN] PackLoader:240 - Cannot read IP mode file for STMicroelectronics.X-CUBE-DISPLAY.3.0.0
2025-04-24 20:19:55,445 [WARN] PackLoader:240 - Cannot read IP mode file for STMicroelectronics.X-CUBE-NFC10.1.0.0
2025-04-24 20:19:55,466 [WARN] PackLoader:240 - Cannot read IP mode file for STMicroelectronics.X-CUBE-BLEMGR.4.0.0
2025-04-24 20:19:55,494 [WARN] PackLoader:240 - Cannot read IP mode file for emotas.I-CUBE-CANOPEN.1.3.0
2025-04-24 20:19:55,508 [WARN] PackLoader:240 - Cannot read IP mode file for STMicroelectronics.X-CUBE-AI.10.0.0
2025-04-24 20:19:55,515 [WARN] PackLoader:240 - Cannot read IP mode file for STMicroelectronics.FP-SNS-SMARTAG2.1.2.0
2025-04-24 20:19:55,522 [WARN] PackLoader:240 - Cannot read IP mode file for STMicroelectronics.FP-SNS-FLIGHT1.5.1.0
2025-04-24 20:19:55,584 [WARN] PackLoader:240 - Cannot read IP mode file for STMicroelectronics.X-CUBE-MEMS1.11.1.0
2025-04-24 20:19:55,771 [INFO] LogOutputStream:77 - [STDOUT_REDIRECT] 1 : Invalid condition id : UX_CORESTACK_Condition cause : null
2025-04-24 20:19:55,771 [INFO] LogOutputStream:77 - [STDOUT_REDIRECT] 1 : Invalid condition id : UX_CORESTACK_Condition cause : null
2025-04-24 20:19:55,771 [INFO] LogOutputStream:77 - [STDOUT_REDIRECT] 1 : Invalid condition id : UX_CORESTACK_Condition cause : null
2025-04-24 20:19:55,771 [INFO] LogOutputStream:77 - [STDOUT_REDIRECT] 1 : Invalid condition id : UX_CORESTACK_Condition cause : null
2025-04-24 20:19:55,778 [INFO] LogOutputStream:77 - [STDOUT_REDIRECT] 1 : Invalid condition id : UX_CORESTACK_Condition cause : null
2025-04-24 20:19:55,778 [WARN] PackLoader:240 - Cannot read IP mode file for STMicroelectronics.X-CUBE-AZRTOS-WL.2.0.0
2025-04-24 20:19:55,785 [WARN] PackLoader:240 - Cannot read IP mode file for STMicroelectronics.FP-SNS-MOTENV1.5.0.0
2025-04-24 20:19:55,799 [WARN] PackLoader:240 - Cannot read IP mode file for WES.I-CUBE-Cesium.1.3.0
2025-04-24 20:19:55,806 [WARN] PackLoader:240 - Cannot read IP mode file for STMicroelectronics.X-CUBE-BLE2.3.3.0
2025-04-24 20:19:55,813 [WARN] PackLoader:240 - Cannot read IP mode file for STMicroelectronics.X-CUBE-NFC9.1.0.0
2025-04-24 20:19:55,827 [WARN] PackLoader:240 - Cannot read IP mode file for STMicroelectronics.X-CUBE-BLE1.7.1.0
2025-04-24 20:19:55,832 [WARN] PackLoader:240 - Cannot read IP mode file for wolfSSL.I-CUBE-wolfMQTT.1.19.2
2025-04-24 20:19:55,883 [WARN] PackLoader:240 - Cannot read IP mode file for STMicroelectronics.X-CUBE-MEMS1.11.2.0
2025-04-24 20:19:56,042 [WARN] PackLoader:240 - Cannot read IP mode file for STMicroelectronics.X-CUBE-AZRTOS-G0.1.1.0
2025-04-24 20:19:56,056 [WARN] PackLoader:240 - Cannot read IP mode file for STMicroelectronics.X-CUBE-SAFEA1.1.2.2
2025-04-24 20:19:56,063 [WARN] PackLoader:240 - Cannot read IP mode file for STMicroelectronics.X-CUBE-NFC4.3.0.0
2025-04-24 20:19:56,080 [WARN] PackLoader:240 - Cannot read IP mode file for EmbeddedOffice.I-CUBE-FS-RTOS.1.0.1
2025-04-24 20:19:56,088 [WARN] PackLoader:240 - Cannot read IP mode file for STMicroelectronics.X-CUBE-WB05N.2.0.0
2025-04-24 20:19:56,095 [WARN] PackLoader:240 - Cannot read IP mode file for wolfSSL.I-CUBE-wolfTPM.3.8.0
2025-04-24 20:19:56,105 [WARN] PackLoader:240 - Cannot read IP mode file for STMicroelectronics.X-CUBE-TCPP.4.2.0
2025-04-24 20:19:56,112 [WARN] PackLoader:240 - Cannot read IP mode file for RealThread.X-CUBE-RT-Thread_Nano.4.1.1
2025-04-24 20:19:56,119 [WARN] PackLoader:240 - Cannot read IP mode file for STMicroelectronics.FP-ATR-SIGFOX1.3.2.0
2025-04-24 20:19:56,126 [WARN] ConditionMgr:438 - getConditionDescription Invalid condition id : Cortex-A Device cause : null
2025-04-24 20:19:56,146 [WARN] ConditionMgr:1044 - genDependencies : Invalid condition id : Cortex-A Device cause : null
2025-04-24 20:19:56,146 [WARN] ConditionMgr:1044 - genDependencies : Invalid condition id : Cortex-A Device cause : null
2025-04-24 20:19:56,146 [WARN] ConditionMgr:1044 - genDependencies : Invalid condition id : Cortex-A Device cause : null
2025-04-24 20:19:56,153 [WARN] PackLoader:240 - Cannot read IP mode file for STMicroelectronics.X-CUBE-EEPRMA1.5.1.0
2025-04-24 20:19:56,165 [WARN] PackLoader:240 - Cannot read IP mode file for wolfSSL.I-CUBE-wolfSSL.5.7.6
2025-04-24 20:19:56,177 [WARN] PackLoader:240 - Cannot read IP mode file for ITTIA_DB.I-CUBE-ITTIADB.8.9.0
2025-04-24 20:19:56,207 [WARN] PackLoader:240 - Cannot read IP mode file for SEGGER.I-CUBE-embOS.1.3.1
2025-04-24 20:19:56,273 [WARN] PackLoader:240 - Cannot read IP mode file for STMicroelectronics.X-CUBE-ALGOBUILD.1.4.0
2025-04-24 20:19:56,332 [WARN] PackLoader:240 - Cannot read IP mode file for STMicroelectronics.X-CUBE-AZRTOS-F4.1.1.0
2025-04-24 20:19:56,341 [WARN] PackLoader:240 - Cannot read IP mode file for Avnet-IotConnect.X-CUBE-IoTC-DA16k-PMOD.1.0.0
2025-04-24 20:19:56,355 [WARN] PackLoader:240 - Cannot read IP mode file for STMicroelectronics.X-CUBE-ISPU.2.1.0
2025-04-24 20:19:56,383 [WARN] PackLoader:240 - Cannot read IP mode file for STMicroelectronics.X-CUBE-AZRTOS-L5.2.0.0
2025-04-24 20:19:56,403 [WARN] PackLoader:240 - Cannot read IP mode file for STMicroelectronics.X-CUBE-NFC6.3.1.0
2025-04-24 20:19:56,410 [WARN] PackLoader:240 - Cannot read IP mode file for STMicroelectronics.X-CUBE-DPower.1.2.0
2025-04-24 20:19:56,417 [WARN] PackLoader:240 - Cannot read IP mode file for STMicroelectronics.X-CUBE-FREERTOS.1.3.0
2025-04-24 20:19:56,424 [WARN] PackLoader:240 - Cannot read IP mode file for STMicroelectronics.X-CUBE-NFC7.1.0.1
2025-04-24 20:19:56,438 [WARN] PackLoader:240 - Cannot read IP mode file for STMicroelectronics.X-CUBE-DPower.1.3.0
2025-04-24 20:19:56,462 [WARN] ConditionMgr:438 - getConditionDescription Invalid condition id : LAN8742 Phy interface Condition cause : null
2025-04-24 20:19:56,463 [WARN] PackLoader:240 - Cannot read IP mode file for STMicroelectronics.X-CUBE-AZRTOS-L4.2.0.0
2025-04-24 20:19:56,464 [WARN] ConditionMgr:1044 - genDependencies : Invalid condition id : LAN8742 Phy interface Condition cause : null
2025-04-24 20:19:56,465 [WARN] ConditionMgr:1044 - genDependencies : Invalid condition id : LAN8742 Phy interface Condition cause : null
2025-04-24 20:19:56,466 [WARN] ConditionMgr:1044 - genDependencies : Invalid condition id : LAN8742 Phy interface Condition cause : null
2025-04-24 20:19:56,473 [WARN] PackLoader:240 - Cannot read IP mode file for STMicroelectronics.X-CUBE-SFXS2LP1.4.0.0
2025-04-24 20:19:56,494 [WARN] PackLoader:240 - Cannot read IP mode file for STMicroelectronics.X-CUBE-AZRTOS-H7.3.3.0
2025-04-24 20:19:56,507 [WARN] ConditionMgr:438 - getConditionDescription Invalid condition id : UX DEVICE CLASS RTOS Condition cause : null
2025-04-24 20:19:56,507 [WARN] ConditionMgr:438 - getConditionDescription Invalid condition id : UX DEVICE CLASS RTOS Condition cause : null
2025-04-24 20:19:56,514 [WARN] PackLoader:240 - Cannot read IP mode file for STMicroelectronics.X-CUBE-AZRTOS-WB.2.0.0
2025-04-24 20:19:56,514 [WARN] ConditionMgr:1044 - genDependencies : Invalid condition id : UX DEVICE CLASS RTOS Condition cause : null
2025-04-24 20:19:56,514 [WARN] ConditionMgr:1044 - genDependencies : Invalid condition id : UX DEVICE CLASS RTOS Condition cause : null
2025-04-24 20:19:56,514 [WARN] ConditionMgr:1044 - genDependencies : Invalid condition id : UX DEVICE CLASS RTOS Condition cause : null
2025-04-24 20:19:56,514 [WARN] ConditionMgr:1044 - genDependencies : Invalid condition id : UX DEVICE CLASS RTOS Condition cause : null
2025-04-24 20:19:56,514 [WARN] ConditionMgr:1044 - genDependencies : Invalid condition id : UX DEVICE CLASS RTOS Condition cause : null
2025-04-24 20:19:56,521 [WARN] PackLoader:240 - Cannot read IP mode file for STMicroelectronics.X-CUBE-GNSS1.7.0.1
2025-04-24 20:19:56,532 [WARN] PackLoader:240 - Cannot read IP mode file for STMicroelectronics.X-CUBE-TOUCHGFX.4.25.0
2025-04-24 20:19:56,542 [WARN] PackLoader:240 - Cannot read IP mode file for STMicroelectronics.FP-SNS-STBOX1.2.0.0
2025-04-24 20:19:56,556 [WARN] PackLoader:240 - Cannot read IP mode file for STMicroelectronics.X-CUBE-SUBG2.5.0.0
2025-04-24 20:19:56,577 [WARN] PackLoader:240 - Cannot read IP mode file for STMicroelectronics.X-CUBE-AZRTOS-H7RS.1.1.0
2025-04-24 20:19:56,591 [WARN] PackLoader:240 - Cannot read IP mode file for Cesanta.I-CUBE-Mongoose.7.13.0
2025-04-24 20:19:56,605 [WARN] PackLoader:240 - Cannot read IP mode file for STMicroelectronics.X-CUBE-AZRTOS-G4.2.0.0
2025-04-24 20:19:56,612 [WARN] PackLoader:240 - Cannot read IP mode file for wolfSSL.I-CUBE-wolfSSH.1.4.20
2025-04-24 20:19:56,625 [WARN] PackLoader:240 - Cannot read IP mode file for STMicroelectronics.X-CUBE-IPS.3.1.0
2025-04-24 20:19:56,640 [WARN] PackLoader:240 - Cannot read IP mode file for STMicroelectronics.X-CUBE-ALS.1.0.2
2025-04-24 20:19:56,640 [WARN] PackLoader:240 - Cannot read IP mode file for STMicroelectronics.X-CUBE-TOUCHGFX.4.24.2
2025-04-24 20:19:56,653 [WARN] PackLoader:240 - Cannot read IP mode file for portGmbH.I-Cube-SoM-uGOAL.1.1.0
2025-04-24 20:19:56,674 [WARN] PackLoader:240 - Cannot read IP mode file for STMicroelectronics.X-CUBE-AZRTOS-H7RS.1.0.0
2025-04-24 20:19:56,695 [WARN] PackLoader:240 - Cannot read IP mode file for STMicroelectronics.X-CUBE-TOF1.3.4.2
2025-04-24 20:19:56,709 [WARN] PackLoader:240 - Cannot read IP mode file for STMicroelectronics.X-CUBE-TOF1.3.4.3
2025-04-24 20:19:56,723 [INFO] ThirdParty:978 - Integrity check success = true
2025-04-24 20:19:56,730 [INFO] IntegrityCheckThread:100 - exiting critical section [integrity check]
2025-04-24 20:19:56,730 [INFO] IntegrityCheckThread:103 - End integrity checks thread
2025-04-24 21:12:06,947 [ERROR] LogOutputStream:75 - [STDERR_REDIRECT] 
