2025-04-28 10:00:57,992 [INFO] Activator:176 - 


2025-04-28 10:00:57,997 [INFO] Activator:177 - !SESSION log4j initialized
2025-04-28 10:01:04,167 [INFO] LogOutputStream:77 - [STDOUT_REDIRECT] 
2025-04-28 10:01:05,776 [INFO] ApplicationProperties:184 - Using Application install path: C:\ST\STM32CubeIDE_1.18.0\STM32CubeIDE\plugins\com.st.stm32cube.common.mx_6.14.0.202502271554
2025-04-28 10:01:05,795 [INFO] DbMcusXml:78 - Set database path to: C:\ST\STM32CubeIDE_1.18.0\STM32CubeIDE\plugins\com.st.stm32cube.common.mx_6.14.0.202502271554\\db\/mcu/
2025-04-28 10:01:05,795 [INFO] ApiDb:274 - Set plugin database path to: C:\ST\STM32CubeIDE_1.18.0\STM32CubeIDE\plugins\com.st.stm32cube.common.mx_6.14.0.202502271554\\db\/plugins/boardmanager/
2025-04-28 10:01:05,796 [WARN] ApiDb:259 - Overriding images path with different value:  => C:\ST\STM32CubeIDE_1.18.0\STM32CubeIDE\plugins\com.st.stm32cube.common.mx_6.14.0.202502271554\\db\/plugins/mcufinder/images/
2025-04-28 10:01:05,805 [INFO] ApiDb:250 - Set database path to: C:\Users\phucv\.stmcufinder\plugins\mcufinder//mcu/
2025-04-28 10:01:05,806 [INFO] DbMcusAds:125 - Set database path to: C:\Users\phucv\.stmcufinder\plugins\mcufinder//mcu/
2025-04-28 10:01:06,343 [INFO] CrossReferenceDbSqlite:203 - Set database path to: C:\Users\phucv\.stmcufinder\plugins\mcufinder//mcu/cs/
2025-04-28 10:01:06,441 [INFO] RulesReader:64 - Compatibility file has been processed (301 Rules)
2025-04-28 10:01:06,516 [INFO] DbMcusXml:78 - Set database path to: C:\ST\STM32CubeIDE_1.18.0\STM32CubeIDE\plugins\com.st.stm32cube.common.mx_6.14.0.202502271554\\db\/mcu/
2025-04-28 10:01:06,517 [INFO] ApiDb:274 - Set plugin database path to: C:\ST\STM32CubeIDE_1.18.0\STM32CubeIDE\plugins\com.st.stm32cube.common.mx_6.14.0.202502271554\\db\/plugins/boardmanager/
2025-04-28 10:01:06,517 [INFO] ApiDb:261 - Set plugin images path to: C:\ST\STM32CubeIDE_1.18.0\STM32CubeIDE\plugins\com.st.stm32cube.common.mx_6.14.0.202502271554\\db\/plugins/mcufinder/images/
2025-04-28 10:01:06,517 [WARN] DbFile:41 - Overriding database path with different value: C:\Users\phucv\.stmcufinder\plugins\mcufinder/ => C:\Users\phucv\.stmcufinder\plugins\mcufinder
2025-04-28 10:01:06,517 [INFO] ApiDb:250 - Set database path to: C:\Users\phucv\.stmcufinder\plugins\mcufinder//mcu/
2025-04-28 10:01:06,517 [WARN] DbFile:41 - Overriding database path with different value: C:\Users\phucv\.stmcufinder\plugins\mcufinder/ => C:\Users\phucv\.stmcufinder\plugins\mcufinder
2025-04-28 10:01:06,517 [INFO] DbMcusAds:125 - Set database path to: C:\Users\phucv\.stmcufinder\plugins\mcufinder//mcu/
2025-04-28 10:01:06,517 [WARN] DbFile:41 - Overriding database path with different value: C:\Users\phucv\.stmcufinder\plugins\mcufinder/ => C:\Users\phucv\.stmcufinder\plugins\mcufinder
2025-04-28 10:01:06,517 [WARN] DbFile:41 - Overriding database path with different value: C:\Users\phucv\.stmcufinder\plugins\mcufinder/ => C:\Users\phucv\.stmcufinder\plugins\mcufinder
2025-04-28 10:01:07,343 [INFO] CrossReferenceDbSqlite:203 - Set database path to: C:\Users\phucv\.stmcufinder\plugins\mcufinder//mcu/cs/
2025-04-28 10:01:07,416 [INFO] MainPanel:272 - HeapMemory: 268435456
2025-04-28 10:01:07,523 [INFO] DbMcusXml:78 - Set database path to: C:\ST\STM32CubeIDE_1.18.0\STM32CubeIDE\plugins\com.st.stm32cube.common.mx_6.14.0.202502271554\\db\/mcu/
2025-04-28 10:01:07,523 [INFO] ApiDb:274 - Set plugin database path to: C:\ST\STM32CubeIDE_1.18.0\STM32CubeIDE\plugins\com.st.stm32cube.common.mx_6.14.0.202502271554\\db\/plugins/boardmanager/
2025-04-28 10:01:07,523 [INFO] ApiDb:261 - Set plugin images path to: C:\ST\STM32CubeIDE_1.18.0\STM32CubeIDE\plugins\com.st.stm32cube.common.mx_6.14.0.202502271554\\db\/plugins/mcufinder/images/
2025-04-28 10:01:07,523 [WARN] DbFile:41 - Overriding database path with different value: C:\Users\phucv\.stmcufinder\plugins\mcufinder/ => C:\Users\phucv\.stmcufinder\plugins\mcufinder
2025-04-28 10:01:07,523 [INFO] ApiDb:250 - Set database path to: C:\Users\phucv\.stmcufinder\plugins\mcufinder//mcu/
2025-04-28 10:01:07,523 [WARN] DbFile:41 - Overriding database path with different value: C:\Users\phucv\.stmcufinder\plugins\mcufinder/ => C:\Users\phucv\.stmcufinder\plugins\mcufinder
2025-04-28 10:01:07,523 [INFO] DbMcusAds:125 - Set database path to: C:\Users\phucv\.stmcufinder\plugins\mcufinder//mcu/
2025-04-28 10:01:07,523 [WARN] DbFile:41 - Overriding database path with different value: C:\Users\phucv\.stmcufinder\plugins\mcufinder/ => C:\Users\phucv\.stmcufinder\plugins\mcufinder
2025-04-28 10:01:07,524 [WARN] DbFile:41 - Overriding database path with different value: C:\Users\phucv\.stmcufinder\plugins\mcufinder/ => C:\Users\phucv\.stmcufinder\plugins\mcufinder
2025-04-28 10:01:08,343 [INFO] CrossReferenceDbSqlite:203 - Set database path to: C:\Users\phucv\.stmcufinder\plugins\mcufinder//mcu/cs/
2025-04-28 10:01:08,362 [INFO] ApplicationProperties:184 - Using Application install path: C:\ST\STM32CubeIDE_1.18.0\STM32CubeIDE\plugins\com.st.stm32cube.common.mx_6.14.0.202502271554
2025-04-28 10:01:08,364 [INFO] PluginManage:196 - Search for loadable plugins [exclusion list=, ]
2025-04-28 10:01:08,365 [INFO] PluginManage:310 - Check plugin analytics
2025-04-28 10:01:09,409 [INFO] AnalyticsPlugin:253 - Accepted Software Licenses: STM32CubeMX.6.14.0
2025-04-28 10:01:09,409 [INFO] AnalyticsPlugin:255 - Accepted CMSIS Pack Licenses: 
2025-04-28 10:01:09,409 [INFO] AnalyticsPlugin:257 - Accepted Firmware Licenses: FW.F4.1.28.0
2025-04-28 10:01:09,411 [INFO] PluginManage:359 - Loaded plugin analytics (category:tool,tabindex:-1)
2025-04-28 10:01:09,412 [INFO] PluginManage:310 - Check plugin cadmodel
2025-04-28 10:01:09,419 [INFO] CADModel:105 - Init CAD model plugin
2025-04-28 10:01:09,419 [INFO] PluginManage:359 - Loaded plugin cadmodel (category:power,tabindex:5)
2025-04-28 10:01:09,419 [INFO] PluginManage:310 - Check plugin clock
2025-04-28 10:01:09,430 [INFO] PluginManage:359 - Loaded plugin clock (category:base,tabindex:2)
2025-04-28 10:01:09,430 [INFO] PluginManage:310 - Check plugin ddr
2025-04-28 10:01:09,433 [INFO] PluginManage:359 - Loaded plugin ddr (category:tool,tabindex:6)
2025-04-28 10:01:09,433 [INFO] PluginManage:310 - Check plugin filemanager
2025-04-28 10:01:09,587 [INFO] PluginManage:359 - Loaded plugin filemanager (category:base,tabindex:10)
2025-04-28 10:01:09,587 [INFO] PluginManage:310 - Check plugin ipmanager
2025-04-28 10:01:09,594 [INFO] PluginManage:359 - Loaded plugin ipmanager (category:base,tabindex:5)
2025-04-28 10:01:09,594 [INFO] PluginManage:310 - Check plugin lpbam
2025-04-28 10:01:09,603 [INFO] PluginManage:359 - Loaded plugin lpbam (category:base,tabindex:0)
2025-04-28 10:01:09,603 [INFO] PluginManage:310 - Check plugin memorymap
2025-04-28 10:01:09,616 [INFO] PluginManage:359 - Loaded plugin memorymap (category:base,tabindex:4)
2025-04-28 10:01:09,617 [INFO] PluginManage:310 - Check plugin pinoutandconfiguration
2025-04-28 10:01:09,625 [INFO] PluginManage:359 - Loaded plugin pinoutandconfiguration (category:base,tabindex:1)
2025-04-28 10:01:09,625 [INFO] PluginManage:310 - Check plugin pinoutconfig
2025-04-28 10:01:09,719 [WARN] SupportedApi:132 - Cannot load RTOS API schema: s4s-elt-must-match.1: The content of 'definitions' must match (annotation?, (simpleType | complexType)?, (unique | key | keyref)*)). A problem was found starting at: attribute.
2025-04-28 10:01:09,857 [INFO] PluginManage:359 - Loaded plugin pinoutconfig (category:base,tabindex:0)
2025-04-28 10:01:09,857 [INFO] PluginManage:310 - Check plugin power
2025-04-28 10:01:09,867 [INFO] PluginManage:359 - Loaded plugin power (category:power,tabindex:4)
2025-04-28 10:01:09,868 [INFO] PluginManage:310 - Check plugin projectmanager
2025-04-28 10:01:09,882 [INFO] PluginManage:359 - Loaded plugin projectmanager (category:projectmanager,tabindex:4)
2025-04-28 10:01:09,882 [INFO] PluginManage:310 - Check plugin rif
2025-04-28 10:01:09,890 [INFO] PluginManage:359 - Loaded plugin rif (category:base,tabindex:3)
2025-04-28 10:01:09,890 [INFO] PluginManage:310 - Check plugin thirdparty
2025-04-28 10:01:10,036 [INFO] PluginManage:359 - Loaded plugin thirdparty (category:base,tabindex:-1)
2025-04-28 10:01:10,036 [WARN] IntegrityCheckThread:84 - waiting for thirdparty lock release [integrity check]
2025-04-28 10:01:10,036 [INFO] IntegrityCheckThread:86 - entering critical section [integrity check]
2025-04-28 10:01:10,036 [INFO] PluginManage:310 - Check plugin tools
2025-04-28 10:01:10,037 [INFO] ThirdPartyUpdaterWithRetryManager:70 - Updater plugin not ready yet. [1/15]
2025-04-28 10:01:10,039 [INFO] PluginManage:359 - Loaded plugin tools (category:base,tabindex:7)
2025-04-28 10:01:10,039 [INFO] PluginManage:310 - Check plugin tutovideos
2025-04-28 10:01:10,205 [INFO] PluginManage:359 - Loaded plugin tutovideos (category:base,tabindex:-1)
2025-04-28 10:01:10,205 [INFO] PluginManage:310 - Check plugin updater
2025-04-28 10:01:10,225 [INFO] PluginManage:359 - Loaded plugin updater (category:base,tabindex:12)
2025-04-28 10:01:10,225 [INFO] PluginManage:310 - Check plugin userauth
2025-04-28 10:01:10,230 [INFO] UserAuth:118 - Init User Auth plugin
2025-04-28 10:01:10,230 [INFO] PluginManage:359 - Loaded plugin userauth (category:base,tabindex:14)
2025-04-28 10:01:10,231 [INFO] PluginManage:283 - PluginManage : Loaded plugins [18]
2025-04-28 10:01:10,425 [INFO] PinOutPanel:1589 - setPackage(No Configuration,No Configuration)
2025-04-28 10:01:10,507 [INFO] CADModel:165 - CPN selected for project level
2025-04-28 10:01:10,507 [INFO] CADModel:114 - Register for checkConnection events
2025-04-28 10:01:10,525 [INFO] IPUIPlugin:80 - create IPUIPlugin
2025-04-28 10:01:10,527 [INFO] PluginManager:220 - loadIPPluginJar : add adc
2025-04-28 10:01:10,529 [INFO] IPUIPlugin:80 - create IPUIPlugin
2025-04-28 10:01:10,529 [INFO] PluginManager:220 - loadIPPluginJar : add aes
2025-04-28 10:01:10,532 [INFO] IPUIPlugin:80 - create IPUIPlugin
2025-04-28 10:01:10,533 [INFO] PluginManager:220 - loadIPPluginJar : add can
2025-04-28 10:01:10,535 [INFO] IPUIPlugin:80 - create IPUIPlugin
2025-04-28 10:01:10,535 [INFO] PluginManager:220 - loadIPPluginJar : add comp
2025-04-28 10:01:10,538 [INFO] IPUIPlugin:80 - create IPUIPlugin
2025-04-28 10:01:10,539 [INFO] PluginManager:220 - loadIPPluginJar : add cryp
2025-04-28 10:01:10,543 [INFO] IPUIPlugin:80 - create IPUIPlugin
2025-04-28 10:01:10,543 [INFO] PluginManager:220 - loadIPPluginJar : add ddr_ctrl_phy
2025-04-28 10:01:10,547 [INFO] IPUIPlugin:80 - create IPUIPlugin
2025-04-28 10:01:10,547 [INFO] PluginManager:220 - loadIPPluginJar : add dfsdm
2025-04-28 10:01:10,552 [INFO] IPUIPlugin:80 - create IPUIPlugin
2025-04-28 10:01:10,552 [INFO] PluginManager:220 - loadIPPluginJar : add dma
2025-04-28 10:01:10,555 [INFO] IPUIPlugin:80 - create IPUIPlugin
2025-04-28 10:01:10,556 [INFO] PluginManager:220 - loadIPPluginJar : add dma3
2025-04-28 10:01:10,559 [INFO] IPUIPlugin:80 - create IPUIPlugin
2025-04-28 10:01:10,559 [INFO] PluginManager:220 - loadIPPluginJar : add extmemmanager
2025-04-28 10:01:10,561 [INFO] IPUIPlugin:80 - create IPUIPlugin
2025-04-28 10:01:10,561 [INFO] PluginManager:220 - loadIPPluginJar : add fatfs
2025-04-28 10:01:10,567 [INFO] IPUIPlugin:80 - create IPUIPlugin
2025-04-28 10:01:10,568 [INFO] PluginManager:220 - loadIPPluginJar : add fmc
2025-04-28 10:01:10,573 [INFO] IPUIPlugin:80 - create IPUIPlugin
2025-04-28 10:01:10,573 [INFO] PluginManager:220 - loadIPPluginJar : add freertos
2025-04-28 10:01:10,576 [INFO] IPUIPlugin:80 - create IPUIPlugin
2025-04-28 10:01:10,576 [INFO] PluginManager:220 - loadIPPluginJar : add genericplugin
2025-04-28 10:01:10,578 [INFO] IPUIPlugin:80 - create IPUIPlugin
2025-04-28 10:01:10,578 [INFO] PluginManager:220 - loadIPPluginJar : add gfxmmu
2025-04-28 10:01:10,587 [INFO] IPUIPlugin:80 - create IPUIPlugin
2025-04-28 10:01:10,587 [INFO] PluginManager:220 - loadIPPluginJar : add gic
2025-04-28 10:01:10,595 [INFO] IPUIPlugin:80 - create IPUIPlugin
2025-04-28 10:01:10,595 [INFO] PluginManager:220 - loadIPPluginJar : add gpio
2025-04-28 10:01:10,599 [INFO] IPUIPlugin:80 - create IPUIPlugin
2025-04-28 10:01:10,599 [INFO] PluginManager:220 - loadIPPluginJar : add gtzc
2025-04-28 10:01:10,606 [INFO] IPUIPlugin:80 - create IPUIPlugin
2025-04-28 10:01:10,607 [INFO] PluginManager:220 - loadIPPluginJar : add hash
2025-04-28 10:01:10,610 [INFO] IPUIPlugin:80 - create IPUIPlugin
2025-04-28 10:01:10,610 [INFO] PluginManager:220 - loadIPPluginJar : add i2c
2025-04-28 10:01:10,613 [INFO] IPUIPlugin:80 - create IPUIPlugin
2025-04-28 10:01:10,613 [INFO] PluginManager:220 - loadIPPluginJar : add i2s
2025-04-28 10:01:10,617 [INFO] IPUIPlugin:80 - create IPUIPlugin
2025-04-28 10:01:10,617 [INFO] PluginManager:220 - loadIPPluginJar : add i3c
2025-04-28 10:01:10,623 [INFO] IPUIPlugin:80 - create IPUIPlugin
2025-04-28 10:01:10,623 [INFO] PluginManager:220 - loadIPPluginJar : add ipddr
2025-04-28 10:01:10,634 [INFO] IPUIPlugin:80 - create IPUIPlugin
2025-04-28 10:01:10,634 [INFO] PluginManager:220 - loadIPPluginJar : add linkedlist
2025-04-28 10:01:10,640 [INFO] IPUIPlugin:80 - create IPUIPlugin
2025-04-28 10:01:10,640 [INFO] PluginManager:220 - loadIPPluginJar : add lorawan
2025-04-28 10:01:10,642 [INFO] IPUIPlugin:80 - create IPUIPlugin
2025-04-28 10:01:10,642 [INFO] PluginManager:220 - loadIPPluginJar : add ltdc
2025-04-28 10:01:10,651 [INFO] IPUIPlugin:80 - create IPUIPlugin
2025-04-28 10:01:10,651 [INFO] PluginManager:220 - loadIPPluginJar : add mdma
2025-04-28 10:01:10,656 [INFO] IPUIPlugin:80 - create IPUIPlugin
2025-04-28 10:01:10,656 [INFO] PluginManager:220 - loadIPPluginJar : add nvic
2025-04-28 10:01:10,661 [INFO] IPUIPlugin:80 - create IPUIPlugin
2025-04-28 10:01:10,661 [INFO] PluginManager:220 - loadIPPluginJar : add opamp
2025-04-28 10:01:10,665 [INFO] IPUIPlugin:80 - create IPUIPlugin
2025-04-28 10:01:10,665 [INFO] PluginManager:220 - loadIPPluginJar : add openamp
2025-04-28 10:01:10,670 [INFO] IPUIPlugin:80 - create IPUIPlugin
2025-04-28 10:01:10,670 [INFO] PluginManager:220 - loadIPPluginJar : add pdm2pcm
2025-04-28 10:01:10,678 [INFO] IPUIPlugin:80 - create IPUIPlugin
2025-04-28 10:01:10,681 [INFO] PluginManager:220 - loadIPPluginJar : add plateformsettings
2025-04-28 10:01:10,683 [INFO] IPUIPlugin:80 - create IPUIPlugin
2025-04-28 10:01:10,683 [INFO] PluginManager:220 - loadIPPluginJar : add quadspi
2025-04-28 10:01:10,687 [INFO] IPUIPlugin:80 - create IPUIPlugin
2025-04-28 10:01:10,687 [INFO] PluginManager:220 - loadIPPluginJar : add radio
2025-04-28 10:01:10,693 [INFO] IPUIPlugin:80 - create IPUIPlugin
2025-04-28 10:01:10,693 [INFO] PluginManager:220 - loadIPPluginJar : add resmgrutility
2025-04-28 10:01:10,697 [INFO] IPUIPlugin:80 - create IPUIPlugin
2025-04-28 10:01:10,697 [INFO] PluginManager:220 - loadIPPluginJar : add sai
2025-04-28 10:01:10,702 [INFO] IPUIPlugin:80 - create IPUIPlugin
2025-04-28 10:01:10,702 [INFO] PluginManager:220 - loadIPPluginJar : add spi
2025-04-28 10:01:10,709 [INFO] IPUIPlugin:80 - create IPUIPlugin
2025-04-28 10:01:10,709 [INFO] PluginManager:220 - loadIPPluginJar : add stm32_wpan
2025-04-28 10:01:10,713 [INFO] IPUIPlugin:80 - create IPUIPlugin
2025-04-28 10:01:10,713 [INFO] PluginManager:220 - loadIPPluginJar : add tim
2025-04-28 10:01:10,717 [INFO] IPUIPlugin:80 - create IPUIPlugin
2025-04-28 10:01:10,718 [INFO] PluginManager:220 - loadIPPluginJar : add touchsensing
2025-04-28 10:01:10,721 [INFO] IPUIPlugin:80 - create IPUIPlugin
2025-04-28 10:01:10,722 [INFO] PluginManager:220 - loadIPPluginJar : add tracer_emb
2025-04-28 10:01:10,725 [INFO] IPUIPlugin:80 - create IPUIPlugin
2025-04-28 10:01:10,725 [INFO] PluginManager:220 - loadIPPluginJar : add ts
2025-04-28 10:01:10,727 [INFO] IPUIPlugin:80 - create IPUIPlugin
2025-04-28 10:01:10,727 [INFO] PluginManager:220 - loadIPPluginJar : add tsc
2025-04-28 10:01:10,731 [INFO] IPUIPlugin:80 - create IPUIPlugin
2025-04-28 10:01:10,731 [INFO] PluginManager:220 - loadIPPluginJar : add ucpd
2025-04-28 10:01:10,734 [INFO] IPUIPlugin:80 - create IPUIPlugin
2025-04-28 10:01:10,734 [INFO] PluginManager:220 - loadIPPluginJar : add usart
2025-04-28 10:01:10,738 [INFO] IPUIPlugin:80 - create IPUIPlugin
2025-04-28 10:01:10,739 [INFO] PluginManager:220 - loadIPPluginJar : add usbx
2025-04-28 10:01:10,872 [FATAL] Updater:351 - Updater called before beeing initialized
2025-04-28 10:01:10,896 [INFO] RulesReader:64 - Compatibility file has been processed (301 Rules)
2025-04-28 10:01:10,906 [INFO] RulesReader:64 - Compatibility file has been processed (301 Rules)
2025-04-28 10:01:10,917 [INFO] CADModel:165 - CPN selected for project level
2025-04-28 10:01:10,917 [INFO] CADModel:114 - Register for checkConnection events
2025-04-28 10:01:10,918 [FATAL] Updater:351 - Updater called before beeing initialized
2025-04-28 10:01:10,918 [ERROR] CADModel:125 - Updater not yet initialized, retry later 
2025-04-28 10:01:11,084 [FATAL] Updater:351 - Updater called before beeing initialized
2025-04-28 10:01:11,086 [INFO] CADModel:165 - CPN selected for project level
2025-04-28 10:01:11,086 [INFO] CADModel:114 - Register for checkConnection events
2025-04-28 10:01:11,086 [FATAL] Updater:351 - Updater called before beeing initialized
2025-04-28 10:01:11,086 [ERROR] CADModel:125 - Updater not yet initialized, retry later 
2025-04-28 10:01:11,089 [FATAL] Updater:351 - Updater called before beeing initialized
2025-04-28 10:01:11,188 [FATAL] Updater:351 - Updater called before beeing initialized
2025-04-28 10:01:11,191 [INFO] DbMcusAds:53 - JSON generation date=Thu Mar 06 21:54:22 ICT 2025 (1741272862078)
2025-04-28 10:01:11,192 [FATAL] Updater:351 - Updater called before beeing initialized
2025-04-28 10:01:11,226 [WARN] DetailPanel:346 - Failed to get advertising image, set to default
2025-04-28 10:01:11,443 [FATAL] Updater:351 - Updater called before beeing initialized
2025-04-28 10:01:11,445 [FATAL] Updater:351 - Updater called before beeing initialized
2025-04-28 10:01:11,446 [FATAL] Updater:351 - Updater called before beeing initialized
2025-04-28 10:01:11,446 [WARN] DetailPanel:346 - Failed to get advertising image, set to default
2025-04-28 10:01:11,447 [FATAL] Updater:351 - Updater called before beeing initialized
2025-04-28 10:01:11,499 [ERROR] Updater:1198 - MainUpdater not yet initialized. External WinMGr cannot be set.
2025-04-28 10:01:11,501 [INFO] Updater:1134 - Updater Version found : 6.14.0
2025-04-28 10:01:11,521 [INFO] ApplicationProperties:184 - Using Application install path: C:\ST\STM32CubeIDE_1.18.0\STM32CubeIDE\plugins\com.st.stm32cube.common.mx_6.14.0.202502271554
2025-04-28 10:01:13,038 [INFO] ThirdPartyUpdaterWithRetryManager:70 - Updater plugin not ready yet. [2/15]
2025-04-28 10:01:13,092 [ERROR] LogOutputStream:75 - [STDERR_REDIRECT] Apr 28, 2025 10:01:13 AM java.util.prefs.WindowsPreferences <init>
2025-04-28 10:01:13,093 [ERROR] LogOutputStream:75 - [STDERR_REDIRECT] WARNING: Could not open/create prefs root node Software\JavaSoft\Prefs at root 0xffffffff80000002. Windows RegCreateKeyEx(...) returned error code 5.
2025-04-28 10:01:13,093 [ERROR] LogOutputStream:75 - [STDERR_REDIRECT] 
2025-04-28 10:01:13,481 [INFO] MainUpdater:2872 - connection check result : 10
2025-04-28 10:01:13,482 [INFO] MainUpdater:289 - Updater Check For Update Now.
2025-04-28 10:01:13,482 [INFO] MicroXplorer:498 - Change Database Version : DB.6.0.140
2025-04-28 10:01:13,489 [INFO] McuFinderGlobals:63 - Set McuFinder mode to 2 (CubeIDE integrated)
2025-04-28 10:01:13,491 [INFO] UserAuth:486 - Internet connection configuration mode: 1
2025-04-28 10:01:13,521 [INFO] JxBrowserEngine:152 - Initiate JxBrowser Engine with user profile folder
2025-04-28 10:01:13,656 [INFO] CheckServerUpdateThread:120 - End of CheckServer Thread
2025-04-28 10:01:14,880 [INFO] WebApp:169 - Instantiating new browser for Auth
2025-04-28 10:01:15,599 [INFO] WebApp:463 - Apply proxy settings
2025-04-28 10:01:15,600 [INFO] WebApp:548 - Chromium requires no authentication
2025-04-28 10:01:15,610 [INFO] WebApp:491 - Direct internet connection detected
2025-04-28 10:01:15,640 [INFO] WebApp:894 - Register for checkConnection events
2025-04-28 10:01:15,640 [INFO] WebApp:463 - Apply proxy settings
2025-04-28 10:01:15,640 [INFO] WebApp:548 - Chromium requires no authentication
2025-04-28 10:01:15,640 [INFO] WebApp:491 - Direct internet connection detected
2025-04-28 10:01:15,820 [INFO] WebApp:225 - Starting web application
2025-04-28 10:01:15,820 [INFO] WebApp:593 - Web application path used C:\ST\STM32CubeIDE_1.18.0\STM32CubeIDE\plugins\com.st.stm32cube.common.mx_6.14.0.202502271554\db\plugins\mcufinder\reactClient1\index.html
2025-04-28 10:01:15,958 [INFO] UserAuth:486 - Internet connection configuration mode: 1
2025-04-28 10:01:15,959 [INFO] WebApp:191 - Connection restablished
2025-04-28 10:01:16,360 [WARN] PackLoader:240 - Cannot read IP mode file for STMicroelectronics.FP-SNS-MOTENVWB1.1.4.0
2025-04-28 10:01:16,369 [WARN] PackLoader:240 - Cannot read IP mode file for STMicroelectronics.FP-ATR-ASTRA1.2.0.2
2025-04-28 10:01:16,377 [WARN] PackLoader:240 - Cannot read IP mode file for STMicroelectronics.X-CUBE-SMBUS.2.1.0
2025-04-28 10:01:16,387 [WARN] PackLoader:240 - Cannot read IP mode file for STMicroelectronics.X-CUBE-WB05N.1.1.0
2025-04-28 10:01:16,424 [WARN] PackLoader:240 - Cannot read IP mode file for STMicroelectronics.X-CUBE-AZRTOS-F7.1.1.0
2025-04-28 10:01:16,450 [WARN] PackLoader:240 - Cannot read IP mode file for STMicroelectronics.FP-SNS-FLIGHT1.5.0.2
2025-04-28 10:01:16,479 [WARN] PackLoader:240 - Cannot read IP mode file for Infineon.AIROC-Wi-Fi-Bluetooth-STM32.1.7.0
2025-04-28 10:01:16,517 [WARN] PackLoader:240 - Cannot read IP mode file for STMicroelectronics.X-CUBE-DISPLAY.3.0.0
2025-04-28 10:01:16,534 [WARN] PackLoader:240 - Cannot read IP mode file for STMicroelectronics.X-CUBE-NFC10.1.0.0
2025-04-28 10:01:16,545 [WARN] PackLoader:240 - Cannot read IP mode file for STMicroelectronics.X-CUBE-BLEMGR.4.0.0
2025-04-28 10:01:16,557 [WARN] PackLoader:240 - Cannot read IP mode file for emotas.I-CUBE-CANOPEN.1.3.0
2025-04-28 10:01:16,563 [WARN] PackLoader:240 - Cannot read IP mode file for STMicroelectronics.X-CUBE-AI.10.0.0
2025-04-28 10:01:16,570 [WARN] PackLoader:240 - Cannot read IP mode file for STMicroelectronics.FP-SNS-SMARTAG2.1.2.0
2025-04-28 10:01:16,576 [WARN] PackLoader:240 - Cannot read IP mode file for STMicroelectronics.FP-SNS-FLIGHT1.5.1.0
2025-04-28 10:01:16,627 [WARN] PackLoader:240 - Cannot read IP mode file for STMicroelectronics.X-CUBE-MEMS1.11.1.0
2025-04-28 10:01:16,789 [INFO] LogOutputStream:77 - [STDOUT_REDIRECT] 1 : Invalid condition id : UX_CORESTACK_Condition cause : null
2025-04-28 10:01:16,791 [INFO] LogOutputStream:77 - [STDOUT_REDIRECT] 1 : Invalid condition id : UX_CORESTACK_Condition cause : null
2025-04-28 10:01:16,792 [INFO] LogOutputStream:77 - [STDOUT_REDIRECT] 1 : Invalid condition id : UX_CORESTACK_Condition cause : null
2025-04-28 10:01:16,793 [INFO] LogOutputStream:77 - [STDOUT_REDIRECT] 1 : Invalid condition id : UX_CORESTACK_Condition cause : null
2025-04-28 10:01:16,794 [INFO] LogOutputStream:77 - [STDOUT_REDIRECT] 1 : Invalid condition id : UX_CORESTACK_Condition cause : null
2025-04-28 10:01:16,798 [WARN] PackLoader:240 - Cannot read IP mode file for STMicroelectronics.X-CUBE-AZRTOS-WL.2.0.0
2025-04-28 10:01:16,806 [WARN] PackLoader:240 - Cannot read IP mode file for STMicroelectronics.FP-SNS-MOTENV1.5.0.0
2025-04-28 10:01:16,817 [WARN] PackLoader:240 - Cannot read IP mode file for WES.I-CUBE-Cesium.1.3.0
2025-04-28 10:01:16,823 [WARN] PackLoader:240 - Cannot read IP mode file for STMicroelectronics.X-CUBE-BLE2.3.3.0
2025-04-28 10:01:16,831 [WARN] PackLoader:240 - Cannot read IP mode file for STMicroelectronics.X-CUBE-NFC9.1.0.0
2025-04-28 10:01:16,838 [WARN] PackLoader:240 - Cannot read IP mode file for STMicroelectronics.X-CUBE-BLE1.7.1.0
2025-04-28 10:01:16,844 [WARN] PackLoader:240 - Cannot read IP mode file for wolfSSL.I-CUBE-wolfMQTT.1.19.2
2025-04-28 10:01:16,889 [WARN] PackLoader:240 - Cannot read IP mode file for STMicroelectronics.X-CUBE-MEMS1.11.2.0
2025-04-28 10:01:17,007 [WARN] PackLoader:240 - Cannot read IP mode file for STMicroelectronics.X-CUBE-AZRTOS-G0.1.1.0
2025-04-28 10:01:17,016 [WARN] PackLoader:240 - Cannot read IP mode file for STMicroelectronics.X-CUBE-SAFEA1.1.2.2
2025-04-28 10:01:17,022 [WARN] PackLoader:240 - Cannot read IP mode file for STMicroelectronics.X-CUBE-NFC4.3.0.0
2025-04-28 10:01:17,032 [WARN] PackLoader:240 - Cannot read IP mode file for EmbeddedOffice.I-CUBE-FS-RTOS.1.0.1
2025-04-28 10:01:17,038 [WARN] PackLoader:240 - Cannot read IP mode file for STMicroelectronics.X-CUBE-WB05N.2.0.0
2025-04-28 10:01:17,045 [WARN] PackLoader:240 - Cannot read IP mode file for wolfSSL.I-CUBE-wolfTPM.3.8.0
2025-04-28 10:01:17,053 [WARN] PackLoader:240 - Cannot read IP mode file for STMicroelectronics.X-CUBE-TCPP.4.2.0
2025-04-28 10:01:17,059 [WARN] PackLoader:240 - Cannot read IP mode file for RealThread.X-CUBE-RT-Thread_Nano.4.1.1
2025-04-28 10:01:17,065 [WARN] PackLoader:240 - Cannot read IP mode file for STMicroelectronics.FP-ATR-SIGFOX1.3.2.0
2025-04-28 10:01:17,069 [WARN] ConditionMgr:438 - getConditionDescription Invalid condition id : Cortex-A Device cause : null
2025-04-28 10:01:17,087 [WARN] ConditionMgr:1044 - genDependencies : Invalid condition id : Cortex-A Device cause : null
2025-04-28 10:01:17,087 [WARN] ConditionMgr:1044 - genDependencies : Invalid condition id : Cortex-A Device cause : null
2025-04-28 10:01:17,088 [WARN] ConditionMgr:1044 - genDependencies : Invalid condition id : Cortex-A Device cause : null
2025-04-28 10:01:17,096 [WARN] PackLoader:240 - Cannot read IP mode file for STMicroelectronics.X-CUBE-EEPRMA1.5.1.0
2025-04-28 10:01:17,102 [WARN] PackLoader:240 - Cannot read IP mode file for wolfSSL.I-CUBE-wolfSSL.5.7.6
2025-04-28 10:01:17,113 [WARN] PackLoader:240 - Cannot read IP mode file for ITTIA_DB.I-CUBE-ITTIADB.8.9.0
2025-04-28 10:01:17,143 [WARN] PackLoader:240 - Cannot read IP mode file for SEGGER.I-CUBE-embOS.1.3.1
2025-04-28 10:01:17,186 [WARN] PackLoader:240 - Cannot read IP mode file for STMicroelectronics.X-CUBE-ALGOBUILD.1.4.0
2025-04-28 10:01:17,238 [WARN] PackLoader:240 - Cannot read IP mode file for STMicroelectronics.X-CUBE-AZRTOS-F4.1.1.0
2025-04-28 10:01:17,257 [WARN] PackLoader:240 - Cannot read IP mode file for Avnet-IotConnect.X-CUBE-IoTC-DA16k-PMOD.1.0.0
2025-04-28 10:01:17,269 [WARN] PackLoader:240 - Cannot read IP mode file for STMicroelectronics.X-CUBE-ISPU.2.1.0
2025-04-28 10:01:17,306 [WARN] PackLoader:240 - Cannot read IP mode file for STMicroelectronics.X-CUBE-AZRTOS-L5.2.0.0
2025-04-28 10:01:17,329 [WARN] PackLoader:240 - Cannot read IP mode file for STMicroelectronics.X-CUBE-NFC6.3.1.0
2025-04-28 10:01:17,342 [WARN] PackLoader:240 - Cannot read IP mode file for STMicroelectronics.X-CUBE-DPower.1.2.0
2025-04-28 10:01:17,354 [WARN] PackLoader:240 - Cannot read IP mode file for STMicroelectronics.X-CUBE-FREERTOS.1.3.0
2025-04-28 10:01:17,364 [WARN] PackLoader:240 - Cannot read IP mode file for STMicroelectronics.X-CUBE-NFC7.1.0.1
2025-04-28 10:01:17,374 [WARN] PackLoader:240 - Cannot read IP mode file for STMicroelectronics.X-CUBE-DPower.1.3.0
2025-04-28 10:01:17,391 [WARN] ConditionMgr:438 - getConditionDescription Invalid condition id : LAN8742 Phy interface Condition cause : null
2025-04-28 10:01:17,392 [WARN] PackLoader:240 - Cannot read IP mode file for STMicroelectronics.X-CUBE-AZRTOS-L4.2.0.0
2025-04-28 10:01:17,393 [WARN] ConditionMgr:1044 - genDependencies : Invalid condition id : LAN8742 Phy interface Condition cause : null
2025-04-28 10:01:17,394 [WARN] ConditionMgr:1044 - genDependencies : Invalid condition id : LAN8742 Phy interface Condition cause : null
2025-04-28 10:01:17,394 [WARN] ConditionMgr:1044 - genDependencies : Invalid condition id : LAN8742 Phy interface Condition cause : null
2025-04-28 10:01:17,404 [WARN] PackLoader:240 - Cannot read IP mode file for STMicroelectronics.X-CUBE-SFXS2LP1.4.0.0
2025-04-28 10:01:17,424 [WARN] PackLoader:240 - Cannot read IP mode file for STMicroelectronics.X-CUBE-AZRTOS-H7.3.3.0
2025-04-28 10:01:17,445 [WARN] ConditionMgr:438 - getConditionDescription Invalid condition id : UX DEVICE CLASS RTOS Condition cause : null
2025-04-28 10:01:17,445 [WARN] ConditionMgr:438 - getConditionDescription Invalid condition id : UX DEVICE CLASS RTOS Condition cause : null
2025-04-28 10:01:17,447 [WARN] PackLoader:240 - Cannot read IP mode file for STMicroelectronics.X-CUBE-AZRTOS-WB.2.0.0
2025-04-28 10:01:17,448 [WARN] ConditionMgr:1044 - genDependencies : Invalid condition id : UX DEVICE CLASS RTOS Condition cause : null
2025-04-28 10:01:17,448 [WARN] ConditionMgr:1044 - genDependencies : Invalid condition id : UX DEVICE CLASS RTOS Condition cause : null
2025-04-28 10:01:17,449 [WARN] ConditionMgr:1044 - genDependencies : Invalid condition id : UX DEVICE CLASS RTOS Condition cause : null
2025-04-28 10:01:17,450 [WARN] ConditionMgr:1044 - genDependencies : Invalid condition id : UX DEVICE CLASS RTOS Condition cause : null
2025-04-28 10:01:17,450 [WARN] ConditionMgr:1044 - genDependencies : Invalid condition id : UX DEVICE CLASS RTOS Condition cause : null
2025-04-28 10:01:17,458 [WARN] PackLoader:240 - Cannot read IP mode file for STMicroelectronics.X-CUBE-GNSS1.7.0.1
2025-04-28 10:01:17,466 [WARN] PackLoader:240 - Cannot read IP mode file for STMicroelectronics.X-CUBE-TOUCHGFX.4.25.0
2025-04-28 10:01:17,474 [WARN] PackLoader:240 - Cannot read IP mode file for STMicroelectronics.FP-SNS-STBOX1.2.0.0
2025-04-28 10:01:17,489 [WARN] PackLoader:240 - Cannot read IP mode file for STMicroelectronics.X-CUBE-SUBG2.5.0.0
2025-04-28 10:01:17,508 [WARN] PackLoader:240 - Cannot read IP mode file for STMicroelectronics.X-CUBE-AZRTOS-H7RS.1.1.0
2025-04-28 10:01:17,517 [WARN] PackLoader:240 - Cannot read IP mode file for Cesanta.I-CUBE-Mongoose.7.13.0
2025-04-28 10:01:17,530 [WARN] PackLoader:240 - Cannot read IP mode file for STMicroelectronics.X-CUBE-AZRTOS-G4.2.0.0
2025-04-28 10:01:17,537 [WARN] PackLoader:240 - Cannot read IP mode file for wolfSSL.I-CUBE-wolfSSH.1.4.20
2025-04-28 10:01:17,550 [WARN] PackLoader:240 - Cannot read IP mode file for STMicroelectronics.X-CUBE-IPS.3.1.0
2025-04-28 10:01:17,565 [WARN] PackLoader:240 - Cannot read IP mode file for STMicroelectronics.X-CUBE-ALS.1.0.2
2025-04-28 10:01:17,572 [WARN] PackLoader:240 - Cannot read IP mode file for STMicroelectronics.X-CUBE-TOUCHGFX.4.24.2
2025-04-28 10:01:17,579 [WARN] PackLoader:240 - Cannot read IP mode file for portGmbH.I-Cube-SoM-uGOAL.1.1.0
2025-04-28 10:01:17,597 [WARN] PackLoader:240 - Cannot read IP mode file for STMicroelectronics.X-CUBE-AZRTOS-H7RS.1.0.0
2025-04-28 10:01:17,610 [WARN] PackLoader:240 - Cannot read IP mode file for STMicroelectronics.X-CUBE-TOF1.3.4.2
2025-04-28 10:01:17,628 [WARN] PackLoader:240 - Cannot read IP mode file for STMicroelectronics.X-CUBE-TOF1.3.4.3
2025-04-28 10:01:17,638 [INFO] ThirdParty:978 - Integrity check success = true
2025-04-28 10:01:17,639 [INFO] IntegrityCheckThread:100 - exiting critical section [integrity check]
2025-04-28 10:01:17,639 [INFO] IntegrityCheckThread:103 - End integrity checks thread
2025-04-28 13:25:20,122 [INFO] WebApp:194 - Connection lost
2025-04-28 13:25:23,070 [INFO] WebApp:191 - Connection restablished
2025-04-28 13:25:25,888 [INFO] WebApp:194 - Connection lost
2025-04-28 13:25:26,961 [INFO] WebApp:191 - Connection restablished
2025-04-28 16:50:13,220 [ERROR] LogOutputStream:75 - [STDERR_REDIRECT] 
