2025-04-22 15:39:03,952 [INFO] Activator:176 - 


2025-04-22 15:39:03,958 [INFO] Activator:177 - !SESSION log4j initialized
2025-04-22 15:39:09,325 [INFO] LogOutputStream:77 - [STDOUT_REDIRECT] 
2025-04-22 15:39:10,795 [INFO] ApplicationProperties:184 - Using Application install path: C:\ST\STM32CubeIDE_1.18.0\STM32CubeIDE\plugins\com.st.stm32cube.common.mx_6.14.0.202502271554
2025-04-22 15:39:10,813 [INFO] DbMcusXml:78 - Set database path to: C:\ST\STM32CubeIDE_1.18.0\STM32CubeIDE\plugins\com.st.stm32cube.common.mx_6.14.0.202502271554\\db\/mcu/
2025-04-22 15:39:10,814 [INFO] ApiDb:274 - Set plugin database path to: C:\ST\STM32CubeIDE_1.18.0\STM32CubeIDE\plugins\com.st.stm32cube.common.mx_6.14.0.202502271554\\db\/plugins/boardmanager/
2025-04-22 15:39:10,814 [WARN] ApiDb:259 - Overriding images path with different value:  => C:\ST\STM32CubeIDE_1.18.0\STM32CubeIDE\plugins\com.st.stm32cube.common.mx_6.14.0.202502271554\\db\/plugins/mcufinder/images/
2025-04-22 15:39:10,823 [INFO] ApiDb:250 - Set database path to: C:\Users\phucv\.stmcufinder\plugins\mcufinder//mcu/
2025-04-22 15:39:10,824 [INFO] DbMcusAds:125 - Set database path to: C:\Users\phucv\.stmcufinder\plugins\mcufinder//mcu/
2025-04-22 15:39:11,342 [INFO] CrossReferenceDbSqlite:203 - Set database path to: C:\Users\phucv\.stmcufinder\plugins\mcufinder//mcu/cs/
2025-04-22 15:39:11,436 [INFO] RulesReader:64 - Compatibility file has been processed (301 Rules)
2025-04-22 15:39:11,518 [INFO] DbMcusXml:78 - Set database path to: C:\ST\STM32CubeIDE_1.18.0\STM32CubeIDE\plugins\com.st.stm32cube.common.mx_6.14.0.202502271554\\db\/mcu/
2025-04-22 15:39:11,518 [INFO] ApiDb:274 - Set plugin database path to: C:\ST\STM32CubeIDE_1.18.0\STM32CubeIDE\plugins\com.st.stm32cube.common.mx_6.14.0.202502271554\\db\/plugins/boardmanager/
2025-04-22 15:39:11,518 [INFO] ApiDb:261 - Set plugin images path to: C:\ST\STM32CubeIDE_1.18.0\STM32CubeIDE\plugins\com.st.stm32cube.common.mx_6.14.0.202502271554\\db\/plugins/mcufinder/images/
2025-04-22 15:39:11,519 [WARN] DbFile:41 - Overriding database path with different value: C:\Users\phucv\.stmcufinder\plugins\mcufinder/ => C:\Users\phucv\.stmcufinder\plugins\mcufinder
2025-04-22 15:39:11,519 [INFO] ApiDb:250 - Set database path to: C:\Users\phucv\.stmcufinder\plugins\mcufinder//mcu/
2025-04-22 15:39:11,519 [WARN] DbFile:41 - Overriding database path with different value: C:\Users\phucv\.stmcufinder\plugins\mcufinder/ => C:\Users\phucv\.stmcufinder\plugins\mcufinder
2025-04-22 15:39:11,519 [INFO] DbMcusAds:125 - Set database path to: C:\Users\phucv\.stmcufinder\plugins\mcufinder//mcu/
2025-04-22 15:39:11,519 [WARN] DbFile:41 - Overriding database path with different value: C:\Users\phucv\.stmcufinder\plugins\mcufinder/ => C:\Users\phucv\.stmcufinder\plugins\mcufinder
2025-04-22 15:39:11,519 [WARN] DbFile:41 - Overriding database path with different value: C:\Users\phucv\.stmcufinder\plugins\mcufinder/ => C:\Users\phucv\.stmcufinder\plugins\mcufinder
2025-04-22 15:39:12,341 [INFO] CrossReferenceDbSqlite:203 - Set database path to: C:\Users\phucv\.stmcufinder\plugins\mcufinder//mcu/cs/
2025-04-22 15:39:12,410 [INFO] MainPanel:272 - HeapMemory: 268435456
2025-04-22 15:39:12,511 [INFO] DbMcusXml:78 - Set database path to: C:\ST\STM32CubeIDE_1.18.0\STM32CubeIDE\plugins\com.st.stm32cube.common.mx_6.14.0.202502271554\\db\/mcu/
2025-04-22 15:39:12,511 [INFO] ApiDb:274 - Set plugin database path to: C:\ST\STM32CubeIDE_1.18.0\STM32CubeIDE\plugins\com.st.stm32cube.common.mx_6.14.0.202502271554\\db\/plugins/boardmanager/
2025-04-22 15:39:12,511 [INFO] ApiDb:261 - Set plugin images path to: C:\ST\STM32CubeIDE_1.18.0\STM32CubeIDE\plugins\com.st.stm32cube.common.mx_6.14.0.202502271554\\db\/plugins/mcufinder/images/
2025-04-22 15:39:12,511 [WARN] DbFile:41 - Overriding database path with different value: C:\Users\phucv\.stmcufinder\plugins\mcufinder/ => C:\Users\phucv\.stmcufinder\plugins\mcufinder
2025-04-22 15:39:12,511 [INFO] ApiDb:250 - Set database path to: C:\Users\phucv\.stmcufinder\plugins\mcufinder//mcu/
2025-04-22 15:39:12,512 [WARN] DbFile:41 - Overriding database path with different value: C:\Users\phucv\.stmcufinder\plugins\mcufinder/ => C:\Users\phucv\.stmcufinder\plugins\mcufinder
2025-04-22 15:39:12,512 [INFO] DbMcusAds:125 - Set database path to: C:\Users\phucv\.stmcufinder\plugins\mcufinder//mcu/
2025-04-22 15:39:12,512 [WARN] DbFile:41 - Overriding database path with different value: C:\Users\phucv\.stmcufinder\plugins\mcufinder/ => C:\Users\phucv\.stmcufinder\plugins\mcufinder
2025-04-22 15:39:12,512 [WARN] DbFile:41 - Overriding database path with different value: C:\Users\phucv\.stmcufinder\plugins\mcufinder/ => C:\Users\phucv\.stmcufinder\plugins\mcufinder
2025-04-22 15:39:13,341 [INFO] CrossReferenceDbSqlite:203 - Set database path to: C:\Users\phucv\.stmcufinder\plugins\mcufinder//mcu/cs/
2025-04-22 15:39:13,364 [INFO] ApplicationProperties:184 - Using Application install path: C:\ST\STM32CubeIDE_1.18.0\STM32CubeIDE\plugins\com.st.stm32cube.common.mx_6.14.0.202502271554
2025-04-22 15:39:13,365 [INFO] PluginManage:196 - Search for loadable plugins [exclusion list=, ]
2025-04-22 15:39:13,366 [INFO] PluginManage:310 - Check plugin analytics
2025-04-22 15:39:14,399 [INFO] AnalyticsPlugin:253 - Accepted Software Licenses: STM32CubeMX.6.14.0
2025-04-22 15:39:14,399 [INFO] AnalyticsPlugin:255 - Accepted CMSIS Pack Licenses: 
2025-04-22 15:39:14,399 [INFO] AnalyticsPlugin:257 - Accepted Firmware Licenses: FW.F4.1.28.0
2025-04-22 15:39:14,401 [INFO] PluginManage:359 - Loaded plugin analytics (category:tool,tabindex:-1)
2025-04-22 15:39:14,401 [INFO] PluginManage:310 - Check plugin cadmodel
2025-04-22 15:39:14,408 [INFO] CADModel:105 - Init CAD model plugin
2025-04-22 15:39:14,409 [INFO] PluginManage:359 - Loaded plugin cadmodel (category:power,tabindex:5)
2025-04-22 15:39:14,409 [INFO] PluginManage:310 - Check plugin clock
2025-04-22 15:39:14,418 [INFO] PluginManage:359 - Loaded plugin clock (category:base,tabindex:2)
2025-04-22 15:39:14,418 [INFO] PluginManage:310 - Check plugin ddr
2025-04-22 15:39:14,421 [INFO] PluginManage:359 - Loaded plugin ddr (category:tool,tabindex:6)
2025-04-22 15:39:14,421 [INFO] PluginManage:310 - Check plugin filemanager
2025-04-22 15:39:14,574 [INFO] PluginManage:359 - Loaded plugin filemanager (category:base,tabindex:10)
2025-04-22 15:39:14,574 [INFO] PluginManage:310 - Check plugin ipmanager
2025-04-22 15:39:14,581 [INFO] PluginManage:359 - Loaded plugin ipmanager (category:base,tabindex:5)
2025-04-22 15:39:14,581 [INFO] PluginManage:310 - Check plugin lpbam
2025-04-22 15:39:14,588 [INFO] PluginManage:359 - Loaded plugin lpbam (category:base,tabindex:0)
2025-04-22 15:39:14,588 [INFO] PluginManage:310 - Check plugin memorymap
2025-04-22 15:39:14,601 [INFO] PluginManage:359 - Loaded plugin memorymap (category:base,tabindex:4)
2025-04-22 15:39:14,602 [INFO] PluginManage:310 - Check plugin pinoutandconfiguration
2025-04-22 15:39:14,610 [INFO] PluginManage:359 - Loaded plugin pinoutandconfiguration (category:base,tabindex:1)
2025-04-22 15:39:14,610 [INFO] PluginManage:310 - Check plugin pinoutconfig
2025-04-22 15:39:14,702 [WARN] SupportedApi:132 - Cannot load RTOS API schema: s4s-elt-must-match.1: The content of 'definitions' must match (annotation?, (simpleType | complexType)?, (unique | key | keyref)*)). A problem was found starting at: attribute.
2025-04-22 15:39:14,827 [INFO] PluginManage:359 - Loaded plugin pinoutconfig (category:base,tabindex:0)
2025-04-22 15:39:14,827 [INFO] PluginManage:310 - Check plugin power
2025-04-22 15:39:14,837 [INFO] PluginManage:359 - Loaded plugin power (category:power,tabindex:4)
2025-04-22 15:39:14,838 [INFO] PluginManage:310 - Check plugin projectmanager
2025-04-22 15:39:14,851 [INFO] PluginManage:359 - Loaded plugin projectmanager (category:projectmanager,tabindex:4)
2025-04-22 15:39:14,851 [INFO] PluginManage:310 - Check plugin rif
2025-04-22 15:39:14,858 [INFO] PluginManage:359 - Loaded plugin rif (category:base,tabindex:3)
2025-04-22 15:39:14,858 [INFO] PluginManage:310 - Check plugin thirdparty
2025-04-22 15:39:14,988 [INFO] PluginManage:359 - Loaded plugin thirdparty (category:base,tabindex:-1)
2025-04-22 15:39:14,988 [WARN] IntegrityCheckThread:84 - waiting for thirdparty lock release [integrity check]
2025-04-22 15:39:14,988 [INFO] PluginManage:310 - Check plugin tools
2025-04-22 15:39:14,988 [INFO] IntegrityCheckThread:86 - entering critical section [integrity check]
2025-04-22 15:39:14,988 [INFO] ThirdPartyUpdaterWithRetryManager:70 - Updater plugin not ready yet. [1/15]
2025-04-22 15:39:14,992 [INFO] PluginManage:359 - Loaded plugin tools (category:base,tabindex:7)
2025-04-22 15:39:14,992 [INFO] PluginManage:310 - Check plugin tutovideos
2025-04-22 15:39:15,154 [INFO] PluginManage:359 - Loaded plugin tutovideos (category:base,tabindex:-1)
2025-04-22 15:39:15,154 [INFO] PluginManage:310 - Check plugin updater
2025-04-22 15:39:15,173 [INFO] PluginManage:359 - Loaded plugin updater (category:base,tabindex:12)
2025-04-22 15:39:15,174 [INFO] PluginManage:310 - Check plugin userauth
2025-04-22 15:39:15,177 [INFO] UserAuth:118 - Init User Auth plugin
2025-04-22 15:39:15,178 [INFO] PluginManage:359 - Loaded plugin userauth (category:base,tabindex:14)
2025-04-22 15:39:15,178 [INFO] PluginManage:283 - PluginManage : Loaded plugins [18]
2025-04-22 15:39:15,404 [INFO] PinOutPanel:1589 - setPackage(No Configuration,No Configuration)
2025-04-22 15:39:15,490 [INFO] CADModel:165 - CPN selected for project level
2025-04-22 15:39:15,490 [INFO] CADModel:114 - Register for checkConnection events
2025-04-22 15:39:15,512 [INFO] IPUIPlugin:80 - create IPUIPlugin
2025-04-22 15:39:15,512 [INFO] PluginManager:220 - loadIPPluginJar : add adc
2025-04-22 15:39:15,516 [INFO] IPUIPlugin:80 - create IPUIPlugin
2025-04-22 15:39:15,516 [INFO] PluginManager:220 - loadIPPluginJar : add aes
2025-04-22 15:39:15,519 [INFO] IPUIPlugin:80 - create IPUIPlugin
2025-04-22 15:39:15,519 [INFO] PluginManager:220 - loadIPPluginJar : add can
2025-04-22 15:39:15,521 [INFO] IPUIPlugin:80 - create IPUIPlugin
2025-04-22 15:39:15,521 [INFO] PluginManager:220 - loadIPPluginJar : add comp
2025-04-22 15:39:15,524 [INFO] IPUIPlugin:80 - create IPUIPlugin
2025-04-22 15:39:15,524 [INFO] PluginManager:220 - loadIPPluginJar : add cryp
2025-04-22 15:39:15,527 [INFO] IPUIPlugin:80 - create IPUIPlugin
2025-04-22 15:39:15,527 [INFO] PluginManager:220 - loadIPPluginJar : add ddr_ctrl_phy
2025-04-22 15:39:15,531 [INFO] IPUIPlugin:80 - create IPUIPlugin
2025-04-22 15:39:15,531 [INFO] PluginManager:220 - loadIPPluginJar : add dfsdm
2025-04-22 15:39:15,537 [INFO] IPUIPlugin:80 - create IPUIPlugin
2025-04-22 15:39:15,538 [INFO] PluginManager:220 - loadIPPluginJar : add dma
2025-04-22 15:39:15,541 [INFO] IPUIPlugin:80 - create IPUIPlugin
2025-04-22 15:39:15,542 [INFO] PluginManager:220 - loadIPPluginJar : add dma3
2025-04-22 15:39:15,545 [INFO] IPUIPlugin:80 - create IPUIPlugin
2025-04-22 15:39:15,545 [INFO] PluginManager:220 - loadIPPluginJar : add extmemmanager
2025-04-22 15:39:15,547 [INFO] IPUIPlugin:80 - create IPUIPlugin
2025-04-22 15:39:15,547 [INFO] PluginManager:220 - loadIPPluginJar : add fatfs
2025-04-22 15:39:15,553 [INFO] IPUIPlugin:80 - create IPUIPlugin
2025-04-22 15:39:15,553 [INFO] PluginManager:220 - loadIPPluginJar : add fmc
2025-04-22 15:39:15,558 [INFO] IPUIPlugin:80 - create IPUIPlugin
2025-04-22 15:39:15,558 [INFO] PluginManager:220 - loadIPPluginJar : add freertos
2025-04-22 15:39:15,560 [INFO] IPUIPlugin:80 - create IPUIPlugin
2025-04-22 15:39:15,560 [INFO] PluginManager:220 - loadIPPluginJar : add genericplugin
2025-04-22 15:39:15,564 [INFO] IPUIPlugin:80 - create IPUIPlugin
2025-04-22 15:39:15,564 [INFO] PluginManager:220 - loadIPPluginJar : add gfxmmu
2025-04-22 15:39:15,569 [INFO] IPUIPlugin:80 - create IPUIPlugin
2025-04-22 15:39:15,569 [INFO] PluginManager:220 - loadIPPluginJar : add gic
2025-04-22 15:39:15,574 [INFO] IPUIPlugin:80 - create IPUIPlugin
2025-04-22 15:39:15,574 [INFO] PluginManager:220 - loadIPPluginJar : add gpio
2025-04-22 15:39:15,578 [INFO] IPUIPlugin:80 - create IPUIPlugin
2025-04-22 15:39:15,578 [INFO] PluginManager:220 - loadIPPluginJar : add gtzc
2025-04-22 15:39:15,581 [INFO] IPUIPlugin:80 - create IPUIPlugin
2025-04-22 15:39:15,582 [INFO] PluginManager:220 - loadIPPluginJar : add hash
2025-04-22 15:39:15,585 [INFO] IPUIPlugin:80 - create IPUIPlugin
2025-04-22 15:39:15,586 [INFO] PluginManager:220 - loadIPPluginJar : add i2c
2025-04-22 15:39:15,589 [INFO] IPUIPlugin:80 - create IPUIPlugin
2025-04-22 15:39:15,589 [INFO] PluginManager:220 - loadIPPluginJar : add i2s
2025-04-22 15:39:15,593 [INFO] IPUIPlugin:80 - create IPUIPlugin
2025-04-22 15:39:15,594 [INFO] PluginManager:220 - loadIPPluginJar : add i3c
2025-04-22 15:39:15,598 [INFO] IPUIPlugin:80 - create IPUIPlugin
2025-04-22 15:39:15,600 [INFO] PluginManager:220 - loadIPPluginJar : add ipddr
2025-04-22 15:39:15,609 [INFO] IPUIPlugin:80 - create IPUIPlugin
2025-04-22 15:39:15,609 [INFO] PluginManager:220 - loadIPPluginJar : add linkedlist
2025-04-22 15:39:15,613 [INFO] IPUIPlugin:80 - create IPUIPlugin
2025-04-22 15:39:15,613 [INFO] PluginManager:220 - loadIPPluginJar : add lorawan
2025-04-22 15:39:15,615 [INFO] IPUIPlugin:80 - create IPUIPlugin
2025-04-22 15:39:15,615 [INFO] PluginManager:220 - loadIPPluginJar : add ltdc
2025-04-22 15:39:15,623 [INFO] IPUIPlugin:80 - create IPUIPlugin
2025-04-22 15:39:15,623 [INFO] PluginManager:220 - loadIPPluginJar : add mdma
2025-04-22 15:39:15,628 [INFO] IPUIPlugin:80 - create IPUIPlugin
2025-04-22 15:39:15,628 [INFO] PluginManager:220 - loadIPPluginJar : add nvic
2025-04-22 15:39:15,632 [INFO] IPUIPlugin:80 - create IPUIPlugin
2025-04-22 15:39:15,632 [INFO] PluginManager:220 - loadIPPluginJar : add opamp
2025-04-22 15:39:15,638 [INFO] IPUIPlugin:80 - create IPUIPlugin
2025-04-22 15:39:15,639 [INFO] PluginManager:220 - loadIPPluginJar : add openamp
2025-04-22 15:39:15,644 [INFO] IPUIPlugin:80 - create IPUIPlugin
2025-04-22 15:39:15,644 [INFO] PluginManager:220 - loadIPPluginJar : add pdm2pcm
2025-04-22 15:39:15,650 [INFO] IPUIPlugin:80 - create IPUIPlugin
2025-04-22 15:39:15,653 [INFO] PluginManager:220 - loadIPPluginJar : add plateformsettings
2025-04-22 15:39:15,655 [INFO] IPUIPlugin:80 - create IPUIPlugin
2025-04-22 15:39:15,655 [INFO] PluginManager:220 - loadIPPluginJar : add quadspi
2025-04-22 15:39:15,658 [INFO] IPUIPlugin:80 - create IPUIPlugin
2025-04-22 15:39:15,658 [INFO] PluginManager:220 - loadIPPluginJar : add radio
2025-04-22 15:39:15,662 [INFO] IPUIPlugin:80 - create IPUIPlugin
2025-04-22 15:39:15,663 [INFO] PluginManager:220 - loadIPPluginJar : add resmgrutility
2025-04-22 15:39:15,666 [INFO] IPUIPlugin:80 - create IPUIPlugin
2025-04-22 15:39:15,666 [INFO] PluginManager:220 - loadIPPluginJar : add sai
2025-04-22 15:39:15,669 [INFO] IPUIPlugin:80 - create IPUIPlugin
2025-04-22 15:39:15,669 [INFO] PluginManager:220 - loadIPPluginJar : add spi
2025-04-22 15:39:15,676 [INFO] IPUIPlugin:80 - create IPUIPlugin
2025-04-22 15:39:15,676 [INFO] PluginManager:220 - loadIPPluginJar : add stm32_wpan
2025-04-22 15:39:15,679 [INFO] IPUIPlugin:80 - create IPUIPlugin
2025-04-22 15:39:15,679 [INFO] PluginManager:220 - loadIPPluginJar : add tim
2025-04-22 15:39:15,683 [INFO] IPUIPlugin:80 - create IPUIPlugin
2025-04-22 15:39:15,683 [INFO] PluginManager:220 - loadIPPluginJar : add touchsensing
2025-04-22 15:39:15,685 [INFO] IPUIPlugin:80 - create IPUIPlugin
2025-04-22 15:39:15,685 [INFO] PluginManager:220 - loadIPPluginJar : add tracer_emb
2025-04-22 15:39:15,687 [INFO] IPUIPlugin:80 - create IPUIPlugin
2025-04-22 15:39:15,687 [INFO] PluginManager:220 - loadIPPluginJar : add ts
2025-04-22 15:39:15,689 [INFO] IPUIPlugin:80 - create IPUIPlugin
2025-04-22 15:39:15,691 [INFO] PluginManager:220 - loadIPPluginJar : add tsc
2025-04-22 15:39:15,693 [INFO] IPUIPlugin:80 - create IPUIPlugin
2025-04-22 15:39:15,693 [INFO] PluginManager:220 - loadIPPluginJar : add ucpd
2025-04-22 15:39:15,696 [INFO] IPUIPlugin:80 - create IPUIPlugin
2025-04-22 15:39:15,696 [INFO] PluginManager:220 - loadIPPluginJar : add usart
2025-04-22 15:39:15,699 [INFO] IPUIPlugin:80 - create IPUIPlugin
2025-04-22 15:39:15,699 [INFO] PluginManager:220 - loadIPPluginJar : add usbx
2025-04-22 15:39:15,830 [FATAL] Updater:351 - Updater called before beeing initialized
2025-04-22 15:39:15,855 [INFO] RulesReader:64 - Compatibility file has been processed (301 Rules)
2025-04-22 15:39:15,865 [INFO] RulesReader:64 - Compatibility file has been processed (301 Rules)
2025-04-22 15:39:15,874 [INFO] CADModel:165 - CPN selected for project level
2025-04-22 15:39:15,874 [INFO] CADModel:114 - Register for checkConnection events
2025-04-22 15:39:15,874 [FATAL] Updater:351 - Updater called before beeing initialized
2025-04-22 15:39:15,875 [ERROR] CADModel:125 - Updater not yet initialized, retry later 
2025-04-22 15:39:16,048 [FATAL] Updater:351 - Updater called before beeing initialized
2025-04-22 15:39:16,051 [INFO] CADModel:165 - CPN selected for project level
2025-04-22 15:39:16,051 [INFO] CADModel:114 - Register for checkConnection events
2025-04-22 15:39:16,051 [FATAL] Updater:351 - Updater called before beeing initialized
2025-04-22 15:39:16,051 [ERROR] CADModel:125 - Updater not yet initialized, retry later 
2025-04-22 15:39:16,054 [FATAL] Updater:351 - Updater called before beeing initialized
2025-04-22 15:39:16,163 [FATAL] Updater:351 - Updater called before beeing initialized
2025-04-22 15:39:16,167 [INFO] DbMcusAds:53 - JSON generation date=Thu Mar 06 21:54:22 ICT 2025 (1741272862078)
2025-04-22 15:39:16,168 [FATAL] Updater:351 - Updater called before beeing initialized
2025-04-22 15:39:16,200 [WARN] DetailPanel:346 - Failed to get advertising image, set to default
2025-04-22 15:39:16,408 [FATAL] Updater:351 - Updater called before beeing initialized
2025-04-22 15:39:16,410 [FATAL] Updater:351 - Updater called before beeing initialized
2025-04-22 15:39:16,410 [FATAL] Updater:351 - Updater called before beeing initialized
2025-04-22 15:39:16,410 [WARN] DetailPanel:346 - Failed to get advertising image, set to default
2025-04-22 15:39:16,411 [FATAL] Updater:351 - Updater called before beeing initialized
2025-04-22 15:39:16,461 [ERROR] Updater:1198 - MainUpdater not yet initialized. External WinMGr cannot be set.
2025-04-22 15:39:16,463 [INFO] Updater:1134 - Updater Version found : 6.14.0
2025-04-22 15:39:16,482 [INFO] ApplicationProperties:184 - Using Application install path: C:\ST\STM32CubeIDE_1.18.0\STM32CubeIDE\plugins\com.st.stm32cube.common.mx_6.14.0.202502271554
2025-04-22 15:39:17,990 [INFO] ThirdPartyUpdaterWithRetryManager:70 - Updater plugin not ready yet. [2/15]
2025-04-22 15:39:18,073 [ERROR] LogOutputStream:75 - [STDERR_REDIRECT] Apr 22, 2025 3:39:18 PM java.util.prefs.WindowsPreferences <init>
2025-04-22 15:39:18,074 [ERROR] LogOutputStream:75 - [STDERR_REDIRECT] WARNING: Could not open/create prefs root node Software\JavaSoft\Prefs at root 0xffffffff80000002. Windows RegCreateKeyEx(...) returned error code 5.
2025-04-22 15:39:18,074 [ERROR] LogOutputStream:75 - [STDERR_REDIRECT] 
2025-04-22 15:39:18,446 [INFO] MainUpdater:2872 - connection check result : 10
2025-04-22 15:39:18,447 [INFO] MainUpdater:289 - Updater Check For Update Now.
2025-04-22 15:39:18,447 [INFO] MicroXplorer:498 - Change Database Version : DB.6.0.140
2025-04-22 15:39:18,464 [INFO] McuFinderGlobals:63 - Set McuFinder mode to 2 (CubeIDE integrated)
2025-04-22 15:39:18,466 [INFO] UserAuth:486 - Internet connection configuration mode: 1
2025-04-22 15:39:18,504 [INFO] JxBrowserEngine:152 - Initiate JxBrowser Engine with user profile folder
2025-04-22 15:39:18,642 [INFO] CheckServerUpdateThread:120 - End of CheckServer Thread
2025-04-22 15:39:19,752 [INFO] WebApp:169 - Instantiating new browser for Auth
2025-04-22 15:39:20,432 [INFO] WebApp:463 - Apply proxy settings
2025-04-22 15:39:20,433 [INFO] WebApp:548 - Chromium requires no authentication
2025-04-22 15:39:20,443 [INFO] WebApp:491 - Direct internet connection detected
2025-04-22 15:39:20,466 [INFO] WebApp:894 - Register for checkConnection events
2025-04-22 15:39:20,467 [INFO] WebApp:463 - Apply proxy settings
2025-04-22 15:39:20,467 [INFO] WebApp:548 - Chromium requires no authentication
2025-04-22 15:39:20,467 [INFO] WebApp:491 - Direct internet connection detected
2025-04-22 15:39:20,640 [INFO] WebApp:225 - Starting web application
2025-04-22 15:39:20,640 [INFO] WebApp:593 - Web application path used C:\ST\STM32CubeIDE_1.18.0\STM32CubeIDE\plugins\com.st.stm32cube.common.mx_6.14.0.202502271554\db\plugins\mcufinder\reactClient1\index.html
2025-04-22 15:39:20,776 [INFO] WebApp:191 - Connection restablished
2025-04-22 15:39:20,792 [INFO] UserAuth:486 - Internet connection configuration mode: 1
2025-04-22 15:39:21,272 [WARN] PackLoader:240 - Cannot read IP mode file for STMicroelectronics.FP-SNS-MOTENVWB1.1.4.0
2025-04-22 15:39:21,280 [WARN] PackLoader:240 - Cannot read IP mode file for STMicroelectronics.FP-ATR-ASTRA1.2.0.2
2025-04-22 15:39:21,287 [WARN] PackLoader:240 - Cannot read IP mode file for STMicroelectronics.X-CUBE-SMBUS.2.1.0
2025-04-22 15:39:21,294 [WARN] PackLoader:240 - Cannot read IP mode file for STMicroelectronics.X-CUBE-WB05N.1.1.0
2025-04-22 15:39:21,320 [WARN] PackLoader:240 - Cannot read IP mode file for STMicroelectronics.X-CUBE-AZRTOS-F7.1.1.0
2025-04-22 15:39:21,329 [WARN] PackLoader:240 - Cannot read IP mode file for STMicroelectronics.FP-SNS-FLIGHT1.5.0.2
2025-04-22 15:39:21,366 [WARN] PackLoader:240 - Cannot read IP mode file for Infineon.AIROC-Wi-Fi-Bluetooth-STM32.1.7.0
2025-04-22 15:39:21,390 [WARN] PackLoader:240 - Cannot read IP mode file for STMicroelectronics.X-CUBE-DISPLAY.3.0.0
2025-04-22 15:39:21,408 [WARN] PackLoader:240 - Cannot read IP mode file for STMicroelectronics.X-CUBE-NFC10.1.0.0
2025-04-22 15:39:21,443 [WARN] PackLoader:240 - Cannot read IP mode file for STMicroelectronics.X-CUBE-BLEMGR.4.0.0
2025-04-22 15:39:21,460 [WARN] PackLoader:240 - Cannot read IP mode file for emotas.I-CUBE-CANOPEN.1.3.0
2025-04-22 15:39:21,469 [WARN] PackLoader:240 - Cannot read IP mode file for STMicroelectronics.X-CUBE-AI.10.0.0
2025-04-22 15:39:21,477 [WARN] PackLoader:240 - Cannot read IP mode file for STMicroelectronics.FP-SNS-SMARTAG2.1.2.0
2025-04-22 15:39:21,484 [WARN] PackLoader:240 - Cannot read IP mode file for STMicroelectronics.FP-SNS-FLIGHT1.5.1.0
2025-04-22 15:39:21,537 [WARN] PackLoader:240 - Cannot read IP mode file for STMicroelectronics.X-CUBE-MEMS1.11.1.0
2025-04-22 15:39:21,682 [INFO] LogOutputStream:77 - [STDOUT_REDIRECT] 1 : Invalid condition id : UX_CORESTACK_Condition cause : null
2025-04-22 15:39:21,683 [INFO] LogOutputStream:77 - [STDOUT_REDIRECT] 1 : Invalid condition id : UX_CORESTACK_Condition cause : null
2025-04-22 15:39:21,685 [INFO] LogOutputStream:77 - [STDOUT_REDIRECT] 1 : Invalid condition id : UX_CORESTACK_Condition cause : null
2025-04-22 15:39:21,686 [INFO] LogOutputStream:77 - [STDOUT_REDIRECT] 1 : Invalid condition id : UX_CORESTACK_Condition cause : null
2025-04-22 15:39:21,687 [INFO] LogOutputStream:77 - [STDOUT_REDIRECT] 1 : Invalid condition id : UX_CORESTACK_Condition cause : null
2025-04-22 15:39:21,690 [WARN] PackLoader:240 - Cannot read IP mode file for STMicroelectronics.X-CUBE-AZRTOS-WL.2.0.0
2025-04-22 15:39:21,698 [WARN] PackLoader:240 - Cannot read IP mode file for STMicroelectronics.FP-SNS-MOTENV1.5.0.0
2025-04-22 15:39:21,707 [WARN] PackLoader:240 - Cannot read IP mode file for WES.I-CUBE-Cesium.1.3.0
2025-04-22 15:39:21,715 [WARN] PackLoader:240 - Cannot read IP mode file for STMicroelectronics.X-CUBE-BLE2.3.3.0
2025-04-22 15:39:21,722 [WARN] PackLoader:240 - Cannot read IP mode file for STMicroelectronics.X-CUBE-NFC9.1.0.0
2025-04-22 15:39:21,729 [WARN] PackLoader:240 - Cannot read IP mode file for STMicroelectronics.X-CUBE-BLE1.7.1.0
2025-04-22 15:39:21,735 [WARN] PackLoader:240 - Cannot read IP mode file for wolfSSL.I-CUBE-wolfMQTT.1.19.2
2025-04-22 15:39:21,770 [WARN] PackLoader:240 - Cannot read IP mode file for STMicroelectronics.X-CUBE-MEMS1.11.2.0
2025-04-22 15:39:21,888 [WARN] PackLoader:240 - Cannot read IP mode file for STMicroelectronics.X-CUBE-AZRTOS-G0.1.1.0
2025-04-22 15:39:21,897 [WARN] PackLoader:240 - Cannot read IP mode file for STMicroelectronics.X-CUBE-SAFEA1.1.2.2
2025-04-22 15:39:21,902 [WARN] PackLoader:240 - Cannot read IP mode file for STMicroelectronics.X-CUBE-NFC4.3.0.0
2025-04-22 15:39:21,913 [WARN] PackLoader:240 - Cannot read IP mode file for EmbeddedOffice.I-CUBE-FS-RTOS.1.0.1
2025-04-22 15:39:21,919 [WARN] PackLoader:240 - Cannot read IP mode file for wolfSSL.I-CUBE-wolfTPM.3.8.0
2025-04-22 15:39:21,928 [WARN] PackLoader:240 - Cannot read IP mode file for STMicroelectronics.X-CUBE-TCPP.4.2.0
2025-04-22 15:39:21,936 [WARN] PackLoader:240 - Cannot read IP mode file for RealThread.X-CUBE-RT-Thread_Nano.4.1.1
2025-04-22 15:39:21,942 [WARN] PackLoader:240 - Cannot read IP mode file for STMicroelectronics.FP-ATR-SIGFOX1.3.2.0
2025-04-22 15:39:21,948 [WARN] ConditionMgr:438 - getConditionDescription Invalid condition id : Cortex-A Device cause : null
2025-04-22 15:39:21,967 [WARN] ConditionMgr:1044 - genDependencies : Invalid condition id : Cortex-A Device cause : null
2025-04-22 15:39:21,967 [WARN] ConditionMgr:1044 - genDependencies : Invalid condition id : Cortex-A Device cause : null
2025-04-22 15:39:21,967 [WARN] ConditionMgr:1044 - genDependencies : Invalid condition id : Cortex-A Device cause : null
2025-04-22 15:39:21,974 [WARN] PackLoader:240 - Cannot read IP mode file for STMicroelectronics.X-CUBE-EEPRMA1.5.1.0
2025-04-22 15:39:21,982 [WARN] PackLoader:240 - Cannot read IP mode file for wolfSSL.I-CUBE-wolfSSL.5.7.6
2025-04-22 15:39:21,989 [WARN] PackLoader:240 - Cannot read IP mode file for ITTIA_DB.I-CUBE-ITTIADB.8.9.0
2025-04-22 15:39:22,020 [WARN] PackLoader:240 - Cannot read IP mode file for SEGGER.I-CUBE-embOS.1.3.1
2025-04-22 15:39:22,073 [WARN] PackLoader:240 - Cannot read IP mode file for STMicroelectronics.X-CUBE-ALGOBUILD.1.4.0
2025-04-22 15:39:22,126 [WARN] PackLoader:240 - Cannot read IP mode file for STMicroelectronics.X-CUBE-AZRTOS-F4.1.1.0
2025-04-22 15:39:22,137 [WARN] PackLoader:240 - Cannot read IP mode file for Avnet-IotConnect.X-CUBE-IoTC-DA16k-PMOD.1.0.0
2025-04-22 15:39:22,145 [WARN] PackLoader:240 - Cannot read IP mode file for STMicroelectronics.X-CUBE-ISPU.2.1.0
2025-04-22 15:39:22,172 [WARN] PackLoader:240 - Cannot read IP mode file for STMicroelectronics.X-CUBE-AZRTOS-L5.2.0.0
2025-04-22 15:39:22,185 [WARN] PackLoader:240 - Cannot read IP mode file for STMicroelectronics.X-CUBE-NFC6.3.1.0
2025-04-22 15:39:22,194 [WARN] PackLoader:240 - Cannot read IP mode file for STMicroelectronics.X-CUBE-DPower.1.2.0
2025-04-22 15:39:22,200 [WARN] PackLoader:240 - Cannot read IP mode file for STMicroelectronics.X-CUBE-FREERTOS.1.3.0
2025-04-22 15:39:22,207 [WARN] PackLoader:240 - Cannot read IP mode file for STMicroelectronics.X-CUBE-NFC7.1.0.1
2025-04-22 15:39:22,214 [WARN] PackLoader:240 - Cannot read IP mode file for STMicroelectronics.X-CUBE-DPower.1.3.0
2025-04-22 15:39:22,233 [WARN] ConditionMgr:438 - getConditionDescription Invalid condition id : LAN8742 Phy interface Condition cause : null
2025-04-22 15:39:22,234 [WARN] PackLoader:240 - Cannot read IP mode file for STMicroelectronics.X-CUBE-AZRTOS-L4.2.0.0
2025-04-22 15:39:22,235 [WARN] ConditionMgr:1044 - genDependencies : Invalid condition id : LAN8742 Phy interface Condition cause : null
2025-04-22 15:39:22,236 [WARN] ConditionMgr:1044 - genDependencies : Invalid condition id : LAN8742 Phy interface Condition cause : null
2025-04-22 15:39:22,236 [WARN] ConditionMgr:1044 - genDependencies : Invalid condition id : LAN8742 Phy interface Condition cause : null
2025-04-22 15:39:22,244 [WARN] PackLoader:240 - Cannot read IP mode file for STMicroelectronics.X-CUBE-SFXS2LP1.4.0.0
2025-04-22 15:39:22,260 [WARN] PackLoader:240 - Cannot read IP mode file for STMicroelectronics.X-CUBE-AZRTOS-H7.3.3.0
2025-04-22 15:39:22,280 [WARN] ConditionMgr:438 - getConditionDescription Invalid condition id : UX DEVICE CLASS RTOS Condition cause : null
2025-04-22 15:39:22,280 [WARN] ConditionMgr:438 - getConditionDescription Invalid condition id : UX DEVICE CLASS RTOS Condition cause : null
2025-04-22 15:39:22,282 [WARN] PackLoader:240 - Cannot read IP mode file for STMicroelectronics.X-CUBE-AZRTOS-WB.2.0.0
2025-04-22 15:39:22,284 [WARN] ConditionMgr:1044 - genDependencies : Invalid condition id : UX DEVICE CLASS RTOS Condition cause : null
2025-04-22 15:39:22,284 [WARN] ConditionMgr:1044 - genDependencies : Invalid condition id : UX DEVICE CLASS RTOS Condition cause : null
2025-04-22 15:39:22,284 [WARN] ConditionMgr:1044 - genDependencies : Invalid condition id : UX DEVICE CLASS RTOS Condition cause : null
2025-04-22 15:39:22,285 [WARN] ConditionMgr:1044 - genDependencies : Invalid condition id : UX DEVICE CLASS RTOS Condition cause : null
2025-04-22 15:39:22,285 [WARN] ConditionMgr:1044 - genDependencies : Invalid condition id : UX DEVICE CLASS RTOS Condition cause : null
2025-04-22 15:39:22,292 [WARN] PackLoader:240 - Cannot read IP mode file for STMicroelectronics.X-CUBE-GNSS1.7.0.1
2025-04-22 15:39:22,299 [WARN] PackLoader:240 - Cannot read IP mode file for STMicroelectronics.X-CUBE-TOUCHGFX.4.25.0
2025-04-22 15:39:22,305 [WARN] PackLoader:240 - Cannot read IP mode file for STMicroelectronics.FP-SNS-STBOX1.2.0.0
2025-04-22 15:39:22,315 [WARN] PackLoader:240 - Cannot read IP mode file for STMicroelectronics.X-CUBE-SUBG2.5.0.0
2025-04-22 15:39:22,331 [WARN] PackLoader:240 - Cannot read IP mode file for STMicroelectronics.X-CUBE-AZRTOS-H7RS.1.1.0
2025-04-22 15:39:22,338 [WARN] PackLoader:240 - Cannot read IP mode file for Cesanta.I-CUBE-Mongoose.7.13.0
2025-04-22 15:39:22,355 [WARN] PackLoader:240 - Cannot read IP mode file for STMicroelectronics.X-CUBE-AZRTOS-G4.2.0.0
2025-04-22 15:39:22,365 [WARN] PackLoader:240 - Cannot read IP mode file for wolfSSL.I-CUBE-wolfSSH.1.4.20
2025-04-22 15:39:22,377 [WARN] PackLoader:240 - Cannot read IP mode file for STMicroelectronics.X-CUBE-IPS.3.1.0
2025-04-22 15:39:22,386 [WARN] PackLoader:240 - Cannot read IP mode file for STMicroelectronics.X-CUBE-ALS.1.0.2
2025-04-22 15:39:22,391 [WARN] PackLoader:240 - Cannot read IP mode file for STMicroelectronics.X-CUBE-TOUCHGFX.4.24.2
2025-04-22 15:39:22,399 [WARN] PackLoader:240 - Cannot read IP mode file for portGmbH.I-Cube-SoM-uGOAL.1.1.0
2025-04-22 15:39:22,412 [WARN] PackLoader:240 - Cannot read IP mode file for STMicroelectronics.X-CUBE-AZRTOS-H7RS.1.0.0
2025-04-22 15:39:22,425 [WARN] PackLoader:240 - Cannot read IP mode file for STMicroelectronics.X-CUBE-TOF1.3.4.2
2025-04-22 15:39:22,445 [WARN] PackLoader:240 - Cannot read IP mode file for STMicroelectronics.X-CUBE-TOF1.3.4.3
2025-04-22 15:39:22,455 [INFO] ThirdParty:978 - Integrity check success = true
2025-04-22 15:39:22,455 [INFO] IntegrityCheckThread:100 - exiting critical section [integrity check]
2025-04-22 15:39:22,455 [INFO] IntegrityCheckThread:103 - End integrity checks thread
2025-04-22 18:53:24,435 [INFO] WebApp:194 - Connection lost
2025-04-22 18:53:54,714 [INFO] WebApp:191 - Connection restablished
2025-04-22 18:53:57,431 [INFO] WebApp:194 - Connection lost
2025-04-22 18:53:57,649 [INFO] WebApp:191 - Connection restablished
2025-04-22 19:06:46,871 [ERROR] LogOutputStream:75 - [STDERR_REDIRECT] 
2025-04-22 19:06:46,871 [ERROR] LogOutputStream:75 - [STDERR_REDIRECT] 
