2025-04-12 07:53:02,143 [INFO] Activator:176 - 


2025-04-12 07:53:02,149 [INFO] Activator:177 - !SESSION log4j initialized
2025-04-12 07:53:08,780 [INFO] LogOutputStream:77 - [STDOUT_REDIRECT] 
2025-04-12 07:53:10,938 [INFO] ApplicationProperties:184 - Using Application install path: C:\ST\STM32CubeIDE_1.18.0\STM32CubeIDE\plugins\com.st.stm32cube.common.mx_6.14.0.202502271554
2025-04-12 07:53:10,956 [INFO] DbMcusXml:78 - Set database path to: C:\ST\STM32CubeIDE_1.18.0\STM32CubeIDE\plugins\com.st.stm32cube.common.mx_6.14.0.202502271554\\db\/mcu/
2025-04-12 07:53:10,957 [INFO] ApiDb:274 - Set plugin database path to: C:\ST\STM32CubeIDE_1.18.0\STM32CubeIDE\plugins\com.st.stm32cube.common.mx_6.14.0.202502271554\\db\/plugins/boardmanager/
2025-04-12 07:53:10,957 [WARN] ApiDb:259 - Overriding images path with different value:  => C:\ST\STM32CubeIDE_1.18.0\STM32CubeIDE\plugins\com.st.stm32cube.common.mx_6.14.0.202502271554\\db\/plugins/mcufinder/images/
2025-04-12 07:53:10,967 [INFO] ApiDb:250 - Set database path to: C:\Users\phucv\.stmcufinder\plugins\mcufinder//mcu/
2025-04-12 07:53:10,968 [INFO] DbMcusAds:125 - Set database path to: C:\Users\phucv\.stmcufinder\plugins\mcufinder//mcu/
2025-04-12 07:53:11,933 [INFO] CrossReferenceDbSqlite:203 - Set database path to: C:\Users\phucv\.stmcufinder\plugins\mcufinder//mcu/cs/
2025-04-12 07:53:12,123 [INFO] RulesReader:64 - Compatibility file has been processed (301 Rules)
2025-04-12 07:53:12,258 [INFO] DbMcusXml:78 - Set database path to: C:\ST\STM32CubeIDE_1.18.0\STM32CubeIDE\plugins\com.st.stm32cube.common.mx_6.14.0.202502271554\\db\/mcu/
2025-04-12 07:53:12,258 [INFO] ApiDb:274 - Set plugin database path to: C:\ST\STM32CubeIDE_1.18.0\STM32CubeIDE\plugins\com.st.stm32cube.common.mx_6.14.0.202502271554\\db\/plugins/boardmanager/
2025-04-12 07:53:12,259 [INFO] ApiDb:261 - Set plugin images path to: C:\ST\STM32CubeIDE_1.18.0\STM32CubeIDE\plugins\com.st.stm32cube.common.mx_6.14.0.202502271554\\db\/plugins/mcufinder/images/
2025-04-12 07:53:12,259 [WARN] DbFile:41 - Overriding database path with different value: C:\Users\phucv\.stmcufinder\plugins\mcufinder/ => C:\Users\phucv\.stmcufinder\plugins\mcufinder
2025-04-12 07:53:12,259 [INFO] ApiDb:250 - Set database path to: C:\Users\phucv\.stmcufinder\plugins\mcufinder//mcu/
2025-04-12 07:53:12,260 [WARN] DbFile:41 - Overriding database path with different value: C:\Users\phucv\.stmcufinder\plugins\mcufinder/ => C:\Users\phucv\.stmcufinder\plugins\mcufinder
2025-04-12 07:53:12,260 [INFO] DbMcusAds:125 - Set database path to: C:\Users\phucv\.stmcufinder\plugins\mcufinder//mcu/
2025-04-12 07:53:12,260 [WARN] DbFile:41 - Overriding database path with different value: C:\Users\phucv\.stmcufinder\plugins\mcufinder/ => C:\Users\phucv\.stmcufinder\plugins\mcufinder
2025-04-12 07:53:12,260 [WARN] DbFile:41 - Overriding database path with different value: C:\Users\phucv\.stmcufinder\plugins\mcufinder/ => C:\Users\phucv\.stmcufinder\plugins\mcufinder
2025-04-12 07:53:12,932 [INFO] CrossReferenceDbSqlite:203 - Set database path to: C:\Users\phucv\.stmcufinder\plugins\mcufinder//mcu/cs/
2025-04-12 07:53:13,077 [INFO] MainPanel:272 - HeapMemory: 268435456
2025-04-12 07:53:13,248 [INFO] DbMcusXml:78 - Set database path to: C:\ST\STM32CubeIDE_1.18.0\STM32CubeIDE\plugins\com.st.stm32cube.common.mx_6.14.0.202502271554\\db\/mcu/
2025-04-12 07:53:13,248 [INFO] ApiDb:274 - Set plugin database path to: C:\ST\STM32CubeIDE_1.18.0\STM32CubeIDE\plugins\com.st.stm32cube.common.mx_6.14.0.202502271554\\db\/plugins/boardmanager/
2025-04-12 07:53:13,249 [INFO] ApiDb:261 - Set plugin images path to: C:\ST\STM32CubeIDE_1.18.0\STM32CubeIDE\plugins\com.st.stm32cube.common.mx_6.14.0.202502271554\\db\/plugins/mcufinder/images/
2025-04-12 07:53:13,249 [WARN] DbFile:41 - Overriding database path with different value: C:\Users\phucv\.stmcufinder\plugins\mcufinder/ => C:\Users\phucv\.stmcufinder\plugins\mcufinder
2025-04-12 07:53:13,249 [INFO] ApiDb:250 - Set database path to: C:\Users\phucv\.stmcufinder\plugins\mcufinder//mcu/
2025-04-12 07:53:13,249 [WARN] DbFile:41 - Overriding database path with different value: C:\Users\phucv\.stmcufinder\plugins\mcufinder/ => C:\Users\phucv\.stmcufinder\plugins\mcufinder
2025-04-12 07:53:13,250 [INFO] DbMcusAds:125 - Set database path to: C:\Users\phucv\.stmcufinder\plugins\mcufinder//mcu/
2025-04-12 07:53:13,250 [WARN] DbFile:41 - Overriding database path with different value: C:\Users\phucv\.stmcufinder\plugins\mcufinder/ => C:\Users\phucv\.stmcufinder\plugins\mcufinder
2025-04-12 07:53:13,250 [WARN] DbFile:41 - Overriding database path with different value: C:\Users\phucv\.stmcufinder\plugins\mcufinder/ => C:\Users\phucv\.stmcufinder\plugins\mcufinder
2025-04-12 07:53:13,946 [INFO] CrossReferenceDbSqlite:203 - Set database path to: C:\Users\phucv\.stmcufinder\plugins\mcufinder//mcu/cs/
2025-04-12 07:53:13,978 [INFO] ApplicationProperties:184 - Using Application install path: C:\ST\STM32CubeIDE_1.18.0\STM32CubeIDE\plugins\com.st.stm32cube.common.mx_6.14.0.202502271554
2025-04-12 07:53:13,978 [INFO] PluginManage:196 - Search for loadable plugins [exclusion list=, ]
2025-04-12 07:53:13,978 [INFO] PluginManage:310 - Check plugin analytics
2025-04-12 07:53:15,059 [INFO] AnalyticsPlugin:253 - Accepted Software Licenses: STM32CubeMX.6.14.0
2025-04-12 07:53:15,059 [INFO] AnalyticsPlugin:255 - Accepted CMSIS Pack Licenses: 
2025-04-12 07:53:15,059 [INFO] AnalyticsPlugin:257 - Accepted Firmware Licenses: FW.F4.1.28.0
2025-04-12 07:53:15,059 [INFO] PluginManage:359 - Loaded plugin analytics (category:tool,tabindex:-1)
2025-04-12 07:53:15,059 [INFO] PluginManage:310 - Check plugin cadmodel
2025-04-12 07:53:15,075 [INFO] CADModel:105 - Init CAD model plugin
2025-04-12 07:53:15,075 [INFO] PluginManage:359 - Loaded plugin cadmodel (category:power,tabindex:5)
2025-04-12 07:53:15,075 [INFO] PluginManage:310 - Check plugin clock
2025-04-12 07:53:15,090 [INFO] PluginManage:359 - Loaded plugin clock (category:base,tabindex:2)
2025-04-12 07:53:15,090 [INFO] PluginManage:310 - Check plugin ddr
2025-04-12 07:53:15,090 [INFO] PluginManage:359 - Loaded plugin ddr (category:tool,tabindex:6)
2025-04-12 07:53:15,090 [INFO] PluginManage:310 - Check plugin filemanager
2025-04-12 07:53:15,343 [INFO] PluginManage:359 - Loaded plugin filemanager (category:base,tabindex:10)
2025-04-12 07:53:15,343 [INFO] PluginManage:310 - Check plugin ipmanager
2025-04-12 07:53:15,359 [INFO] PluginManage:359 - Loaded plugin ipmanager (category:base,tabindex:5)
2025-04-12 07:53:15,359 [INFO] PluginManage:310 - Check plugin lpbam
2025-04-12 07:53:15,375 [INFO] PluginManage:359 - Loaded plugin lpbam (category:base,tabindex:0)
2025-04-12 07:53:15,375 [INFO] PluginManage:310 - Check plugin memorymap
2025-04-12 07:53:15,407 [INFO] PluginManage:359 - Loaded plugin memorymap (category:base,tabindex:4)
2025-04-12 07:53:15,407 [INFO] PluginManage:310 - Check plugin pinoutandconfiguration
2025-04-12 07:53:15,422 [INFO] PluginManage:359 - Loaded plugin pinoutandconfiguration (category:base,tabindex:1)
2025-04-12 07:53:15,422 [INFO] PluginManage:310 - Check plugin pinoutconfig
2025-04-12 07:53:15,565 [WARN] SupportedApi:132 - Cannot load RTOS API schema: s4s-elt-must-match.1: The content of 'definitions' must match (annotation?, (simpleType | complexType)?, (unique | key | keyref)*)). A problem was found starting at: attribute.
2025-04-12 07:53:15,820 [INFO] PluginManage:359 - Loaded plugin pinoutconfig (category:base,tabindex:0)
2025-04-12 07:53:15,820 [INFO] PluginManage:310 - Check plugin power
2025-04-12 07:53:15,837 [INFO] PluginManage:359 - Loaded plugin power (category:power,tabindex:4)
2025-04-12 07:53:15,837 [INFO] PluginManage:310 - Check plugin projectmanager
2025-04-12 07:53:15,868 [INFO] PluginManage:359 - Loaded plugin projectmanager (category:projectmanager,tabindex:4)
2025-04-12 07:53:15,868 [INFO] PluginManage:310 - Check plugin rif
2025-04-12 07:53:15,884 [INFO] PluginManage:359 - Loaded plugin rif (category:base,tabindex:3)
2025-04-12 07:53:15,884 [INFO] PluginManage:310 - Check plugin thirdparty
2025-04-12 07:53:16,090 [INFO] PluginManage:359 - Loaded plugin thirdparty (category:base,tabindex:-1)
2025-04-12 07:53:16,090 [WARN] IntegrityCheckThread:84 - waiting for thirdparty lock release [integrity check]
2025-04-12 07:53:16,090 [INFO] IntegrityCheckThread:86 - entering critical section [integrity check]
2025-04-12 07:53:16,090 [INFO] PluginManage:310 - Check plugin tools
2025-04-12 07:53:16,090 [INFO] ThirdPartyUpdaterWithRetryManager:70 - Updater plugin not ready yet. [1/15]
2025-04-12 07:53:16,090 [INFO] PluginManage:359 - Loaded plugin tools (category:base,tabindex:7)
2025-04-12 07:53:16,090 [INFO] PluginManage:310 - Check plugin tutovideos
2025-04-12 07:53:16,312 [INFO] PluginManage:359 - Loaded plugin tutovideos (category:base,tabindex:-1)
2025-04-12 07:53:16,312 [INFO] PluginManage:310 - Check plugin updater
2025-04-12 07:53:16,344 [INFO] PluginManage:359 - Loaded plugin updater (category:base,tabindex:12)
2025-04-12 07:53:16,344 [INFO] PluginManage:310 - Check plugin userauth
2025-04-12 07:53:16,344 [INFO] UserAuth:118 - Init User Auth plugin
2025-04-12 07:53:16,344 [INFO] PluginManage:359 - Loaded plugin userauth (category:base,tabindex:14)
2025-04-12 07:53:16,359 [INFO] PluginManage:283 - PluginManage : Loaded plugins [18]
2025-04-12 07:53:16,665 [INFO] PinOutPanel:1589 - setPackage(No Configuration,No Configuration)
2025-04-12 07:53:16,783 [INFO] CADModel:165 - CPN selected for project level
2025-04-12 07:53:16,783 [INFO] CADModel:114 - Register for checkConnection events
2025-04-12 07:53:16,812 [INFO] IPUIPlugin:80 - create IPUIPlugin
2025-04-12 07:53:16,812 [INFO] PluginManager:220 - loadIPPluginJar : add adc
2025-04-12 07:53:16,823 [INFO] IPUIPlugin:80 - create IPUIPlugin
2025-04-12 07:53:16,823 [INFO] PluginManager:220 - loadIPPluginJar : add aes
2025-04-12 07:53:16,826 [INFO] IPUIPlugin:80 - create IPUIPlugin
2025-04-12 07:53:16,826 [INFO] PluginManager:220 - loadIPPluginJar : add can
2025-04-12 07:53:16,831 [INFO] IPUIPlugin:80 - create IPUIPlugin
2025-04-12 07:53:16,831 [INFO] PluginManager:220 - loadIPPluginJar : add comp
2025-04-12 07:53:16,831 [INFO] IPUIPlugin:80 - create IPUIPlugin
2025-04-12 07:53:16,831 [INFO] PluginManager:220 - loadIPPluginJar : add cryp
2025-04-12 07:53:16,842 [INFO] IPUIPlugin:80 - create IPUIPlugin
2025-04-12 07:53:16,842 [INFO] PluginManager:220 - loadIPPluginJar : add ddr_ctrl_phy
2025-04-12 07:53:16,844 [INFO] IPUIPlugin:80 - create IPUIPlugin
2025-04-12 07:53:16,844 [INFO] PluginManager:220 - loadIPPluginJar : add dfsdm
2025-04-12 07:53:16,844 [INFO] IPUIPlugin:80 - create IPUIPlugin
2025-04-12 07:53:16,844 [INFO] PluginManager:220 - loadIPPluginJar : add dma
2025-04-12 07:53:16,855 [INFO] IPUIPlugin:80 - create IPUIPlugin
2025-04-12 07:53:16,855 [INFO] PluginManager:220 - loadIPPluginJar : add dma3
2025-04-12 07:53:16,861 [INFO] IPUIPlugin:80 - create IPUIPlugin
2025-04-12 07:53:16,861 [INFO] PluginManager:220 - loadIPPluginJar : add extmemmanager
2025-04-12 07:53:16,861 [INFO] IPUIPlugin:80 - create IPUIPlugin
2025-04-12 07:53:16,861 [INFO] PluginManager:220 - loadIPPluginJar : add fatfs
2025-04-12 07:53:16,871 [INFO] IPUIPlugin:80 - create IPUIPlugin
2025-04-12 07:53:16,871 [INFO] PluginManager:220 - loadIPPluginJar : add fmc
2025-04-12 07:53:16,879 [INFO] IPUIPlugin:80 - create IPUIPlugin
2025-04-12 07:53:16,879 [INFO] PluginManager:220 - loadIPPluginJar : add freertos
2025-04-12 07:53:16,879 [INFO] IPUIPlugin:80 - create IPUIPlugin
2025-04-12 07:53:16,879 [INFO] PluginManager:220 - loadIPPluginJar : add genericplugin
2025-04-12 07:53:16,879 [INFO] IPUIPlugin:80 - create IPUIPlugin
2025-04-12 07:53:16,879 [INFO] PluginManager:220 - loadIPPluginJar : add gfxmmu
2025-04-12 07:53:16,887 [INFO] IPUIPlugin:80 - create IPUIPlugin
2025-04-12 07:53:16,887 [INFO] PluginManager:220 - loadIPPluginJar : add gic
2025-04-12 07:53:16,894 [INFO] IPUIPlugin:80 - create IPUIPlugin
2025-04-12 07:53:16,894 [INFO] PluginManager:220 - loadIPPluginJar : add gpio
2025-04-12 07:53:16,894 [INFO] IPUIPlugin:80 - create IPUIPlugin
2025-04-12 07:53:16,894 [INFO] PluginManager:220 - loadIPPluginJar : add gtzc
2025-04-12 07:53:16,910 [INFO] IPUIPlugin:80 - create IPUIPlugin
2025-04-12 07:53:16,910 [INFO] PluginManager:220 - loadIPPluginJar : add hash
2025-04-12 07:53:16,912 [INFO] IPUIPlugin:80 - create IPUIPlugin
2025-04-12 07:53:16,912 [INFO] PluginManager:220 - loadIPPluginJar : add i2c
2025-04-12 07:53:16,915 [INFO] IPUIPlugin:80 - create IPUIPlugin
2025-04-12 07:53:16,915 [INFO] PluginManager:220 - loadIPPluginJar : add i2s
2025-04-12 07:53:16,919 [INFO] IPUIPlugin:80 - create IPUIPlugin
2025-04-12 07:53:16,919 [INFO] PluginManager:220 - loadIPPluginJar : add i3c
2025-04-12 07:53:16,926 [INFO] IPUIPlugin:80 - create IPUIPlugin
2025-04-12 07:53:16,926 [INFO] PluginManager:220 - loadIPPluginJar : add ipddr
2025-04-12 07:53:16,935 [INFO] IPUIPlugin:80 - create IPUIPlugin
2025-04-12 07:53:16,935 [INFO] PluginManager:220 - loadIPPluginJar : add linkedlist
2025-04-12 07:53:16,938 [INFO] IPUIPlugin:80 - create IPUIPlugin
2025-04-12 07:53:16,938 [INFO] PluginManager:220 - loadIPPluginJar : add lorawan
2025-04-12 07:53:16,942 [INFO] IPUIPlugin:80 - create IPUIPlugin
2025-04-12 07:53:16,942 [INFO] PluginManager:220 - loadIPPluginJar : add ltdc
2025-04-12 07:53:16,942 [INFO] IPUIPlugin:80 - create IPUIPlugin
2025-04-12 07:53:16,942 [INFO] PluginManager:220 - loadIPPluginJar : add mdma
2025-04-12 07:53:16,951 [INFO] IPUIPlugin:80 - create IPUIPlugin
2025-04-12 07:53:16,951 [INFO] PluginManager:220 - loadIPPluginJar : add nvic
2025-04-12 07:53:16,966 [INFO] IPUIPlugin:80 - create IPUIPlugin
2025-04-12 07:53:16,966 [INFO] PluginManager:220 - loadIPPluginJar : add opamp
2025-04-12 07:53:16,966 [INFO] IPUIPlugin:80 - create IPUIPlugin
2025-04-12 07:53:16,966 [INFO] PluginManager:220 - loadIPPluginJar : add openamp
2025-04-12 07:53:16,982 [INFO] IPUIPlugin:80 - create IPUIPlugin
2025-04-12 07:53:16,982 [INFO] PluginManager:220 - loadIPPluginJar : add pdm2pcm
2025-04-12 07:53:16,982 [INFO] IPUIPlugin:80 - create IPUIPlugin
2025-04-12 07:53:16,982 [INFO] PluginManager:220 - loadIPPluginJar : add plateformsettings
2025-04-12 07:53:16,982 [INFO] IPUIPlugin:80 - create IPUIPlugin
2025-04-12 07:53:16,982 [INFO] PluginManager:220 - loadIPPluginJar : add quadspi
2025-04-12 07:53:16,982 [INFO] IPUIPlugin:80 - create IPUIPlugin
2025-04-12 07:53:16,998 [INFO] PluginManager:220 - loadIPPluginJar : add radio
2025-04-12 07:53:16,998 [INFO] IPUIPlugin:80 - create IPUIPlugin
2025-04-12 07:53:16,998 [INFO] PluginManager:220 - loadIPPluginJar : add resmgrutility
2025-04-12 07:53:16,998 [INFO] IPUIPlugin:80 - create IPUIPlugin
2025-04-12 07:53:16,998 [INFO] PluginManager:220 - loadIPPluginJar : add sai
2025-04-12 07:53:16,998 [INFO] IPUIPlugin:80 - create IPUIPlugin
2025-04-12 07:53:16,998 [INFO] PluginManager:220 - loadIPPluginJar : add spi
2025-04-12 07:53:17,014 [INFO] IPUIPlugin:80 - create IPUIPlugin
2025-04-12 07:53:17,014 [INFO] PluginManager:220 - loadIPPluginJar : add stm32_wpan
2025-04-12 07:53:17,014 [INFO] IPUIPlugin:80 - create IPUIPlugin
2025-04-12 07:53:17,014 [INFO] PluginManager:220 - loadIPPluginJar : add tim
2025-04-12 07:53:17,014 [INFO] IPUIPlugin:80 - create IPUIPlugin
2025-04-12 07:53:17,014 [INFO] PluginManager:220 - loadIPPluginJar : add touchsensing
2025-04-12 07:53:17,029 [INFO] IPUIPlugin:80 - create IPUIPlugin
2025-04-12 07:53:17,029 [INFO] PluginManager:220 - loadIPPluginJar : add tracer_emb
2025-04-12 07:53:17,029 [INFO] IPUIPlugin:80 - create IPUIPlugin
2025-04-12 07:53:17,029 [INFO] PluginManager:220 - loadIPPluginJar : add ts
2025-04-12 07:53:17,029 [INFO] IPUIPlugin:80 - create IPUIPlugin
2025-04-12 07:53:17,029 [INFO] PluginManager:220 - loadIPPluginJar : add tsc
2025-04-12 07:53:17,038 [INFO] IPUIPlugin:80 - create IPUIPlugin
2025-04-12 07:53:17,038 [INFO] PluginManager:220 - loadIPPluginJar : add ucpd
2025-04-12 07:53:17,038 [INFO] IPUIPlugin:80 - create IPUIPlugin
2025-04-12 07:53:17,038 [INFO] PluginManager:220 - loadIPPluginJar : add usart
2025-04-12 07:53:17,045 [INFO] IPUIPlugin:80 - create IPUIPlugin
2025-04-12 07:53:17,045 [INFO] PluginManager:220 - loadIPPluginJar : add usbx
2025-04-12 07:53:17,204 [FATAL] Updater:351 - Updater called before beeing initialized
2025-04-12 07:53:17,238 [INFO] RulesReader:64 - Compatibility file has been processed (301 Rules)
2025-04-12 07:53:17,252 [INFO] RulesReader:64 - Compatibility file has been processed (301 Rules)
2025-04-12 07:53:17,268 [INFO] CADModel:165 - CPN selected for project level
2025-04-12 07:53:17,268 [INFO] CADModel:114 - Register for checkConnection events
2025-04-12 07:53:17,268 [FATAL] Updater:351 - Updater called before beeing initialized
2025-04-12 07:53:17,268 [ERROR] CADModel:125 - Updater not yet initialized, retry later 
2025-04-12 07:53:17,490 [FATAL] Updater:351 - Updater called before beeing initialized
2025-04-12 07:53:17,506 [INFO] CADModel:165 - CPN selected for project level
2025-04-12 07:53:17,506 [INFO] CADModel:114 - Register for checkConnection events
2025-04-12 07:53:17,506 [FATAL] Updater:351 - Updater called before beeing initialized
2025-04-12 07:53:17,506 [ERROR] CADModel:125 - Updater not yet initialized, retry later 
2025-04-12 07:53:17,506 [FATAL] Updater:351 - Updater called before beeing initialized
2025-04-12 07:53:17,649 [FATAL] Updater:351 - Updater called before beeing initialized
2025-04-12 07:53:17,649 [INFO] DbMcusAds:53 - JSON generation date=Thu Mar 06 21:54:22 ICT 2025 (1741272862078)
2025-04-12 07:53:17,649 [FATAL] Updater:351 - Updater called before beeing initialized
2025-04-12 07:53:17,725 [WARN] DetailPanel:346 - Failed to get advertising image, set to default
2025-04-12 07:53:18,048 [FATAL] Updater:351 - Updater called before beeing initialized
2025-04-12 07:53:18,048 [FATAL] Updater:351 - Updater called before beeing initialized
2025-04-12 07:53:18,048 [FATAL] Updater:351 - Updater called before beeing initialized
2025-04-12 07:53:18,048 [WARN] DetailPanel:346 - Failed to get advertising image, set to default
2025-04-12 07:53:18,048 [FATAL] Updater:351 - Updater called before beeing initialized
2025-04-12 07:53:18,127 [ERROR] Updater:1198 - MainUpdater not yet initialized. External WinMGr cannot be set.
2025-04-12 07:53:18,127 [INFO] Updater:1134 - Updater Version found : 6.14.0
2025-04-12 07:53:18,158 [INFO] ApplicationProperties:184 - Using Application install path: C:\ST\STM32CubeIDE_1.18.0\STM32CubeIDE\plugins\com.st.stm32cube.common.mx_6.14.0.202502271554
2025-04-12 07:53:19,108 [INFO] ThirdPartyUpdaterWithRetryManager:70 - Updater plugin not ready yet. [2/15]
2025-04-12 07:53:19,779 [ERROR] LogOutputStream:75 - [STDERR_REDIRECT] Apr 12, 2025 7:53:19 AM java.util.prefs.WindowsPreferences <init>
2025-04-12 07:53:19,779 [ERROR] LogOutputStream:75 - [STDERR_REDIRECT] WARNING: Could not open/create prefs root node Software\JavaSoft\Prefs at root 0xffffffff80000002. Windows RegCreateKeyEx(...) returned error code 5.
2025-04-12 07:53:19,779 [ERROR] LogOutputStream:75 - [STDERR_REDIRECT] 
2025-04-12 07:53:20,367 [INFO] MainUpdater:2872 - connection check result : 10
2025-04-12 07:53:20,367 [INFO] MainUpdater:289 - Updater Check For Update Now.
2025-04-12 07:53:20,367 [INFO] MicroXplorer:498 - Change Database Version : DB.6.0.140
2025-04-12 07:53:20,379 [INFO] McuFinderGlobals:63 - Set McuFinder mode to 2 (CubeIDE integrated)
2025-04-12 07:53:20,379 [INFO] UserAuth:486 - Internet connection configuration mode: 1
2025-04-12 07:53:20,439 [INFO] JxBrowserEngine:152 - Initiate JxBrowser Engine with user profile folder
2025-04-12 07:53:20,614 [INFO] CheckServerUpdateThread:120 - End of CheckServer Thread
2025-04-12 07:53:22,643 [WARN] PackLoader:240 - Cannot read IP mode file for STMicroelectronics.FP-SNS-MOTENVWB1.1.4.0
2025-04-12 07:53:22,654 [WARN] PackLoader:240 - Cannot read IP mode file for STMicroelectronics.FP-ATR-ASTRA1.2.0.2
2025-04-12 07:53:22,670 [WARN] PackLoader:240 - Cannot read IP mode file for STMicroelectronics.X-CUBE-SMBUS.2.1.0
2025-04-12 07:53:22,679 [WARN] PackLoader:240 - Cannot read IP mode file for STMicroelectronics.X-CUBE-WB05N.1.1.0
2025-04-12 07:53:22,730 [WARN] PackLoader:240 - Cannot read IP mode file for STMicroelectronics.X-CUBE-AZRTOS-F7.1.1.0
2025-04-12 07:53:22,744 [WARN] PackLoader:240 - Cannot read IP mode file for STMicroelectronics.FP-SNS-FLIGHT1.5.0.2
2025-04-12 07:53:22,795 [WARN] PackLoader:240 - Cannot read IP mode file for Infineon.AIROC-Wi-Fi-Bluetooth-STM32.1.7.0
2025-04-12 07:53:22,815 [WARN] PackLoader:240 - Cannot read IP mode file for STMicroelectronics.X-CUBE-DISPLAY.3.0.0
2025-04-12 07:53:22,832 [INFO] WebApp:169 - Instantiating new browser for Auth
2025-04-12 07:53:22,832 [WARN] PackLoader:240 - Cannot read IP mode file for STMicroelectronics.X-CUBE-NFC10.1.0.0
2025-04-12 07:53:22,856 [WARN] PackLoader:240 - Cannot read IP mode file for STMicroelectronics.X-CUBE-BLEMGR.4.0.0
2025-04-12 07:53:22,910 [WARN] PackLoader:240 - Cannot read IP mode file for emotas.I-CUBE-CANOPEN.1.3.0
2025-04-12 07:53:22,925 [WARN] PackLoader:240 - Cannot read IP mode file for STMicroelectronics.X-CUBE-AI.10.0.0
2025-04-12 07:53:22,937 [WARN] PackLoader:240 - Cannot read IP mode file for STMicroelectronics.FP-SNS-SMARTAG2.1.2.0
2025-04-12 07:53:22,949 [WARN] PackLoader:240 - Cannot read IP mode file for STMicroelectronics.FP-SNS-FLIGHT1.5.1.0
2025-04-12 07:53:23,027 [WARN] PackLoader:240 - Cannot read IP mode file for STMicroelectronics.X-CUBE-MEMS1.11.1.0
2025-04-12 07:53:23,268 [INFO] LogOutputStream:77 - [STDOUT_REDIRECT] 1 : Invalid condition id : UX_CORESTACK_Condition cause : null
2025-04-12 07:53:23,268 [INFO] LogOutputStream:77 - [STDOUT_REDIRECT] 1 : Invalid condition id : UX_CORESTACK_Condition cause : null
2025-04-12 07:53:23,276 [INFO] LogOutputStream:77 - [STDOUT_REDIRECT] 1 : Invalid condition id : UX_CORESTACK_Condition cause : null
2025-04-12 07:53:23,284 [INFO] LogOutputStream:77 - [STDOUT_REDIRECT] 1 : Invalid condition id : UX_CORESTACK_Condition cause : null
2025-04-12 07:53:23,284 [INFO] LogOutputStream:77 - [STDOUT_REDIRECT] 1 : Invalid condition id : UX_CORESTACK_Condition cause : null
2025-04-12 07:53:23,299 [WARN] PackLoader:240 - Cannot read IP mode file for STMicroelectronics.X-CUBE-AZRTOS-WL.2.0.0
2025-04-12 07:53:23,309 [WARN] PackLoader:240 - Cannot read IP mode file for STMicroelectronics.FP-SNS-MOTENV1.5.0.0
2025-04-12 07:53:23,348 [WARN] PackLoader:240 - Cannot read IP mode file for WES.I-CUBE-Cesium.1.3.0
2025-04-12 07:53:23,356 [WARN] PackLoader:240 - Cannot read IP mode file for STMicroelectronics.X-CUBE-BLE2.3.3.0
2025-04-12 07:53:23,364 [WARN] PackLoader:240 - Cannot read IP mode file for STMicroelectronics.X-CUBE-NFC9.1.0.0
2025-04-12 07:53:23,376 [WARN] PackLoader:240 - Cannot read IP mode file for STMicroelectronics.X-CUBE-BLE1.7.1.0
2025-04-12 07:53:23,376 [WARN] PackLoader:240 - Cannot read IP mode file for wolfSSL.I-CUBE-wolfMQTT.1.19.2
2025-04-12 07:53:23,426 [WARN] PackLoader:240 - Cannot read IP mode file for STMicroelectronics.X-CUBE-AZRTOS-G0.1.1.0
2025-04-12 07:53:23,430 [WARN] PackLoader:240 - Cannot read IP mode file for STMicroelectronics.X-CUBE-SAFEA1.1.2.2
2025-04-12 07:53:23,443 [WARN] PackLoader:240 - Cannot read IP mode file for STMicroelectronics.X-CUBE-NFC4.3.0.0
2025-04-12 07:53:23,462 [WARN] PackLoader:240 - Cannot read IP mode file for EmbeddedOffice.I-CUBE-FS-RTOS.1.0.1
2025-04-12 07:53:23,464 [WARN] PackLoader:240 - Cannot read IP mode file for wolfSSL.I-CUBE-wolfTPM.3.8.0
2025-04-12 07:53:23,478 [WARN] PackLoader:240 - Cannot read IP mode file for STMicroelectronics.X-CUBE-TCPP.4.2.0
2025-04-12 07:53:23,483 [WARN] PackLoader:240 - Cannot read IP mode file for RealThread.X-CUBE-RT-Thread_Nano.4.1.1
2025-04-12 07:53:23,495 [WARN] PackLoader:240 - Cannot read IP mode file for STMicroelectronics.FP-ATR-SIGFOX1.3.2.0
2025-04-12 07:53:23,501 [WARN] ConditionMgr:438 - getConditionDescription Invalid condition id : Cortex-A Device cause : null
2025-04-12 07:53:23,525 [WARN] ConditionMgr:1044 - genDependencies : Invalid condition id : Cortex-A Device cause : null
2025-04-12 07:53:23,525 [WARN] ConditionMgr:1044 - genDependencies : Invalid condition id : Cortex-A Device cause : null
2025-04-12 07:53:23,525 [WARN] ConditionMgr:1044 - genDependencies : Invalid condition id : Cortex-A Device cause : null
2025-04-12 07:53:23,533 [WARN] PackLoader:240 - Cannot read IP mode file for STMicroelectronics.X-CUBE-EEPRMA1.5.1.0
2025-04-12 07:53:23,542 [WARN] PackLoader:240 - Cannot read IP mode file for wolfSSL.I-CUBE-wolfSSL.5.7.6
2025-04-12 07:53:23,549 [WARN] PackLoader:240 - Cannot read IP mode file for ITTIA_DB.I-CUBE-ITTIADB.8.9.0
2025-04-12 07:53:23,575 [WARN] PackLoader:240 - Cannot read IP mode file for SEGGER.I-CUBE-embOS.1.3.1
2025-04-12 07:53:23,626 [WARN] PackLoader:240 - Cannot read IP mode file for STMicroelectronics.X-CUBE-ALGOBUILD.1.4.0
2025-04-12 07:53:23,659 [WARN] PackLoader:240 - Cannot read IP mode file for STMicroelectronics.X-CUBE-AZRTOS-F4.1.1.0
2025-04-12 07:53:23,668 [WARN] PackLoader:240 - Cannot read IP mode file for STMicroelectronics.X-CUBE-ISPU.2.1.0
2025-04-12 07:53:23,693 [WARN] PackLoader:240 - Cannot read IP mode file for STMicroelectronics.X-CUBE-AZRTOS-L5.2.0.0
2025-04-12 07:53:23,693 [WARN] PackLoader:240 - Cannot read IP mode file for STMicroelectronics.X-CUBE-NFC6.3.1.0
2025-04-12 07:53:23,709 [WARN] PackLoader:240 - Cannot read IP mode file for STMicroelectronics.X-CUBE-DPower.1.2.0
2025-04-12 07:53:23,709 [WARN] PackLoader:240 - Cannot read IP mode file for STMicroelectronics.X-CUBE-FREERTOS.1.3.0
2025-04-12 07:53:23,726 [WARN] PackLoader:240 - Cannot read IP mode file for STMicroelectronics.X-CUBE-NFC7.1.0.1
2025-04-12 07:53:23,759 [WARN] ConditionMgr:438 - getConditionDescription Invalid condition id : LAN8742 Phy interface Condition cause : null
2025-04-12 07:53:23,759 [WARN] PackLoader:240 - Cannot read IP mode file for STMicroelectronics.X-CUBE-AZRTOS-L4.2.0.0
2025-04-12 07:53:23,759 [WARN] ConditionMgr:1044 - genDependencies : Invalid condition id : LAN8742 Phy interface Condition cause : null
2025-04-12 07:53:23,764 [WARN] ConditionMgr:1044 - genDependencies : Invalid condition id : LAN8742 Phy interface Condition cause : null
2025-04-12 07:53:23,767 [WARN] ConditionMgr:1044 - genDependencies : Invalid condition id : LAN8742 Phy interface Condition cause : null
2025-04-12 07:53:23,776 [WARN] PackLoader:240 - Cannot read IP mode file for STMicroelectronics.X-CUBE-SFXS2LP1.4.0.0
2025-04-12 07:53:23,807 [WARN] PackLoader:240 - Cannot read IP mode file for STMicroelectronics.X-CUBE-AZRTOS-H7.3.3.0
2025-04-12 07:53:23,826 [WARN] ConditionMgr:438 - getConditionDescription Invalid condition id : UX DEVICE CLASS RTOS Condition cause : null
2025-04-12 07:53:23,826 [WARN] ConditionMgr:438 - getConditionDescription Invalid condition id : UX DEVICE CLASS RTOS Condition cause : null
2025-04-12 07:53:23,826 [WARN] PackLoader:240 - Cannot read IP mode file for STMicroelectronics.X-CUBE-AZRTOS-WB.2.0.0
2025-04-12 07:53:23,826 [WARN] ConditionMgr:1044 - genDependencies : Invalid condition id : UX DEVICE CLASS RTOS Condition cause : null
2025-04-12 07:53:23,826 [WARN] ConditionMgr:1044 - genDependencies : Invalid condition id : UX DEVICE CLASS RTOS Condition cause : null
2025-04-12 07:53:23,826 [WARN] ConditionMgr:1044 - genDependencies : Invalid condition id : UX DEVICE CLASS RTOS Condition cause : null
2025-04-12 07:53:23,826 [WARN] ConditionMgr:1044 - genDependencies : Invalid condition id : UX DEVICE CLASS RTOS Condition cause : null
2025-04-12 07:53:23,826 [WARN] ConditionMgr:1044 - genDependencies : Invalid condition id : UX DEVICE CLASS RTOS Condition cause : null
2025-04-12 07:53:23,843 [WARN] PackLoader:240 - Cannot read IP mode file for STMicroelectronics.X-CUBE-GNSS1.7.0.1
2025-04-12 07:53:23,843 [WARN] PackLoader:240 - Cannot read IP mode file for STMicroelectronics.X-CUBE-TOUCHGFX.4.25.0
2025-04-12 07:53:23,858 [WARN] PackLoader:240 - Cannot read IP mode file for STMicroelectronics.FP-SNS-STBOX1.2.0.0
2025-04-12 07:53:23,878 [WARN] PackLoader:240 - Cannot read IP mode file for STMicroelectronics.X-CUBE-SUBG2.5.0.0
2025-04-12 07:53:23,904 [WARN] PackLoader:240 - Cannot read IP mode file for STMicroelectronics.X-CUBE-AZRTOS-H7RS.1.1.0
2025-04-12 07:53:23,913 [WARN] PackLoader:240 - Cannot read IP mode file for Cesanta.I-CUBE-Mongoose.7.13.0
2025-04-12 07:53:23,929 [WARN] PackLoader:240 - Cannot read IP mode file for STMicroelectronics.X-CUBE-AZRTOS-G4.2.0.0
2025-04-12 07:53:23,929 [WARN] PackLoader:240 - Cannot read IP mode file for wolfSSL.I-CUBE-wolfSSH.1.4.20
2025-04-12 07:53:23,942 [WARN] PackLoader:240 - Cannot read IP mode file for STMicroelectronics.X-CUBE-IPS.3.1.0
2025-04-12 07:53:23,966 [WARN] PackLoader:240 - Cannot read IP mode file for STMicroelectronics.X-CUBE-ALS.1.0.2
2025-04-12 07:53:23,970 [WARN] PackLoader:240 - Cannot read IP mode file for STMicroelectronics.X-CUBE-TOUCHGFX.4.24.2
2025-04-12 07:53:23,973 [WARN] PackLoader:240 - Cannot read IP mode file for portGmbH.I-Cube-SoM-uGOAL.1.1.0
2025-04-12 07:53:24,005 [WARN] PackLoader:240 - Cannot read IP mode file for STMicroelectronics.X-CUBE-AZRTOS-H7RS.1.0.0
2025-04-12 07:53:24,021 [WARN] PackLoader:240 - Cannot read IP mode file for STMicroelectronics.X-CUBE-TOF1.3.4.2
2025-04-12 07:53:24,021 [INFO] ThirdParty:978 - Integrity check success = true
2025-04-12 07:53:24,021 [INFO] IntegrityCheckThread:100 - exiting critical section [integrity check]
2025-04-12 07:53:24,021 [INFO] IntegrityCheckThread:103 - End integrity checks thread
2025-04-12 07:53:24,460 [INFO] WebApp:463 - Apply proxy settings
2025-04-12 07:53:24,465 [INFO] WebApp:548 - Chromium requires no authentication
2025-04-12 07:53:24,475 [INFO] WebApp:491 - Direct internet connection detected
2025-04-12 07:53:24,509 [INFO] WebApp:894 - Register for checkConnection events
2025-04-12 07:53:24,509 [INFO] WebApp:463 - Apply proxy settings
2025-04-12 07:53:24,509 [INFO] WebApp:548 - Chromium requires no authentication
2025-04-12 07:53:24,509 [INFO] WebApp:491 - Direct internet connection detected
2025-04-12 07:53:24,755 [INFO] WebApp:191 - Connection restablished
2025-04-12 07:53:24,855 [INFO] WebApp:225 - Starting web application
2025-04-12 07:53:24,855 [INFO] WebApp:593 - Web application path used C:\ST\STM32CubeIDE_1.18.0\STM32CubeIDE\plugins\com.st.stm32cube.common.mx_6.14.0.202502271554\db\plugins\mcufinder\reactClient1\index.html
2025-04-12 07:53:25,077 [INFO] UserAuth:486 - Internet connection configuration mode: 1
2025-04-12 08:10:36,044 [INFO] WebApp:194 - Connection lost
2025-04-12 08:10:36,223 [INFO] WebApp:191 - Connection restablished
2025-04-12 08:47:55,635 [ERROR] LogOutputStream:75 - [STDERR_REDIRECT] 
2025-04-12 14:40:31,490 [INFO] Activator:176 - 


2025-04-12 14:40:31,492 [INFO] Activator:177 - !SESSION log4j initialized
2025-04-12 14:40:38,712 [INFO] LogOutputStream:77 - [STDOUT_REDIRECT] 
2025-04-12 14:40:40,261 [INFO] ApplicationProperties:184 - Using Application install path: C:\ST\STM32CubeIDE_1.18.0\STM32CubeIDE\plugins\com.st.stm32cube.common.mx_6.14.0.202502271554
2025-04-12 14:40:40,278 [INFO] DbMcusXml:78 - Set database path to: C:\ST\STM32CubeIDE_1.18.0\STM32CubeIDE\plugins\com.st.stm32cube.common.mx_6.14.0.202502271554\\db\/mcu/
2025-04-12 14:40:40,278 [INFO] ApiDb:274 - Set plugin database path to: C:\ST\STM32CubeIDE_1.18.0\STM32CubeIDE\plugins\com.st.stm32cube.common.mx_6.14.0.202502271554\\db\/plugins/boardmanager/
2025-04-12 14:40:40,279 [WARN] ApiDb:259 - Overriding images path with different value:  => C:\ST\STM32CubeIDE_1.18.0\STM32CubeIDE\plugins\com.st.stm32cube.common.mx_6.14.0.202502271554\\db\/plugins/mcufinder/images/
2025-04-12 14:40:40,286 [INFO] ApiDb:250 - Set database path to: C:\Users\phucv\.stmcufinder\plugins\mcufinder//mcu/
2025-04-12 14:40:40,288 [INFO] DbMcusAds:125 - Set database path to: C:\Users\phucv\.stmcufinder\plugins\mcufinder//mcu/
2025-04-12 14:40:40,844 [INFO] CrossReferenceDbSqlite:203 - Set database path to: C:\Users\phucv\.stmcufinder\plugins\mcufinder//mcu/cs/
2025-04-12 14:40:40,939 [INFO] RulesReader:64 - Compatibility file has been processed (301 Rules)
2025-04-12 14:40:41,011 [INFO] DbMcusXml:78 - Set database path to: C:\ST\STM32CubeIDE_1.18.0\STM32CubeIDE\plugins\com.st.stm32cube.common.mx_6.14.0.202502271554\\db\/mcu/
2025-04-12 14:40:41,011 [INFO] ApiDb:274 - Set plugin database path to: C:\ST\STM32CubeIDE_1.18.0\STM32CubeIDE\plugins\com.st.stm32cube.common.mx_6.14.0.202502271554\\db\/plugins/boardmanager/
2025-04-12 14:40:41,012 [INFO] ApiDb:261 - Set plugin images path to: C:\ST\STM32CubeIDE_1.18.0\STM32CubeIDE\plugins\com.st.stm32cube.common.mx_6.14.0.202502271554\\db\/plugins/mcufinder/images/
2025-04-12 14:40:41,012 [WARN] DbFile:41 - Overriding database path with different value: C:\Users\phucv\.stmcufinder\plugins\mcufinder/ => C:\Users\phucv\.stmcufinder\plugins\mcufinder
2025-04-12 14:40:41,012 [INFO] ApiDb:250 - Set database path to: C:\Users\phucv\.stmcufinder\plugins\mcufinder//mcu/
2025-04-12 14:40:41,012 [WARN] DbFile:41 - Overriding database path with different value: C:\Users\phucv\.stmcufinder\plugins\mcufinder/ => C:\Users\phucv\.stmcufinder\plugins\mcufinder
2025-04-12 14:40:41,012 [INFO] DbMcusAds:125 - Set database path to: C:\Users\phucv\.stmcufinder\plugins\mcufinder//mcu/
2025-04-12 14:40:41,012 [WARN] DbFile:41 - Overriding database path with different value: C:\Users\phucv\.stmcufinder\plugins\mcufinder/ => C:\Users\phucv\.stmcufinder\plugins\mcufinder
2025-04-12 14:40:41,012 [WARN] DbFile:41 - Overriding database path with different value: C:\Users\phucv\.stmcufinder\plugins\mcufinder/ => C:\Users\phucv\.stmcufinder\plugins\mcufinder
2025-04-12 14:40:41,845 [INFO] CrossReferenceDbSqlite:203 - Set database path to: C:\Users\phucv\.stmcufinder\plugins\mcufinder//mcu/cs/
2025-04-12 14:40:41,929 [INFO] MainPanel:272 - HeapMemory: 268435456
2025-04-12 14:40:42,040 [INFO] DbMcusXml:78 - Set database path to: C:\ST\STM32CubeIDE_1.18.0\STM32CubeIDE\plugins\com.st.stm32cube.common.mx_6.14.0.202502271554\\db\/mcu/
2025-04-12 14:40:42,040 [INFO] ApiDb:274 - Set plugin database path to: C:\ST\STM32CubeIDE_1.18.0\STM32CubeIDE\plugins\com.st.stm32cube.common.mx_6.14.0.202502271554\\db\/plugins/boardmanager/
2025-04-12 14:40:42,040 [INFO] ApiDb:261 - Set plugin images path to: C:\ST\STM32CubeIDE_1.18.0\STM32CubeIDE\plugins\com.st.stm32cube.common.mx_6.14.0.202502271554\\db\/plugins/mcufinder/images/
2025-04-12 14:40:42,040 [WARN] DbFile:41 - Overriding database path with different value: C:\Users\phucv\.stmcufinder\plugins\mcufinder/ => C:\Users\phucv\.stmcufinder\plugins\mcufinder
2025-04-12 14:40:42,041 [INFO] ApiDb:250 - Set database path to: C:\Users\phucv\.stmcufinder\plugins\mcufinder//mcu/
2025-04-12 14:40:42,041 [WARN] DbFile:41 - Overriding database path with different value: C:\Users\phucv\.stmcufinder\plugins\mcufinder/ => C:\Users\phucv\.stmcufinder\plugins\mcufinder
2025-04-12 14:40:42,041 [INFO] DbMcusAds:125 - Set database path to: C:\Users\phucv\.stmcufinder\plugins\mcufinder//mcu/
2025-04-12 14:40:42,041 [WARN] DbFile:41 - Overriding database path with different value: C:\Users\phucv\.stmcufinder\plugins\mcufinder/ => C:\Users\phucv\.stmcufinder\plugins\mcufinder
2025-04-12 14:40:42,041 [WARN] DbFile:41 - Overriding database path with different value: C:\Users\phucv\.stmcufinder\plugins\mcufinder/ => C:\Users\phucv\.stmcufinder\plugins\mcufinder
2025-04-12 14:40:42,845 [INFO] CrossReferenceDbSqlite:203 - Set database path to: C:\Users\phucv\.stmcufinder\plugins\mcufinder//mcu/cs/
2025-04-12 14:40:42,863 [INFO] ApplicationProperties:184 - Using Application install path: C:\ST\STM32CubeIDE_1.18.0\STM32CubeIDE\plugins\com.st.stm32cube.common.mx_6.14.0.202502271554
2025-04-12 14:40:42,864 [INFO] PluginManage:196 - Search for loadable plugins [exclusion list=, ]
2025-04-12 14:40:42,867 [INFO] PluginManage:310 - Check plugin analytics
2025-04-12 14:40:43,901 [INFO] AnalyticsPlugin:253 - Accepted Software Licenses: STM32CubeMX.6.14.0
2025-04-12 14:40:43,901 [INFO] AnalyticsPlugin:255 - Accepted CMSIS Pack Licenses: 
2025-04-12 14:40:43,901 [INFO] AnalyticsPlugin:257 - Accepted Firmware Licenses: FW.F4.1.28.0
2025-04-12 14:40:43,903 [INFO] PluginManage:359 - Loaded plugin analytics (category:tool,tabindex:-1)
2025-04-12 14:40:43,903 [INFO] PluginManage:310 - Check plugin cadmodel
2025-04-12 14:40:43,908 [INFO] CADModel:105 - Init CAD model plugin
2025-04-12 14:40:43,908 [INFO] PluginManage:359 - Loaded plugin cadmodel (category:power,tabindex:5)
2025-04-12 14:40:43,909 [INFO] PluginManage:310 - Check plugin clock
2025-04-12 14:40:43,918 [INFO] PluginManage:359 - Loaded plugin clock (category:base,tabindex:2)
2025-04-12 14:40:43,918 [INFO] PluginManage:310 - Check plugin ddr
2025-04-12 14:40:43,921 [INFO] PluginManage:359 - Loaded plugin ddr (category:tool,tabindex:6)
2025-04-12 14:40:43,921 [INFO] PluginManage:310 - Check plugin filemanager
2025-04-12 14:40:44,055 [INFO] PluginManage:359 - Loaded plugin filemanager (category:base,tabindex:10)
2025-04-12 14:40:44,055 [INFO] PluginManage:310 - Check plugin ipmanager
2025-04-12 14:40:44,062 [INFO] PluginManage:359 - Loaded plugin ipmanager (category:base,tabindex:5)
2025-04-12 14:40:44,062 [INFO] PluginManage:310 - Check plugin lpbam
2025-04-12 14:40:44,071 [INFO] PluginManage:359 - Loaded plugin lpbam (category:base,tabindex:0)
2025-04-12 14:40:44,071 [INFO] PluginManage:310 - Check plugin memorymap
2025-04-12 14:40:44,086 [INFO] PluginManage:359 - Loaded plugin memorymap (category:base,tabindex:4)
2025-04-12 14:40:44,086 [INFO] PluginManage:310 - Check plugin pinoutandconfiguration
2025-04-12 14:40:44,095 [INFO] PluginManage:359 - Loaded plugin pinoutandconfiguration (category:base,tabindex:1)
2025-04-12 14:40:44,095 [INFO] PluginManage:310 - Check plugin pinoutconfig
2025-04-12 14:40:44,187 [WARN] SupportedApi:132 - Cannot load RTOS API schema: s4s-elt-must-match.1: The content of 'definitions' must match (annotation?, (simpleType | complexType)?, (unique | key | keyref)*)). A problem was found starting at: attribute.
2025-04-12 14:40:44,333 [INFO] PluginManage:359 - Loaded plugin pinoutconfig (category:base,tabindex:0)
2025-04-12 14:40:44,333 [INFO] PluginManage:310 - Check plugin power
2025-04-12 14:40:44,345 [INFO] PluginManage:359 - Loaded plugin power (category:power,tabindex:4)
2025-04-12 14:40:44,345 [INFO] PluginManage:310 - Check plugin projectmanager
2025-04-12 14:40:44,358 [INFO] PluginManage:359 - Loaded plugin projectmanager (category:projectmanager,tabindex:4)
2025-04-12 14:40:44,358 [INFO] PluginManage:310 - Check plugin rif
2025-04-12 14:40:44,365 [INFO] PluginManage:359 - Loaded plugin rif (category:base,tabindex:3)
2025-04-12 14:40:44,365 [INFO] PluginManage:310 - Check plugin thirdparty
2025-04-12 14:40:44,496 [INFO] PluginManage:359 - Loaded plugin thirdparty (category:base,tabindex:-1)
2025-04-12 14:40:44,496 [WARN] IntegrityCheckThread:84 - waiting for thirdparty lock release [integrity check]
2025-04-12 14:40:44,496 [INFO] PluginManage:310 - Check plugin tools
2025-04-12 14:40:44,496 [INFO] IntegrityCheckThread:86 - entering critical section [integrity check]
2025-04-12 14:40:44,497 [INFO] ThirdPartyUpdaterWithRetryManager:70 - Updater plugin not ready yet. [1/15]
2025-04-12 14:40:44,499 [INFO] PluginManage:359 - Loaded plugin tools (category:base,tabindex:7)
2025-04-12 14:40:44,499 [INFO] PluginManage:310 - Check plugin tutovideos
2025-04-12 14:40:44,677 [INFO] PluginManage:359 - Loaded plugin tutovideos (category:base,tabindex:-1)
2025-04-12 14:40:44,677 [INFO] PluginManage:310 - Check plugin updater
2025-04-12 14:40:44,698 [INFO] PluginManage:359 - Loaded plugin updater (category:base,tabindex:12)
2025-04-12 14:40:44,698 [INFO] PluginManage:310 - Check plugin userauth
2025-04-12 14:40:44,704 [INFO] UserAuth:118 - Init User Auth plugin
2025-04-12 14:40:44,704 [INFO] PluginManage:359 - Loaded plugin userauth (category:base,tabindex:14)
2025-04-12 14:40:44,704 [INFO] PluginManage:283 - PluginManage : Loaded plugins [18]
2025-04-12 14:40:44,899 [INFO] PinOutPanel:1589 - setPackage(No Configuration,No Configuration)
2025-04-12 14:40:44,975 [INFO] CADModel:165 - CPN selected for project level
2025-04-12 14:40:44,975 [INFO] CADModel:114 - Register for checkConnection events
2025-04-12 14:40:44,996 [INFO] IPUIPlugin:80 - create IPUIPlugin
2025-04-12 14:40:44,996 [INFO] PluginManager:220 - loadIPPluginJar : add adc
2025-04-12 14:40:45,003 [INFO] IPUIPlugin:80 - create IPUIPlugin
2025-04-12 14:40:45,003 [INFO] PluginManager:220 - loadIPPluginJar : add aes
2025-04-12 14:40:45,003 [INFO] IPUIPlugin:80 - create IPUIPlugin
2025-04-12 14:40:45,003 [INFO] PluginManager:220 - loadIPPluginJar : add can
2025-04-12 14:40:45,003 [INFO] IPUIPlugin:80 - create IPUIPlugin
2025-04-12 14:40:45,003 [INFO] PluginManager:220 - loadIPPluginJar : add comp
2025-04-12 14:40:45,010 [INFO] IPUIPlugin:80 - create IPUIPlugin
2025-04-12 14:40:45,010 [INFO] PluginManager:220 - loadIPPluginJar : add cryp
2025-04-12 14:40:45,010 [INFO] IPUIPlugin:80 - create IPUIPlugin
2025-04-12 14:40:45,010 [INFO] PluginManager:220 - loadIPPluginJar : add ddr_ctrl_phy
2025-04-12 14:40:45,017 [INFO] IPUIPlugin:80 - create IPUIPlugin
2025-04-12 14:40:45,017 [INFO] PluginManager:220 - loadIPPluginJar : add dfsdm
2025-04-12 14:40:45,017 [INFO] IPUIPlugin:80 - create IPUIPlugin
2025-04-12 14:40:45,017 [INFO] PluginManager:220 - loadIPPluginJar : add dma
2025-04-12 14:40:45,024 [INFO] IPUIPlugin:80 - create IPUIPlugin
2025-04-12 14:40:45,024 [INFO] PluginManager:220 - loadIPPluginJar : add dma3
2025-04-12 14:40:45,024 [INFO] IPUIPlugin:80 - create IPUIPlugin
2025-04-12 14:40:45,024 [INFO] PluginManager:220 - loadIPPluginJar : add extmemmanager
2025-04-12 14:40:45,031 [INFO] IPUIPlugin:80 - create IPUIPlugin
2025-04-12 14:40:45,031 [INFO] PluginManager:220 - loadIPPluginJar : add fatfs
2025-04-12 14:40:45,031 [INFO] IPUIPlugin:80 - create IPUIPlugin
2025-04-12 14:40:45,031 [INFO] PluginManager:220 - loadIPPluginJar : add fmc
2025-04-12 14:40:45,038 [INFO] IPUIPlugin:80 - create IPUIPlugin
2025-04-12 14:40:45,038 [INFO] PluginManager:220 - loadIPPluginJar : add freertos
2025-04-12 14:40:45,038 [INFO] IPUIPlugin:80 - create IPUIPlugin
2025-04-12 14:40:45,038 [INFO] PluginManager:220 - loadIPPluginJar : add genericplugin
2025-04-12 14:40:45,045 [INFO] IPUIPlugin:80 - create IPUIPlugin
2025-04-12 14:40:45,045 [INFO] PluginManager:220 - loadIPPluginJar : add gfxmmu
2025-04-12 14:40:45,052 [INFO] IPUIPlugin:80 - create IPUIPlugin
2025-04-12 14:40:45,052 [INFO] PluginManager:220 - loadIPPluginJar : add gic
2025-04-12 14:40:45,054 [INFO] IPUIPlugin:80 - create IPUIPlugin
2025-04-12 14:40:45,054 [INFO] PluginManager:220 - loadIPPluginJar : add gpio
2025-04-12 14:40:45,059 [INFO] IPUIPlugin:80 - create IPUIPlugin
2025-04-12 14:40:45,059 [INFO] PluginManager:220 - loadIPPluginJar : add gtzc
2025-04-12 14:40:45,059 [INFO] IPUIPlugin:80 - create IPUIPlugin
2025-04-12 14:40:45,059 [INFO] PluginManager:220 - loadIPPluginJar : add hash
2025-04-12 14:40:45,066 [INFO] IPUIPlugin:80 - create IPUIPlugin
2025-04-12 14:40:45,066 [INFO] PluginManager:220 - loadIPPluginJar : add i2c
2025-04-12 14:40:45,066 [INFO] IPUIPlugin:80 - create IPUIPlugin
2025-04-12 14:40:45,066 [INFO] PluginManager:220 - loadIPPluginJar : add i2s
2025-04-12 14:40:45,073 [INFO] IPUIPlugin:80 - create IPUIPlugin
2025-04-12 14:40:45,073 [INFO] PluginManager:220 - loadIPPluginJar : add i3c
2025-04-12 14:40:45,073 [INFO] IPUIPlugin:80 - create IPUIPlugin
2025-04-12 14:40:45,073 [INFO] PluginManager:220 - loadIPPluginJar : add ipddr
2025-04-12 14:40:45,087 [INFO] IPUIPlugin:80 - create IPUIPlugin
2025-04-12 14:40:45,087 [INFO] PluginManager:220 - loadIPPluginJar : add linkedlist
2025-04-12 14:40:45,087 [INFO] IPUIPlugin:80 - create IPUIPlugin
2025-04-12 14:40:45,087 [INFO] PluginManager:220 - loadIPPluginJar : add lorawan
2025-04-12 14:40:45,087 [INFO] IPUIPlugin:80 - create IPUIPlugin
2025-04-12 14:40:45,087 [INFO] PluginManager:220 - loadIPPluginJar : add ltdc
2025-04-12 14:40:45,093 [INFO] IPUIPlugin:80 - create IPUIPlugin
2025-04-12 14:40:45,093 [INFO] PluginManager:220 - loadIPPluginJar : add mdma
2025-04-12 14:40:45,100 [INFO] IPUIPlugin:80 - create IPUIPlugin
2025-04-12 14:40:45,100 [INFO] PluginManager:220 - loadIPPluginJar : add nvic
2025-04-12 14:40:45,100 [INFO] IPUIPlugin:80 - create IPUIPlugin
2025-04-12 14:40:45,100 [INFO] PluginManager:220 - loadIPPluginJar : add opamp
2025-04-12 14:40:45,107 [INFO] IPUIPlugin:80 - create IPUIPlugin
2025-04-12 14:40:45,107 [INFO] PluginManager:220 - loadIPPluginJar : add openamp
2025-04-12 14:40:45,107 [INFO] IPUIPlugin:80 - create IPUIPlugin
2025-04-12 14:40:45,107 [INFO] PluginManager:220 - loadIPPluginJar : add pdm2pcm
2025-04-12 14:40:45,114 [INFO] IPUIPlugin:80 - create IPUIPlugin
2025-04-12 14:40:45,114 [INFO] PluginManager:220 - loadIPPluginJar : add plateformsettings
2025-04-12 14:40:45,121 [INFO] IPUIPlugin:80 - create IPUIPlugin
2025-04-12 14:40:45,121 [INFO] PluginManager:220 - loadIPPluginJar : add quadspi
2025-04-12 14:40:45,121 [INFO] IPUIPlugin:80 - create IPUIPlugin
2025-04-12 14:40:45,121 [INFO] PluginManager:220 - loadIPPluginJar : add radio
2025-04-12 14:40:45,128 [INFO] IPUIPlugin:80 - create IPUIPlugin
2025-04-12 14:40:45,128 [INFO] PluginManager:220 - loadIPPluginJar : add resmgrutility
2025-04-12 14:40:45,128 [INFO] IPUIPlugin:80 - create IPUIPlugin
2025-04-12 14:40:45,128 [INFO] PluginManager:220 - loadIPPluginJar : add sai
2025-04-12 14:40:45,135 [INFO] IPUIPlugin:80 - create IPUIPlugin
2025-04-12 14:40:45,135 [INFO] PluginManager:220 - loadIPPluginJar : add spi
2025-04-12 14:40:45,135 [INFO] IPUIPlugin:80 - create IPUIPlugin
2025-04-12 14:40:45,135 [INFO] PluginManager:220 - loadIPPluginJar : add stm32_wpan
2025-04-12 14:40:45,142 [INFO] IPUIPlugin:80 - create IPUIPlugin
2025-04-12 14:40:45,142 [INFO] PluginManager:220 - loadIPPluginJar : add tim
2025-04-12 14:40:45,142 [INFO] IPUIPlugin:80 - create IPUIPlugin
2025-04-12 14:40:45,142 [INFO] PluginManager:220 - loadIPPluginJar : add touchsensing
2025-04-12 14:40:45,149 [INFO] IPUIPlugin:80 - create IPUIPlugin
2025-04-12 14:40:45,149 [INFO] PluginManager:220 - loadIPPluginJar : add tracer_emb
2025-04-12 14:40:45,149 [INFO] IPUIPlugin:80 - create IPUIPlugin
2025-04-12 14:40:45,149 [INFO] PluginManager:220 - loadIPPluginJar : add ts
2025-04-12 14:40:45,149 [INFO] IPUIPlugin:80 - create IPUIPlugin
2025-04-12 14:40:45,149 [INFO] PluginManager:220 - loadIPPluginJar : add tsc
2025-04-12 14:40:45,154 [INFO] IPUIPlugin:80 - create IPUIPlugin
2025-04-12 14:40:45,154 [INFO] PluginManager:220 - loadIPPluginJar : add ucpd
2025-04-12 14:40:45,157 [INFO] IPUIPlugin:80 - create IPUIPlugin
2025-04-12 14:40:45,157 [INFO] PluginManager:220 - loadIPPluginJar : add usart
2025-04-12 14:40:45,162 [INFO] IPUIPlugin:80 - create IPUIPlugin
2025-04-12 14:40:45,162 [INFO] PluginManager:220 - loadIPPluginJar : add usbx
2025-04-12 14:40:45,282 [FATAL] Updater:351 - Updater called before beeing initialized
2025-04-12 14:40:45,302 [INFO] RulesReader:64 - Compatibility file has been processed (301 Rules)
2025-04-12 14:40:45,309 [INFO] RulesReader:64 - Compatibility file has been processed (301 Rules)
2025-04-12 14:40:45,323 [INFO] CADModel:165 - CPN selected for project level
2025-04-12 14:40:45,323 [INFO] CADModel:114 - Register for checkConnection events
2025-04-12 14:40:45,323 [FATAL] Updater:351 - Updater called before beeing initialized
2025-04-12 14:40:45,323 [ERROR] CADModel:125 - Updater not yet initialized, retry later 
2025-04-12 14:40:45,482 [FATAL] Updater:351 - Updater called before beeing initialized
2025-04-12 14:40:45,489 [INFO] CADModel:165 - CPN selected for project level
2025-04-12 14:40:45,489 [INFO] CADModel:114 - Register for checkConnection events
2025-04-12 14:40:45,489 [FATAL] Updater:351 - Updater called before beeing initialized
2025-04-12 14:40:45,489 [ERROR] CADModel:125 - Updater not yet initialized, retry later 
2025-04-12 14:40:45,489 [FATAL] Updater:351 - Updater called before beeing initialized
2025-04-12 14:40:45,586 [FATAL] Updater:351 - Updater called before beeing initialized
2025-04-12 14:40:45,586 [INFO] DbMcusAds:53 - JSON generation date=Thu Mar 06 21:54:22 ICT 2025 (1741272862078)
2025-04-12 14:40:45,586 [FATAL] Updater:351 - Updater called before beeing initialized
2025-04-12 14:40:45,621 [WARN] DetailPanel:346 - Failed to get advertising image, set to default
2025-04-12 14:40:45,830 [FATAL] Updater:351 - Updater called before beeing initialized
2025-04-12 14:40:45,830 [FATAL] Updater:351 - Updater called before beeing initialized
2025-04-12 14:40:45,830 [FATAL] Updater:351 - Updater called before beeing initialized
2025-04-12 14:40:45,830 [WARN] DetailPanel:346 - Failed to get advertising image, set to default
2025-04-12 14:40:45,830 [FATAL] Updater:351 - Updater called before beeing initialized
2025-04-12 14:40:45,878 [ERROR] Updater:1198 - MainUpdater not yet initialized. External WinMGr cannot be set.
2025-04-12 14:40:45,878 [INFO] Updater:1134 - Updater Version found : 6.14.0
2025-04-12 14:40:45,899 [INFO] ApplicationProperties:184 - Using Application install path: C:\ST\STM32CubeIDE_1.18.0\STM32CubeIDE\plugins\com.st.stm32cube.common.mx_6.14.0.202502271554
2025-04-12 14:40:47,475 [ERROR] LogOutputStream:75 - [STDERR_REDIRECT] Apr 12, 2025 2:40:47 PM java.util.prefs.WindowsPreferences <init>
2025-04-12 14:40:47,482 [ERROR] LogOutputStream:75 - [STDERR_REDIRECT] WARNING: Could not open/create prefs root node Software\JavaSoft\Prefs at root 0xffffffff80000002. Windows RegCreateKeyEx(...) returned error code 5.
2025-04-12 14:40:47,482 [ERROR] LogOutputStream:75 - [STDERR_REDIRECT] 
2025-04-12 14:40:47,503 [INFO] ThirdPartyUpdaterWithRetryManager:70 - Updater plugin not ready yet. [2/15]
2025-04-12 14:40:47,975 [INFO] MainUpdater:2872 - connection check result : 10
2025-04-12 14:40:47,975 [INFO] MainUpdater:289 - Updater Check For Update Now.
2025-04-12 14:40:47,975 [INFO] MicroXplorer:498 - Change Database Version : DB.6.0.140
2025-04-12 14:40:47,982 [INFO] McuFinderGlobals:63 - Set McuFinder mode to 2 (CubeIDE integrated)
2025-04-12 14:40:47,982 [INFO] UserAuth:486 - Internet connection configuration mode: 1
2025-04-12 14:40:48,017 [INFO] JxBrowserEngine:152 - Initiate JxBrowser Engine with user profile folder
2025-04-12 14:40:48,163 [INFO] CheckServerUpdateThread:120 - End of CheckServer Thread
2025-04-12 14:40:49,274 [INFO] WebApp:169 - Instantiating new browser for Auth
2025-04-12 14:40:49,955 [INFO] WebApp:463 - Apply proxy settings
2025-04-12 14:40:49,955 [INFO] WebApp:548 - Chromium requires no authentication
2025-04-12 14:40:49,967 [INFO] WebApp:491 - Direct internet connection detected
2025-04-12 14:40:49,991 [INFO] WebApp:894 - Register for checkConnection events
2025-04-12 14:40:49,991 [INFO] WebApp:463 - Apply proxy settings
2025-04-12 14:40:49,991 [INFO] WebApp:548 - Chromium requires no authentication
2025-04-12 14:40:49,991 [INFO] WebApp:491 - Direct internet connection detected
2025-04-12 14:40:50,163 [INFO] WebApp:225 - Starting web application
2025-04-12 14:40:50,163 [INFO] WebApp:593 - Web application path used C:\ST\STM32CubeIDE_1.18.0\STM32CubeIDE\plugins\com.st.stm32cube.common.mx_6.14.0.202502271554\db\plugins\mcufinder\reactClient1\index.html
2025-04-12 14:40:50,301 [INFO] WebApp:191 - Connection restablished
2025-04-12 14:40:50,323 [INFO] UserAuth:486 - Internet connection configuration mode: 1
2025-04-12 14:40:50,809 [WARN] PackLoader:240 - Cannot read IP mode file for STMicroelectronics.FP-SNS-MOTENVWB1.1.4.0
2025-04-12 14:40:50,823 [WARN] PackLoader:240 - Cannot read IP mode file for STMicroelectronics.FP-ATR-ASTRA1.2.0.2
2025-04-12 14:40:50,830 [WARN] PackLoader:240 - Cannot read IP mode file for STMicroelectronics.X-CUBE-SMBUS.2.1.0
2025-04-12 14:40:50,846 [WARN] PackLoader:240 - Cannot read IP mode file for STMicroelectronics.X-CUBE-WB05N.1.1.0
2025-04-12 14:40:50,903 [WARN] PackLoader:240 - Cannot read IP mode file for STMicroelectronics.X-CUBE-AZRTOS-F7.1.1.0
2025-04-12 14:40:50,917 [WARN] PackLoader:240 - Cannot read IP mode file for STMicroelectronics.FP-SNS-FLIGHT1.5.0.2
2025-04-12 14:40:50,956 [WARN] PackLoader:240 - Cannot read IP mode file for Infineon.AIROC-Wi-Fi-Bluetooth-STM32.1.7.0
2025-04-12 14:40:50,973 [WARN] PackLoader:240 - Cannot read IP mode file for STMicroelectronics.X-CUBE-DISPLAY.3.0.0
2025-04-12 14:40:51,001 [WARN] PackLoader:240 - Cannot read IP mode file for STMicroelectronics.X-CUBE-NFC10.1.0.0
2025-04-12 14:40:51,018 [WARN] PackLoader:240 - Cannot read IP mode file for STMicroelectronics.X-CUBE-BLEMGR.4.0.0
2025-04-12 14:40:51,031 [WARN] PackLoader:240 - Cannot read IP mode file for emotas.I-CUBE-CANOPEN.1.3.0
2025-04-12 14:40:51,038 [WARN] PackLoader:240 - Cannot read IP mode file for STMicroelectronics.X-CUBE-AI.10.0.0
2025-04-12 14:40:51,071 [WARN] PackLoader:240 - Cannot read IP mode file for STMicroelectronics.FP-SNS-SMARTAG2.1.2.0
2025-04-12 14:40:51,073 [WARN] PackLoader:240 - Cannot read IP mode file for STMicroelectronics.FP-SNS-FLIGHT1.5.1.0
2025-04-12 14:40:51,147 [WARN] PackLoader:240 - Cannot read IP mode file for STMicroelectronics.X-CUBE-MEMS1.11.1.0
2025-04-12 14:40:51,385 [INFO] LogOutputStream:77 - [STDOUT_REDIRECT] 1 : Invalid condition id : UX_CORESTACK_Condition cause : null
2025-04-12 14:40:51,385 [INFO] LogOutputStream:77 - [STDOUT_REDIRECT] 1 : Invalid condition id : UX_CORESTACK_Condition cause : null
2025-04-12 14:40:51,385 [INFO] LogOutputStream:77 - [STDOUT_REDIRECT] 1 : Invalid condition id : UX_CORESTACK_Condition cause : null
2025-04-12 14:40:51,392 [INFO] LogOutputStream:77 - [STDOUT_REDIRECT] 1 : Invalid condition id : UX_CORESTACK_Condition cause : null
2025-04-12 14:40:51,392 [INFO] LogOutputStream:77 - [STDOUT_REDIRECT] 1 : Invalid condition id : UX_CORESTACK_Condition cause : null
2025-04-12 14:40:51,392 [WARN] PackLoader:240 - Cannot read IP mode file for STMicroelectronics.X-CUBE-AZRTOS-WL.2.0.0
2025-04-12 14:40:51,400 [WARN] PackLoader:240 - Cannot read IP mode file for STMicroelectronics.FP-SNS-MOTENV1.5.0.0
2025-04-12 14:40:51,415 [WARN] PackLoader:240 - Cannot read IP mode file for WES.I-CUBE-Cesium.1.3.0
2025-04-12 14:40:51,420 [WARN] PackLoader:240 - Cannot read IP mode file for STMicroelectronics.X-CUBE-BLE2.3.3.0
2025-04-12 14:40:51,427 [WARN] PackLoader:240 - Cannot read IP mode file for STMicroelectronics.X-CUBE-NFC9.1.0.0
2025-04-12 14:40:51,434 [WARN] PackLoader:240 - Cannot read IP mode file for STMicroelectronics.X-CUBE-BLE1.7.1.0
2025-04-12 14:40:51,441 [WARN] PackLoader:240 - Cannot read IP mode file for wolfSSL.I-CUBE-wolfMQTT.1.19.2
2025-04-12 14:40:51,461 [WARN] PackLoader:240 - Cannot read IP mode file for STMicroelectronics.X-CUBE-AZRTOS-G0.1.1.0
2025-04-12 14:40:51,469 [WARN] PackLoader:240 - Cannot read IP mode file for STMicroelectronics.X-CUBE-SAFEA1.1.2.2
2025-04-12 14:40:51,481 [WARN] PackLoader:240 - Cannot read IP mode file for STMicroelectronics.X-CUBE-NFC4.3.0.0
2025-04-12 14:40:51,494 [WARN] PackLoader:240 - Cannot read IP mode file for EmbeddedOffice.I-CUBE-FS-RTOS.1.0.1
2025-04-12 14:40:51,501 [WARN] PackLoader:240 - Cannot read IP mode file for wolfSSL.I-CUBE-wolfTPM.3.8.0
2025-04-12 14:40:51,508 [WARN] PackLoader:240 - Cannot read IP mode file for STMicroelectronics.X-CUBE-TCPP.4.2.0
2025-04-12 14:40:51,517 [WARN] PackLoader:240 - Cannot read IP mode file for RealThread.X-CUBE-RT-Thread_Nano.4.1.1
2025-04-12 14:40:51,524 [WARN] PackLoader:240 - Cannot read IP mode file for STMicroelectronics.FP-ATR-SIGFOX1.3.2.0
2025-04-12 14:40:51,533 [WARN] ConditionMgr:438 - getConditionDescription Invalid condition id : Cortex-A Device cause : null
2025-04-12 14:40:51,552 [WARN] ConditionMgr:1044 - genDependencies : Invalid condition id : Cortex-A Device cause : null
2025-04-12 14:40:51,552 [WARN] ConditionMgr:1044 - genDependencies : Invalid condition id : Cortex-A Device cause : null
2025-04-12 14:40:51,552 [WARN] ConditionMgr:1044 - genDependencies : Invalid condition id : Cortex-A Device cause : null
2025-04-12 14:40:51,561 [WARN] PackLoader:240 - Cannot read IP mode file for STMicroelectronics.X-CUBE-EEPRMA1.5.1.0
2025-04-12 14:40:51,573 [WARN] PackLoader:240 - Cannot read IP mode file for wolfSSL.I-CUBE-wolfSSL.5.7.6
2025-04-12 14:40:51,580 [WARN] PackLoader:240 - Cannot read IP mode file for ITTIA_DB.I-CUBE-ITTIADB.8.9.0
2025-04-12 14:40:51,608 [WARN] PackLoader:240 - Cannot read IP mode file for SEGGER.I-CUBE-embOS.1.3.1
2025-04-12 14:40:51,653 [WARN] PackLoader:240 - Cannot read IP mode file for STMicroelectronics.X-CUBE-ALGOBUILD.1.4.0
2025-04-12 14:40:51,677 [WARN] PackLoader:240 - Cannot read IP mode file for STMicroelectronics.X-CUBE-AZRTOS-F4.1.1.0
2025-04-12 14:40:51,684 [WARN] PackLoader:240 - Cannot read IP mode file for STMicroelectronics.X-CUBE-ISPU.2.1.0
2025-04-12 14:40:51,705 [WARN] PackLoader:240 - Cannot read IP mode file for STMicroelectronics.X-CUBE-AZRTOS-L5.2.0.0
2025-04-12 14:40:51,712 [WARN] PackLoader:240 - Cannot read IP mode file for STMicroelectronics.X-CUBE-NFC6.3.1.0
2025-04-12 14:40:51,726 [WARN] PackLoader:240 - Cannot read IP mode file for STMicroelectronics.X-CUBE-DPower.1.2.0
2025-04-12 14:40:51,733 [WARN] PackLoader:240 - Cannot read IP mode file for STMicroelectronics.X-CUBE-FREERTOS.1.3.0
2025-04-12 14:40:51,742 [WARN] PackLoader:240 - Cannot read IP mode file for STMicroelectronics.X-CUBE-NFC7.1.0.1
2025-04-12 14:40:51,764 [WARN] ConditionMgr:438 - getConditionDescription Invalid condition id : LAN8742 Phy interface Condition cause : null
2025-04-12 14:40:51,765 [WARN] PackLoader:240 - Cannot read IP mode file for STMicroelectronics.X-CUBE-AZRTOS-L4.2.0.0
2025-04-12 14:40:51,766 [WARN] ConditionMgr:1044 - genDependencies : Invalid condition id : LAN8742 Phy interface Condition cause : null
2025-04-12 14:40:51,766 [WARN] ConditionMgr:1044 - genDependencies : Invalid condition id : LAN8742 Phy interface Condition cause : null
2025-04-12 14:40:51,767 [WARN] ConditionMgr:1044 - genDependencies : Invalid condition id : LAN8742 Phy interface Condition cause : null
2025-04-12 14:40:51,777 [WARN] PackLoader:240 - Cannot read IP mode file for STMicroelectronics.X-CUBE-SFXS2LP1.4.0.0
2025-04-12 14:40:51,795 [WARN] PackLoader:240 - Cannot read IP mode file for STMicroelectronics.X-CUBE-AZRTOS-H7.3.3.0
2025-04-12 14:40:51,839 [WARN] ConditionMgr:438 - getConditionDescription Invalid condition id : UX DEVICE CLASS RTOS Condition cause : null
2025-04-12 14:40:51,839 [WARN] ConditionMgr:438 - getConditionDescription Invalid condition id : UX DEVICE CLASS RTOS Condition cause : null
2025-04-12 14:40:51,846 [WARN] PackLoader:240 - Cannot read IP mode file for STMicroelectronics.X-CUBE-AZRTOS-WB.2.0.0
2025-04-12 14:40:51,847 [WARN] ConditionMgr:1044 - genDependencies : Invalid condition id : UX DEVICE CLASS RTOS Condition cause : null
2025-04-12 14:40:51,847 [WARN] ConditionMgr:1044 - genDependencies : Invalid condition id : UX DEVICE CLASS RTOS Condition cause : null
2025-04-12 14:40:51,848 [WARN] ConditionMgr:1044 - genDependencies : Invalid condition id : UX DEVICE CLASS RTOS Condition cause : null
2025-04-12 14:40:51,848 [WARN] ConditionMgr:1044 - genDependencies : Invalid condition id : UX DEVICE CLASS RTOS Condition cause : null
2025-04-12 14:40:51,848 [WARN] ConditionMgr:1044 - genDependencies : Invalid condition id : UX DEVICE CLASS RTOS Condition cause : null
2025-04-12 14:40:51,856 [WARN] PackLoader:240 - Cannot read IP mode file for STMicroelectronics.X-CUBE-GNSS1.7.0.1
2025-04-12 14:40:51,865 [WARN] PackLoader:240 - Cannot read IP mode file for STMicroelectronics.X-CUBE-TOUCHGFX.4.25.0
2025-04-12 14:40:51,876 [WARN] PackLoader:240 - Cannot read IP mode file for STMicroelectronics.FP-SNS-STBOX1.2.0.0
2025-04-12 14:40:51,890 [WARN] PackLoader:240 - Cannot read IP mode file for STMicroelectronics.X-CUBE-SUBG2.5.0.0
2025-04-12 14:40:51,932 [WARN] PackLoader:240 - Cannot read IP mode file for STMicroelectronics.X-CUBE-AZRTOS-H7RS.1.1.0
2025-04-12 14:40:51,949 [WARN] PackLoader:240 - Cannot read IP mode file for Cesanta.I-CUBE-Mongoose.7.13.0
2025-04-12 14:40:51,969 [WARN] PackLoader:240 - Cannot read IP mode file for STMicroelectronics.X-CUBE-AZRTOS-G4.2.0.0
2025-04-12 14:40:51,978 [WARN] PackLoader:240 - Cannot read IP mode file for wolfSSL.I-CUBE-wolfSSH.1.4.20
2025-04-12 14:40:51,996 [WARN] PackLoader:240 - Cannot read IP mode file for STMicroelectronics.X-CUBE-IPS.3.1.0
2025-04-12 14:40:52,034 [WARN] PackLoader:240 - Cannot read IP mode file for STMicroelectronics.X-CUBE-ALS.1.0.2
2025-04-12 14:40:52,068 [WARN] PackLoader:240 - Cannot read IP mode file for STMicroelectronics.X-CUBE-TOUCHGFX.4.24.2
2025-04-12 14:40:52,118 [WARN] PackLoader:240 - Cannot read IP mode file for portGmbH.I-Cube-SoM-uGOAL.1.1.0
2025-04-12 14:40:52,159 [WARN] PackLoader:240 - Cannot read IP mode file for STMicroelectronics.X-CUBE-AZRTOS-H7RS.1.0.0
2025-04-12 14:40:52,186 [WARN] PackLoader:240 - Cannot read IP mode file for STMicroelectronics.X-CUBE-TOF1.3.4.2
2025-04-12 14:40:52,199 [INFO] ThirdParty:978 - Integrity check success = true
2025-04-12 14:40:52,199 [INFO] IntegrityCheckThread:100 - exiting critical section [integrity check]
2025-04-12 14:40:52,199 [INFO] IntegrityCheckThread:103 - End integrity checks thread
2025-04-12 14:41:43,880 [INFO] WebApp:194 - Connection lost
2025-04-12 14:41:44,054 [INFO] WebApp:191 - Connection restablished
2025-04-12 17:36:29,329 [INFO] WebApp:194 - Connection lost
2025-04-12 17:36:29,616 [INFO] WebApp:191 - Connection restablished
2025-04-12 17:40:24,089 [INFO] WebApp:194 - Connection lost
2025-04-12 17:41:57,843 [INFO] WebApp:191 - Connection restablished
2025-04-12 17:42:00,047 [INFO] WebApp:194 - Connection lost
2025-04-12 17:42:00,196 [INFO] WebApp:191 - Connection restablished
2025-04-12 20:43:55,756 [INFO] WebApp:194 - Connection lost
2025-04-12 20:45:06,076 [INFO] WebApp:191 - Connection restablished
2025-04-12 22:55:49,005 [ERROR] LogOutputStream:75 - [STDERR_REDIRECT] 
